文章栏目更新完毕，下面开始更新文章
现在对第1个栏目进行检测
名称为《习近平：推动我国生态文明建设迈上新台阶》的文章已存在，不需要更新
名称为《习近平：努力造就一支忠诚干净担当的高素质干部队伍》的文章已存在，不需要更新
名称为《习近平：辩证唯物主义是中国共产党人的世界观和方法论》的文章已存在，不需要更新
名称为《习近平在葡萄牙媒体发表署名文章》的文章已存在，不需要更新
名称为《习近平在巴拿马媒体发表署名文章》的文章已存在，不需要更新
名称为《习近平在阿根廷媒体发表署名文章》的文章已存在，不需要更新
名称为《习近平在西班牙媒体发表署名文章》的文章已存在，不需要更新
名称为《习近平在菲律宾媒体发表署名文章》的文章已存在，不需要更新
名称为《习近平在文莱媒体发表署名文章》的文章已存在，不需要更新
名称为《习近平在巴布亚新几内亚媒体发表署名文章》的文章已存在，不需要更新
名称为《习近平在南非媒体发表署名文章》的文章已存在，不需要更新
名称为《习近平在卢旺达媒体发表署名文章》的文章已存在，不需要更新
名称为《习近平在塞内加尔媒体发表署名文章》的文章已存在，不需要更新
名称为《习近平在阿联酋媒体发表署名文章》的文章已存在，不需要更新
名称为《习近平：弘扬“红船精神” 走在时代前列》的文章已存在，不需要更新
名称为《习近平在老挝媒体发表署名文章》的文章已存在，不需要更新
名称为《习近平在越南媒体发表署名文章》的文章已存在，不需要更新
名称为《习近平在德国媒体发表署名文章》的文章已存在，不需要更新
名称为《习近平在哈萨克斯坦媒体发表署名文章》的文章已存在，不需要更新
名称为《习近平在芬兰媒体发表署名文章》的文章已存在，不需要更新
第1个栏目的文章已经不需要更新了
现在对第2个栏目进行检测
名称为《中共中央政治局召开会议 习近平主持会议》的文章已存在，不需要更新
名称为《习近平：继续啃硬骨头确保干一件成一件》的文章已存在，不需要更新
名称为《习近平出席中央政法工作会议并发表重要讲话》的文章已存在，不需要更新
名称为《习近平在十九届中央纪委三次全会上发表重要讲话》的文章已存在，不需要更新
名称为《中共中央政治局常务委员会召开会议 中共中央总书记习近平主持会议》的文章已存在，不需要更新
名称为《习近平出席中央军委军事工作会议并发表重要讲话》的文章已存在，不需要更新
名称为《中央农村工作会议在京召开 习近平对做好“三农”工作作出重要指示》的文章已存在，不需要更新
名称为《习近平主持中央政治局会议 审议《中国共产党政法工作条例》》的文章已存在，不需要更新
名称为《中共中央政治局召开民主生活会 习近平主持会议并发表重要讲话》的文章已存在，不需要更新
名称为《中央经济工作会议在北京举行 习近平李克强作重要讲话》的文章已存在，不需要更新
名称为《中共中央政治局召开会议 习近平主持》的文章已存在，不需要更新
名称为《习近平主持党外人士座谈会并发表重要讲话》的文章已存在，不需要更新
名称为《习近平主持中共中央政治局会议》的文章已存在，不需要更新
名称为《习近平主持召开中央全面深化改革委员会第五次会议》的文章已存在，不需要更新
名称为《习近平出席中央军委政策制度改革工作会议并发表重要讲话》的文章已存在，不需要更新
名称为《 习近平主持中共中央政治局会议》的文章已存在，不需要更新
名称为《习近平主持召开中央军民融合发展委员会第二次会议》的文章已存在，不需要更新
名称为《习近平主持召开中央财经委员会第三次会议》的文章已存在，不需要更新
名称为《习近平主持召开中共中央政治局会议》的文章已存在，不需要更新
名称为《习近平主持召开中央全面深化改革委员会第四次会议》的文章已存在，不需要更新
第2个栏目的文章已经不需要更新了
现在对第3个栏目进行检测
名称为《公安部交管局：返程高峰请合理安排线路》的文章已存在，不需要更新
名称为《中美经贸高级别磋商将于2月14－15日在京举行》的文章已存在，不需要更新
名称为《农业农村部重拳整治电鱼活动成效明显》的文章已存在，不需要更新
名称为《两高司法解释明确非法买卖外汇认定标准》的文章已存在，不需要更新
名称为《最高检：2018年不批捕不起诉人数上升》的文章已存在，不需要更新
名称为《国资委：打造国有资本投资公司“升级版”》的文章已存在，不需要更新
名称为《司法部出“实招”求解环境损害司法鉴定“瓶颈”问题》的文章已存在，不需要更新
名称为《生态环境部：今年春节城市空气质量同比普遍好转》的文章已存在，不需要更新
名称为《许其亮：肩负起党和人民赋予的神圣使命》的文章已存在，不需要更新
名称为《国家发改委：做好春节和全国“两会”期间市场保供稳价工作》的文章已存在，不需要更新
名称为《第四次全国经济普查现场登记全面有序展开》的文章已存在，不需要更新
名称为《水利部：2019年贫困人口饮水安全问题将基本解决》的文章已存在，不需要更新
名称为《三部门明确自主就业退役士兵创业就业税收优惠政策》的文章已存在，不需要更新
名称为《公安部：春节假期第一天全国道路交通平稳有序》的文章已存在，不需要更新
名称为《市场监管总局：将制定药品、保健食品广告审查办法》的文章已存在，不需要更新
名称为《李克强：推进改革发展努力破解民生难题》的文章已存在，不需要更新
名称为《黄坤明看望慰问春晚演职人员》的文章已存在，不需要更新
名称为《胡春华：切实提高脱贫攻坚质量成效》的文章已存在，不需要更新
名称为《中央扫黑除恶首​轮督导的10省市整改完毕》的文章已存在，不需要更新
名称为《中宣部、中央文明办慰问帮扶全国道德模范活动综述》的文章已存在，不需要更新
第3个栏目的文章已经不需要更新了
现在对第4个栏目进行检测
名称为《习近平在《告台湾同胞书》发表40周年纪念会上的讲话》的文章已存在，不需要更新
名称为《国家主席习近平发表二〇一九年新年贺词》的文章已存在，不需要更新
名称为《习近平在全国政协新年茶话会上的讲话》的文章已存在，不需要更新
名称为《习近平在庆祝改革开放40周年大会上的讲话》的文章已存在，不需要更新
名称为《习近平在二十国集团领导人第十三次峰会第一阶段会议上的讲话》的文章已存在，不需要更新
名称为《习近平在十九届中央政治局第十次集体学习时的讲话》的文章已存在，不需要更新
名称为《习近平在纪念刘少奇同志诞辰120周年座谈会上的讲话》的文章已存在，不需要更新
名称为《习近平主席在亚太经合组织第二十六次领导人非正式会议上的发言》的文章已存在，不需要更新
名称为《习近平主席在亚太经合组织工商领导人峰会上的主旨演讲》的文章已存在，不需要更新
名称为《习近平会见香港澳门各界庆祝国家改革开放40周年访问团时的讲话》的文章已存在，不需要更新
名称为《习近平在首届中国国际进口博览会开幕式上的主旨演讲》的文章已存在，不需要更新
名称为《习近平在民营企业座谈会上的讲话》的文章已存在，不需要更新
名称为《习近平在第四届东方经济论坛全会上的致辞》的文章已存在，不需要更新
名称为《习近平同中非合作论坛前任和新任非方共同主席国元首共见记者时的讲话》的文章已存在，不需要更新
名称为《习近平在2018年中非合作论坛北京峰会开幕式上的主旨讲话》的文章已存在，不需要更新
名称为《习近平在金砖国家领导人约翰内斯堡会晤大范围会议上的讲话》的文章已存在，不需要更新
名称为《习近平在金砖国家工商论坛上的讲话》的文章已存在，不需要更新
名称为《习近平在中阿合作论坛第八届部长级会议开幕式上的讲话》的文章已存在，不需要更新
名称为《习近平在全国组织工作会议上的讲话》的文章已存在，不需要更新
名称为《习近平同上海合作组织成员国领导人共同会见记者时的讲话》的文章已存在，不需要更新
第4个栏目的文章已经不需要更新了
现在对第5个栏目进行检测
名称为《我海军参加“和平-19”多国海上联合军演》的文章已存在，不需要更新
名称为《新年俗：博物馆里过大年》的文章已存在，不需要更新
名称为《“伟大的变革”大型展览现场参观人数三天突破20万》的文章已存在，不需要更新
名称为《春节假期第三天全国道路交通流量回升明显》的文章已存在，不需要更新
名称为《春节假期第二天全国主要道路交通安全顺畅》的文章已存在，不需要更新
名称为《关注春节消费：这个年，真有范儿》的文章已存在，不需要更新
名称为《铁路春运节前发送旅客1.43亿人次》的文章已存在，不需要更新
名称为《特朗普称将于下周公布与金正恩第二次会晤的时间地点》的文章已存在，不需要更新
名称为《鹿心社当选广西壮族自治区人大常委会主任》的文章已存在，不需要更新
名称为《多地酝酿新一轮文化旅游规划》的文章已存在，不需要更新
名称为《科研人员再“减负”　拥有更大决策权》的文章已存在，不需要更新
名称为《英国“脱欧”进程陷入新僵局》的文章已存在，不需要更新
名称为《美国会重启预算协商 特朗普：不谈墙就是浪费时间》的文章已存在，不需要更新
名称为《我国首列全自动驾驶市域快轨列车亮相》的文章已存在，不需要更新
名称为《天眼与天马“组团”成功 中国射电观测有望达到新水平》的文章已存在，不需要更新
名称为《天津滨海新区农村工作委员会原副主任刘洪杰被开除党籍》的文章已存在，不需要更新
名称为《从“靠山吃山，靠水吃水”到守望“绿水青山”》的文章已存在，不需要更新
名称为《守正创新 技术突破 融合传播 2019年春晚新闻发布会召开》的文章已存在，不需要更新
名称为《春节假期全国无大范围寒潮、雨雪冰冻天气》的文章已存在，不需要更新
名称为《委内瑞拉局势牵动地区神经》的文章已存在，不需要更新
第5个栏目的文章已经不需要更新了
现在对第6个栏目进行检测
名称为《习近平同卡塔尔埃米尔塔米姆举行会谈》的文章已存在，不需要更新
名称为《习近平就菲律宾发生爆炸袭击事件向菲律宾总统杜特尔特致慰问电》的文章已存在，不需要更新
名称为《习近平同党外人士共迎新春》的文章已存在，不需要更新
名称为《习近平与越共中央总书记、国家主席阮富仲互致新年贺信》的文章已存在，不需要更新
名称为《习近平同法国总统马克龙互致贺电 庆祝中法建交55周年》的文章已存在，不需要更新
名称为《习近平和夫人彭丽媛会见李洙墉并观看朝鲜友好艺术团演出》的文章已存在，不需要更新
名称为《习近平就巴西矿坝决堤事故致慰问电》的文章已存在，不需要更新
名称为《习近平向全军老同志祝贺新春》的文章已存在，不需要更新
名称为《习近平出席省部级主要领导干部坚持底线思维着力防范化解重大风险专题研讨班开班式》的文章已存在，不需要更新
名称为《习近平主席就墨西哥发生输油管道爆炸事故向墨西哥总统洛佩斯致慰问电》的文章已存在，不需要更新
名称为《习近平在京津冀三省市考察并主持召开京津冀协同发展座谈会》的文章已存在，不需要更新
名称为《习近平同芬兰总统尼尼斯托举行会谈》的文章已存在，不需要更新
名称为《习近平同朝鲜劳动党委员长金正恩举行会谈》的文章已存在，不需要更新
名称为《习近平同金正恩会谈达成这些重要共识》的文章已存在，不需要更新
名称为《习近平同吉布提总统盖莱就中吉建交40周年互致贺电》的文章已存在，不需要更新
名称为《中共中央国务院隆重举行国家科学技术奖励大会 习近平出席大会并为最高奖获得者等颁奖》的文章已存在，不需要更新
名称为《国家主席习近平任免驻外大使》的文章已存在，不需要更新
名称为《习近平向全军发布开训动员令》的文章已存在，不需要更新
名称为《习近平就俄居民楼煤气爆炸事故向普京致慰问电》的文章已存在，不需要更新
名称为《习近平出席《告台湾同胞书》发表40周年纪念会》的文章已存在，不需要更新
第6个栏目的文章已经不需要更新了
现在对第7个栏目进行检测
名称为《中央农村工作会议在京召开 习近平对做好“三农”工作作出重要指示》的文章已存在，不需要更新
名称为《习近平在第五个国家宪法日之际作出重要指示》的文章已存在，不需要更新
名称为《习近平对三北工程建设作出重要指示》的文章已存在，不需要更新
名称为《习近平对自由贸易试验区建设作出重要指示》的文章已存在，不需要更新
名称为《习近平对全国党委秘书长会议作出重要指示》的文章已存在，不需要更新
名称为《习近平对脱贫攻坚工作作出重要指示》的文章已存在，不需要更新
名称为《习近平：共同呵护好孩子的眼睛 让他们拥有一个光明的未来​》的文章已存在，不需要更新
名称为《习近平对中船重工第七六〇所黄群等3名同志壮烈牺牲作出重要指示》的文章已存在，不需要更新
名称为《习近平对首个“中国医师节”作出重要指示》的文章已存在，不需要更新
名称为《习近平对王继才同志先进事迹作出重要指示强调 要大力倡导爱国奉献精神 使之成为新时代奋斗者的价值追求》的文章已存在，不需要更新
名称为《习近平对吉林长春长生生物疫苗案件作出重要指示》的文章已存在，不需要更新
名称为《习近平对防汛抢险救灾工作作出重要指示》的文章已存在，不需要更新
名称为《习近平对毕节试验区工作作出重要指示》的文章已存在，不需要更新
名称为《习近平对推进中央和国家机关党的政治建设作出重要指示》的文章已存在，不需要更新
名称为《 习近平对浙江安吉黄杜村农民党员向贫困地区捐赠白茶苗作出重要指示》的文章已存在，不需要更新
名称为《习近平对泰国普吉游船倾覆事故作出重要指示》的文章已存在，不需要更新
名称为《习近平对实施乡村振兴战略作出重要指示》的文章已存在，不需要更新
名称为《习近平对上合组织青岛峰会成功举办作出重要指示》的文章已存在，不需要更新
名称为《习近平就禁毒工作作出重要指示》的文章已存在，不需要更新
名称为《习近平对脱贫攻坚工作作出重要指示》的文章已存在，不需要更新
第7个栏目的文章已经不需要更新了
现在对第8个栏目进行检测
名称为《写在北平和平解放70周年之际》的文章已存在，不需要更新
名称为《党的十八大以来媒体融合发展成就综述》的文章已存在，不需要更新
名称为《中央政治局第十二次集体学习侧记》的文章已存在，不需要更新
名称为《省部级主要领导干部坚持底线思维着力防范化解重大风险专题研讨班侧记》的文章已存在，不需要更新
名称为《习近平总书记调研京津冀协同发展并主持召开座谈会纪实》的文章已存在，不需要更新
名称为《人类首次月球背面探测全纪实》的文章已存在，不需要更新
名称为《写在十九届中央纪委三次全会召开之际》的文章已存在，不需要更新
名称为《党的十九大以来全面从严治党成果巡礼之三》的文章已存在，不需要更新
名称为《党的十九大以来全面从严治党成果巡礼之二》的文章已存在，不需要更新
名称为《写在推动长江经济带发展座谈会召开三周年之际③》的文章已存在，不需要更新
名称为《党的十九大以来全面从严治党成果巡礼之一》的文章已存在，不需要更新
名称为《写在推动长江经济带发展座谈会召开三周年之际②》的文章已存在，不需要更新
名称为《写在推动长江经济带发展座谈会召开三周年之际①》的文章已存在，不需要更新
名称为《浙江推进城乡协调发展纪实​》的文章已存在，不需要更新
名称为《庆祝改革开放40周年大会侧记》的文章已存在，不需要更新
名称为《以习近平同志为核心的党中央引领改革开放纪实》的文章已存在，不需要更新
名称为《“伟大的变革​——庆祝改革开放四十周年大型展览”综述》的文章已存在，不需要更新
名称为《以习近平同志为核心的党中央关心广西发展纪实》的文章已存在，不需要更新
名称为《习近平主席访问西班牙、阿根廷、巴拿马、葡萄牙纪实》的文章已存在，不需要更新
名称为《习近平访问欧洲拉美四国并出席G20峰会成果丰硕》的文章已存在，不需要更新
第8个栏目的文章已经不需要更新了
现在对第9个栏目进行检测
名称为《习近平同葡萄牙总统德索萨就中葡建交40周年互致贺电》的文章已存在，不需要更新
名称为《习近平就菲律宾发生爆炸袭击事件向菲律宾总统杜特尔特致慰问电》的文章已存在，不需要更新
名称为《习近平与越共中央总书记、国家主席阮富仲互致新年贺信》的文章已存在，不需要更新
名称为《习近平同法国总统马克龙互致贺电 庆祝中法建交55周年》的文章已存在，不需要更新
名称为《习近平就巴西矿坝决堤事故致慰问电》的文章已存在，不需要更新
名称为《习近平向2019年“中国－老挝旅游年”致贺词》的文章已存在，不需要更新
名称为《习近平主席就墨西哥发生输油管道爆炸事故向墨西哥总统洛佩斯致慰问电》的文章已存在，不需要更新
名称为《习近平同吉布提总统盖莱就中吉建交40周年互致贺电》的文章已存在，不需要更新
名称为《习近平致信祝贺中国社会科学院中国历史研究院成立》的文章已存在，不需要更新
名称为《习近平致中国社会科学院中国历史研究院成立的贺信》的文章已存在，不需要更新
名称为《习近平就俄居民楼煤气爆炸事故向普京致慰问电》的文章已存在，不需要更新
名称为《习近平就古巴革命胜利60周年向古巴领导人致贺电》的文章已存在，不需要更新
名称为《中美两国领导人互致贺信庆祝两国建交40周年》的文章已存在，不需要更新
名称为《中俄两国元首互致新年贺电 中俄两国总理互致新年贺电》的文章已存在，不需要更新
名称为《习近平就印度尼西亚巽他海​峡海啸灾害向印尼总统佐科致慰问电‍‍‍》的文章已存在，不需要更新
名称为《习近平向中国－印度高级别人文交流机制首次会议致贺信》的文章已存在，不需要更新
名称为《习近平同阿尔及利亚总统就中阿建交60周年互致贺电》的文章已存在，不需要更新
名称为《习近平向第三届“读懂中国”国际会议致贺信》的文章已存在，不需要更新
名称为《习近平致信纪念《世界人权宣言》发表70周年座谈会》的文章已存在，不需要更新
名称为《广西壮族自治区成立60周年 习近平总书记题词贺匾揭幕》的文章已存在，不需要更新
第9个栏目的文章已经不需要更新了
现在对第10个栏目进行检测
名称为《习近平结束访问回到北​京》的文章已存在，不需要更新
名称为《习近平会见葡萄牙总理科斯塔》的文章已存在，不需要更新
名称为《习近平会见葡萄牙议会议长罗德里格斯》的文章已存在，不需要更新
名称为《习近平同葡萄牙总统德索萨举行会谈》的文章已存在，不需要更新
名称为《习近平抵达里斯本 开始对葡萄牙进行国事访问》的文章已存在，不需要更新
名称为《习近平和巴拿马总统巴雷拉共同参观巴拿马运河新船闸》的文章已存在，不需要更新
名称为《习近平会见巴拿马国民大会主席阿夫雷戈》的文章已存在，不需要更新
名称为《习近平和巴拿马总统巴雷拉共同会见出席中国－巴拿马经贸合作论坛的双方企业家代表》的文章已存在，不需要更新
名称为《中华人民共和国和巴拿马共和国联合新闻公报（全文）》的文章已存在，不需要更新
名称为《习近平同巴拿马总统巴雷拉举行会谈》的文章已存在，不需要更新
名称为《习近平抵达巴拿马城开始对巴拿马共和国进行国事访问》的文章已存在，不需要更新
名称为《习近平接受阿根廷“解放者圣马丁大项链级勋章”》的文章已存在，不需要更新
名称为《习近平同阿根廷总统马克里举行会谈》的文章已存在，不需要更新
名称为《习近平主席特使、全国人大常委会副委员长沈跃跃会见墨西哥新任总统洛佩斯》的文章已存在，不需要更新
名称为《习近平会见德国总理默克尔》的文章已存在，不需要更新
名称为《习近平继续出席二十国集团领导人第十三次峰会》的文章已存在，不需要更新
名称为《习近平同美国总统特朗普举行会晤》的文章已存在，不需要更新
名称为《习近平会见法国总统马克龙》的文章已存在，不需要更新
名称为《习近平会见俄罗斯总统普京》的文章已存在，不需要更新
名称为《习近平出席中俄印领导人非正式会晤》的文章已存在，不需要更新
第10个栏目的文章已经不需要更新了
现在对第11个栏目进行检测
名称为《在全社会大力弘扬家国情怀》的文章已存在，不需要更新
名称为《在奋斗中收获更多自信和勇气》的文章已存在，不需要更新
名称为《技术迭代打开无限想象力》的文章已存在，不需要更新
名称为《以传播优势提升治理效能》的文章已存在，不需要更新
名称为《让主流媒体成为“全媒体”》的文章已存在，不需要更新
名称为《同心共筑中国梦》的文章已存在，不需要更新
名称为《扩大主流价值影响力版图》的文章已存在，不需要更新
名称为《推动媒体深度融合，做大做强主流舆论》的文章已存在，不需要更新
名称为《推动媒体融合发展走深走实》的文章已存在，不需要更新
名称为《扛起政治责任，永葆斗争精神》的文章已存在，不需要更新
名称为《勇于自我革命，战胜风险挑战》的文章已存在，不需要更新
名称为《深化改革要更加突出解决实际问题》的文章已存在，不需要更新
名称为《强化风险意识，提高化解能力》的文章已存在，不需要更新
名称为《发扬斗争精神，勇于担当作为》的文章已存在，不需要更新
名称为《坚持底线思维，增强忧患意识》的文章已存在，不需要更新
名称为《增强忧患意识，提高防控能力》的文章已存在，不需要更新
名称为《坚持底线思维，防范化解风险》的文章已存在，不需要更新
名称为《开放的大门只会越开越大》的文章已存在，不需要更新
名称为《打造一支高素质政法队伍》的文章已存在，不需要更新
名称为《在更高起点推进政法领域改革》的文章已存在，不需要更新
第11个栏目的文章已经不需要更新了
现在对第12个栏目进行检测
名称为《习近平向非洲联盟第32届首脑会议致贺电》的文章已存在，不需要更新
名称为《新春奋进正当时，听习近平谈奋斗》的文章已存在，不需要更新
名称为《“立根原在群众中”，习近平这样说》的文章已存在，不需要更新
名称为《牢记使命！看习近平始终不渝的初心》的文章已存在，不需要更新
名称为《群众身边的“小事”，习近平始终放在心里》的文章已存在，不需要更新
名称为《暖人心扉！听习近平的这些知心话》的文章已存在，不需要更新
名称为《习近平主席特别代表马朝旭出席安理会高级别公开辩论会》的文章已存在，不需要更新
名称为《习近平总书记在春节团拜会上的讲话引发海外热烈反响》的文章已存在，不需要更新
名称为《习近平总书记在2019年春节团拜会上的讲话凝聚人心催人奋进》的文章已存在，不需要更新
名称为《习近平同苏丹总统巴希尔就中苏建交60周年互致贺电》的文章已存在，不需要更新
名称为《在奋斗中收获更多自信和勇气——2019年春节团拜会侧记》的文章已存在，不需要更新
名称为《习近平：在2019年春节团拜会上的讲话》的文章已存在，不需要更新
名称为《中共中央国务院举行春节团拜会 习近平发表讲话》的文章已存在，不需要更新
名称为《国家主席习近平任免驻外大使》的文章已存在，不需要更新
名称为《习近平主席给“王杰班”全体战士回信在全军部队引起强烈反响》的文章已存在，不需要更新
名称为《习近平看望慰问国旗中队官兵》的文章已存在，不需要更新
名称为《中央领导同志看望老同志》的文章已存在，不需要更新
名称为《习近平春节前夕在北京看望慰问基层干部群众》的文章已存在，不需要更新
名称为《习近平春节前夕视察看望北京卫戍区》的文章已存在，不需要更新
名称为《习近平给“王杰班”全体战士回信》的文章已存在，不需要更新
第12个栏目的文章已经不需要更新了
现在对第13个栏目进行检测
名称为《李大钊：中国共产党的创始人之一》的文章已存在，不需要更新
名称为《蔡和森：中国共产党工人运动领袖》的文章已存在，不需要更新
名称为《董必武：中国共产党的创始人之一》的文章已存在，不需要更新
名称为《何叔衡：中国共产党的创始人之一》的文章已存在，不需要更新
名称为《方志敏：伟大的共产主义战士》的文章已存在，不需要更新
名称为《刘胡兰：生的伟大死的光荣》的文章已存在，不需要更新
名称为《马本斋：百战百胜的回民支队司令员》的文章已存在，不需要更新
名称为《左　权：中国工农红军高级指挥员》的文章已存在，不需要更新
名称为《叶　挺：中国人民解放军创建人之一》的文章已存在，不需要更新
名称为《杨靖宇：抗日民族英雄》的文章已存在，不需要更新
名称为《向警予：我国妇女运动的先驱》的文章已存在，不需要更新
名称为《彭　湃：中国农民革命运动的先导者》的文章已存在，不需要更新
名称为《张思德：体现党的宗旨的共产党员》的文章已存在，不需要更新
名称为《邓中夏：杰出的工人运动领袖》的文章已存在，不需要更新
名称为《张太雷：中国共产党的创建人之一》的文章已存在，不需要更新
名称为《董存瑞：全国著名战斗英雄》的文章已存在，不需要更新
名称为《瞿秋白：中国共产党早期领导人之一》的文章已存在，不需要更新
名称为《赵世炎：著名的工人运动领袖》的文章已存在，不需要更新
名称为《刘志丹：群众领袖 人民英雄》的文章已存在，不需要更新
名称为《邱少云：为胜利自我牺牲的伟大战士》的文章已存在，不需要更新
第13个栏目的文章已经不需要更新了
现在对第14个栏目进行检测
名称为《土地革命时期中央巡视工作是如何开展的？》的文章已存在，不需要更新
名称为《毛泽东演讲中的“有的放矢”该怎么理解？》的文章已存在，不需要更新
名称为《为什么说小平小道是改革开放的策源地？》的文章已存在，不需要更新
名称为《周恩来的初心是如何形成的？》的文章已存在，不需要更新
名称为《民主生活会制度是如何被写入党章的？》的文章已存在，不需要更新
名称为《党的“组织路线”概念是如何提出的？》的文章已存在，不需要更新
名称为《首次提出“四个服从”是在党的哪次全会上？》的文章已存在，不需要更新
名称为《陈云为何要提出“小公”服从“大公”？》的文章已存在，不需要更新
名称为《张闻天是如何开展调查研究的？》的文章已存在，不需要更新
名称为《抗战时期“精兵简政”提案为何获得毛泽东称赞？》的文章已存在，不需要更新
名称为《为什么要开除刘力功党籍？》的文章已存在，不需要更新
名称为《为什么说《共同纲领》是全国人民的大宪章？》的文章已存在，不需要更新
名称为《毛泽东是如何强调“学习一定要学到底”的？》的文章已存在，不需要更新
名称为《抗战时期为什么数万青年义无返顾地奔赴延安？》的文章已存在，不需要更新
名称为《开国大典的礼炮为什么要鸣放28响？》的文章已存在，不需要更新
名称为《中华人民共和国为什么不能简称中华民国？》的文章已存在，不需要更新
名称为《开国大典为什么选择在天安门广场举行？》的文章已存在，不需要更新
名称为《为什么要修建人民英雄纪念碑？》的文章已存在，不需要更新
名称为《中央人民政府里为什么会有民主党派和民主人士？》的文章已存在，不需要更新
名称为《为什么将新中国的国号定为“中华人民共和国”？》的文章已存在，不需要更新
第14个栏目的文章已经不需要更新了
现在对第15个栏目进行检测
名称为《解放战争时期“四个意识”的初步形成和体现》的文章已存在，不需要更新
名称为《中国共产党制度治党的历史发展与经验启示》的文章已存在，不需要更新
名称为《延安时期这样抓党性教育》的文章已存在，不需要更新
名称为《延安时期在职干部学习小组如何抓学习》的文章已存在，不需要更新
名称为《毛泽东的初心之路》的文章已存在，不需要更新
名称为《刘少奇论个人与组织的关系》的文章已存在，不需要更新
名称为《学习周恩来 增强政治定力》的文章已存在，不需要更新
名称为《延安时期我们党的党史学习及其历史经验》的文章已存在，不需要更新
名称为《中国共产党早期从严治党的探索与实践》的文章已存在，不需要更新
名称为《延安时期增强党性的问题意识与导向》的文章已存在，不需要更新
名称为《《共产党宣言》的深远影响》的文章已存在，不需要更新
名称为《延安整风运动对党的主题教育的启示》的文章已存在，不需要更新
名称为《党是怎样防止分散主义的》的文章已存在，不需要更新
名称为《“四个伟大”的由来及其相互关系》的文章已存在，不需要更新
名称为《中共五大对党的建设的历史贡献》的文章已存在，不需要更新
名称为《《论共产党员的修养》对加强新时期党员党性修养的启示》的文章已存在，不需要更新
现在对第15个栏目进行检测
名称为《毛泽东的初心之路》的文章已存在，不需要更新
名称为《刘少奇论个人与组织的关系》的文章已存在，不需要更新
名称为《学习周恩来 增强政治定力》的文章已存在，不需要更新
名称为《延安时期我们党的党史学习及其历史经验》的文章已存在，不需要更新
名称为《中国共产党早期从严治党的探索与实践》的文章已存在，不需要更新
名称为《延安时期增强党性的问题意识与导向》的文章已存在，不需要更新
名称为《《共产党宣言》的深远影响》的文章已存在，不需要更新
名称为《党是怎样防止分散主义的》的文章已存在，不需要更新
名称为《“四个伟大”的由来及其相互关系》的文章已存在，不需要更新
名称为《中共五大对党的建设的历史贡献》的文章已存在，不需要更新
名称为《《论共产党员的修养》对加强新时期党员党性修养的启示》的文章已存在，不需要更新
现在对第15个栏目进行检测
名称为《朱德一生学习《共产党宣言》》的文章已存在，不需要更新
名称为《刘少奇与他的农民通讯员》的文章已存在，不需要更新
名称为《项英夫妇与群众鱼水情深：离别时送绸缎被单表达感激》的文章已存在，不需要更新
名称为《解放北平的三次和谈》的文章已存在，不需要更新
名称为《刘少奇清廉二三事》的文章已存在，不需要更新
名称为《大道薪火——《共产党宣言》中文首译本诞生记》的文章已存在，不需要更新
名称为《张闻天调查研究的故事》的文章已存在，不需要更新
名称为《从习仲勋的一次调研说开去》的文章已存在，不需要更新
名称为《陈云的“调研经”》的文章已存在，不需要更新
名称为《陈云与调查研究》的文章已存在，不需要更新
名称为《邓小平与调查研究》的文章已存在，不需要更新
名称为《“将军农民”甘祖昌》的文章已存在，不需要更新
名称为《朱德与调查研究》的文章已存在，不需要更新
名称为《周恩来基层调研的五项规矩》的文章已存在，不需要更新
名称为《周恩来与党的早期隐蔽战线》的文章已存在，不需要更新
名称为《刘少奇与调查研究》的文章已存在，不需要更新
名称为《珍稀邮票上的政协故事》的文章已存在，不需要更新
名称为《周恩来与调查研究》的文章已存在，不需要更新
名称为《毛主席率领红军到双池》的文章已存在，不需要更新
名称为《《义勇军进行曲》诞生背后的中共因素》的文章已存在，不需要更新
第15个栏目的文章已经不需要更新了
现在对第16个栏目进行检测
名称为《毛泽东诗词中的“伟大民族精神”》的文章已存在，不需要更新
名称为《周恩来：一个光荣而不朽的名字》的文章已存在，不需要更新
名称为《周恩来的精神风范：顾全大局相忍为党》的文章已存在，不需要更新
名称为《习近平：在纪念周恩来同志诞辰120周年座谈会上的讲话》的文章已存在，不需要更新
名称为《周恩来精神的核心：全心全意为人民服务》的文章已存在，不需要更新
名称为《“西迁精神”的由来与内涵》的文章已存在，不需要更新
名称为《“两弹一星”精神的内涵与体现》的文章已存在，不需要更新
名称为《传承西迁精神 智慧奉献祖国》的文章已存在，不需要更新
名称为《西迁精神永放光芒》的文章已存在，不需要更新
名称为《王杰精神的内涵与传承》的文章已存在，不需要更新
名称为《“红船精神”的传承与弘扬》的文章已存在，不需要更新
名称为《太行精神的内涵与由来》的文章已存在，不需要更新
名称为《学习践行“两不怕”精神 争做新时代王杰式好战士》的文章已存在，不需要更新
名称为《“红船精神”永放光芒》的文章已存在，不需要更新
名称为《把握主题 坚定自信 进一步弘扬沂蒙精神的时代价值》的文章已存在，不需要更新
名称为《习近平：弘扬“红船精神” 走在时代前列》的文章已存在，不需要更新
名称为《时代精神主题化》的文章已存在，不需要更新
名称为《红船精神的由来和表现》的文章已存在，不需要更新
第16个栏目的文章已经不需要更新了
现在对第17个栏目进行检测
名称为《张闻天调查研究的故事》的文章已存在，不需要更新
名称为《从习仲勋的一次调研说开去》的文章已存在，不需要更新
名称为《陈云的“调研经”》的文章已存在，不需要更新
名称为《陈云与调查研究》的文章已存在，不需要更新
名称为《邓小平与调查研究》的文章已存在，不需要更新
名称为《“将军农民”甘祖昌》的文章已存在，不需要更新
名称为《朱德与调查研究》的文章已存在，不需要更新
名称为《周恩来基层调研的五项规矩》的文章已存在，不需要更新
名称为《周恩来与党的早期隐蔽战线》的文章已存在，不需要更新
名称为《刘少奇与调查研究》的文章已存在，不需要更新
名称为《珍稀邮票上的政协故事》的文章已存在，不需要更新
名称为《周恩来与调查研究》的文章已存在，不需要更新
名称为《毛主席率领红军到双池》的文章已存在，不需要更新
名称为《《义勇军进行曲》诞生背后的中共因素》的文章已存在，不需要更新
名称为《毛泽东与调查研究》的文章已存在，不需要更新
名称为《1943年延安春节前后的双拥运动》的文章已存在，不需要更新
名称为《毛泽东诗词与中国故事》的文章已存在，不需要更新
名称为《毛泽东的诗词故事》的文章已存在，不需要更新
名称为《毛泽东和他的时代》的文章已存在，不需要更新
名称为《习仲勋与广东“三农”工作》的文章已存在，不需要更新
第17个栏目的文章已经不需要更新了
现在对第18个栏目进行检测
名称为《李大钊》的文章已存在，不需要更新
名称为《蔡和森》的文章已存在，不需要更新
名称为《董必武》的文章已存在，不需要更新
名称为《何叔衡》的文章已存在，不需要更新
名称为《方志敏》的文章已存在，不需要更新
名称为《刘胡兰》的文章已存在，不需要更新
名称为《马本斋》的文章已存在，不需要更新
名称为《左权》的文章已存在，不需要更新
名称为《叶挺》的文章已存在，不需要更新
名称为《杨靖宇》的文章已存在，不需要更新
名称为《向警予》的文章已存在，不需要更新
名称为《张思德》的文章已存在，不需要更新
名称为《邓中夏》的文章已存在，不需要更新
名称为《张太雷》的文章已存在，不需要更新
名称为《董存瑞》的文章已存在，不需要更新
名称为《瞿秋白》的文章已存在，不需要更新
名称为《赵世炎》的文章已存在，不需要更新
名称为《刘志丹》的文章已存在，不需要更新
名称为《邱少云》的文章已存在，不需要更新
名称为《夏明翰》的文章已存在，不需要更新
第18个栏目的文章已经不需要更新了
现在对第19个栏目进行检测
名称为《马克思恩格斯全集》的文章已存在，不需要更新
名称为《列宁全集》的文章已存在，不需要更新
名称为《毛泽东选集》的文章已存在，不需要更新
名称为《邓小平文选》的文章已存在，不需要更新
名称为《江泽民文选》的文章已存在，不需要更新
名称为《胡锦涛文选》的文章已存在，不需要更新
名称为《习近平谈治国理政（第一卷）》的文章已存在，不需要更新
名称为《习近平谈治国理政（第二卷）》的文章已存在，不需要更新
名称为《习近平关于实现中华民族伟大复兴的中国梦论述摘编》的文章已存在，不需要更新
名称为《习近平关于社会主义经济建设论述摘编》的文章已存在，不需要更新
名称为《习近平关于社会主义政治建设论述摘编》的文章已存在，不需要更新
名称为《习近平关于社会主义文化建设论述摘编》的文章已存在，不需要更新
第19个栏目的文章已经不需要更新了
现在对第20个栏目进行检测
现在对第20个栏目进行检测
名称为《李伟长：张新颖的沈从文传记书写及其他》的文章已存在，不需要更新
名称为《张　陵：书写英雄群像的道德力量》的文章已存在，不需要更新
名称为《孟繁华：评彭学明长篇散文《娘》》的文章已存在，不需要更新
名称为《张树军：读《围困长春》》的文章已存在，不需要更新
名称为《李远达：一部别样深情的北京风俗志》的文章已存在，不需要更新
名称为《蒙　木：大格局的中国文学通史》的文章已存在，不需要更新
名称为《赵　阳：评雪漠散文新作《匈奴的子孙》》的文章已存在，不需要更新
名称为《程　凤：读《大明御史左光斗》》的文章已存在，不需要更新
名称为《贺绍俊：中国现代文学的世界性》的文章已存在，不需要更新
名称为《李朝全：书写荒原变林海的人间奇迹》的文章已存在，不需要更新
名称为《陈答才：从小说《主角》看陈彦的创作特色》的文章已存在，不需要更新
名称为《张天杰：品味中国木建筑》的文章已存在，不需要更新
名称为《肖　华：每一个人都应有自己的瓦尔登湖》的文章已存在，不需要更新
名称为《史世海：品读历史典籍 感悟传统美德》的文章已存在，不需要更新
名称为《陈漱渝：发现现代文学的新景观》的文章已存在，不需要更新
名称为《甘正气：《悲惨世界》——走向光明的历程》的文章已存在，不需要更新
名称为《陈晓明：读刘醒龙《黄冈秘卷》》的文章已存在，不需要更新
名称为《张　洁：《传习录》——“活”的哲学》的文章已存在，不需要更新
名称为《杜晓勤：《诗映大唐春——唐诗与唐人生活》读后》的文章已存在，不需要更新
名称为《王守春 张秀平：探求天下水德之和》的文章已存在，不需要更新
第20个栏目的文章已经不需要更新了
现在对第21个栏目进行检测
名称为《死海“沉浮”之谜》的文章已存在，不需要更新
名称为《量子纠缠：科学中最奇特的现象》的文章已存在，不需要更新
名称为《靠运气还是靠实力 侏罗纪霸主如何从小卒“上位”》的文章已存在，不需要更新
名称为《人体中存在“组织者”细胞群》的文章已存在，不需要更新
名称为《未来最危险的致癌因素是肥胖》的文章已存在，不需要更新
名称为《会燃烧的“冰”》的文章已存在，不需要更新
名称为《月亮对潮汐的作用》的文章已存在，不需要更新
名称为《宇宙中的“隐身人”如何在银河系“聚会”》的文章已存在，不需要更新
名称为《科学家终于看清水分子中氢原子位置》的文章已存在，不需要更新
名称为《河流为什么总是弯弯曲曲的？》的文章已存在，不需要更新
名称为《野生动物致命“演化陷阱” 源于人类无意间活动》的文章已存在，不需要更新
名称为《对标波音787，CR929预计2025年前后首飞》的文章已存在，不需要更新
名称为《首张银河系中心年龄图问世 最年轻恒星至少七十亿岁了》的文章已存在，不需要更新
名称为《飞机也能在水面上起降吗？》的文章已存在，不需要更新
名称为《为什么飞船要在太空进行交会对接？》的文章已存在，不需要更新
名称为《为什么太空里也需要“防腐”？》的文章已存在，不需要更新
名称为《为什么说彗核是脏雪球？》的文章已存在，不需要更新
名称为《为什么新型飞机上天前要进行风洞试验？》的文章已存在，不需要更新
名称为《金星的“迷雾”是如何揭开的？》的文章已存在，不需要更新
名称为《为什么火箭会有这么大的“力气”？》的文章已存在，不需要更新
第21个栏目的文章已经不需要更新了
现在对第22个栏目进行检测
名称为《冯　春：家国人生40年》的文章已存在，不需要更新
名称为《水运宪：岳西的新序曲》的文章已存在，不需要更新
名称为《赖赛飞：水边的百丈农家》的文章已存在，不需要更新
名称为《蒋子龙：桃源处处桃花源》的文章已存在，不需要更新
名称为《张华北：梦在绿洲》的文章已存在，不需要更新
名称为《张抗抗：爱上元宝枫》的文章已存在，不需要更新
名称为《宓　月：让世界爱上康定》的文章已存在，不需要更新
名称为《李青松：北国江畔听渔声》的文章已存在，不需要更新
名称为《江　岚：记取挑丝色浅深》的文章已存在，不需要更新
名称为《陈世旭：南船北马聚淮安》的文章已存在，不需要更新
名称为《陈先义：兰考十八变》的文章已存在，不需要更新
名称为《辛　茜：郁郁芳香藏雪茶》的文章已存在，不需要更新
名称为《李春雷 杜文娟：哈达献给你》的文章已存在，不需要更新
名称为《王　溱：即墨古城展新姿》的文章已存在，不需要更新
名称为《陈　虹：“文艺范儿”的曾厝垵》的文章已存在，不需要更新
名称为《申尊敬：沙海巨变》的文章已存在，不需要更新
名称为《李海洲：江城长寿的“懒腰”》的文章已存在，不需要更新
名称为《陆春祥：秦风起​》的文章已存在，不需要更新
名称为《盛　慧：​一座城市的精气神》的文章已存在，不需要更新
名称为《邹安音：嘉陵江从镜头前流过​》的文章已存在，不需要更新
第22个栏目的文章已经不需要更新了
现在对第23个栏目进行检测
名称为《广东连南县扶贫工作调研》的文章已存在，不需要更新
名称为《百城百县百企调研：山河披绿富长汀》的文章已存在，不需要更新
名称为《百城百县百企调研：金​寨生金 聚力脱贫》的文章已存在，不需要更新
名称为《百城百县百企调研：重庆渝北 换挡创新驱动》的文章已存在，不需要更新
名称为《百城百县百企调研：北京海淀探路创新创业》的文章已存在，不需要更新
名称为《青海省5年来减少贫困人口90.7万人》的文章已存在，不需要更新
名称为《青岛：蓝色动能加速海洋经济高质量发展》的文章已存在，不需要更新
名称为《百城百县百企调研：武汉创新释放发展新动能》的文章已存在，不需要更新
名称为《解码湖南省新化县紫鹊界梯田》的文章已存在，不需要更新
名称为《百城百县百企调研：郑州建国际综合交通枢纽》的文章已存在，不需要更新
名称为《天津市推进纪检监察建议工作的实践与思考》的文章已存在，不需要更新
名称为《基层运用“四种形态”存在的问题及对策》的文章已存在，不需要更新
名称为《山东泰安：城市规划民生优先》的文章已存在，不需要更新
名称为《广西龙州三招摘“穷帽”》的文章已存在，不需要更新
名称为《河北省军民融合状况调研》的文章已存在，不需要更新
名称为《重庆永川：新乡贤有新作为》的文章已存在，不需要更新
名称为《陕西东岭村：以集体经济引领乡村振兴》的文章已存在，不需要更新
名称为《大连破解经济增速“东北现象”调研》的文章已存在，不需要更新
名称为《河南平舆县扶贫领域监督执纪工作调研》的文章已存在，不需要更新
名称为《乡村教师招聘缘何遇冷》的文章已存在，不需要更新
第23个栏目的文章已经不需要更新了
现在对第24个栏目进行检测
名称为《朱德如何深入实际调查研究​》的文章已存在，不需要更新
名称为《摸实情离不开调查研究》的文章已存在，不需要更新
名称为《向习总书记学习调查研究​》的文章已存在，不需要更新
名称为《切实掌握调查研究的好方法​》的文章已存在，不需要更新
名称为《毛泽东重视调查研究》的文章已存在，不需要更新
名称为《写好调研报告的"五个两”》的文章已存在，不需要更新
名称为《调查研究重在解决问题》的文章已存在，不需要更新
名称为《公文写作四“准”》的文章已存在，不需要更新
名称为《做好秘书工作离不开“三个好”》的文章已存在，不需要更新
名称为《如何成为办文的“能工巧匠”？》的文章已存在，不需要更新
名称为《写活考察材料“四部曲”》的文章已存在，不需要更新
名称为《把好调查研究之“度”》的文章已存在，不需要更新
名称为《浅谈调查研究四原则》的文章已存在，不需要更新
名称为《调查研究“身至”更要“心至”》的文章已存在，不需要更新
名称为《党支部书记要会调查研究》的文章已存在，不需要更新
名称为《文稿写作中的“五步成篇”和“六审六改”》的文章已存在，不需要更新
名称为《掌握这十步，轻松让你成为调研高手》的文章已存在，不需要更新
名称为《做实基层调研》的文章已存在，不需要更新
名称为《会务工作“八字”心得》的文章已存在，不需要更新
名称为《文字秘书要建好“四库”》的文章已存在，不需要更新
第24个栏目的文章已经不需要更新了
现在对第25个栏目进行检测
现在对第25个栏目进行检测
名称为《八女投江》的文章已存在，不需要更新
名称为《小叶丹（果基约达）》的文章已存在，不需要更新
名称为《马立训》的文章已存在，不需要更新
名称为《毛泽民》的文章已存在，不需要更新
名称为《王尔琢》的文章已存在，不需要更新
名称为《马本斋》的文章已存在，不需要更新
名称为《王尽美》的文章已存在，不需要更新
名称为《毛泽覃》的文章已存在，不需要更新
名称为《方志敏》的文章已存在，不需要更新
名称为《王若飞》的文章已存在，不需要更新
名称为《韦拔群》的文章已存在，不需要更新
名称为《王克勤》的文章已存在，不需要更新
名称为《邓恩铭》的文章已存在，不需要更新
名称为《邓中夏》的文章已存在，不需要更新
名称为《邓　萍》的文章已存在，不需要更新
名称为《叶成焕》的文章已存在，不需要更新
名称为《卢德铭》的文章已存在，不需要更新
名称为《左　权》的文章已存在，不需要更新
名称为《叶　挺》的文章已存在，不需要更新
名称为《于化虎》的文章已存在，不需要更新
第25个栏目的文章已经不需要更新了
现在对第26个栏目进行检测
名称为《李保国：太行山上新愚公》的文章已存在，不需要更新
名称为《沈浩：时刻把群众冷暖放在心上》的文章已存在，不需要更新
名称为《曲建武：帮助大学生扣好人生的扣子》的文章已存在，不需要更新
名称为《张劼：血与火的淬炼 生与死的突围》的文章已存在，不需要更新
名称为《中国航天员：国家很重 个人很轻》的文章已存在，不需要更新
名称为《王锐：青春逐梦 锐不可当奔强军》的文章已存在，不需要更新
名称为《廖俊波：爱人者 人恒爱之》的文章已存在，不需要更新
名称为《大功三连：成长进步靠实干 敏感事务不敏感》的文章已存在，不需要更新
名称为《黄大发：绝壁凿“天渠” 壮志凌山河》的文章已存在，不需要更新
名称为《许帅：用实际行动来追求“生命的宽度”》的文章已存在，不需要更新
名称为《陈清洲：他用真情把百姓暖透》的文章已存在，不需要更新
名称为《赵志全：沂蒙赤子 改革潮头写担当》的文章已存在，不需要更新
名称为《徐立平：“雕刻”火药30年 航天工匠“一把刀”》的文章已存在，不需要更新
名称为《高宝来：做人民群众的贴心人》的文章已存在，不需要更新
名称为《刘芳：“中国大山里的海伦·凯勒”》的文章已存在，不需要更新
名称为《阿布列林·阿不列孜：追逐榜样的力量》的文章已存在，不需要更新
名称为《李守江：叩开生命禁区“宝藏”之门》的文章已存在，不需要更新
名称为《骆抗先：患者至上 肝胆相照》的文章已存在，不需要更新
第26个栏目的文章已经不需要更新了
现在对第27个栏目进行检测
名称为《方敬》的文章已存在，不需要更新
名称为《田华》的文章已存在，不需要更新
名称为《刘源》的文章已存在，不需要更新
名称为《刘玉杰》的文章已存在，不需要更新
名称为《刘贵芳》的文章已存在，不需要更新
名称为《张全收》的文章已存在，不需要更新
名称为《韩凯》的文章已存在，不需要更新
名称为《陈贤 曹旭》的文章已存在，不需要更新
名称为《王海滨》的文章已存在，不需要更新
名称为《王生廷 王双廷》的文章已存在，不需要更新
名称为《刘长城》的文章已存在，不需要更新
名称为《麦麦提敏·阿卜杜喀迪尔》的文章已存在，不需要更新
名称为《李忠华》的文章已存在，不需要更新
名称为《​杨科璋》的文章已存在，不需要更新
名称为《罗腊英》的文章已存在，不需要更新
名称为《周炳耀》的文章已存在，不需要更新
名称为《匡兵 温琦华》的文章已存在，不需要更新
名称为《王新华》的文章已存在，不需要更新
名称为《艾买尔·依提》的文章已存在，不需要更新
名称为《呼秀珍》的文章已存在，不需要更新
第27个栏目的文章已经不需要更新了
现在对第28个栏目进行检测
名称为《马伟明：心系强军、锐意创新的科研先锋》的文章已存在，不需要更新
名称为《李中华：挑战极限、勇争第一的试飞英雄》的文章已存在，不需要更新
名称为《王忠心：建功基层、爱岗敬业的优秀士官》的文章已存在，不需要更新
名称为《景海鹏：矢志报国、逐梦太空的英雄航天员》的文章已存在，不需要更新
名称为《韦昌进：视死如归、血战到底的战斗英雄》的文章已存在，不需要更新
名称为《冷鹏飞：冲锋在前、英勇果敢的战斗英雄》的文章已存在，不需要更新
名称为《程开甲：忠诚奉献、科技报国的“两弹一星”元勋》的文章已存在，不需要更新
名称为《印春荣：独具虎胆、出生入死的缉毒英雄》的文章已存在，不需要更新
名称为《王刚：赴汤蹈火、冲锋陷阵的反恐英雄》的文章已存在，不需要更新
现在对第28个栏目进行检测
现在对第28个栏目进行检测
名称为《习近平谈泰戈尔的诗集》的文章已存在，不需要更新
名称为《习近平谈“三言”》的文章已存在，不需要更新
名称为《习近平谈《红与黑》》的文章已存在，不需要更新
名称为《习近平谈《人间喜剧》》的文章已存在，不需要更新
名称为《习近平谈《人间词话》》的文章已存在，不需要更新
名称为《习近平谈《创业史》》的文章已存在，不需要更新
名称为《习近平谈《钢铁是怎样炼成的》》的文章已存在，不需要更新
名称为《习近平谈《论法的精神》》的文章已存在，不需要更新
名称为《习近平谈《老人与海》》的文章已存在，不需要更新
名称为《习近平谈《仲夏夜之梦》》的文章已存在，不需要更新
名称为《习近平谈《单向度的人》》的文章已存在，不需要更新
名称为《习近平谈《红楼梦》》的文章已存在，不需要更新
名称为《习近平谈《21世纪资本论》》的文章已存在，不需要更新
名称为《习近平谈《马克思主义：赞成与反对》》的文章已存在，不需要更新
名称为《习近平谈《韩非子》》的文章已存在，不需要更新
名称为《习近平谈《默觚》》的文章已存在，不需要更新
名称为《习近平谈《世界秩序》》的文章已存在，不需要更新
名称为《习近平谈《古诗源》》的文章已存在，不需要更新
名称为《习近平谈《资治通鉴》》的文章已存在，不需要更新
名称为《习近平谈《墨子》》的文章已存在，不需要更新
第28个栏目的文章已经不需要更新了
现在对第29个栏目进行检测
名称为《习近平主持十九届中共中央政治局第十二次集体学习并发表重要讲话​》的文章已存在，不需要更新
名称为《习近平主持十九届中共中央政治局第十一次集体学习并发表重要讲话》的文章已存在，不需要更新
名称为《习近平主持十九届中共中央政治局第十次集体学习并发表重要讲话》的文章已存在，不需要更新
名称为《习近平主持十九届中共中央政治局第九次集体学习并发表重要讲话》的文章已存在，不需要更新
名称为《习近平主持十九届中共中央政治局第八次集体学习并发表重要讲话》的文章已存在，不需要更新
名称为《习近平主持十九届中共中央政治局第七次集体学习并发表重要讲话》的文章已存在，不需要更新
名称为《习近平主持十九届中共中央政治局第六次集体学习并发表重要讲话》的文章已存在，不需要更新
名称为《习近平主持十九届中共中央政治局第五次集体学习并发表重要讲话》的文章已存在，不需要更新
名称为《习近平主持十九届中共中央政治局第四次集体学习并发表重要讲话》的文章已存在，不需要更新
名称为《习近平主持十九届中共中央政治局第三次集体学习并发表重要讲话》的文章已存在，不需要更新
名称为《习近平主持十九届中共中央政治局第二次集体学习并发表重要讲话》的文章已存在，不需要更新
名称为《习近平主持十九届中共中央政治局第一次集体学习并发表重要讲话》的文章已存在，不需要更新
名称为《习近平主持十八届中共中央政治局第四十三次集体学习并发表重要讲话》的文章已存在，不需要更新
名称为《习近平主持十八届中共中央政治局第四十二次集体学习并发表重要讲话》的文章已存在，不需要更新
名称为《习近平主持十八届中共中央政治局第四十一次集体学习并发表重要讲话》的文章已存在，不需要更新
名称为《习近平主持十八届中共中央政治局第四十次集体学习并发表重要讲话》的文章已存在，不需要更新
名称为《习近平主持十八届中共中央政治局第三十九次集体学习并发表重要讲话》的文章已存在，不需要更新
名称为《习近平主持十八届中共中央政治局第三十八次集体学习并发表重要讲话》的文章已存在，不需要更新
名称为《习近平主持十八届中共中央政治局第三十七次集体学习并发表重要讲话》的文章已存在，不需要更新
名称为《习近平主持十八届中共中央政治局第三十六次集体学习并发表重要讲话》的文章已存在，不需要更新
第29个栏目的文章已经不需要更新了
现在对第30个栏目进行检测
名称为《黄坤明看望慰问中央广播电视总台春晚演职人员》的文章已存在，不需要更新
名称为《中宣部、中央文明办部署开展2019年传统节日文化活动》的文章已存在，不需要更新
名称为《中宣部、中央文明办向贫困地区赠送电视机》的文章已存在，不需要更新
名称为《中央宣传部授予其美多吉“时代楷模”称号》的文章已存在，不需要更新
名称为《黄坤明：广泛开展“时代楷模”学习宣传活动》的文章已存在，不需要更新
名称为《中宣部、中央文明办开展慰问帮扶全国道德模范活动》的文章已存在，不需要更新
名称为《中宣部、中央文明办慰问全国道德模范纪长秋烈士家属》的文章已存在，不需要更新
名称为《“时代楷模”郝井文先进事迹座谈会举行》的文章已存在，不需要更新
名称为《中宣部、中央文明办慰问全国道德模范周炳耀家属》的文章已存在，不需要更新
名称为《中宣部、中央文明办慰问全国道德模范李斌》的文章已存在，不需要更新
名称为《黄坤明：为庆祝新中国成立70周年营造良好思想文化环境》的文章已存在，不需要更新
名称为《中宣部、中央文明办慰问全国道德模范朱邦月》的文章已存在，不需要更新
名称为《中宣部等发布县级融媒体中心建设规范》的文章已存在，不需要更新
名称为《中宣部、中央文明办慰问全国道德模范谢延信》的文章已存在，不需要更新
名称为《“中国好医生、中国好护士”现场交流活动举行》的文章已存在，不需要更新
名称为《《思想政治工作创新案例选编》系列专题图书出版》的文章已存在，不需要更新
名称为《全国“最美退役军人”先进事迹报告会在湖北武汉举行》的文章已存在，不需要更新
名称为《全国“三下乡”活动火热进行》的文章已存在，不需要更新
名称为《中宣部、中国铁总联合发布“最美铁路人”先进事迹》的文章已存在，不需要更新
名称为《中宣部、中央文明办慰问全国道德模范吴斌家属》的文章已存在，不需要更新
第30个栏目的文章已经不需要更新了
现在对第31个栏目进行检测
现在对第31个栏目进行检测
名称为《习近平京津冀考察讲话金句》的文章已存在，不需要更新
名称为《习近平《告台湾同胞书》发表40周年纪念会重要讲话金句》的文章已存在，不需要更新
名称为《习近平主席2019新年贺词金句》的文章已存在，不需要更新
名称为《习近平论改革开放四十年四十句》的文章已存在，不需要更新
名称为《习近平G20领导人第十三次峰会第一阶段会议讲话十大金句》的文章已存在，不需要更新
名称为《习近平2018年亚太经合组织工商领导人峰会演讲十二大金句》的文章已存在，不需要更新
名称为《习近平首届中国国际进口博览会演讲十大金句》的文章已存在，不需要更新
名称为《习近平关于民营企业最新十五大暖心金句》的文章已存在，不需要更新
名称为《习近平论改革金句》的文章已存在，不需要更新
名称为《习近平关于扶贫工作的讲话金句》的文章已存在，不需要更新
名称为《习近平关于“三农”问题的讲话金句》的文章已存在，不需要更新
名称为《习近平关于文艺工作的讲话金句》的文章已存在，不需要更新
名称为《习近平​关于爱国与奉献十大金句​》的文章已存在，不需要更新
名称为《习近平中秋金句话团圆》的文章已存在，不需要更新
名称为《习近平关于和平发展的金句》的文章已存在，不需要更新
名称为《习近平第四届东方经济论坛致辞金句》的文章已存在，不需要更新
名称为《习近平2018年全国组织工作会议讲话金句​》的文章已存在，不需要更新
名称为《习近平2018年全国教育大会重要讲话金句》的文章已存在，不需要更新
名称为《习近平寄语教师金句：要成为塑造学生的“大先生”》的文章已存在，不需要更新
名称为《习近平2018年中非合作论坛北京峰会主旨讲话十金句》的文章已存在，不需要更新
第31个栏目的文章已经不需要更新了
现在对第32个栏目进行检测
名称为《习近平引古典名句谈选人用人》的文章已存在，不需要更新
名称为《习近平关于改革开放论述中的这些用典，意义非凡！》的文章已存在，不需要更新
名称为《行大道、利天下，习近平“典”明中国特色大国外交》的文章已存在，不需要更新
名称为《习近平“典”亮亚太新发展》的文章已存在，不需要更新
名称为《习近平“典”引中俄未来》的文章已存在，不需要更新
名称为《习近平引用率最高的十大典故》的文章已存在，不需要更新
名称为《习近平“典”燃科技强国引擎》的文章已存在，不需要更新
名称为《学习习近平的用典艺术》的文章已存在，不需要更新
第32个栏目的文章已经不需要更新了
现在对第33个栏目进行检测
名称为《习近平生态文明思想在福建的孕育与实践》的文章已存在，不需要更新
名称为《习近平的“同胞情”》的文章已存在，不需要更新
名称为《新时代改革引领者习近平》的文章已存在，不需要更新
名称为《习近平的公仆情怀​‍​》的文章已存在，不需要更新
名称为《二十多年，习近平一直牢记着这句话》的文章已存在，不需要更新
名称为《从实践中来 到实践中去》的文章已存在，不需要更新
名称为《总书记始终关心“闽宁协作”》的文章已存在，不需要更新
名称为《习近平一直惦记着俺们村》的文章已存在，不需要更新
名称为《总书记要我们对标焦裕禄》的文章已存在，不需要更新
名称为《习近平带着我们“马上就办”》的文章已存在，不需要更新
名称为《总书记为长江生态画“红线”》的文章已存在，不需要更新
名称为《习近平帮我们挖“穷根”》的文章已存在，不需要更新
名称为《习近平叮嘱我们护好绿水青山》的文章已存在，不需要更新
名称为《总书记发出深化改革动员令》的文章已存在，不需要更新
名称为《习近平：领导干部要多读一点历史》的文章已存在，不需要更新
名称为《习近平的“青年观”》的文章已存在，不需要更新
名称为《习近平与人民日报——深情跨越半个世纪的往事》的文章已存在，不需要更新
名称为《向习近平总书记学“治县”智慧》的文章已存在，不需要更新
名称为《习近平的海洋情怀》的文章已存在，不需要更新
名称为《青年习近平的读书之道》的文章已存在，不需要更新
第33个栏目的文章已经不需要更新了
现在对第34个栏目进行检测
名称为《顾海良：习近平新时代中国特色社会主义经济思想的发展和拓新》的文章已存在，不需要更新
名称为《丰子义：科学认识和把握新时代》的文章已存在，不需要更新
名称为《陈振新：“因为我信仰马克思主义” ——陈望道与他的《共产党宣言》中译本》的文章已存在，不需要更新
名称为《方　雷：维护党中央权威的政治逻辑》的文章已存在，不需要更新
名称为《包心鉴：在新时代发展逻辑中彰显新思想伟大真理力量》的文章已存在，不需要更新
名称为《杨金海：从《共产党宣言》创作史看共产党人的初心所在》的文章已存在，不需要更新
名称为《韩庆祥：论习近平新时代中国特色社会主义思想》的文章已存在，不需要更新
名称为《金　莹：从数字看中日关系困局与破解之道》的文章已存在，不需要更新
现在对第34个栏目进行检测
名称为《中国道路的成功密码》的文章已存在，不需要更新
名称为《姜    辉：卓越贡献——70年宏伟历程彰显科学社会主义鲜活生命力》的文章已存在，不需要更新
名称为《坚定不移推进党的伟大自我革命》的文章已存在，不需要更新
名称为《吴桂韩：推动新时代改革开放走得更稳更远》的文章已存在，不需要更新
名称为《辛    鸣：坚持底线思维的实践辩证法》的文章已存在，不需要更新
名称为《高    翔：中华民族伟大复兴的三大里程碑》的文章已存在，不需要更新
名称为《包心鉴：党的政治建设是党的根本性建设》的文章已存在，不需要更新
名称为《程    凯：探索积累全面从严治党的宝贵经验》的文章已存在，不需要更新
名称为《王志东：中华优秀传统文化是当代中国最深厚的文化软实力》的文章已存在，不需要更新
名称为《陈先达：马克思主义哲学是大智慧》的文章已存在，不需要更新
名称为《创新是改革开放的生命》的文章已存在，不需要更新
名称为《“世界处于百年未有之大变局”》的文章已存在，不需要更新
名称为《改革开放的历史方位》的文章已存在，不需要更新
名称为《云理轩：新时代全面深化改革开放的根本遵循》的文章已存在，不需要更新
名称为《滕文生：构建人类命运共同体是世界发展的历史必然》的文章已存在，不需要更新
名称为《激发改革开放再出发的磅礴伟力》的文章已存在，不需要更新
名称为《永远保持中国共产党人的奋斗精神》的文章已存在，不需要更新
名称为《朱喜坤：革命文化是文化自信的重要源头》的文章已存在，不需要更新
名称为《宣传思想工作要紧紧围绕人》的文章已存在，不需要更新
名称为《汪亭友：新时代在世界社会主义发展中的历史方位及其重大意义》的文章已存在，不需要更新
第34个栏目的文章已经不需要更新了
现在对第35个栏目进行检测
名称为《“精致”理念铸就新时代诗意兰州》的文章已存在，不需要更新
名称为《2018年山东文化强省建设年终盘点》的文章已存在，不需要更新
名称为《老樊城绽放现代商都风采》的文章已存在，不需要更新
名称为《镇江追赶超越深耕高质量发展》的文章已存在，不需要更新
名称为《2018年四川省党风廉政建设和反腐败亮点工作回眸​》的文章已存在，不需要更新
名称为《四川省2018年统一战线工作综述》的文章已存在，不需要更新
名称为《浙江常山实施“所长制”推进农厕革命观察》的文章已存在，不需要更新
名称为《湖北2018年经济“成绩单”数据亮眼》的文章已存在，不需要更新
名称为《常州以奋斗精神建设高质量明星城》的文章已存在，不需要更新
名称为《安徽乡村振兴实现“加速跑”》的文章已存在，不需要更新
名称为《陕西2018年追赶超越成效初显》的文章已存在，不需要更新
名称为《山西“十三五”主要指标总体进展顺利》的文章已存在，不需要更新
名称为《山西在坚持深化中擦亮巡视利剑》的文章已存在，不需要更新
名称为《安徽深化改革让乡村振兴“走前列”》的文章已存在，不需要更新
名称为《安徽滁州改革开放再出发》的文章已存在，不需要更新
名称为《陕西铜川市耀州区照金村村庄变景区》的文章已存在，不需要更新
名称为《2018年南昌市推进作风建设工作综述》的文章已存在，不需要更新
名称为《贵州发展改革工作今年的八大重点任务》的文章已存在，不需要更新
名称为《古城重庆焕发戏剧之春》的文章已存在，不需要更新
名称为《湖北推动全面从严治党从宽松软走向严紧硬》的文章已存在，不需要更新
第35个栏目的文章已经不需要更新了
现在对第36个栏目进行检测
名称为《南仁东：跨越时空征战星辰大海》的文章已存在，不需要更新
名称为《王锐：青春逐梦 锐不可当奔强军》的文章已存在，不需要更新
现在对第36个栏目进行检测
名称为《从伟大觉醒中走出的改革开放之路》的文章已存在，不需要更新
名称为《历史研究是一切社会科学的基础》的文章已存在，不需要更新
名称为《‍掌握一切从实际出发的工作方法​‍》的文章已存在，不需要更新
名称为《提高社会治理智能化科学化精准化水平》的文章已存在，不需要更新
名称为《在脱贫一线锤炼年轻干部》的文章已存在，不需要更新
名称为《深刻把握重要战略机遇期的新内涵》的文章已存在，不需要更新
名称为《认识领会“五个意识”  深入推进改革开放》的文章已存在，不需要更新
名称为《深入推进全面从严治党 筑牢高质量发展根基》的文章已存在，不需要更新
名称为《坚定正确航向破浪前行》的文章已存在，不需要更新
名称为《以党的自我革命引领社会革命》的文章已存在，不需要更新
名称为《要持续加强理论武装工作》的文章已存在，不需要更新
名称为《农村基层党内政治生态建设的现实困境及路径突破》的文章已存在，不需要更新
名称为《新时代 新展望 新期待》的文章已存在，不需要更新
名称为《林　丛：以匠心致初心》的文章已存在，不需要更新
名称为《王宗骏：观大势 谋全局 干实事》的文章已存在，不需要更新
名称为《严爱云：维护核心 承担使命》的文章已存在，不需要更新
名称为《陈林静：让中央的政策落实到位》的文章已存在，不需要更新
名称为《段　良：党的建设三大新亮点》的文章已存在，不需要更新
名称为《李坪华：不忘初心  不负使命》的文章已存在，不需要更新
名称为《薛　辉：书写新时代的新篇章》的文章已存在，不需要更新
第36个栏目的文章已经不需要更新了
现在对第37个栏目进行检测
名称为《为什么说我们走中国特色社会主义道路，具有无比广阔的时代舞台？》的文章已存在，不需要更新
名称为《为什么要奋力走好新时代的长征路？》的文章已存在，不需要更新
名称为《如何全面增强执政本领？》的文章已存在，不需要更新
名称为《为什么要深化国家监察体制改革，实现对公职人员监察全覆盖？》的文章已存在，不需要更新
名称为《为什么说增强党自我净化能力，根本靠强化党的自我监督和群众监督？》的文章已存在，不需要更新
名称为《如何深化标本兼治，夺取反腐败斗争压倒性胜利？》的文章已存在，不需要更新
名称为《加强党的纪律建设要坚持怎样的方针？》的文章已存在，不需要更新
名称为《怎样巩固拓展落实中央八项规定精神成果，继续整治“四风”问题？》的文章已存在，不需要更新
名称为《如何正确认识和把握党支部的职责任务？》的文章已存在，不需要更新
名称为《如何把基层党组织建设成为坚强战斗堡垒？》的文章已存在，不需要更新
名称为《如何鼓励引导人才向边远贫困地区、边疆民族  地区、革命老区和基层一线流动？》的文章已存在，不需要更新
名称为《怎样理解源源不断选拔使用经过实践考验的优秀年轻干部？》的文章已存在，不需要更新
名称为《如何正确理解培养选拔干部一定要坚持事业为上？》的文章已存在，不需要更新
名称为《为什么要把坚定理想信念作为党的思想建设的首要任务？》的文章已存在，不需要更新
名称为《为什么要把党的政治建设摆在首位？》的文章已存在，不需要更新
名称为《怎样理解新时代党的建设总要求？》的文章已存在，不需要更新
名称为《为什么说全面从严治党永远在路上？》的文章已存在，不需要更新
名称为《为什么要坚持打开国门搞建设，积极促进“一带一路”国际合作？》的文章已存在，不需要更新
名称为《为什么要积极发展全球伙伴关系，扩大同各国的利益交汇点？》的文章已存在，不需要更新
名称为《怎样理解“各国人民同心协力，构建人类命运共同体”？》的文章已存在，不需要更新
第37个栏目的文章已经不需要更新了
现在对第38个栏目进行检测
名称为《中国气象局举行2月新闻发布会》的文章已存在，不需要更新
名称为《外交部就日本外务省负责人将于近日访华等答问》的文章已存在，不需要更新
名称为《商务部1月31日例行新闻发布会》的文章已存在，不需要更新
名称为《国新办举行丰富春节期间文化和旅游产品及服务供给发布会》的文章已存在，不需要更新
名称为《国台办1月30日举行新闻发布会》的文章已存在，不需要更新
名称为《国新办就2018年工业通信业发展情况举行发布会》的文章已存在，不需要更新
名称为《国家发改委就介绍《进一步优化供给推动消费平稳增长 促进形成强大国内市场的实施方案（2019年）》有关情况举行发布会》的文章已存在，不需要更新
名称为《公安部举行全国公安机关开展扫黑除恶专项斗争有关情况发布会》的文章已存在，不需要更新
名称为《外交部就中意全面战略伙伴关系等答问》的文章已存在，不需要更新
名称为《国家卫健委就冬春季传染病防控和节日期间常见病预防等有关情况举行发布会》的文章已存在，不需要更新
名称为《国新办举行《长城保护总体规划》有关情况发布会》的文章已存在，不需要更新
名称为《商务部召开1月第3次例行新闻发布会》的文章已存在，不需要更新
名称为《人社部2018年第四季度新闻发布会》的文章已存在，不需要更新
名称为《国新办就退役军人事务部2018年工作情况及2019年工作安排有关情况举行发布会》的文章已存在，不需要更新
名称为《中国气象局举行2018年中国气候公报和2017年温室气体公报发布会》的文章已存在，不需要更新
名称为《国新办举行应急管理部组建以来改革和运行情况发布会》的文章已存在，不需要更新
名称为《国家发改委就宏观经济运行情况举行发布会》的文章已存在，不需要更新
名称为《国新办举行“最美退役军人”代表与中外记者见面会》的文章已存在，不需要更新
名称为《外交部发言人华春莹1月22日主持例行记者会》的文章已存在，不需要更新
名称为《国新办举行2018年国民经济运行情况发布会》的文章已存在，不需要更新
第38个栏目的文章已经不需要更新了
现在对第39个栏目进行检测
名称为《天文》的文章已存在，不需要更新
名称为《数学》的文章已存在，不需要更新
名称为《地球》的文章已存在，不需要更新
名称为《植物》的文章已存在，不需要更新
名称为《生命》的文章已存在，不需要更新
名称为《动物》的文章已存在，不需要更新
名称为《物理》的文章已存在，不需要更新
名称为《化学》的文章已存在，不需要更新
名称为《古生物》的文章已存在，不需要更新
名称为《医学》的文章已存在，不需要更新
名称为《大脑与认知》的文章已存在，不需要更新
名称为《海洋》的文章已存在，不需要更新
名称为《能源与环境》的文章已存在，不需要更新
名称为《航空与航天》的文章已存在，不需要更新
名称为《建筑与交通》的文章已存在，不需要更新
名称为《武器与国防》的文章已存在，不需要更新
名称为《灾难与防护》的文章已存在，不需要更新
名称为《电子与信息》的文章已存在，不需要更新
现在对第39个栏目进行检测
现在对第39个栏目进行检测
名称为《“一带一路”五年来中外文化交流成果丰硕》的文章已存在，不需要更新
名称为《莫桑比克学子：汉语改变了我们的命运》的文章已存在，不需要更新
名称为《用音乐讲述哈中友好故事》的文章已存在，不需要更新
名称为《尼山世界文明论坛：锻造文明交流互鉴的中国名片》的文章已存在，不需要更新
名称为《成都建设世界文化名城  千年文脉焕发新时代生机》的文章已存在，不需要更新
名称为《泰国中秋文化氛围越来越浓》的文章已存在，不需要更新
名称为《第三届中法文化论坛纪实》的文章已存在，不需要更新
名称为《海外华侨华人的“妈祖”情结》的文章已存在，不需要更新
名称为《对外文化传播必须注重理念与实践创新》的文章已存在，不需要更新
名称为《孔子学院：用教育助力中非命运共同体建设》的文章已存在，不需要更新
名称为《《媳妇的美好时代》走红非洲之后》的文章已存在，不需要更新
名称为《版画铺就中英文化交流新路》的文章已存在，不需要更新
名称为《文化交流推动“中国梦”与“非洲梦”深度融合》的文章已存在，不需要更新
名称为《瓷，中国审美文化走向世界的代表》的文章已存在，不需要更新
名称为《“一带一路”建设助推中国文化走向世界​》的文章已存在，不需要更新
名称为《以侨为桥传播中华文化》的文章已存在，不需要更新
名称为《讲述中国故事的新锐力量》的文章已存在，不需要更新
名称为《伦敦：“非典型”英伦之都》的文章已存在，不需要更新
第39个栏目的文章已经不需要更新了
现在对第40个栏目进行检测
名称为《托木尔大峡谷风景名胜区》的文章已存在，不需要更新
名称为《罗布人村寨风景名胜区》的文章已存在，不需要更新
名称为《赛里木湖风景名胜区》的文章已存在，不需要更新
名称为《博斯腾湖风景名胜区》的文章已存在，不需要更新
名称为《库木塔格沙漠风景名胜区》的文章已存在，不需要更新
名称为《天山天池风景名胜区》的文章已存在，不需要更新
名称为《须弥山石窟风景名胜区》的文章已存在，不需要更新
名称为《西夏王陵风景名胜区》的文章已存在，不需要更新
名称为《青海湖风景名胜区》的文章已存在，不需要更新
名称为《五老峰风景名胜区》的文章已存在，不需要更新
名称为《黄河壶口瀑布风景名胜区》的文章已存在，不需要更新
名称为《娲皇宫风景名胜区》的文章已存在，不需要更新
名称为《响堂山风景名胜区》的文章已存在，不需要更新
名称为《太行大峡谷风景名胜区》的文章已存在，不需要更新
名称为《崆山白云洞风景名胜区》的文章已存在，不需要更新
名称为《西柏坡—天桂山风景名胜区》的文章已存在，不需要更新
名称为《嶂石岩风景名胜区》的文章已存在，不需要更新
名称为《苍岩山风景名胜区》的文章已存在，不需要更新
名称为《野三坡风景名胜区》的文章已存在，不需要更新
名称为《秦皇岛北戴河风景名胜区》的文章已存在，不需要更新
第40个栏目的文章已经不需要更新了
现在对第41个栏目进行检测
名称为《特克斯》的文章已存在，不需要更新
名称为《喀什》的文章已存在，不需要更新
名称为《银川》的文章已存在，不需要更新
名称为《同仁》的文章已存在，不需要更新
名称为《天水》的文章已存在，不需要更新
名称为《敦煌》的文章已存在，不需要更新
名称为《武威》的文章已存在，不需要更新
名称为《汉中》的文章已存在，不需要更新
名称为《咸阳》的文章已存在，不需要更新
名称为《榆林》的文章已存在，不需要更新
名称为《韩城》的文章已存在，不需要更新
名称为《延安》的文章已存在，不需要更新
名称为《西安》的文章已存在，不需要更新
名称为《镇远》的文章已存在，不需要更新
名称为《遵义》的文章已存在，不需要更新
名称为《巍山》的文章已存在，不需要更新
名称为《建水》的文章已存在，不需要更新
名称为《丽江》的文章已存在，不需要更新
名称为《大理》的文章已存在，不需要更新
名称为《会理》的文章已存在，不需要更新
第41个栏目的文章已经不需要更新了
现在对第42个栏目进行检测
名称为《新疆富蕴县可可托海镇》的文章已存在，不需要更新
名称为《新疆霍城县惠远镇》的文章已存在，不需要更新
名称为《新疆鄯善县鲁克沁镇》的文章已存在，不需要更新
名称为《宁夏自治区中卫市香山乡南长滩村》的文章已存在，不需要更新
名称为《青海省玉树县安冲乡拉则村》的文章已存在，不需要更新
名称为《青海省循化撒拉族自治县清水乡大庄村》的文章已存在，不需要更新
名称为《青海省班玛县灯塔乡班前村》的文章已存在，不需要更新
名称为《青海省循化撒拉族自治县街子镇》的文章已存在，不需要更新
名称为《甘肃省天水市麦积区新阳镇胡家大庄村》的文章已存在，不需要更新
名称为《甘肃省天水市麦积区麦积镇街亭村》的文章已存在，不需要更新
名称为《甘肃省古浪县大靖镇》的文章已存在，不需要更新
名称为《甘肃省永登县连城镇》的文章已存在，不需要更新
名称为《甘肃省榆中县青城镇》的文章已存在，不需要更新
名称为《甘肃省宕昌县哈达铺镇》的文章已存在，不需要更新
名称为《陕西省三原县新兴镇柏社村》的文章已存在，不需要更新
名称为《陕西省澄城县尧头镇》的文章已存在，不需要更新
名称为《陕西省石泉县熨斗镇》的文章已存在，不需要更新
名称为《陕西省旬阳县蜀河镇》的文章已存在，不需要更新
名称为《陕西省神木县高家堡镇》的文章已存在，不需要更新
名称为《云南省永胜县期纳镇清水村》的文章已存在，不需要更新
第42个栏目的文章已经不需要更新了
现在对第43个栏目进行检测
名称为《北京市皇城历史文化街区》的文章已存在，不需要更新
名称为《北京市大栅栏历史文化街区》的文章已存在，不需要更新
名称为《天津市五大道历史文化街区》的文章已存在，不需要更新
名称为《北京市东四三条至八条历史文化街区》的文章已存在，不需要更新
名称为《吉林省长春市第一汽车制造厂历史文化街区》的文章已存在，不需要更新
名称为《黑龙江省齐齐哈尔市昂昂溪区罗西亚大街历史文化街区》的文章已存在，不需要更新
名称为《上海市外滩历史文化街区》的文章已存在，不需要更新
名称为《江苏省南京市梅园新村历史文化街区》的文章已存在，不需要更新
名称为《江苏省南京市颐和路历史文化街区》的文章已存在，不需要更新
名称为《江苏省苏州市平江历史文化街区》的文章已存在，不需要更新
名称为《江苏省苏州市山塘街历史文化街区》的文章已存在，不需要更新
名称为《江苏省扬州市南河下历史文化街区》的文章已存在，不需要更新
名称为《福建省福州市三坊七巷历史文化街区》的文章已存在，不需要更新
名称为《安徽省黄山市屯溪区屯溪老街历史文化街区》的文章已存在，不需要更新
名称为《福建省泉州市中山路历史文化街区》的文章已存在，不需要更新
名称为《福建省漳州市台湾路-香港路历史文化街区》的文章已存在，不需要更新
名称为《福建省厦门市鼓浪屿历史文化街区》的文章已存在，不需要更新
名称为《湖北省武汉市江汉路及中山大道历史文化街区》的文章已存在，不需要更新
名称为《广东省中山市孙文西历史文化街区》的文章已存在，不需要更新
名称为《广西壮族自治区北海市珠海路-沙脊街-中山路历史文化街区》的文章已存在，不需要更新
第43个栏目的文章已经不需要更新了
现在对第44个栏目进行检测
名称为《《梦溪笔谈》》的文章已存在，不需要更新
名称为《《国外科研诚信制度与管理》》的文章已存在，不需要更新
名称为《《全面创新：创新驱动的战略路径》》的文章已存在，不需要更新
名称为《《科研诚信知识读本》》的文章已存在，不需要更新
名称为《《再造新动能：创新引领供给侧结构性改革》》的文章已存在，不需要更新
名称为《《中国科学技术发展报告2017​》》的文章已存在，不需要更新
名称为《《科研活动诚信指南》》的文章已存在，不需要更新
名称为《 《从“大胆吸收”到“创新驱动”​》（更新至第五章）》的文章已存在，不需要更新
名称为《《大数据：​城市发展新动能》（更新至第三章）》的文章已存在，不需要更新
名称为《《国家创新指数报告2018》（更新至第三章）》的文章已存在，不需要更新
名称为《《画说科研诚信》（更新至第四章）》的文章已存在，不需要更新
名称为《《科技大数据因你而改变》​（更新至第四章）》的文章已存在，不需要更新
名称为《《中国城市双创观察——成都​》（更新至第三章）》的文章已存在，不需要更新
名称为《《中国创业孵化30年》（更新至第二章）》的文章已存在，不需要更新
名称为《《中国创业孵化发展报告2018》（更新至第三章）》的文章已存在，不需要更新
名称为《《中国的包容性创新》（更新至第三章）》的文章已存在，不需要更新
现在对第44个栏目进行检测
【新文章提醒】这是一则新的文章，名称为《对原子价电子理论所作的探索》，已为您更新到数据库
名称为《化学键理论的建立和发展》的文章已存在，不需要更新
名称为《元素周期表的新发展》的文章已存在，不需要更新
名称为《同位素的发现及其研究》的文章已存在，不需要更新
名称为《元素周期律的科学阐述》的文章已存在，不需要更新
名称为《化学发展的新时代》的文章已存在，不需要更新
名称为《液氦的超流动性》的文章已存在，不需要更新
名称为《对高临界温度超导体的探索与突破》的文章已存在，不需要更新
名称为《第二类超导体、约瑟夫森效应与超导应用》的文章已存在，不需要更新
名称为《超导电性的理论研究》的文章已存在，不需要更新
名称为《超导电性的发现》的文章已存在，不需要更新
名称为《高压下的物质》的文章已存在，不需要更新
名称为《极端条件的引进》的文章已存在，不需要更新
名称为《磁性物理的发展》的文章已存在，不需要更新
名称为《对物质磁性的唯象研究》的文章已存在，不需要更新
名称为《半导体物理的新进展》的文章已存在，不需要更新
名称为《半导体技术蓬勃发展》的文章已存在，不需要更新
名称为《半导体物理及技术的崛起》的文章已存在，不需要更新
名称为《固体量子论的继续发展》的文章已存在，不需要更新
名称为《固体电子理论的提出》的文章已存在，不需要更新
名称为《非晶态与准晶态》的文章已存在，不需要更新
第44个栏目的文章已经不需要更新了
现在对第45个栏目进行检测
名称为《中国古代重要科技发明创造：马王锥地图》的文章已存在，不需要更新
名称为《中国古代重要科技发明创造：四诊法》的文章已存在，不需要更新
名称为《中国古代重要科技发明创造：经脉学说》的文章已存在，不需要更新
名称为《中国古代重要科技发明创造：二十四节气‍​》的文章已存在，不需要更新
名称为《中国古代重要科技发明创造：盈不足术》的文章已存在，不需要更新
名称为《中国古代重要科技发明创造：杂种优势利用​》的文章已存在，不需要更新
名称为《中国古代重要科技发明创造：小孔成像》的文章已存在，不需要更新
名称为《中国古代重要科技发明创造：‍十进位值制与算筹记数‍​》的文章已存在，不需要更新
名称为《中国古代重要科技发明创造：圭表》的文章已存在，不需要更新
名称为《中国古代重要科技发明创造：阴阳合历》的文章已存在，不需要更新
名称为《中国古代重要科技发明创造：干支》的文章已存在，不需要更新
名称为《建设社会化、网络化的科技中介服务体系》的文章已存在，不需要更新
名称为《建设各具特色和优势的区域创新体系》的文章已存在，不需要更新
名称为《建设军民结合、寓军于民的国防科技创新体系》的文章已存在，不需要更新
名称为《建设科学研究与高等教育有机结合的知识创新体系》的文章已存在，不需要更新
名称为《建设以企业为主体、产学研结合的技术创新体系》的文章已存在，不需要更新
名称为《实施人才强国战略和知识产权战略》的文章已存在，不需要更新
名称为《制定完善创新体系的政策》的文章已存在，不需要更新
名称为《《国家中长期科学和技术发展规划纲要（2006—2020）》》的文章已存在，不需要更新
名称为《自主创新——国家发展战略的核心》的文章已存在，不需要更新
第45个栏目的文章已经不需要更新了
现在对第46个栏目进行检测
名称为《巨晓林：从农民工到技能大师》的文章已存在，不需要更新
名称为《保障铁路春运关键岗位上的一线员工默默付出​辛劳》的文章已存在，不需要更新
名称为《覃建良:29年时光传承酒道匠心》的文章已存在，不需要更新
名称为《钟美林：经手的愣头愣脑金属有了“生命”》的文章已存在，不需要更新
名称为《大别山深处的铁路“夜行侠”》的文章已存在，不需要更新
名称为《李泽辉：​钢轨“B超医生”的春运时刻》的文章已存在，不需要更新
名称为《兰海：变电站蓄电池的诊断专家》的文章已存在，不需要更新
名称为《陈吉红：30年从“数控一代”走向“智能一代”》的文章已存在，不需要更新
名称为《孙若愚：与汞污染“较真”的85后》的文章已存在，不需要更新
名称为《李宗杰：将钻井打油从“摸着打”变成“看着打”》的文章已存在，不需要更新
名称为《谢更新：让种子在月球发芽》的文章已存在，不需要更新
名称为《许振超：好工人的标准是精益求精》的文章已存在，不需要更新
名称为《奔月路漫漫 “嫦娥”无悔》的文章已存在，不需要更新
名称为《黄海碧：“动手焊”变“动脑焊”》的文章已存在，不需要更新
名称为《奇迹是拼出来的极致》的文章已存在，不需要更新
名称为《刘耀光：苍穹何所以 问稻无穷极》的文章已存在，不需要更新
名称为《鹦哥岭上“雨林侠”》的文章已存在，不需要更新
名称为《蔡小宇：化“腐蚀”为神奇的工艺大师​》的文章已存在，不需要更新
名称为《“清华大学智能汽车研究团队”自主创新纪实》的文章已存在，不需要更新
名称为《莫新崭：让外国专家佩服的“超级技师”》的文章已存在，不需要更新
第46个栏目的文章已经不需要更新了
现在对第47个栏目进行检测
第47个栏目的文章已经不需要更新了
现在对第48个栏目进行检测
现在对第48个栏目进行检测
第48个栏目的文章已经不需要更新了
现在对第49个栏目进行检测
名称为《推进习近平新时代中国特色社会主义思想大众化须把握“五有”》的文章已存在，不需要更新
名称为《争做新时代的“五型”宣传干部》的文章已存在，不需要更新
名称为《强化使命担当，做好新时代宣传思想文化工作》的文章已存在，不需要更新
名称为《奋进新时代 书写宣传思想文化新答卷》的文章已存在，不需要更新
名称为《坚持“四个意识”实现“四个转变”》的文章已存在，不需要更新
名称为《运用“四法”切实提升宣传思想文化工作科学化水平》的文章已存在，不需要更新
名称为《做好基层宣传思想文化工作要树立三种思维》的文章已存在，不需要更新
名称为《推进哲学社会科学繁荣发展的思考》的文章已存在，不需要更新
名称为《聚焦“四心” 努力推动宣传思想工作强起来》的文章已存在，不需要更新
名称为《宣传工作要注重“四个加强”‍‍​》的文章已存在，不需要更新
名称为《内蒙古赤峰市元宝山区：“一元钱敬老”暖了一座城》的文章已存在，不需要更新
名称为《上海市：市民巡访团呵护城市文明》的文章已存在，不需要更新
名称为《辽宁省：树立宣传干部典型周恩义》的文章已存在，不需要更新
名称为《辽宁日报：思想道德建设系列主题策划》的文章已存在，不需要更新
名称为《甘肃省兰州市：“凡人善举，和你一起”主题活动》的文章已存在，不需要更新
名称为《浙江省杭州市：“我们的价值观”在杭州开花结果》的文章已存在，不需要更新
名称为《重庆：“衣旧情深”志愿服务活动倡导文明新风》的文章已存在，不需要更新
名称为《广西贵港市：“百孝之子”传递孝老敬亲正能量》的文章已存在，不需要更新
第49个栏目的文章已经不需要更新了
现在对第50个栏目进行检测
名称为《习近平向全军老同志祝贺新春》的文章已存在，不需要更新
名称为《习近平亲切接见全军备战标兵单位代表和标兵个人》的文章已存在，不需要更新
名称为《习近平亲切接见驻沪部队领导干部》的文章已存在，不需要更新
名称为《习近平视察南部战区》的文章已存在，不需要更新
名称为《习主席视察79集团军》的文章已存在，不需要更新
名称为《习主席视察北部战区》的文章已存在，不需要更新
名称为《习近平视察军事科学院》的文章已存在，不需要更新
名称为《中央军委在南海海域隆重举行海上阅兵》的文章已存在，不需要更新
名称为《习近平出席解放军和武警部队代表团全体会议》的文章已存在，不需要更新
名称为《习近平向全军和武警官兵民兵预备役人员致以新春祝福》的文章已存在，不需要更新
名称为《习主席视察中部战区陆军某师》的文章已存在，不需要更新
名称为《习主席到陆军第71集团军视察》的文章已存在，不需要更新
名称为《习近平视察军委联合作战指挥中心》的文章已存在，不需要更新
名称为《习主席专程来到陆军第65集团军》的文章已存在，不需要更新
名称为《习主席视察驻黑瞎子岛边防某团10连》的文章已存在，不需要更新
名称为《习主席登上东极哨所哨楼》的文章已存在，不需要更新
名称为《习主席春节前夕视察看望驻西安部队》的文章已存在，不需要更新
名称为《习主席来到第31集团军某师看望慰问官兵》的文章已存在，不需要更新
名称为《习主席看望慰问内蒙古军区边防某团三角山哨所官兵》的文章已存在，不需要更新
名称为《习主席在内蒙古军区边防某团三角山哨所》的文章已存在，不需要更新
现在对第50个栏目进行检测
名称为《云南墨江地震 武警救援突击队灾区显身手》的文章已存在，不需要更新
名称为《防空旅千里机动 陆空对决悄然打响》的文章已存在，不需要更新
名称为《抗洪抢险救援，我们时刻准备着》的文章已存在，不需要更新
名称为《第三十批护航编队起航赴亚丁湾》的文章已存在，不需要更新
名称为《航拍“魔鬼周” 与猎鹰突击队一起跋山涉水》的文章已存在，不需要更新
名称为《海防旅大漠砺兵，火炮极限射击超震撼》的文章已存在，不需要更新
名称为《运-9飞机首次参加四川省“2018年抗震救灾综合演练”》的文章已存在，不需要更新
名称为《中国空军多型战机连续“绕岛巡航”检验实战能力》的文章已存在，不需要更新
名称为《“金飞镖-2018”拉开战幕 200余名蓝天勇士激烈角逐》的文章已存在，不需要更新
名称为《​中国空军歼-10C战机担负战斗值班任务》的文章已存在，不需要更新
名称为《阻击林火17小时 武警甘孜森林支队保两村寨安全》的文章已存在，不需要更新
名称为《第二十七批护航编队海口舰靠泊吉布提港补给休整》的文章已存在，不需要更新
名称为《走进“国字号”应急救援部队 探寻科技强军DNA》的文章已存在，不需要更新
名称为《中国海军第二十六批护航编队访问法国》的文章已存在，不需要更新
名称为《“火力-2017·青铜峡”：实弹射击 万箭齐发场景壮观》的文章已存在，不需要更新
名称为《“火力-2017·青铜峡”：实弹射击 万箭齐发场景壮观》的文章已存在，不需要更新
名称为《马里维和部队官兵在海外为祖国庆生》的文章已存在，不需要更新
名称为《贵州纳雍山体塌方：武警水电部队科学高效救援》的文章已存在，不需要更新
名称为《中国蓝盔，马里维和的日与夜之勇士出征》的文章已存在，不需要更新
名称为《中国蓝盔，马里维和的日与夜之铁血柔情》的文章已存在，不需要更新
第50个栏目的文章已经不需要更新了
现在对第51个栏目进行检测
名称为《王成龙》的文章已存在，不需要更新
名称为《郝井文》的文章已存在，不需要更新
名称为《王继才》的文章已存在，不需要更新
名称为《王锐》的文章已存在，不需要更新
名称为《印春荣》的文章已存在，不需要更新
名称为《冷鹏飞》的文章已存在，不需要更新
名称为《王刚》的文章已存在，不需要更新
名称为《程开甲》的文章已存在，不需要更新
名称为《韦昌进》的文章已存在，不需要更新
名称为《景海鹏》的文章已存在，不需要更新
名称为《王忠心》的文章已存在，不需要更新
名称为《李中华》的文章已存在，不需要更新
名称为《马伟明》的文章已存在，不需要更新
名称为《麦贤得》的文章已存在，不需要更新
名称为《张楠》的文章已存在，不需要更新
名称为《张思德》的文章已存在，不需要更新
名称为《董存瑞》的文章已存在，不需要更新
名称为《李向群》的文章已存在，不需要更新
名称为《黄继光》的文章已存在，不需要更新
名称为《邱少云》的文章已存在，不需要更新
第51个栏目的文章已经不需要更新了
现在对第52个栏目进行检测
名称为《笠泽之战》的文章已存在，不需要更新
名称为《诸葛亮》的文章已存在，不需要更新
名称为《艾陵之战​》的文章已存在，不需要更新
名称为《鸣条之战》的文章已存在，不需要更新
名称为《司马懿》的文章已存在，不需要更新
名称为《涿鹿之战》的文章已存在，不需要更新
名称为《周公东征》的文章已存在，不需要更新
名称为《长平之战》的文章已存在，不需要更新
名称为《牧野之战》的文章已存在，不需要更新
名称为《官渡之战》的文章已存在，不需要更新
名称为《赤壁之战》的文章已存在，不需要更新
名称为《长勺之战》的文章已存在，不需要更新
名称为《城濮之战》的文章已存在，不需要更新
名称为《泓水之战》的文章已存在，不需要更新
名称为《巨鹿之战》的文章已存在，不需要更新
名称为《垓下之战》的文章已存在，不需要更新
名称为《井陉之战》的文章已存在，不需要更新
名称为《河西之战》的文章已存在，不需要更新
名称为《漠北之战》的文章已存在，不需要更新
名称为《淝水之战》的文章已存在，不需要更新
第52个栏目的文章已经不需要更新了
现在对第53个栏目进行检测
名称为《兵家必争之地—上卷》的文章已存在，不需要更新
名称为《兵家必争之地—下卷》的文章已存在，不需要更新
名称为《外国军事名著精要》的文章已存在，不需要更新
名称为《孙子评传》的文章已存在，不需要更新
名称为《孙子兵法与当代战争》的文章已存在，不需要更新
名称为《毛泽东军事文集（第一卷）》的文章已存在，不需要更新
名称为《毛泽东军事文集（第二卷）》的文章已存在，不需要更新
名称为《毛泽东军事文集（第三卷）》的文章已存在，不需要更新
名称为《毛泽东军事文集（第四卷）》的文章已存在，不需要更新
名称为《毛泽东军事文集（第五卷）上》的文章已存在，不需要更新
名称为《毛泽东军事文集（第五卷）下》的文章已存在，不需要更新
名称为《毛泽东军事文集（第六卷）》的文章已存在，不需要更新
名称为《强军兴军正能量50讲》的文章已存在，不需要更新
名称为《岳飞评传》的文章已存在，不需要更新
名称为《晚清军事纵横谈》的文章已存在，不需要更新
名称为《第一次世界大战总盘点》的文章已存在，不需要更新
现在对第53个栏目进行检测
名称为《打造传承红色基因的重要阵地》的文章已存在，不需要更新
名称为《谱写新时代军队政法工作新篇章》的文章已存在，不需要更新
名称为《领导干部要高标准严要求作表率》的文章已存在，不需要更新
名称为《坚定不移落实全面从严治党战略部署》的文章已存在，不需要更新
名称为《坚持和用好党自我革命的宝贵经验》的文章已存在，不需要更新
名称为《继续推进全面从严治党》的文章已存在，不需要更新
名称为《为实干者撑腰 为干事者鼓劲》的文章已存在，不需要更新
名称为《大抓实战化军事训练》的文章已存在，不需要更新
名称为《推动军事斗争准备工作有一个很大加强》的文章已存在，不需要更新
名称为《祖国必须统一，也必然统一》的文章已存在，不需要更新
名称为《按纲施训从严治训，开创新时代军事训练新局面》的文章已存在，不需要更新
名称为《抓好军事政策制度改革工作落实》的文章已存在，不需要更新
名称为《推进军事管理政策制度改革》的文章已存在，不需要更新
名称为《重塑军事力量建设政策制度》的文章已存在，不需要更新
名称为《创新军事力量运用政策制度》的文章已存在，不需要更新
名称为《深化我军党的建设制度改革》的文章已存在，不需要更新
名称为《壮丽的史诗 伟大的变革》的文章已存在，不需要更新
名称为《让更多“最美”激荡强军力量》的文章已存在，不需要更新
名称为《时刻听从党和人民召唤》的文章已存在，不需要更新
名称为《立根固本开启政治建军新征程》的文章已存在，不需要更新
第53个栏目的文章已经不需要更新了
现在对第54个栏目进行检测
名称为《用习近平新时代中国特色社会主义思想铸魂育人》的文章已存在，不需要更新
名称为《新时代强军兴军的基础工作和战略工程》的文章已存在，不需要更新
名称为《大力加强新时代武警部队政治建军》的文章已存在，不需要更新
名称为《军队党的建设理论的时代新篇》的文章已存在，不需要更新
名称为《为开创强军事业新局面提供坚强政治保证》的文章已存在，不需要更新
名称为《新时代强军兴军的科学指南》的文章已存在，不需要更新
名称为《把军事科研创新的引擎全速发动起来》的文章已存在，不需要更新
名称为《为新时代强军事业提供坚强政治保证》的文章已存在，不需要更新
名称为《加快海军转型步伐 锻造海上精兵劲旅》的文章已存在，不需要更新
名称为《牢固确立习近平强军思想在空军建设中的指导地位》的文章已存在，不需要更新
名称为《坚持用习近平强军思想建连育人》的文章已存在，不需要更新
名称为《贯彻习近平强军思想 建设世界一流军队》的文章已存在，不需要更新
名称为《习近平强军思想论析》的文章已存在，不需要更新
名称为《引领新时代强军事业的光辉旗帜》的文章已存在，不需要更新
名称为《新时代强军兴军的根本指针和精神旗帜》的文章已存在，不需要更新
名称为《坚持习近平强军思想的科学指引》的文章已存在，不需要更新
名称为《永远牢记人民军队的初心使命》的文章已存在，不需要更新
名称为《只有改革开放才能发展中国》的文章已存在，不需要更新
名称为《新时代政治建军的一项战略任务》的文章已存在，不需要更新
名称为《全面加强新时代军队党的建设的根本遵循》的文章已存在，不需要更新
第54个栏目的文章已经不需要更新了
现在对第55个栏目进行检测
名称为《海战兵器系列四》的文章已存在，不需要更新
名称为《海战兵器系列五》的文章已存在，不需要更新
名称为《海战兵器系列六》的文章已存在，不需要更新
名称为《海战兵器系列七》的文章已存在，不需要更新
名称为《海战兵器系列八》的文章已存在，不需要更新
名称为《航空航天系列一战鹰直升机》的文章已存在，不需要更新
名称为《陆战兵器系列二》的文章已存在，不需要更新
名称为《陆战兵器系列三》的文章已存在，不需要更新
名称为《陆战兵器系列四》的文章已存在，不需要更新
名称为《陆战兵器系列六》的文章已存在，不需要更新
名称为《陆战兵器系列七》的文章已存在，不需要更新
名称为《陆战兵器系列八》的文章已存在，不需要更新
名称为《海战兵器系列九》的文章已存在，不需要更新
名称为《海战兵器系列十》的文章已存在，不需要更新
名称为《海战兵器系列十一》的文章已存在，不需要更新
名称为《海战兵器系列十二》的文章已存在，不需要更新
名称为《海战兵器系列十三》的文章已存在，不需要更新
名称为《航空航天系列一》的文章已存在，不需要更新
名称为《航空航天系列二》的文章已存在，不需要更新
名称为《航空航天系列三》的文章已存在，不需要更新
第55个栏目的文章已经不需要更新了
现在对第56个栏目进行检测
名称为《中华苏维埃共和国中央革命军事委员会印》的文章已存在，不需要更新
名称为《李硕勋烈士给妻子赵君陶的信》的文章已存在，不需要更新
名称为《朱德早期使用的藏书印》的文章已存在，不需要更新
名称为《中华苏维埃共和国临时中央政府内务部颁布的《中华苏维埃共和国邮政暂行章程》》的文章已存在，不需要更新
名称为《南昌起义时的党证》的文章已存在，不需要更新
名称为《朱德在井冈山时使用的望远镜》的文章已存在，不需要更新
名称为《贺龙锻炼身体用的石锁》的文章已存在，不需要更新
名称为《毛泽东、朱德署名的红军第四军司令部布告》的文章已存在，不需要更新
名称为《中国人民解放军大事记——1927年》的文章已存在，不需要更新
名称为《中国人民解放军大事记——1928年》的文章已存在，不需要更新
名称为《中国人民解放军大事记——1929年》的文章已存在，不需要更新
名称为《中国人民解放军大事记——1930年》的文章已存在，不需要更新
名称为《中国人民解放军大事记——1931年》的文章已存在，不需要更新
名称为《中国人民解放军大事记——1932年》的文章已存在，不需要更新
名称为《中国人民解放军大事记——1933年》的文章已存在，不需要更新
名称为《中国人民解放军大事记——1934年》的文章已存在，不需要更新
名称为《一句大白话 胜过千条枪》的文章已存在，不需要更新
名称为《几张报纸，让毛泽东找到红军重生圣地》的文章已存在，不需要更新
名称为《神奇的西柏坡：三大战役期间408封电报从这里发出》的文章已存在，不需要更新
名称为《军报揭秘“三大纪律八项注意”的形成始末》的文章已存在，不需要更新
第56个栏目的文章已经不需要更新了
现在对第57个栏目进行检测
名称为《《考古学概论》》的文章已存在，不需要更新
名称为《《马克思主义哲学》》的文章已存在，不需要更新
名称为《《西方哲学史》》的文章已存在，不需要更新
名称为《《史学概论》》的文章已存在，不需要更新
名称为《《西方政治思想史》》的文章已存在，不需要更新
名称为《《马克思主义哲学史》》的文章已存在，不需要更新
名称为《《伦理学》》的文章已存在，不需要更新
名称为《《思想道德修养与法律基础》》的文章已存在，不需要更新
名称为《《中国近现代史纲要》》的文章已存在，不需要更新
名称为《“上海干部在线学习城”课程》的文章已存在，不需要更新
名称为《“中共中央党校”课程》的文章已存在，不需要更新
名称为《“中国浦东干部学院”课程》的文章已存在，不需要更新
名称为《“中国人民大学培训学院”课程》的文章已存在，不需要更新
名称为《“小巷讲堂”：基层理论宣讲新载体》的文章已存在，不需要更新
名称为《基层“两员”全覆盖 激活文化创造力》的文章已存在，不需要更新
名称为《“牧童之家”：牧区留守儿童思想教育新途径》的文章已存在，不需要更新
名称为《“思想云”：“微时代”理论学习好帮手》的文章已存在，不需要更新
名称为《“社区网络电视”：基层理论宣讲的探索与创新》的文章已存在，不需要更新
名称为《基层意识形态工作责任制落实的路径探索》的文章已存在，不需要更新
第57个栏目的文章已经不需要更新了
现在对第58个栏目进行检测
名称为《“小巷讲堂”：基层理论宣讲新载体》的文章已存在，不需要更新
名称为《基层“两员”全覆盖 激活文化创造力》的文章已存在，不需要更新
名称为《“牧童之家”：牧区留守儿童思想教育新途径》的文章已存在，不需要更新
名称为《“思想云”：“微时代”理论学习好帮手》的文章已存在，不需要更新
名称为《“社区网络电视”：基层理论宣讲的探索与创新》的文章已存在，不需要更新
名称为《基层意识形态工作责任制落实的路径探索》的文章已存在，不需要更新
名称为《内蒙古包头市：活跃在指尖上的理论学习平台》的文章已存在，不需要更新
名称为《电视政论片《百年潮·中国梦》的创作推广》的文章已存在，不需要更新
名称为《广东省茂名市：“一村一宣讲员” 基层宣讲的“常备军”》的文章已存在，不需要更新
名称为《青海省海东市乐都区：活跃在基层的宣讲“明星”》的文章已存在，不需要更新
名称为《江西省瑞金市：“一句话”的基层理论宣传》的文章已存在，不需要更新
名称为《吉林：长白山讲坛让理论进心灵》的文章已存在，不需要更新
名称为《广西来宾市：“理论小广播”推进农村理论政策宣传》的文章已存在，不需要更新
名称为《四川省甘孜州：“脱口秀”创新藏区宣传手段》的文章已存在，不需要更新
名称为《北京市：《正道沧桑：社会主义500年》理论专题片的策划、制作和宣传》的文章已存在，不需要更新
名称为《江西省泰和县：“民嘴讲堂”创新百姓宣讲形式	》的文章已存在，不需要更新
名称为《云南省红河州：活跃在田间地头的乡土能人宣讲团》的文章已存在，不需要更新
名称为《青海省海西州：组建流动的“百姓宣讲大篷车”》的文章已存在，不需要更新
名称为《海南省五指山市：娘子军宣讲团做黎族苗族同胞的贴心人》的文章已存在，不需要更新
名称为《内蒙古杭锦旗：打造基层理论宣讲的长效品牌》的文章已存在，不需要更新
第58个栏目的文章已经不需要更新了
现在对第59个栏目进行检测
名称为《《中国古代文学史（上）》》的文章已存在，不需要更新
名称为《《中国古代文学史（中）》》的文章已存在，不需要更新
名称为《《中国古代文学史（下）》》的文章已存在，不需要更新
名称为《《考古学概论》》的文章已存在，不需要更新
名称为《《马克思主义哲学》》的文章已存在，不需要更新
名称为《《西方哲学史》》的文章已存在，不需要更新
名称为《《史学概论》》的文章已存在，不需要更新
名称为《《西方政治思想史》》的文章已存在，不需要更新
名称为《《马克思主义哲学史》》的文章已存在，不需要更新
名称为《《伦理学》》的文章已存在，不需要更新
名称为《《思想道德修养与法律基础》》的文章已存在，不需要更新
名称为《《中国近现代史纲要》》的文章已存在，不需要更新
名称为《《马克思主义基本原理概论》》的文章已存在，不需要更新
名称为《《毛泽东思想和中国特色社会主义理论体系概论》》的文章已存在，不需要更新
名称为《《马克思主义与社会科学方法论》》的文章已存在，不需要更新
名称为《《自然辩证法概论》》的文章已存在，不需要更新
名称为《《马克思恩格斯列宁经典著作选读》》的文章已存在，不需要更新
名称为《《文学理论》》的文章已存在，不需要更新
名称为《《<资本论>导读》》的文章已存在，不需要更新
名称为《《马克思主义经济学说史》》的文章已存在，不需要更新
第59个栏目的文章已经不需要更新了
现在对第60个栏目进行检测
名称为《习近平新时代中国特色社会主义思想三十讲课件（01）》的文章已存在，不需要更新
名称为《习近平新时代中国特色社会主义思想三十讲课件​（02）》的文章已存在，不需要更新
名称为《习近平新时代中国特色社会主义思想三十讲课件​（03）》的文章已存在，不需要更新
名称为《习近平新时代中国特色社会主义思想三十讲课件​（04）》的文章已存在，不需要更新
名称为《习近平新时代中国特色社会主义思想三十讲课件​（05）》的文章已存在，不需要更新
名称为《习近平新时代中国特色社会主义思想三十讲课件​（06）》的文章已存在，不需要更新
名称为《习近平新时代中国特色社会主义思想三十讲课件​（07）》的文章已存在，不需要更新
名称为《习近平新时代中国特色社会主义思想三十讲课件​（08）》的文章已存在，不需要更新
名称为《习近平新时代中国特色社会主义思想三十讲课件​（09）》的文章已存在，不需要更新
名称为《习近平新时代中国特色社会主义思想三十讲课件​（10）》的文章已存在，不需要更新
名称为《习近平新时代中国特色社会主义思想三十讲课件​（11）》的文章已存在，不需要更新
名称为《习近平新时代中国特色社会主义思想三十讲课件​（12）》的文章已存在，不需要更新
名称为《习近平新时代中国特色社会主义思想三十讲课件​（13）》的文章已存在，不需要更新
名称为《习近平新时代中国特色社会主义思想三十讲课件（14）》的文章已存在，不需要更新
名称为《习近平新时代中国特色社会主义思想三十讲课件（15）》的文章已存在，不需要更新
名称为《习近平新时代中国特色社会主义思想三十讲课件（16）》的文章已存在，不需要更新
名称为《习近平新时代中国特色社会主义思想三十讲课件（17）》的文章已存在，不需要更新
名称为《习近平新时代中国特色社会主义思想三十讲课件（18）》的文章已存在，不需要更新
名称为《习近平新时代中国特色社会主义思想三十讲课件（19）》的文章已存在，不需要更新
名称为《习近平新时代中国特色社会主义思想三十讲课件（20）》的文章已存在，不需要更新
第60个栏目的文章已经不需要更新了
现在对第61个栏目进行检测
现在对第61个栏目进行检测
名称为《蒋超良：在实现高质量发展上取得新进展》的文章已存在，不需要更新
名称为《王晓东：坚定不移用新思想武装头脑推进发展》的文章已存在，不需要更新
名称为《尔肯江·吐拉洪：学思践悟新思想 画出最大同心圆》的文章已存在，不需要更新
名称为《黄楚平：坚持用新思想引领经济新发展》的文章已存在，不需要更新
名称为《王艳玲：以新思想为指导 坚定文化自信》的文章已存在，不需要更新
名称为《王立山：以习近平新时代中国特色社会主义思想为指引担当起新时代全面从严治党的历史责任》的文章已存在，不需要更新
名称为《周　霁：当好新思想的学习者宣讲者践行者》的文章已存在，不需要更新
名称为《王祥喜：用新思想引领社会治理创新》的文章已存在，不需要更新
名称为《李乐成：争当学习践行新思想的排头兵》的文章已存在，不需要更新
名称为《付德辉：加强人民当家作主制度保障》的文章已存在，不需要更新
名称为《蒋超良：在实现高质量发展上取得新进展》的文章已存在，不需要更新
名称为《王晓东：坚定不移用新思想武装头脑推进发展》的文章已存在，不需要更新
名称为《尔肯江·吐拉洪：学思践悟新思想 画出最大同心圆》的文章已存在，不需要更新
名称为《黄楚平：坚持用新思想引领经济新发展》的文章已存在，不需要更新
名称为《王艳玲：以新思想为指导 坚定文化自信》的文章已存在，不需要更新
名称为《王立山：以习近平新时代中国特色社会主义思想为指引担当起新时代全面从严治党的历史责任》的文章已存在，不需要更新
名称为《周　霁：当好新思想的学习者宣讲者践行者》的文章已存在，不需要更新
名称为《王祥喜：用新思想引领社会治理创新》的文章已存在，不需要更新
名称为《李乐成：争当学习践行新思想的排头兵》的文章已存在，不需要更新
名称为《付德辉：加强人民当家作主制度保障》的文章已存在，不需要更新
第61个栏目的文章已经不需要更新了
现在对第62个栏目进行检测
名称为《听孙敬修爷爷讲故事》的文章已存在，不需要更新
名称为《跳板》的文章已存在，不需要更新
名称为《报捷》的文章已存在，不需要更新
名称为《鼓动》的文章已存在，不需要更新
名称为《胜利的一棒》的文章已存在，不需要更新
名称为《我是一个兵》的文章已存在，不需要更新
名称为《妈妈！到那边去！》的文章已存在，不需要更新
名称为《过马路》的文章已存在，不需要更新
名称为《天堑变通途》的文章已存在，不需要更新
名称为《严寒中的青年突击队》的文章已存在，不需要更新
名称为《扬场》的文章已存在，不需要更新
名称为《听孙敬修爷爷讲故事》的文章已存在，不需要更新
名称为《在结婚登记处》的文章已存在，不需要更新
名称为《麦收时节》的文章已存在，不需要更新
名称为《毛主席召集最高国务会议》的文章已存在，不需要更新
名称为《闽江景色》的文章已存在，不需要更新
名称为《母女》的文章已存在，不需要更新
名称为《牡丹花》的文章已存在，不需要更新
名称为《木轨运送木材》的文章已存在，不需要更新
名称为《牧民小学》的文章已存在，不需要更新
第62个栏目的文章已经不需要更新了
现在对第63个栏目进行检测
名称为《“墨子号” 量子科学实验卫星》的文章已存在，不需要更新
名称为《载人深潜器“蛟龙号”》的文章已存在，不需要更新
名称为《港珠澳跨海大桥》的文章已存在，不需要更新
名称为《贵州省威宁县百草坪风电场》的文章已存在，不需要更新
名称为《“川气东送”起点》的文章已存在，不需要更新
名称为《99式主战坦克》的文章已存在，不需要更新
名称为《矮寨大桥》的文章已存在，不需要更新
名称为《北京市八达岭太阳能发电站》的文章已存在，不需要更新
名称为《北京市顺义区分布式光伏工程》的文章已存在，不需要更新
名称为《北京正负电子对撞机》的文章已存在，不需要更新
名称为《从神舟五号上看地球》的文章已存在，不需要更新
名称为《中国空军运-20重型军用运输机》的文章已存在，不需要更新
名称为《中国空军歼-20战机》的文章已存在，不需要更新
名称为《中国空军歼-11B战机编队飞行》的文章已存在，不需要更新
名称为《中国空军歼-10战机在南海上空实施空中加油训练》的文章已存在，不需要更新
名称为《中国空军轰-6战机》的文章已存在，不需要更新
名称为《中国海军新型驱逐舰编队出航》的文章已存在，不需要更新
名称为《中国海军护卫舰》的文章已存在，不需要更新
名称为《中国海军372潜艇》的文章已存在，不需要更新
名称为《中国一汽自动化焊接装配线》的文章已存在，不需要更新
第63个栏目的文章已经不需要更新了
现在对第64个栏目进行检测
名称为《秋之梦》的文章已存在，不需要更新
名称为《守心》的文章已存在，不需要更新
名称为《壮美胡杨》的文章已存在，不需要更新
名称为《美景如画》的文章已存在，不需要更新
名称为《秋林尽染》的文章已存在，不需要更新
名称为《重庆梁平：柚子丰收成美景》的文章已存在，不需要更新
名称为《树到晚秋鸟为叶》的文章已存在，不需要更新
名称为《土楼晒秋》的文章已存在，不需要更新
名称为《秋语、秋色、秋情》的文章已存在，不需要更新
名称为《江南之秋》的文章已存在，不需要更新
名称为《金色大道》的文章已存在，不需要更新
名称为《秋色宜人》的文章已存在，不需要更新
名称为《江南秋来早》的文章已存在，不需要更新
名称为《山居秋色》的文章已存在，不需要更新
名称为《晒秋》的文章已存在，不需要更新
名称为《秋影》的文章已存在，不需要更新
名称为《丰收的麦季节》的文章已存在，不需要更新
名称为《秋高气爽》的文章已存在，不需要更新
名称为《秋实》的文章已存在，不需要更新
名称为《兴安秋晨》的文章已存在，不需要更新
第64个栏目的文章已经不需要更新了
现在对第65个栏目进行检测
名称为《采油女工的笑容》的文章已存在，不需要更新
名称为《我们入队了!》的文章已存在，不需要更新
名称为《壮族小姑娘》的文章已存在，不需要更新
名称为《年轻妈妈》的文章已存在，不需要更新
名称为《休息时间》的文章已存在，不需要更新
名称为《快来看》的文章已存在，不需要更新
名称为《夏令营里真开心》的文章已存在，不需要更新
名称为《我的好老师》的文章已存在，不需要更新
名称为《石洞》的文章已存在，不需要更新
名称为《笑容》的文章已存在，不需要更新
名称为《唱响民族赞歌》的文章已存在，不需要更新
名称为《冬日暖阳照透心》的文章已存在，不需要更新
名称为《丰收的喜悦》的文章已存在，不需要更新
名称为《大凉山美姑镇彝族汉子》的文章已存在，不需要更新
名称为《顽童》的文章已存在，不需要更新
名称为《喜悦》的文章已存在，不需要更新
名称为《快乐》的文章已存在，不需要更新
名称为《笑容可掬》的文章已存在，不需要更新
名称为《喜上眉梢》的文章已存在，不需要更新
名称为《喜》的文章已存在，不需要更新
第65个栏目的文章已经不需要更新了
现在对第66个栏目进行检测
名称为《听孙敬修爷爷讲故事》的文章已存在，不需要更新
名称为《跳板》的文章已存在，不需要更新
名称为《报捷》的文章已存在，不需要更新
名称为《鼓动》的文章已存在，不需要更新
名称为《胜利的一棒》的文章已存在，不需要更新
名称为《我是一个兵》的文章已存在，不需要更新
名称为《妈妈！到那边去！》的文章已存在，不需要更新
名称为《过马路》的文章已存在，不需要更新
名称为《天堑变通途》的文章已存在，不需要更新
名称为《严寒中的青年突击队》的文章已存在，不需要更新
名称为《扬场》的文章已存在，不需要更新
名称为《听孙敬修爷爷讲故事》的文章已存在，不需要更新
名称为《在结婚登记处》的文章已存在，不需要更新
名称为《麦收时节》的文章已存在，不需要更新
名称为《毛主席召集最高国务会议》的文章已存在，不需要更新
名称为《闽江景色》的文章已存在，不需要更新
名称为《母女》的文章已存在，不需要更新
名称为《牡丹花》的文章已存在，不需要更新
名称为《木轨运送木材》的文章已存在，不需要更新
名称为《牧民小学》的文章已存在，不需要更新
第66个栏目的文章已经不需要更新了
现在对第67个栏目进行检测
名称为《“俺爹俺娘”系列001》的文章已存在，不需要更新
名称为《“俺爹俺娘”系列​002》的文章已存在，不需要更新
名称为《“俺爹俺娘”系列003》的文章已存在，不需要更新
名称为《“俺爹俺娘”系列004》的文章已存在，不需要更新
名称为《“俺爹俺娘”系列005》的文章已存在，不需要更新
名称为《“俺爹俺娘”系列006》的文章已存在，不需要更新
名称为《“俺爹俺娘”系列007》的文章已存在，不需要更新
名称为《“俺爹俺娘”系列008》的文章已存在，不需要更新
名称为《“俺爹俺娘”系列009》的文章已存在，不需要更新
名称为《“俺爹俺娘”系列​010​》的文章已存在，不需要更新
名称为《“俺爹俺娘”​系列011》的文章已存在，不需要更新
名称为《“俺爹俺娘”系列012》的文章已存在，不需要更新
名称为《“俺爹俺娘”系列013》的文章已存在，不需要更新
名称为《“俺爹俺娘”系列014》的文章已存在，不需要更新
名称为《“俺爹俺娘”系列015》的文章已存在，不需要更新
名称为《“俺爹俺娘”系列017》的文章已存在，不需要更新
名称为《“俺爹俺娘”系列018》的文章已存在，不需要更新
名称为《“俺爹俺娘”系列019》的文章已存在，不需要更新
名称为《“俺爹俺娘”系列020》的文章已存在，不需要更新
名称为《“俺爹俺娘”系列021》的文章已存在，不需要更新
第67个栏目的文章已经不需要更新了
现在对第68个栏目进行检测
名称为《北斗卫星导航系统的前世今生》的文章已存在，不需要更新
名称为《嫦娥四号探测器成功在月球背面着陆​‍》的文章已存在，不需要更新
名称为《系列复兴号新型动车组首次公开亮相》的文章已存在，不需要更新
名称为《​“国家太空实验室”如何建》的文章已存在，不需要更新
名称为《我国开通全球首条量子通信干线》的文章已存在，不需要更新
名称为《我国首艘深海载人潜水器蛟龙号创新纪录》的文章已存在，不需要更新
名称为《永不放弃 国产大飞机梦想成真》的文章已存在，不需要更新
名称为《“嫦娥”“玉兔”醒了 将开展第二月昼工作》的文章已存在，不需要更新
名称为《验证装置通过验收 ​世界最亮同步辐射光源建设有了底气》的文章已存在，不需要更新
名称为《海洋信息技术产业化之路还未走顺》的文章已存在，不需要更新
名称为《探索“盲区” 济南将建多个量子科技研究室》的文章已存在，不需要更新
名称为《“胖五”7月复飞，年底送嫦娥五号去月球“挖土”》的文章已存在，不需要更新
名称为《 量子计算机初长成或要10年》的文章已存在，不需要更新
名称为《龙芯：安全好用的中国芯》的文章已存在，不需要更新
名称为《中国科研团队成功构建首批生物节律紊乱体细胞克隆猴模型》的文章已存在，不需要更新
名称为《“水运一号”：为水运科学定制的卫星载荷》的文章已存在，不需要更新
名称为《上海交通大学打破垄断自主研发中国疏浚装备》的文章已存在，不需要更新
名称为《从月球到火星 深空探测走向宇宙更深处》的文章已存在，不需要更新
名称为《为太空探索镌刻更多中国贡献》的文章已存在，不需要更新
名称为《最聪明盾构机挑战超级穿海工程》的文章已存在，不需要更新
第68个栏目的文章已经不需要更新了
现在对第69个栏目进行检测
名称为《高凤林：金手天焊》的文章已存在，不需要更新
名称为《李万君：高铁焊接大师》的文章已存在，不需要更新
名称为《夏立：让“天马行空”的钳工》的文章已存在，不需要更新
名称为《王进：±660kV带电作业“世界第一人”》的文章已存在，不需要更新
名称为《朱恒银：深部岩心钻探的领跑者》的文章已存在，不需要更新
名称为《乔素凯：不允许毫厘之差》的文章已存在，不需要更新
名称为《陈行行：多能一专的技术技能复合型人才》的文章已存在，不需要更新
名称为《王树军：高精尖设备维护第一人》的文章已存在，不需要更新
名称为《谭文波：把手头的活做细、做精、做好》的文章已存在，不需要更新
名称为《李云鹤：文物修复保护技术炉火纯青》的文章已存在，不需要更新
本日的更新已完成
