现在对第1个栏目进行检测
名称为《习近平：推动我国生态文明建设迈上新台阶》的文章已存在，不需要更新
名称为《习近平：努力造就一支忠诚干净担当的高素质干部队伍》的文章已存在，不需要更新
名称为《习近平：辩证唯物主义是中国共产党人的世界观和方法论》的文章已存在，不需要更新
名称为《习近平在葡萄牙媒体发表署名文章》的文章已存在，不需要更新
名称为《习近平在巴拿马媒体发表署名文章》的文章已存在，不需要更新
第1个栏目的文章已经不需要更新了
现在对第2个栏目进行检测
名称为《中共中央政治局召开会议 习近平主持会议》的文章已存在，不需要更新
名称为《习近平：继续啃硬骨头确保干一件成一件》的文章已存在，不需要更新
名称为《习近平出席中央政法工作会议并发表重要讲话》的文章已存在，不需要更新
名称为《习近平在十九届中央纪委三次全会上发表重要讲话》的文章已存在，不需要更新
名称为《中共中央政治局常务委员会召开会议 中共中央总书记习近平主持会议》的文章已存在，不需要更新
第2个栏目的文章已经不需要更新了
现在对第3个栏目进行检测
名称为《生态环境部：今年春节城市空气质量同比普遍好转》的文章已存在，不需要更新
名称为《许其亮：肩负起党和人民赋予的神圣使命》的文章已存在，不需要更新
名称为《国家发改委：做好春节和全国“两会”期间市场保供稳价工作》的文章已存在，不需要更新
名称为《第四次全国经济普查现场登记全面有序展开》的文章已存在，不需要更新
名称为《水利部：2019年贫困人口饮水安全问题将基本解决》的文章已存在，不需要更新
第3个栏目的文章已经不需要更新了
现在对第4个栏目进行检测
名称为《习近平在《告台湾同胞书》发表40周年纪念会上的讲话》的文章已存在，不需要更新
名称为《国家主席习近平发表二〇一九年新年贺词》的文章已存在，不需要更新
名称为《习近平在全国政协新年茶话会上的讲话》的文章已存在，不需要更新
名称为《习近平在庆祝改革开放40周年大会上的讲话》的文章已存在，不需要更新
名称为《习近平在二十国集团领导人第十三次峰会第一阶段会议上的讲话》的文章已存在，不需要更新
第4个栏目的文章已经不需要更新了
现在对第5个栏目进行检测
名称为《春节假期第三天全国道路交通流量回升明显》的文章已存在，不需要更新
名称为《春节假期第二天全国主要道路交通安全顺畅》的文章已存在，不需要更新
名称为《关注春节消费：这个年，真有范儿》的文章已存在，不需要更新
名称为《铁路春运节前发送旅客1.43亿人次》的文章已存在，不需要更新
名称为《特朗普称将于下周公布与金正恩第二次会晤的时间地点》的文章已存在，不需要更新
第5个栏目的文章已经不需要更新了
现在对第6个栏目进行检测
名称为《习近平同卡塔尔埃米尔塔米姆举行会谈》的文章已存在，不需要更新
名称为《习近平就菲律宾发生爆炸袭击事件向菲律宾总统杜特尔特致慰问电》的文章已存在，不需要更新
名称为《习近平同党外人士共迎新春》的文章已存在，不需要更新
名称为《习近平与越共中央总书记、国家主席阮富仲互致新年贺信》的文章已存在，不需要更新
名称为《习近平同法国总统马克龙互致贺电 庆祝中法建交55周年》的文章已存在，不需要更新
第6个栏目的文章已经不需要更新了
现在对第7个栏目进行检测
名称为《中央农村工作会议在京召开 习近平对做好“三农”工作作出重要指示》的文章已存在，不需要更新
名称为《习近平在第五个国家宪法日之际作出重要指示》的文章已存在，不需要更新
名称为《习近平对三北工程建设作出重要指示》的文章已存在，不需要更新
名称为《习近平对自由贸易试验区建设作出重要指示》的文章已存在，不需要更新
名称为《习近平对全国党委秘书长会议作出重要指示》的文章已存在，不需要更新
第7个栏目的文章已经不需要更新了
现在对第8个栏目进行检测
名称为《写在北平和平解放70周年之际》的文章已存在，不需要更新
名称为《党的十八大以来媒体融合发展成就综述》的文章已存在，不需要更新
名称为《中央政治局第十二次集体学习侧记》的文章已存在，不需要更新
名称为《省部级主要领导干部坚持底线思维着力防范化解重大风险专题研讨班侧记》的文章已存在，不需要更新
名称为《习近平总书记调研京津冀协同发展并主持召开座谈会纪实》的文章已存在，不需要更新
第8个栏目的文章已经不需要更新了
现在对第9个栏目进行检测
名称为《习近平就菲律宾发生爆炸袭击事件向菲律宾总统杜特尔特致慰问电》的文章已存在，不需要更新
名称为《习近平与越共中央总书记、国家主席阮富仲互致新年贺信》的文章已存在，不需要更新
名称为《习近平同法国总统马克龙互致贺电 庆祝中法建交55周年》的文章已存在，不需要更新
名称为《习近平就巴西矿坝决堤事故致慰问电》的文章已存在，不需要更新
名称为《习近平向2019年“中国－老挝旅游年”致贺词》的文章已存在，不需要更新
第9个栏目的文章已经不需要更新了
现在对第10个栏目进行检测
名称为《习近平结束访问回到北​京》的文章已存在，不需要更新
名称为《习近平会见葡萄牙总理科斯塔》的文章已存在，不需要更新
名称为《习近平会见葡萄牙议会议长罗德里格斯》的文章已存在，不需要更新
名称为《习近平同葡萄牙总统德索萨举行会谈》的文章已存在，不需要更新
名称为《习近平抵达里斯本 开始对葡萄牙进行国事访问》的文章已存在，不需要更新
第10个栏目的文章已经不需要更新了
现在对第11个栏目进行检测
名称为《在全社会大力弘扬家国情怀》的文章已存在，不需要更新
名称为《在奋斗中收获更多自信和勇气》的文章已存在，不需要更新
名称为《技术迭代打开无限想象力》的文章已存在，不需要更新
名称为《以传播优势提升治理效能》的文章已存在，不需要更新
名称为《让主流媒体成为“全媒体”》的文章已存在，不需要更新
第11个栏目的文章已经不需要更新了
现在对第12个栏目进行检测
【新文章提醒】这是一则新的文章，名称为牢记使命！看习近平始终不渝的初心，已为您更新到数据库
【新文章提醒】这是一则新的文章，名称为群众身边的“小事”，习近平始终放在心里 ，已为您更新到数据库
【新文章提醒】这是一则新的文章，名称为暖人心扉！听习近平的这些知心话，已为您更新到数据库
【新文章提醒】这是一则新的文章，名称为习近平主席特别代表马朝旭出席安理会高级别公开辩论会，已为您更新到数据库
【新文章提醒】这是一则新的文章，名称为习近平总书记在春节团拜会上的讲话引发海外热烈反响，已为您更新到数据库
【新文章提醒】这是一则新的文章，名称为习近平总书记在2019年春节团拜会上的讲话凝聚人心催人奋进，已为您更新到数据库
【新文章提醒】这是一则新的文章，名称为习近平同苏丹总统巴希尔就中苏建交60周年互致贺电，已为您更新到数据库
【新文章提醒】这是一则新的文章，名称为在奋斗中收获更多自信和勇气——2019年春节团拜会侧记，已为您更新到数据库
【新文章提醒】这是一则新的文章，名称为习近平：在2019年春节团拜会上的讲话，已为您更新到数据库
【新文章提醒】这是一则新的文章，名称为中共中央国务院举行春节团拜会 习近平发表讲话，已为您更新到数据库
【新文章提醒】这是一则新的文章，名称为国家主席习近平任免驻外大使，已为您更新到数据库
【新文章提醒】这是一则新的文章，名称为习近平主席给“王杰班”全体战士回信在全军部队引起强烈反响，已为您更新到数据库
【新文章提醒】这是一则新的文章，名称为习近平看望慰问国旗中队官兵，已为您更新到数据库
【新文章提醒】这是一则新的文章，名称为中央领导同志看望老同志，已为您更新到数据库
【新文章提醒】这是一则新的文章，名称为习近平春节前夕在北京看望慰问基层干部群众，已为您更新到数据库
【新文章提醒】这是一则新的文章，名称为习近平春节前夕视察看望北京卫戍区，已为您更新到数据库
【新文章提醒】这是一则新的文章，名称为习近平给“王杰班”全体战士回信，已为您更新到数据库
【新文章提醒】这是一则新的文章，名称为习近平考察北京冬奥会和冬残奥会筹办工作，已为您更新到数据库
【新文章提醒】这是一则新的文章，名称为习近平看望“快递小哥”，已为您更新到数据库
【新文章提醒】这是一则新的文章，名称为习近平来到北京前门东区看望慰问基层干部群众，已为您更新到数据库
【新文章提醒】这是一则新的文章，名称为春节前夕习近平在京看望慰问基层干部群众，已为您更新到数据库
【新文章提醒】这是一则新的文章，名称为习近平同卡塔尔埃米尔塔米姆举行会谈，已为您更新到数据库
【新文章提醒】这是一则新的文章，名称为推动我国生态文明建设迈上新台阶 ，已为您更新到数据库
【新文章提醒】这是一则新的文章，名称为安徽金寨县大湾村——特色产业上台阶 田园处处是美景，已为您更新到数据库
【新文章提醒】这是一则新的文章，名称为《求是》杂志发表习近平总书记重要文章​，已为您更新到数据库
【新文章提醒】这是一则新的文章，名称为习近平会见国际奥委会主席巴赫 ，已为您更新到数据库
【新文章提醒】这是一则新的文章，名称为习近平主席特使将出席第七届世界政府峰会，已为您更新到数据库
【新文章提醒】这是一则新的文章，名称为习近平就菲律宾发生爆炸袭击事件向菲律宾总统杜特尔特致慰问电，已为您更新到数据库
【新文章提醒】这是一则新的文章，名称为习近平同党外人士共迎新春，已为您更新到数据库
【新文章提醒】这是一则新的文章，名称为习近平与越共中央总书记、国家主席阮富仲互致新年贺信，已为您更新到数据库
【新文章提醒】这是一则新的文章，名称为新华国际时评：不断拓展中法中欧关系的时代内涵，已为您更新到数据库
【新文章提醒】这是一则新的文章，名称为习近平同法国总统马克龙互致贺电 庆祝中法建交55周年，已为您更新到数据库
【新文章提醒】这是一则新的文章，名称为习近平和夫人彭丽媛会见李洙墉并观看朝鲜友好艺术团演出，已为您更新到数据库
【新文章提醒】这是一则新的文章，名称为习近平就巴西矿坝决堤事故致慰问电，已为您更新到数据库
【新文章提醒】这是一则新的文章，名称为让主流媒体牢牢占领传播制高点——中央政治局第十二次集体学习侧记，已为您更新到数据库
【新文章提醒】这是一则新的文章，名称为习近平向全国广大新闻工作者致以新春祝福，已为您更新到数据库
【新文章提醒】这是一则新的文章，名称为习近平：推动媒体融合向纵深发展 巩固全党全国人民共同思想基础 ，已为您更新到数据库
【新文章提醒】这是一则新的文章，名称为中共中央政治局召开会议 习近平主持会议 ，已为您更新到数据库
【新文章提醒】这是一则新的文章，名称为习近平向2019年“中国－老挝旅游年”致贺词，已为您更新到数据库
【新文章提醒】这是一则新的文章，名称为省部级主要领导干部坚持底线思维着力防范化解重大风险专题研讨班侧记，已为您更新到数据库
【新文章提醒】这是一则新的文章，名称为习近平：继续啃硬骨头确保干一件成一件 ，已为您更新到数据库
【新文章提醒】这是一则新的文章，名称为习近平向全军老同志祝贺新春，已为您更新到数据库
【新文章提醒】这是一则新的文章，名称为习近平会见柬埔寨首相洪森 ，已为您更新到数据库
【新文章提醒】这是一则新的文章，名称为防范化解重大风险，总书记要求领导干部这样做，已为您更新到数据库
【新文章提醒】这是一则新的文章，名称为习近平：提高防控能力着力防范化解重大风险，已为您更新到数据库
【新文章提醒】这是一则新的文章，名称为习近平主席就墨西哥发生输油管道爆炸事故向墨西哥总统洛佩斯致慰问电，已为您更新到数据库
【新文章提醒】这是一则新的文章，名称为总书记国内考察调研，这个新特点越来越鲜明，已为您更新到数据库
【新文章提醒】这是一则新的文章，名称为推动京津冀协同发展取得新的更大进展，已为您更新到数据库
【新文章提醒】这是一则新的文章，名称为“凝聚力量，京津冀的未来更美好！”——习近平京津冀三省市考察回访记‍‍，已为您更新到数据库
【新文章提醒】这是一则新的文章，名称为习近平总书记调研京津冀协同发展并主持召开座谈会纪实，已为您更新到数据库
【新文章提醒】这是一则新的文章，名称为习近平在京津冀三省市考察并主持召开京津冀协同发展座谈会 ，已为您更新到数据库
【新文章提醒】这是一则新的文章，名称为习近平寄语南开师生：只有把小我融入大我，才会有海一样的胸怀，山一样的崇高，已为您更新到数据库
【新文章提醒】这是一则新的文章，名称为习近平：让大家心无旁骛投入创新事业中，已为您更新到数据库
【新文章提醒】这是一则新的文章，名称为习近平为志愿者点赞：你们所做的事业会载入史册，已为您更新到数据库
【新文章提醒】这是一则新的文章，名称为习近平考察北京城市副中心，已为您更新到数据库
【新文章提醒】这是一则新的文章，名称为陕西铜川市耀州区照金村——老区村庄变景区 生产生活变了样，已为您更新到数据库
【新文章提醒】这是一则新的文章，名称为习近平主席特使何维将出席马达加斯加当选总统就职典礼，已为您更新到数据库
【新文章提醒】这是一则新的文章，名称为习近平在天津考察，已为您更新到数据库
【新文章提醒】这是一则新的文章，名称为连线雄安建设者，习近平称赞他们是“千年大计”的开路先锋，已为您更新到数据库
【新文章提醒】这是一则新的文章，名称为习近平：雄安要靠生态环境体现价值、增加吸引力，已为您更新到数据库
【新文章提醒】这是一则新的文章，名称为习近平勉励到雄安的创业者：把握住历史机遇，已为您更新到数据库
【新文章提醒】这是一则新的文章，名称为习近平出席中央政法工作会议并发表重要讲话，已为您更新到数据库
【新文章提醒】这是一则新的文章，名称为努力造就一支忠诚干净担当的高素质干部队伍，已为您更新到数据库
【新文章提醒】这是一则新的文章，名称为习近平时隔近两年再赴雄安，已为您更新到数据库
【新文章提醒】这是一则新的文章，名称为《求是》杂志发表习近平总书记重要文章《努力造就一支忠诚干净担当的高素质干部队伍》，已为您更新到数据库
【新文章提醒】这是一则新的文章，名称为河南兰考县张庄村——产业多元活力足 幸福路上故事多，已为您更新到数据库
【新文章提醒】这是一则新的文章，名称为习近平同芬兰总统尼尼斯托举行会谈 ，已为您更新到数据库
【新文章提醒】这是一则新的文章，名称为关于推进中芬面向未来的新型合作伙伴关系的联合工作计划（2019－2023），已为您更新到数据库
【新文章提醒】这是一则新的文章，名称为这位赞习主席“温暖”的欧洲国家元首，来了 ，已为您更新到数据库
【新文章提醒】这是一则新的文章，名称为中国共产党第十九届中央纪律检查委员会第三次全体会议公报，已为您更新到数据库
【新文章提醒】这是一则新的文章，名称为习近平在十九届中央纪委三次全会上发表重要讲话，已为您更新到数据库
【新文章提醒】这是一则新的文章，名称为习近平同朝鲜劳动党委员长金正恩举行会谈，已为您更新到数据库
【新文章提醒】这是一则新的文章，名称为习近平同金正恩会谈达成这些重要共识，已为您更新到数据库
【新文章提醒】这是一则新的文章，名称为习近平主席特使韩长赋出席委内瑞拉总统就职仪式，已为您更新到数据库
【新文章提醒】这是一则新的文章，名称为习近平《为实现民族伟大复兴推进祖国和平统一而共同奋斗》单行本出版，已为您更新到数据库
【新文章提醒】这是一则新的文章，名称为习近平同吉布提总统盖莱就中吉建交40周年互致贺电 ，已为您更新到数据库
【新文章提醒】这是一则新的文章，名称为中共中央国务院隆重举行国家科学技术奖励大会 习近平出席大会并为最高奖获得者等颁奖，已为您更新到数据库
【新文章提醒】这是一则新的文章，名称为习近平主席特使韩长赋将出席委内瑞拉总统就职仪式，已为您更新到数据库
【新文章提醒】这是一则新的文章，名称为中共中央政治局常务委员会召开会议 中共中央总书记习近平主持会议 ，已为您更新到数据库
【新文章提醒】这是一则新的文章，名称为甘肃东乡族自治县布楞沟村——引水修路产业兴 增收致富日子红，已为您更新到数据库
【新文章提醒】这是一则新的文章，名称为党的十九大以来宣传思想文化工作述评，已为您更新到数据库
【新文章提醒】这是一则新的文章，名称为国家主席习近平任免驻外大使 ，已为您更新到数据库
【新文章提醒】这是一则新的文章，名称为习近平出席中央军委军事工作会议并发表重要讲话，已为您更新到数据库
【新文章提醒】这是一则新的文章，名称为习近平向全军发布开训动员令 ，已为您更新到数据库
【新文章提醒】这是一则新的文章，名称为习近平致信祝贺中国社会科学院中国历史研究院成立，已为您更新到数据库
【新文章提醒】这是一则新的文章，名称为习近平致中国社会科学院中国历史研究院成立的贺信 ，已为您更新到数据库
【新文章提醒】这是一则新的文章，名称为习近平出席《告台湾同胞书》发表40周年纪念会，已为您更新到数据库
【新文章提醒】这是一则新的文章，名称为习近平在《告台湾同胞书》发表40周年纪念会上的讲话，已为您更新到数据库
【新文章提醒】这是一则新的文章，名称为习近平主席特使吉炳轩出席巴西新总统就职仪式，已为您更新到数据库
【新文章提醒】这是一则新的文章，名称为以习近平同志为核心的党中央治国理政一年间，已为您更新到数据库
【新文章提醒】这是一则新的文章，名称为习近平就古巴革命胜利60周年向古巴领导人致贺电，已为您更新到数据库
【新文章提醒】这是一则新的文章，名称为中美两国领导人互致贺信庆祝两国建交40周年，已为您更新到数据库
【新文章提醒】这是一则新的文章，名称为国家主席习近平发表二〇一九年新年贺词 ，已为您更新到数据库
【新文章提醒】这是一则新的文章，名称为辩证唯物主义是中国共产党人的世界观和方法论，已为您更新到数据库
【新文章提醒】这是一则新的文章，名称为《求是》杂志发表习近平总书记重要文章《辩证唯物主义是中国共产党人的世界观和方法论》 ，已为您更新到数据库
【新文章提醒】这是一则新的文章，名称为中俄两国元首互致新年贺电 中俄两国总理互致新年贺电，已为您更新到数据库
【新文章提醒】这是一则新的文章，名称为《告台湾同胞书》发表40周年纪念会1月2日上午在京举行 习近平将出席纪念会并发表重要讲话，已为您更新到数据库
【新文章提醒】这是一则新的文章，名称为中华人民共和国主席令（第二十五号），已为您更新到数据库
【新文章提醒】这是一则新的文章，名称为中华人民共和国主席令（第二十四号），已为您更新到数据库
【新文章提醒】这是一则新的文章，名称为中华人民共和国主席令（第二十三号），已为您更新到数据库
【新文章提醒】这是一则新的文章，名称为中华人民共和国主席令（第二十二号），已为您更新到数据库
【新文章提醒】这是一则新的文章，名称为中华人民共和国主席令（第二十一号），已为您更新到数据库
【新文章提醒】这是一则新的文章，名称为中华人民共和国主席令（第二十号），已为您更新到数据库
【新文章提醒】这是一则新的文章，名称为中华人民共和国主席令（第十九号），已为您更新到数据库
【新文章提醒】这是一则新的文章，名称为中华人民共和国主席令（第十八号），已为您更新到数据库
【新文章提醒】这是一则新的文章，名称为中华人民共和国主席令（第十七号），已为您更新到数据库
【新文章提醒】这是一则新的文章，名称为习近平同美国总统特朗普通电话，已为您更新到数据库
【新文章提醒】这是一则新的文章，名称为新年戏曲晚会在京举行 习近平等出席观看 ，已为您更新到数据库
【新文章提醒】这是一则新的文章，名称为中央农村工作会议在京召开 习近平对做好“三农”工作作出重要指示，已为您更新到数据库
【新文章提醒】这是一则新的文章，名称为习近平同志《论坚持全面深化改革》主要篇目介绍，已为您更新到数据库
【新文章提醒】这是一则新的文章，名称为习近平同志《论坚持全面深化改革》出版发行，已为您更新到数据库
【新文章提醒】这是一则新的文章，名称为习近平：在全国政协新年茶话会上的讲话，已为您更新到数据库
【新文章提醒】这是一则新的文章，名称为全国政协举行新年茶话会 习近平发表重要讲话，已为您更新到数据库
【新文章提醒】这是一则新的文章，名称为从“千万工程”看习近平生态文明思想的生动实践和世界回响，已为您更新到数据库
【新文章提醒】这是一则新的文章，名称为习近平主席特使吉炳轩将出席巴西总统就职仪式，已为您更新到数据库
【新文章提醒】这是一则新的文章，名称为习近平主持中央政治局会议 审议《中国共产党政法工作条例》，已为您更新到数据库
【新文章提醒】这是一则新的文章，名称为中共中央政治局召开民主生活会 习近平主持会议并发表重要讲话，已为您更新到数据库
【新文章提醒】这是一则新的文章，名称为学用新思想 建功新时代，已为您更新到数据库
【新文章提醒】这是一则新的文章，名称为习近平就印度尼西亚巽他海峡海啸灾害向印尼总统佐科致慰问电，已为您更新到数据库
【新文章提醒】这是一则新的文章，名称为防灾减灾救灾，习近平强调这几个要点，已为您更新到数据库
【新文章提醒】这是一则新的文章，名称为习近平总书记重要讲话在广大知识分子和青年学生中引发热烈反响，已为您更新到数据库
【新文章提醒】这是一则新的文章，名称为习近平向中国－印度高级别人文交流机制首次会议致贺信，已为您更新到数据库
【新文章提醒】这是一则新的文章，名称为铁木尔·达瓦买提同志遗体送别在京举行 习近平等到八宝山革命公墓送别，已为您更新到数据库
【新文章提醒】这是一则新的文章，名称为中央经济工作会议在北京举行 习近平李克强作重要讲话，已为您更新到数据库
【新文章提醒】这是一则新的文章，名称为《习近平谈“一带一路”》：增添共同发展新动力，已为您更新到数据库
【新文章提醒】这是一则新的文章，名称为昭示——习近平总结改革开放40年的“伟大创造”，已为您更新到数据库
【新文章提醒】这是一则新的文章，名称为习近平同阿尔及利亚总统就中阿建交60周年互致贺电，已为您更新到数据库
【新文章提醒】这是一则新的文章，名称为启示——习近平纵论改革开放的宝贵经验，已为您更新到数据库
【新文章提醒】这是一则新的文章，名称为以习近平同志为核心的党中央引领中国经济发展述评，已为您更新到数据库
【新文章提醒】这是一则新的文章，名称为习近平《在庆祝改革开放40周年大会上的讲话》单行本出版，已为您更新到数据库
【新文章提醒】这是一则新的文章，名称为习近平：在庆祝改革开放40周年大会上的讲话，已为您更新到数据库
【新文章提醒】这是一则新的文章，名称为庆祝改革开放40周年大会在京隆重举行 习近平发表重要讲话，已为您更新到数据库
【新文章提醒】这是一则新的文章，名称为（现场实录）习近平：在庆祝改革开放40周年大会上的讲话，已为您更新到数据库
【新文章提醒】这是一则新的文章，名称为习近平在庆祝改革开放40周年大会上发表重要讲话，已为您更新到数据库
【新文章提醒】这是一则新的文章，名称为习近平庆祝改革开放40周年大会重要讲话十大金句，已为您更新到数据库
【新文章提醒】这是一则新的文章，名称为习近平论改革开放四十年四十句，已为您更新到数据库
【新文章提醒】这是一则新的文章，名称为习近平接受七国新任驻华大使递交国书，已为您更新到数据库
【新文章提醒】这是一则新的文章，名称为习近平会见来京述职的崔世安‍，已为您更新到数据库
【新文章提醒】这是一则新的文章，名称为习近平会见来京述职的林郑月娥，已为您更新到数据库
【新文章提醒】这是一则新的文章，名称为新时代改革引领者习近平 ，已为您更新到数据库
【新文章提醒】这是一则新的文章，名称为壮阔山河，一路改革，已为您更新到数据库
【新文章提醒】这是一则新的文章，名称为习近平向第三届“读懂中国”国际会议致贺信，已为您更新到数据库
【新文章提醒】这是一则新的文章，名称为庆祝改革开放40周年大会12月18日上午在京举行习近平将出席大会并发表重要讲话，已为您更新到数据库
【新文章提醒】这是一则新的文章，名称为以习近平同志为核心的党中央引领改革开放纪实，已为您更新到数据库
【新文章提醒】这是一则新的文章，名称为习近平等出席观看庆祝改革开放40周年文艺晚会《我们的四十年》，已为您更新到数据库
【新文章提醒】这是一则新的文章，名称为习近平：持续深化国家监察体制改革 推进反腐败工作法治化规范化，已为您更新到数据库
【新文章提醒】这是一则新的文章，名称为习近平《在全国组织工作会议上的讲话》单行本出版，已为您更新到数据库
【新文章提醒】这是一则新的文章，名称为中共中央政治局召开会议 习近平主持，已为您更新到数据库
【新文章提醒】这是一则新的文章，名称为习近平主持党外人士座谈会并发表重要讲话，已为您更新到数据库
【新文章提醒】这是一则新的文章，名称为习近平同厄瓜多尔总统莫雷诺举行会谈，已为您更新到数据库
【新文章提醒】这是一则新的文章，名称为习近平会见出席“2018从都国际论坛”外方嘉宾，已为您更新到数据库
【新文章提醒】这是一则新的文章，名称为中华人民共和国和厄瓜多尔共和国联合新闻公报，已为您更新到数据库
【新文章提醒】这是一则新的文章，名称为王瑞林同志逝世 习近平等到八宝山送别，已为您更新到数据库
【新文章提醒】这是一则新的文章，名称为习近平的改革之“力”，已为您更新到数据库
【新文章提醒】这是一则新的文章，名称为习近平十一篇署名文章里的中外友谊，已为您更新到数据库
【新文章提醒】这是一则新的文章，名称为习近平的改革之“喻”，已为您更新到数据库
【新文章提醒】这是一则新的文章，名称为《习近平谈“一带一路”》出版发行‍‍‍，已为您更新到数据库
【新文章提醒】这是一则新的文章，名称为《习近平谈“一带一路”》主要篇目介绍，已为您更新到数据库
【新文章提醒】这是一则新的文章，名称为习近平同德国总统施泰因迈尔举行会谈，已为您更新到数据库
【新文章提醒】这是一则新的文章，名称为习近平致信纪念《世界人权宣言》发表70周年座谈会，已为您更新到数据库
【新文章提醒】这是一则新的文章，名称为习近平的改革之“策”，已为您更新到数据库
【新文章提醒】这是一则新的文章，名称为广西壮族自治区成立60周年 习近平总书记题词贺匾揭幕，已为您更新到数据库
【新文章提醒】这是一则新的文章，名称为以习近平同志为核心的党中央关心广西发展纪实，已为您更新到数据库
【新文章提醒】这是一则新的文章，名称为习近平会见朝鲜外相李勇浩，已为您更新到数据库
【新文章提醒】这是一则新的文章，名称为国家主席习近平任免驻外大使，已为您更新到数据库
【新文章提醒】这是一则新的文章，名称为习近平主席访问西班牙、阿根廷、巴拿马、葡萄牙纪实，已为您更新到数据库
【新文章提醒】这是一则新的文章，名称为习近平访问欧洲拉美四国并出席G20峰会成果丰硕，已为您更新到数据库
【新文章提醒】这是一则新的文章，名称为习近平主席访问西葡两国在欧洲各界引发热烈反响，已为您更新到数据库
【新文章提醒】这是一则新的文章，名称为习近平结束访问回到北​京，已为您更新到数据库
【新文章提醒】这是一则新的文章，名称为习近平主席出席二十国集团领导人第十三次峰会纪实，已为您更新到数据库
【新文章提醒】这是一则新的文章，名称为习近平同葡萄牙总统德索萨举行会谈，已为您更新到数据库
【新文章提醒】这是一则新的文章，名称为习主席的葡萄牙时间，已为您更新到数据库
【新文章提醒】这是一则新的文章，名称为习近平会见葡萄牙议会议长罗德里格斯，已为您更新到数据库
【新文章提醒】这是一则新的文章，名称为习近平会见葡萄牙总理科斯塔，已为您更新到数据库
【新文章提醒】这是一则新的文章，名称为习近平抵达里斯本 开始对葡萄牙进行国事访问，已为您更新到数据库
【新文章提醒】这是一则新的文章，名称为习近平在第五个国家宪法日之际作出重要指示，已为您更新到数据库
【新文章提醒】这是一则新的文章，名称为习近平和巴拿马总统巴雷拉共同参观巴拿马运河新船闸，已为您更新到数据库
【新文章提醒】这是一则新的文章，名称为习近平会见巴拿马国民大会主席阿夫雷戈，已为您更新到数据库
【新文章提醒】这是一则新的文章，名称为习近平和巴拿马总统巴雷拉共同会见出席中国－巴拿马经贸合作论坛的双方企业家代表，已为您更新到数据库
【新文章提醒】这是一则新的文章，名称为中华人民共和国和巴拿马共和国联合新闻公报（全文），已为您更新到数据库
【新文章提醒】这是一则新的文章，名称为习近平同巴拿马总统巴雷拉举行会谈，已为您更新到数据库
【新文章提醒】这是一则新的文章，名称为习近平《在纪念刘少奇同志诞辰120周年座谈会上的讲话》单行本出版，已为您更新到数据库
【新文章提醒】这是一则新的文章，名称为专访：习近平主席访葡将为中葡关系发展谱写新篇章——访中国驻葡萄牙大使蔡润，已为您更新到数据库
【新文章提醒】这是一则新的文章，名称为习近平在葡萄牙媒体发表署名文章，已为您更新到数据库
【新文章提醒】这是一则新的文章，名称为习近平抵达巴拿马城开始对巴拿马共和国进行国事访问，已为您更新到数据库
【新文章提醒】这是一则新的文章，名称为中华人民共和国和阿根廷共和国联合声明（全文），已为您更新到数据库
【新文章提醒】这是一则新的文章，名称为习近平接受阿根廷“解放者圣马丁大项链级勋章”，已为您更新到数据库
【新文章提醒】这是一则新的文章，名称为习近平同阿根廷总统马克里举行会谈，已为您更新到数据库
【新文章提醒】这是一则新的文章，名称为习近平主席特使、全国人大常委会副委员长沈跃跃会见墨西哥新任总统洛佩斯，已为您更新到数据库
【新文章提醒】这是一则新的文章，名称为习近平同特朗普会晤达成重要共识 停止加征新的关税，已为您更新到数据库
【新文章提醒】这是一则新的文章，名称为习近平会见德国总理默克尔，已为您更新到数据库
【新文章提醒】这是一则新的文章，名称为国家主席习近平与美国总统特朗普在布宜诺斯艾利斯举行会晤，已为您更新到数据库
【新文章提醒】这是一则新的文章，名称为习近平继续出席二十国集团领导人第十三次峰会，已为您更新到数据库
【新文章提醒】这是一则新的文章，名称为习近平同美国总统特朗普举行会晤，已为您更新到数据库
【新文章提醒】这是一则新的文章，名称为中美双方决定停止升级关税等贸易限制措施，已为您更新到数据库
【新文章提醒】这是一则新的文章，名称为习近平会见法国总统马克龙，已为您更新到数据库
【新文章提醒】这是一则新的文章，名称为习近平就乔治·布什逝世向美国总统特朗普致唁电，已为您更新到数据库
【新文章提醒】这是一则新的文章，名称为习近平会见俄罗斯总统普京，已为您更新到数据库
【新文章提醒】这是一则新的文章，名称为习近平出席中俄印领导人非正式会晤，已为您更新到数据库
【新文章提醒】这是一则新的文章，名称为习近平会见土耳其总统埃尔多安，已为您更新到数据库
【新文章提醒】这是一则新的文章，名称为习近平会见日本首相安倍晋三，已为您更新到数据库
【新文章提醒】这是一则新的文章，名称为习近平会见联合国秘书长古特雷斯，已为您更新到数据库
【新文章提醒】这是一则新的文章，名称为习近平会见沙特阿拉伯王储穆罕默德，已为您更新到数据库
【新文章提醒】这是一则新的文章，名称为习近平会见印度总理莫迪，已为您更新到数据库
【新文章提醒】这是一则新的文章，名称为习近平出席二十国集团领导人第十三次峰会并发表重要讲话，已为您更新到数据库
【新文章提醒】这是一则新的文章，名称为习近平在二十国集团领导人第十三次峰会第一阶段会议上的讲话(全文)，已为您更新到数据库
【新文章提醒】这是一则新的文章，名称为金砖国家就世贸组织改革等问题表明共同立场，已为您更新到数据库
【新文章提醒】这是一则新的文章，名称为习近平出席金砖国家领导人非正式会晤，已为您更新到数据库
【新文章提醒】这是一则新的文章，名称为习近平在巴拿马媒体发表署名文章，已为您更新到数据库
【新文章提醒】这是一则新的文章，名称为《习近平喜欢的典故——平“语”近人》（西语版）全球上线，已为您更新到数据库
【新文章提醒】这是一则新的文章，名称为习近平对三北工程建设作出重要指示，已为您更新到数据库
【新文章提醒】这是一则新的文章，名称为习近平抵达布宜诺斯艾利斯，已为您更新到数据库
【新文章提醒】这是一则新的文章，名称为习近平同俄罗斯总统普京分别向中俄能源商务论坛致贺信，已为您更新到数据库
【新文章提醒】这是一则新的文章，名称为习近平向“声援巴勒斯坦人民国际日”纪念大会致贺电，已为您更新到数据库
【新文章提醒】这是一则新的文章，名称为习近平同西班牙首相桑切斯共同会见中西企业顾问委员会双方代表，已为您更新到数据库
【新文章提醒】这是一则新的文章，名称为习近平向西班牙参议院、众议院主要议员发表讲话，已为您更新到数据库
【新文章提醒】这是一则新的文章，名称为习近平出席西班牙国王费利佩六世举行的盛大欢迎仪式，已为您更新到数据库
【新文章提醒】这是一则新的文章，名称为习近平在阿根廷媒体发表署名文章，已为您更新到数据库
【新文章提醒】这是一则新的文章，名称为习近平会见西班牙国王费利佩六世，已为您更新到数据库
【新文章提醒】这是一则新的文章，名称为习近平同西班牙首相桑切斯举行会谈，已为您更新到数据库
【新文章提醒】这是一则新的文章，名称为习近平出席西班牙国王费利佩六世举行的欢迎宴会，已为您更新到数据库
【新文章提醒】这是一则新的文章，名称为习近平接受马德里城市金钥匙，已为您更新到数据库
【新文章提醒】这是一则新的文章，名称为中华人民共和国和西班牙王国关于加强新时期全面战略伙伴关系的联合声明（全文），已为您更新到数据库
【新文章提醒】这是一则新的文章，名称为习近平在西班牙媒体发表署名文章，已为您更新到数据库
【新文章提醒】这是一则新的文章，名称为习近平离京访问西班牙、阿根廷、巴拿马和葡萄牙并出席G20峰会，已为您更新到数据库
【新文章提醒】这是一则新的文章，名称为习近平抵达马德里开始对西班牙王国进行国事访问，已为您更新到数据库
【新文章提醒】这是一则新的文章，名称为习近平：严把标准公正用人拓宽视野激励干部 造就忠诚干净担当的高素质干部队伍 ，已为您更新到数据库
【新文章提醒】这是一则新的文章，名称为中共中央政治局召开会议 习近平主持，已为您更新到数据库
【新文章提醒】这是一则新的文章，名称为习近平谈自贸区建设，已为您更新到数据库
【新文章提醒】这是一则新的文章，名称为《习近平谈治国理政》中西读者会在西班牙举行 ，已为您更新到数据库
【新文章提醒】这是一则新的文章，名称为《习近平新时代中国特色社会主义思想三十讲》课件发布，已为您更新到数据库
【新文章提醒】这是一则新的文章，名称为习近平将对西班牙、阿根廷、巴拿马和葡萄牙进行国事访问并出席二十国集团领导人第十三次峰会，已为您更新到数据库
【新文章提醒】这是一则新的文章，名称为习近平出席纪念刘少奇同志诞辰120周年座谈会并发表重要讲话，已为您更新到数据库
【新文章提醒】这是一则新的文章，名称为习近平：在纪念刘少奇同志诞辰120周年座谈会上的讲话，已为您更新到数据库
【新文章提醒】这是一则新的文章，名称为习近平会见哈萨克斯坦总理萨金塔耶夫，已为您更新到数据库
【新文章提醒】这是一则新的文章，名称为习近平结束访问回到北京，已为您更新到数据库
【新文章提醒】这是一则新的文章，名称为引领开放合作潮流　开启共同发展新程，已为您更新到数据库
【新文章提醒】这是一则新的文章，名称为习近平会见菲律宾众议长阿罗约和参议长索托，已为您更新到数据库
【新文章提醒】这是一则新的文章，名称为习近平同菲律宾总统杜特尔特举行会谈，已为您更新到数据库
【新文章提醒】这是一则新的文章，名称为习近平同巴勒斯坦总统阿巴斯就中巴建交30周年互致贺电，已为您更新到数据库
【新文章提醒】这是一则新的文章，名称为习近平抵达马尼拉 开始对菲律宾共和国进行国事访问，已为您更新到数据库
【新文章提醒】这是一则新的文章，名称为中国国家主席时隔13年再访菲律宾，已为您更新到数据库
【新文章提醒】这是一则新的文章，名称为习近平同文莱苏丹哈桑纳尔举行会谈，已为您更新到数据库
【新文章提醒】这是一则新的文章，名称为习近平在菲律宾媒体发表署名文章，已为您更新到数据库
【新文章提醒】这是一则新的文章，名称为习近平主席特使、文化和旅游部部长雒树刚会见马尔代夫总统萨利赫，已为您更新到数据库
【新文章提醒】这是一则新的文章，名称为习近平同法国总统马克龙互致贺电 庆祝“中法环境年”启动 ，已为您更新到数据库
【新文章提醒】这是一则新的文章，名称为十字路口的中国引领，已为您更新到数据库
【新文章提醒】这是一则新的文章，名称为习近平抵达斯里巴加湾开始对文莱达鲁萨兰国进行国事访问，已为您更新到数据库
【新文章提醒】这是一则新的文章，名称为习近平出席亚太经合组织第二十六次领导人非正式会议并发表重要讲话，已为您更新到数据库
【新文章提醒】这是一则新的文章，名称为习近平：把握时代机遇 共谋亚太繁荣，已为您更新到数据库
【新文章提醒】这是一则新的文章，名称为习近平主席在亚太经合组织工商领导人峰会上的主旨演讲引发各界热烈反响，已为您更新到数据库
【新文章提醒】这是一则新的文章，名称为习近平会见印度尼西亚总统佐科，已为您更新到数据库
【新文章提醒】这是一则新的文章，名称为习近平会见韩国总统文在寅，已为您更新到数据库
【新文章提醒】这是一则新的文章，名称为习近平会见智利总统皮涅拉，已为您更新到数据库
【新文章提醒】这是一则新的文章，名称为习近平主席在亚太经合组织工商领导人峰会上的主旨演讲，已为您更新到数据库
【新文章提醒】这是一则新的文章，名称为习近平在文莱媒体发表署名文章，已为您更新到数据库
【新文章提醒】这是一则新的文章，名称为习近平同建交太平洋岛国领导人举行集体会晤并发表主旨讲话，已为您更新到数据库
【新文章提醒】这是一则新的文章，名称为习近平会见建交太平洋岛国领导人，已为您更新到数据库
【新文章提醒】这是一则新的文章，名称为习近平同巴布亚新几内亚总理奥尼尔会谈，已为您更新到数据库
【新文章提醒】这是一则新的文章，名称为习近平和巴布亚新几内亚总理奥尼尔共同出席中国援建的布图卡学园启用仪式，已为您更新到数据库
【新文章提醒】这是一则新的文章，名称为习近平和巴布亚新几内亚总理奥尼尔共同出席中国援建的独立大道移交启用仪式，已为您更新到数据库
【新文章提醒】这是一则新的文章，名称为习近平会见巴布亚新几内亚总督达达埃，已为您更新到数据库
【新文章提醒】这是一则新的文章，名称为习近平APEC上用典，已为您更新到数据库
【新文章提醒】这是一则新的文章，名称为习近平抵达莫尔兹比港开始对巴布亚新几内亚独立国进行国事访问、同建交太平洋岛国领导人会晤并出席亚太经合组织第二十六次领导人非正式会议 ，已为您更新到数据库
【新文章提醒】这是一则新的文章，名称为习近平抵达莫尔兹比港 开始对巴布亚新几内亚进行国事访问，已为您更新到数据库
【新文章提醒】这是一则新的文章，名称为习近平离京出席亚太经合组织第二十六次领导人非正式会议，对巴布亚新几内亚独立国、文莱达鲁萨兰国和菲律宾共和国进行国事访问并在巴新同建交太平洋岛国领导人会晤，已为您更新到数据库
【新文章提醒】这是一则新的文章，名称为习近平主持召开中央全面深化改革委员会第五次会议 ，已为您更新到数据库
【新文章提醒】这是一则新的文章，名称为习近平致信祝贺亚太空间合作组织成立10周年，已为您更新到数据库
【新文章提醒】这是一则新的文章，名称为习近平在巴布亚新几内亚媒体发表署名文章，已为您更新到数据库
【新文章提醒】这是一则新的文章，名称为习近平总书记参观庆祝改革开放40周年大型展览侧记‍，已为您更新到数据库
【新文章提醒】这是一则新的文章，名称为习近平出席中央军委政策制度改革工作会议并发表重要讲话，已为您更新到数据库
【新文章提醒】这是一则新的文章，名称为习近平将出访，已为您更新到数据库
【新文章提醒】这是一则新的文章，名称为习近平参观庆祝改革开放40周年大型展览，已为您更新到数据库
【新文章提醒】这是一则新的文章，名称为习近平会见香港澳门各界庆祝国家改革开放40周年访问团，已为您更新到数据库
【新文章提醒】这是一则新的文章，名称为习近平将出席亚太经合组织第二十六次领导人非正式会议，已为您更新到数据库
【新文章提醒】这是一则新的文章，名称为习近平进博会主旨演讲单行本出版，已为您更新到数据库
【新文章提醒】这是一则新的文章，名称为习近平会见香港澳门各界庆祝国家改革开放40周年访问团时的讲话，已为您更新到数据库
【新文章提醒】这是一则新的文章，名称为2018年四大主场外交，习近平这一理念贯穿始终，已为您更新到数据库
【新文章提醒】这是一则新的文章，名称为习近平总书记向国家综合性消防救援队伍授旗并致训词激励鼓舞广大消防救援人员，已为您更新到数据库
【新文章提醒】这是一则新的文章，名称为习近平为国家综合性消防救援队伍授旗并致训词侧记，已为您更新到数据库
【新文章提醒】这是一则新的文章，名称为习近平总书记考察上海纪实，已为您更新到数据库
【新文章提醒】这是一则新的文章，名称为习近平：对党忠诚纪律严明赴汤蹈火竭诚为民 为维护人民群众生命财产安全英勇奋斗，已为您更新到数据库
【新文章提醒】这是一则新的文章，名称为国家主席习近平任免驻外大使，已为您更新到数据库
【新文章提醒】这是一则新的文章，名称为习近平同古巴国务委员会主席兼部长会议主席迪亚斯-卡内尔举行会谈，已为您更新到数据库
【新文章提醒】这是一则新的文章，名称为习近平会见美国前国务卿基辛格，已为您更新到数据库
【新文章提醒】这是一则新的文章，名称为习近平在上海考察：坚定改革开放再出发信心和决心，已为您更新到数据库
【新文章提醒】这是一则新的文章，名称为习近平《在民营企业座谈会上的讲话》单行本出版，已为您更新到数据库
【新文章提醒】这是一则新的文章，名称为习近平向第五届世界互联网大会致贺信，已为您更新到数据库
【新文章提醒】这是一则新的文章，名称为习近平寄语上海：勇创国际一流城市管理水平，已为您更新到数据库
【新文章提醒】这是一则新的文章，名称为习近平致信祝贺第十二届中国国际航空航天博览会开幕，已为您更新到数据库
【新文章提醒】这是一则新的文章，名称为习近平在上海考察，已为您更新到数据库
【新文章提醒】这是一则新的文章，名称为习近平进博会20条重要论述，已为您更新到数据库
【新文章提醒】这是一则新的文章，名称为习近平会见立陶宛总统格里包斯凯特，已为您更新到数据库
【新文章提醒】这是一则新的文章，名称为习近平会见匈牙利总理欧尔班，已为您更新到数据库
【新文章提醒】这是一则新的文章，名称为习近平会见捷克总统泽曼，已为您更新到数据库
【新文章提醒】这是一则新的文章，名称为习近平会见俄罗斯总理梅德韦杰夫，已为您更新到数据库
【新文章提醒】这是一则新的文章，名称为习近平同出席首届中国国际进口博览会的外国领导人共同巡馆，已为您更新到数据库
【新文章提醒】这是一则新的文章，名称为习近平会见参加首届中国国际进口博览会的外国企业家代表，已为您更新到数据库
【新文章提醒】这是一则新的文章，名称为习近平在首届中国国际进口博览会开幕式上的主旨演讲（全文），已为您更新到数据库
【新文章提醒】这是一则新的文章，名称为习近平向联合国全球卫星导航系统国际委员会第十三届大会致贺信，已为您更新到数据库
【新文章提醒】这是一则新的文章，名称为习近平在进博会上的20条重要论述，已为您更新到数据库
【新文章提醒】这是一则新的文章，名称为习近平宣布中国将大力推进14项重大举措，已为您更新到数据库
【新文章提醒】这是一则新的文章，名称为习近平发出新时代开放宣言，已为您更新到数据库
【新文章提醒】这是一则新的文章，名称为习近平和彭丽媛欢迎出席首届中国国际进口博览会的各国贵宾，已为您更新到数据库
【新文章提醒】这是一则新的文章，名称为习近平会见老挝总理通伦，已为您更新到数据库
【新文章提醒】这是一则新的文章，名称为习近平向“一带一路”国际科学组织联盟成立大会暨第二届“一带一路”科技创新国际研讨会致贺信，已为您更新到数据库
【新文章提醒】这是一则新的文章，名称为习近平会见肯尼亚总统肯雅塔，已为您更新到数据库
【新文章提醒】这是一则新的文章，名称为习近平会见越南总理阮春福，已为您更新到数据库
【新文章提醒】这是一则新的文章，名称为习近平同多米尼加总统梅迪纳举行会谈，已为您更新到数据库
【新文章提醒】这是一则新的文章，名称为习近平会见巴基斯坦总理伊姆兰·汗，已为您更新到数据库
【新文章提醒】这是一则新的文章，名称为习近平总书记给民营经济发展的六颗定心丸，已为您更新到数据库
【新文章提醒】这是一则新的文章，名称为习近平总书记十句话力挺民营经济，已为您更新到数据库
【新文章提醒】这是一则新的文章，名称为习近平关于民营企业最新十五大暖心金句，已为您更新到数据库
【新文章提醒】这是一则新的文章，名称为习近平同美国总统特朗普通电话，已为您更新到数据库
【新文章提醒】这是一则新的文章，名称为习近平：支持民营企业发展并走向更加广阔舞台，已为您更新到数据库
【新文章提醒】这是一则新的文章，名称为习近平：在民营企业座谈会上的讲话，已为您更新到数据库
【新文章提醒】这是一则新的文章，名称为习近平同萨尔瓦多总统桑切斯举行会谈，已为您更新到数据库
【新文章提醒】这是一则新的文章，名称为习近平向改革开放与中国扶贫国际论坛致贺信，已为您更新到数据库
【新文章提醒】这是一则新的文章，名称为习近平同摩洛哥国王穆罕默德六世互致贺电，已为您更新到数据库
【新文章提醒】这是一则新的文章，名称为习近平：推动我国新一代人工智能健康发展，已为您更新到数据库
【新文章提醒】这是一则新的文章，名称为中央政治局召开会议分析研究当前经济形势和经济工作 习近平主持，已为您更新到数据库
【新文章提醒】这是一则新的文章，名称为习近平就印尼狮航客机失事向印尼总统佐科致慰问电，已为您更新到数据库
【新文章提醒】这是一则新的文章，名称为中国妇女第十二次全国代表大会开幕，已为您更新到数据库
【新文章提醒】这是一则新的文章，名称为习近平：开创我国工运事业和工会工作新局面，已为您更新到数据库
【新文章提醒】这是一则新的文章，名称为习近平同法国总统马克龙互致贺电 庆祝中法海洋卫星发射成功，已为您更新到数据库
【新文章提醒】这是一则新的文章，名称为商务部就习近平主席出席首届中国国际进口博览会开幕式举行中外媒体吹风会，已为您更新到数据库
【新文章提醒】这是一则新的文章，名称为习近平总书记广东考察重要讲话引发热烈反响，已为您更新到数据库
【新文章提醒】这是一则新的文章，名称为习近平签署国家主席令，已为您更新到数据库
【新文章提醒】这是一则新的文章，名称为海外舆论高度关注习近平总书记广东考察，已为您更新到数据库
【新文章提醒】这是一则新的文章，名称为十三届全国人大常委会第六次会议在京闭幕，已为您更新到数据库
【新文章提醒】这是一则新的文章，名称为习近平视察南部战区，已为您更新到数据库
【新文章提醒】这是一则新的文章，名称为习近平会见日本首相安倍晋三，已为您更新到数据库
【新文章提醒】这是一则新的文章，名称为时隔6年再赴广东，习近平总书记释放了哪些重要信号？，已为您更新到数据库
【新文章提醒】这是一则新的文章，名称为习近平向第四届“阿拉伯艺术节”闭幕式致贺信，已为您更新到数据库
【新文章提醒】这是一则新的文章，名称为习近平：高举新时代改革开放旗帜 把改革开放不断推向深入，已为您更新到数据库
【新文章提醒】这是一则新的文章，名称为旗帜鲜明！习近平一再宣示改革开放决心，已为您更新到数据库
【新文章提醒】这是一则新的文章，名称为习近平向第八届北京香山论坛致贺信，已为您更新到数据库
【新文章提醒】这是一则新的文章，名称为习近平对自由贸易试验区建设作出重要指示，已为您更新到数据库
【新文章提醒】这是一则新的文章，名称为写在港珠澳大桥开通之际，已为您更新到数据库
【新文章提醒】这是一则新的文章，名称为习近平在深圳考察，已为您更新到数据库
【新文章提醒】这是一则新的文章，名称为习近平在广州考察调研，已为您更新到数据库
【新文章提醒】这是一则新的文章，名称为习近平在清远调研，已为您更新到数据库
【新文章提醒】这是一则新的文章，名称为港珠澳大桥开通仪式侧记，已为您更新到数据库
【新文章提醒】这是一则新的文章，名称为习近平向越共中央总书记阮富仲当选国家主席致贺电，已为您更新到数据库
【新文章提醒】这是一则新的文章，名称为习近平出席开通仪式并宣布港珠澳大桥正式开通，已为您更新到数据库
【新文章提醒】这是一则新的文章，名称为习近平强调自主创新：要有骨气和志气，加快增强自主创新能力和实力，已为您更新到数据库
【新文章提醒】这是一则新的文章，名称为超级工程！“洋记者”行走港珠澳大桥，看完想不想自驾游？，已为您更新到数据库
【新文章提醒】这是一则新的文章，名称为2分钟带你领略不同角度的港珠澳大桥！，已为您更新到数据库
【新文章提醒】这是一则新的文章，名称为习近平宣布：港珠澳大桥正式开通，已为您更新到数据库
【新文章提醒】这是一则新的文章，名称为习近平时隔6年再赴广东考察调研，已为您更新到数据库
【新文章提醒】这是一则新的文章，名称为中国工会第十七次全国代表大会在京开幕，已为您更新到数据库
【新文章提醒】这是一则新的文章，名称为习近平回信勉励广大民营企业家，已为您更新到数据库
【新文章提醒】这是一则新的文章，名称为习近平给“万企帮万村”行动中受表彰的民营企业家的回信 ，已为您更新到数据库
【新文章提醒】这是一则新的文章，名称为习近平电贺国产大型水陆两栖飞机AG600水上首飞成功，已为您更新到数据库
【新文章提醒】这是一则新的文章，名称为习近平对全国党委秘书长会议作出重要指示，已为您更新到数据库
【新文章提醒】这是一则新的文章，名称为习近平会见俄罗斯国防部长绍伊古 ，已为您更新到数据库
【新文章提醒】这是一则新的文章，名称为习近平等到八宝山革命公墓送别司马义·艾买提，已为您更新到数据库
【新文章提醒】这是一则新的文章，名称为习近平向太湖世界文化论坛第五届年会致贺信，已为您更新到数据库
【新文章提醒】这是一则新的文章，名称为习近平向“一带一路”能源部长会议和国际能源变革论坛致贺信，已为您更新到数据库
【新文章提醒】这是一则新的文章，名称为习近平：咬定目标加油干 如期打赢脱贫攻坚战 ，已为您更新到数据库
【新文章提醒】这是一则新的文章，名称为习近平会见俄罗斯总统办公厅主任瓦伊诺 ，已为您更新到数据库
【新文章提醒】这是一则新的文章，名称为习近平主席和挪威民众友好交往的佳话，已为您更新到数据库
【新文章提醒】这是一则新的文章，名称为二十多年，习近平一直牢记着这句话，已为您更新到数据库
【新文章提醒】这是一则新的文章，名称为习近平同挪威国王哈拉尔五世举行会谈，已为您更新到数据库
【新文章提醒】这是一则新的文章，名称为习近平会见英国四十八家集团俱乐部主席佩里，已为您更新到数据库
【新文章提醒】这是一则新的文章，名称为习近平主持召开中央军民融合发展委员会第二次会议，已为您更新到数据库
【新文章提醒】这是一则新的文章，名称为习近平致信祝贺西藏民族大学建校60周年，已为您更新到数据库
【新文章提醒】这是一则新的文章，名称为四年前，习近平对文艺工作者语重心长地说……，已为您更新到数据库
【新文章提醒】这是一则新的文章，名称为习近平同志《论坚持推动构建人类命运共同体》出版发行，已为您更新到数据库
【新文章提醒】这是一则新的文章，名称为习近平铺设“健康之路”，已为您更新到数据库
【新文章提醒】这是一则新的文章，名称为习近平主席特使出席赤道几内亚独立庆典，已为您更新到数据库
【新文章提醒】这是一则新的文章，名称为习近平主持中央财经委第三次会议，研究了啥，已为您更新到数据库
【新文章提醒】这是一则新的文章，名称为习近平主持召开中央财经委员会第三次会议，已为您更新到数据库
【新文章提醒】这是一则新的文章，名称为习近平同安哥拉总统洛伦索举行会谈，已为您更新到数据库
【新文章提醒】这是一则新的文章，名称为习近平向伊拉克新任总统巴尔哈姆·萨利赫致贺电，已为您更新到数据库
【新文章提醒】这是一则新的文章，名称为习近平主席特使张春贤将出席赤道几内亚独立50周年庆典 ，已为您更新到数据库
【新文章提醒】这是一则新的文章，名称为时隔四年，习近平说的这些话历久弥新，已为您更新到数据库
【新文章提醒】这是一则新的文章，名称为习近平为他们的爱国奉献点赞，已为您更新到数据库
【新文章提醒】这是一则新的文章，名称为习近平就原越共中央总书记杜梅逝世向越共中央总书记阮富仲致唁电，已为您更新到数据库
【新文章提醒】这是一则新的文章，名称为习近平等党和国家领导人出席国庆招待会，已为您更新到数据库
【新文章提醒】这是一则新的文章，名称为习近平会见四川航空“中国民航英雄机组”全体成员，已为您更新到数据库
【新文章提醒】这是一则新的文章，名称为习近平就印度尼西亚中苏拉威西省地震海啸向印尼总统佐科致慰问电，已为您更新到数据库
【新文章提醒】这是一则新的文章，名称为习近平出席烈士纪念日向人民英雄敬献花篮仪式，已为您更新到数据库
【新文章提醒】这是一则新的文章，名称为习近平总书记考察东北三省回访记，已为您更新到数据库
【新文章提醒】这是一则新的文章，名称为习近平总书记调研东北三省并主持召开深入推进东北振兴座谈会纪实，已为您更新到数据库
【新文章提醒】这是一则新的文章，名称为 习近平视察79集团军:强化战斗队思想 ，已为您更新到数据库
【新文章提醒】这是一则新的文章，名称为习近平总书记在上海工作期间对推动“三农”发展的思考与实践，已为您更新到数据库
【新文章提醒】这是一则新的文章，名称为习近平向国际行动理事会第35届年会致贺信，已为您更新到数据库
【新文章提醒】这是一则新的文章，名称为习近平：以新气象新担当新作为推进东北振兴，已为您更新到数据库
【新文章提醒】这是一则新的文章，名称为习近平号召“做一颗永不生锈的螺丝钉”，已为您更新到数据库
【新文章提醒】这是一则新的文章，名称为习近平：怀疑、唱衰国企的思想和言论都是错误的，已为您更新到数据库
【新文章提醒】这是一则新的文章，名称为习近平：党中央毫不动摇地支持民营经济发展，已为您更新到数据库
【新文章提醒】这是一则新的文章，名称为习近平在辽宁考察，已为您更新到数据库
【新文章提醒】这是一则新的文章，名称为习近平来到查干湖：保护生态和发展生态旅游相得益彰，已为您更新到数据库
【新文章提醒】这是一则新的文章，名称为习近平在吉林考察，已为您更新到数据库
【新文章提醒】这是一则新的文章，名称为习近平：装备制造业练好“内功”才能永立不败之地，已为您更新到数据库
【新文章提醒】这是一则新的文章，名称为习近平致信祝贺中央电视台建台暨新中国电视事业诞生60周年，已为您更新到数据库
【新文章提醒】这是一则新的文章，名称为习近平感慨北大荒的沧桑巨变“了不起”，已为您更新到数据库
【新文章提醒】这是一则新的文章，名称为习近平带领人民军队从古田再出发，已为您更新到数据库
【新文章提醒】这是一则新的文章，名称为总书记要我们对标焦裕禄，已为您更新到数据库
【新文章提醒】这是一则新的文章，名称为国家主席习近平任免驻外大使，已为您更新到数据库
【新文章提醒】这是一则新的文章，名称为习近平在黑龙江考察，首站来到建三江，已为您更新到数据库
【新文章提醒】这是一则新的文章，名称为习近平总书记良好祝愿激发广大农民乡村振兴热情，已为您更新到数据库
【新文章提醒】这是一则新的文章，名称为习近平主持中共中央政治局第八次集体学习 ，已为您更新到数据库
【新文章提醒】这是一则新的文章，名称为习近平向全国亿万农民祝贺中国农民丰收节，已为您更新到数据库
【新文章提醒】这是一则新的文章，名称为习近平主席特使出席马里总统凯塔就职典礼，已为您更新到数据库
【新文章提醒】这是一则新的文章，名称为习近平主席特使郑建邦将出席马里总统就职典礼，已为您更新到数据库
【新文章提醒】这是一则新的文章，名称为习近平就越南国家主席陈大光逝世向越共中央总书记阮富仲致唁电，已为您更新到数据库
【新文章提醒】这是一则新的文章，名称为习近平主持召开中共中央政治局会议，已为您更新到数据库
【新文章提醒】这是一则新的文章，名称为习近平主持召开中央全面深化改革委员会第四次会议，已为您更新到数据库
【新文章提醒】这是一则新的文章，名称为习近平向第十七届中国西部国际博览会致贺信，已为您更新到数据库
【新文章提醒】这是一则新的文章，名称为习近平总书记题词贺匾揭幕，已为您更新到数据库
【新文章提醒】这是一则新的文章，名称为习近平会见巴基斯坦陆军参谋长巴杰瓦，已为您更新到数据库
【新文章提醒】这是一则新的文章，名称为习近平主席夫妇看望柬埔寨国王西哈莫尼和太后莫尼列，已为您更新到数据库
【新文章提醒】这是一则新的文章，名称为习近平向2018年国际和平日纪念活动致贺信，已为您更新到数据库
【新文章提醒】这是一则新的文章，名称为习近平会见萨摩亚总理图伊拉埃帕 ，已为您更新到数据库
【新文章提醒】这是一则新的文章，名称为习近平会见拉脱维亚总统韦约尼斯 ，已为您更新到数据库
【新文章提醒】这是一则新的文章，名称为习近平会见爱沙尼亚总统卡柳莱德 ，已为您更新到数据库
【新文章提醒】这是一则新的文章，名称为习近平会见塞尔维亚总统武契奇 ，已为您更新到数据库
【新文章提醒】这是一则新的文章，名称为以习近平同志为核心的党中央关心宁夏发展纪实 ，已为您更新到数据库
【新文章提醒】这是一则新的文章，名称为习近平向世界公众科学素质促进大会致贺信，已为您更新到数据库
【新文章提醒】这是一则新的文章，名称为习近平致信祝贺2018世界人工智能大会开幕，已为您更新到数据库
【新文章提醒】这是一则新的文章，名称为在俄罗斯，听习近平讲昨天和今天的故事，已为您更新到数据库
【新文章提醒】这是一则新的文章，名称为中俄两国元首在“海洋”中心与青少年互动，已为您更新到数据库
【新文章提醒】这是一则新的文章，名称为习近平同委内瑞拉总统马杜罗举行会谈，已为您更新到数据库
【新文章提醒】这是一则新的文章，名称为习近平等到会祝贺残联代表大会开幕，已为您更新到数据库
【新文章提醒】这是一则新的文章，名称为习近平出席东方经济论坛获国际社会高度评价，已为您更新到数据库
【新文章提醒】这是一则新的文章，名称为习主席在符拉迪沃斯托克 ，已为您更新到数据库
【新文章提醒】这是一则新的文章，名称为习近平出席第四届东方经济论坛全会并致辞，已为您更新到数据库
【新文章提醒】这是一则新的文章，名称为习近平谈中俄友谊，已为您更新到数据库
【新文章提醒】这是一则新的文章，名称为习近平和俄罗斯总统普京共同访问“海洋”全俄儿童中心 ，已为您更新到数据库
【新文章提醒】这是一则新的文章，名称为记习近平主席访问“海洋”全俄儿童中心 ，已为您更新到数据库
【新文章提醒】这是一则新的文章，名称为习近平结束出席第四届东方经济论坛回到北京 ，已为您更新到数据库
【新文章提醒】这是一则新的文章，名称为习近平在第四届东方经济论坛全会上的致辞 ，已为您更新到数据库
【新文章提醒】这是一则新的文章，名称为习近平会见蒙古国总统巴特图勒嘎，已为您更新到数据库
【新文章提醒】这是一则新的文章，名称为习近平会见日本首相安倍晋三 ，已为您更新到数据库
【新文章提醒】这是一则新的文章，名称为习近平同俄罗斯总统普京举行会谈 ，已为您更新到数据库
【新文章提醒】这是一则新的文章，名称为习近平和俄罗斯总统普京共同出席中俄地方领导人对话会，已为您更新到数据库
【新文章提醒】这是一则新的文章，名称为习近平抵达俄罗斯符拉迪沃斯托克出席第四届东方经济论坛，已为您更新到数据库
【新文章提醒】这是一则新的文章，名称为习近平离京赴俄罗斯出席第四届东方经济论坛，已为您更新到数据库
【新文章提醒】这是一则新的文章，名称为金正恩再次会见习近平特别代表，已为您更新到数据库
【新文章提醒】这是一则新的文章，名称为习近平在全国教育大会上发表重要讲话 ，已为您更新到数据库
【新文章提醒】这是一则新的文章，名称为书信，连接习近平的山海情怀，已为您更新到数据库
【新文章提醒】这是一则新的文章，名称为海外教育工作者热议习近平在全国教育大会上的重要讲话，已为您更新到数据库
【新文章提醒】这是一则新的文章，名称为习近平接受八位新任驻华大使递交国书 ，已为您更新到数据库
【新文章提醒】这是一则新的文章，名称为习近平就朝鲜国庆70周年向朝鲜最高领导人金正恩致贺电，已为您更新到数据库
【新文章提醒】这是一则新的文章，名称为栗战书会见金正恩 转交习近平总书记亲署函，已为您更新到数据库
【新文章提醒】这是一则新的文章，名称为习近平向第二十届中国国际投资贸易洽谈会致贺信 ，已为您更新到数据库
【新文章提醒】这是一则新的文章，名称为习近平同摩纳哥元首阿尔贝二世亲王举行会谈，已为您更新到数据库
【新文章提醒】这是一则新的文章，名称为习近平将赴俄罗斯出席第四届东方经济论坛，已为您更新到数据库
【新文章提醒】这是一则新的文章，名称为写在第二十届中国国际投资贸易洽谈会开幕之际，已为您更新到数据库
【新文章提醒】这是一则新的文章，名称为“金钥匙”的魅力：与全球共享中国经济发展红利​ ，已为您更新到数据库
【新文章提醒】这是一则新的文章，名称为习近平会见刚果民主共和国总理奇巴拉，已为您更新到数据库
【新文章提醒】这是一则新的文章，名称为习近平会见坦桑尼亚总理马贾利瓦，已为您更新到数据库
【新文章提醒】这是一则新的文章，名称为习近平会见多哥总统福雷，已为您更新到数据库
【新文章提醒】这是一则新的文章，名称为习近平会见莱索托首相塔巴内，已为您更新到数据库
【新文章提醒】这是一则新的文章，名称为习近平会见布隆迪第二副总统布托雷，已为您更新到数据库
【新文章提醒】这是一则新的文章，名称为习近平会见冈比亚总统巴罗，已为您更新到数据库
【新文章提醒】这是一则新的文章，名称为习近平会见乌干达总统穆塞韦尼，已为您更新到数据库
【新文章提醒】这是一则新的文章，名称为习近平会见中非总统图瓦德拉，已为您更新到数据库
【新文章提醒】这是一则新的文章，名称为 “一带一路”倡议开启中俄共同发展的新航程，已为您更新到数据库
【新文章提醒】这是一则新的文章，名称为习近平会见佛得角总理席尔瓦，已为您更新到数据库
【新文章提醒】这是一则新的文章，名称为习近平主席主持中非合作论坛北京峰会纪实，已为您更新到数据库
【新文章提醒】这是一则新的文章，名称为习近平向巴基斯坦新任总统阿尔维致贺电，已为您更新到数据库
【新文章提醒】这是一则新的文章，名称为习近平会见摩洛哥首相奥斯曼尼，已为您更新到数据库
【新文章提醒】这是一则新的文章，名称为习近平会见阿尔及利亚总理乌叶海亚，已为您更新到数据库
【新文章提醒】这是一则新的文章，名称为习近平会见津巴布韦总统姆南加古瓦 ，已为您更新到数据库
【新文章提醒】这是一则新的文章，名称为习近平会见圣多美和普林西比总理特罗瓦达 ，已为您更新到数据库
【新文章提醒】这是一则新的文章，名称为习近平会见几内亚比绍总统瓦斯，已为您更新到数据库
【新文章提醒】这是一则新的文章，名称为习近平会见突尼斯总理沙赫德，已为您更新到数据库
【新文章提醒】这是一则新的文章，名称为习近平同刚果共和国总统萨苏举行会谈 ，已为您更新到数据库
【新文章提醒】这是一则新的文章，名称为习近平会见非洲联盟委员会主席法基，已为您更新到数据库
【新文章提醒】这是一则新的文章，名称为习近平会见乍得总统代比 ，已为您更新到数据库
【新文章提醒】这是一则新的文章，名称为习近平会见马达加斯加总统埃里 ，已为您更新到数据库
【新文章提醒】这是一则新的文章，名称为习近平会见尼日利亚总统布哈里，已为您更新到数据库
【新文章提醒】这是一则新的文章，名称为国际社会积极评价中非合作论坛北京峰会取得圆满成功 ，已为您更新到数据库
【新文章提醒】这是一则新的文章，名称为习近平主持通过北京宣言和行动计划，已为您更新到数据库
【新文章提醒】这是一则新的文章，名称为习近平同中非合作论坛前任共同主席国和新任共同主席国元首共见记者，已为您更新到数据库
【新文章提醒】这是一则新的文章，名称为习近平同中非合作论坛前任和新任非方共同主席国元首共见记者时的讲话，已为您更新到数据库
【新文章提醒】这是一则新的文章，名称为关于构建更加紧密的中非命运共同体的北京宣言（全文） ，已为您更新到数据库
【新文章提醒】这是一则新的文章，名称为习近平会见卢旺达总统卡加梅，已为您更新到数据库
【新文章提醒】这是一则新的文章，名称为习近平会见肯尼亚总统肯雅塔 ，已为您更新到数据库
【新文章提醒】这是一则新的文章，名称为习近平总书记、国家主席特别代表栗战书将访问朝鲜 ，已为您更新到数据库
【新文章提醒】这是一则新的文章，名称为中非合作论坛北京峰会开幕式侧记，已为您更新到数据库
【新文章提醒】这是一则新的文章，名称为中非合作论坛北京峰会隆重开幕 习近平出席开幕式并发表主旨讲话，已为您更新到数据库
【新文章提醒】这是一则新的文章，名称为习近平出席中非领导人与工商界代表高层对话会暨第六届中非企业家大会开幕式并发表主旨演讲，已为您更新到数据库
【新文章提醒】这是一则新的文章，名称为习近平在2018年中非合作论坛北京峰会开幕式上的主旨讲话（全文），已为您更新到数据库
【新文章提醒】这是一则新的文章，名称为习近平和彭丽媛欢迎出席中非合作论坛北京峰会的外方领导人夫妇 ，已为您更新到数据库
【新文章提醒】这是一则新的文章，名称为习近平将出席2018年中非合作论坛北京峰会开幕式并发表主旨演讲，已为您更新到数据库
【新文章提醒】这是一则新的文章，名称为习近平会见吉布提总统盖莱，已为您更新到数据库
【新文章提醒】这是一则新的文章，名称为习近平会见埃塞俄比亚总理阿比，已为您更新到数据库
【新文章提醒】这是一则新的文章，名称为习近平会见安哥拉总统洛伦索，已为您更新到数据库
【新文章提醒】这是一则新的文章，名称为习近平会见联合国秘书长古特雷斯，已为您更新到数据库
【新文章提醒】这是一则新的文章，名称为习近平会见毛里塔尼亚总统阿齐兹，已为您更新到数据库
【新文章提醒】这是一则新的文章，名称为习近平会见塞内加尔总统萨勒，已为您更新到数据库
【新文章提醒】这是一则新的文章，名称为习近平会见赤道几内亚总统奥比昂，已为您更新到数据库
【新文章提醒】这是一则新的文章，名称为习近平会见毛里求斯总理贾格纳特，已为您更新到数据库
【新文章提醒】这是一则新的文章，名称为习近平会见纳米比亚总统根哥布，已为您更新到数据库
【新文章提醒】这是一则新的文章，名称为习近平会见苏丹总统巴希尔，已为您更新到数据库
【新文章提醒】这是一则新的文章，名称为习近平同埃及总统塞西举行会谈，已为您更新到数据库
【新文章提醒】这是一则新的文章，名称为习近平会见科摩罗总统阿扎利，已为您更新到数据库
【新文章提醒】这是一则新的文章，名称为习近平会见加蓬总统邦戈，已为您更新到数据库
【新文章提醒】这是一则新的文章，名称为习近平会见赞比亚总统伦古，已为您更新到数据库
【新文章提醒】这是一则新的文章，名称为习近平会见莫桑比克总统纽西，已为您更新到数据库
【新文章提醒】这是一则新的文章，名称为习近平同加纳总统阿库福-阿多举行会谈，已为您更新到数据库
【新文章提醒】这是一则新的文章，名称为听！习近平讲非洲故事，已为您更新到数据库
【新文章提醒】这是一则新的文章，名称为习近平会见利比里亚总统维阿，已为您更新到数据库
【新文章提醒】这是一则新的文章，名称为习近平会见马拉维总统穆塔里卡，已为您更新到数据库
【新文章提醒】这是一则新的文章，名称为习近平会见几内亚总统孔戴，已为您更新到数据库
【新文章提醒】这是一则新的文章，名称为习近平会见贝宁总统塔隆，已为您更新到数据库
【新文章提醒】这是一则新的文章，名称为习近平会见塞舌尔总统富尔，已为您更新到数据库
【新文章提醒】这是一则新的文章，名称为中华人民共和国主席令（第七号），已为您更新到数据库
【新文章提醒】这是一则新的文章，名称为中华人民共和国主席令（第九号），已为您更新到数据库
【新文章提醒】这是一则新的文章，名称为中华人民共和国主席令（第八号），已为您更新到数据库
【新文章提醒】这是一则新的文章，名称为习近平同布基纳法索总统卡博雷举行会谈，已为您更新到数据库
【新文章提醒】这是一则新的文章，名称为习近平会见南苏丹总统基尔，已为您更新到数据库
【新文章提醒】这是一则新的文章，名称为习近平会见尼日尔总统伊素福，已为您更新到数据库
【新文章提醒】这是一则新的文章，名称为习近平会见喀麦隆总统比亚，已为您更新到数据库
【新文章提醒】这是一则新的文章，名称为五年来，习近平这样说中非合作，已为您更新到数据库
【新文章提醒】这是一则新的文章，名称为习近平谈中非命运共同体金句：兄弟同心 其利断金，已为您更新到数据库
【新文章提醒】这是一则新的文章，名称为习近平会见索马里总统穆罕默德 ，已为您更新到数据库
【新文章提醒】这是一则新的文章，名称为习近平同博茨瓦纳总统马西西举行会谈 ，已为您更新到数据库
【新文章提醒】这是一则新的文章，名称为习近平同科特迪瓦总统瓦塔拉举行会谈，已为您更新到数据库
【新文章提醒】这是一则新的文章，名称为当中国梦遇上非洲梦，已为您更新到数据库
【新文章提醒】这是一则新的文章，名称为书中自有甜味道，听习近平讲述这本书的故事，已为您更新到数据库
【新文章提醒】这是一则新的文章，名称为习近平同塞拉利昂总统比奥举行会谈，已为您更新到数据库
【新文章提醒】这是一则新的文章，名称为习近平给中央美术学院老教授回信，已为您更新到数据库
【新文章提醒】这是一则新的文章，名称为聆听中非命运交响曲的“动人回响"​ ，已为您更新到数据库
【新文章提醒】这是一则新的文章，名称为第十次侨代会代表与特邀嘉宾热议党中央致词，已为您更新到数据库
【新文章提醒】这是一则新的文章，名称为第十次全国归侨侨眷代表大会开幕 习近平等到会祝贺，已为您更新到数据库
【新文章提醒】这是一则新的文章，名称为聚焦中非合作论坛北京峰会四个看点，已为您更新到数据库
【新文章提醒】这是一则新的文章，名称为习近平给参加“一带一路”青年创意与遗产论坛的青年代表回信，已为您更新到数据库
【新文章提醒】这是一则新的文章，名称为国际人士积极评价习近平主席在推进“一带一路”建设工作5周年座谈会上的重要讲话，已为您更新到数据库
【新文章提醒】这是一则新的文章，名称为今年最大主场外交 习近平将发表重要主旨讲话，已为您更新到数据库
【新文章提醒】这是一则新的文章，名称为习近平妙喻共建“一带一路”，已为您更新到数据库
【新文章提醒】这是一则新的文章，名称为习近平：共同呵护好孩子的眼睛 让他们拥有一个光明的未来，已为您更新到数据库
【新文章提醒】这是一则新的文章，名称为习近平向2018年“一带一路”知识产权高级别会议致贺信，已为您更新到数据库
【新文章提醒】这是一则新的文章，名称为从“大写意”到“工笔画” “一带一路”今后这么建设，已为您更新到数据库
【新文章提醒】这是一则新的文章，名称为画好共建“一带一路”“工笔画”，已为您更新到数据库
【新文章提醒】这是一则新的文章，名称为习近平“一带一路”5周年座谈会金句速览，已为您更新到数据库
【新文章提醒】这是一则新的文章，名称为习近平：推动共建“一带一路”走深走实造福人民，已为您更新到数据库
【新文章提醒】这是一则新的文章，名称为“一带一路”倡议五周年大事记，已为您更新到数据库
【新文章提醒】这是一则新的文章，名称为习近平主席特使苏辉会见津巴布韦总统姆南加古瓦，已为您更新到数据库
【新文章提醒】这是一则新的文章，名称为“一带一路” 越走越宽，已为您更新到数据库
【新文章提醒】这是一则新的文章，名称为习近平主席提出“一带一路”倡议5周年记，已为您更新到数据库
【新文章提醒】这是一则新的文章，名称为习近平对三位同志壮烈牺牲作出重要指示，已为您更新到数据库
【新文章提醒】这是一则新的文章，名称为习近平同伊拉克总统马苏姆就中伊建交60周年互致贺电，已为您更新到数据库
【新文章提醒】这是一则新的文章，名称为五年来，习近平这样推进“一带一路”建设，已为您更新到数据库
【新文章提醒】这是一则新的文章，名称为坚持党的领导 服务伟大时代，已为您更新到数据库
【新文章提醒】这是一则新的文章，名称为中央全面依法治国委员会首次亮相有何看点？，已为您更新到数据库
【新文章提醒】这是一则新的文章，名称为习近平：加强党对全面依法治国的集中统一领导 更好发挥法治固根本稳预期利长远的保障作用，已为您更新到数据库
【新文章提醒】这是一则新的文章，名称为中央宣传思想文化单位干部职工学习习近平总书记重要讲话畅谈新时代新使命，已为您更新到数据库
【新文章提醒】这是一则新的文章，名称为强起来！习近平为新形势下宣传思想工作划重点，已为您更新到数据库
【新文章提醒】这是一则新的文章，名称为习近平向首届中国国际智能产业博览会致贺信，已为您更新到数据库
【新文章提醒】这是一则新的文章，名称为习近平：更好完成新形势下宣传思想工作使命任务，已为您更新到数据库
【新文章提醒】这是一则新的文章，名称为如何做好新形势下宣传思想工作 习近平作出最新指示，已为您更新到数据库
【新文章提醒】这是一则新的文章，名称为外交部就习近平主席主持2018年中非合作论坛北京峰会举行中外媒体吹风会 ，已为您更新到数据库
【新文章提醒】这是一则新的文章，名称为全面加强我军党的领导和党的建设 奋力开创强军兴军新局面，已为您更新到数据库
【新文章提醒】这是一则新的文章，名称为习近平眼中的新闻舆论工作，已为您更新到数据库
【新文章提醒】这是一则新的文章，名称为做好宣传思想工作，习近平提出要因势而谋应势而动顺势而为​，已为您更新到数据库
【新文章提醒】这是一则新的文章，名称为​把我军党的领导和党的建设工作抓得更紧更实，已为您更新到数据库
【新文章提醒】这是一则新的文章，名称为全国新闻舆论战线新作为新气象，已为您更新到数据库
【新文章提醒】这是一则新的文章，名称为习近平会见马来西亚总理马哈蒂尔，已为您更新到数据库
【新文章提醒】这是一则新的文章，名称为习近平会见越共中央政治局委员、中央书记处常务书记陈国旺，已为您更新到数据库
【新文章提醒】这是一则新的文章，名称为习近平就安南逝世向联合国秘书长致慰问电，已为您更新到数据库
【新文章提醒】这是一则新的文章，名称为习近平将主持2018年中非合作论坛北京峰会并举行相关活动，已为您更新到数据库
【新文章提醒】这是一则新的文章，名称为谈建设体育强国，习近平总书记这些论述掷地有声，已为您更新到数据库
【新文章提醒】这是一则新的文章，名称为这个群体，习近平时常在@他们 ，已为您更新到数据库
【新文章提醒】这是一则新的文章，名称为习近平这样弘扬爱国情怀，已为您更新到数据库
【新文章提醒】这是一则新的文章，名称为习近平十八大以来关于“宣传思想工作”精彩论述摘编，已为您更新到数据库
【新文章提醒】这是一则新的文章，名称为保障人民健康安全，习近平总书记这样说，已为您更新到数据库
【新文章提醒】这是一则新的文章，名称为习近平主席特使孙春兰出席第18届亚运会开幕式，已为您更新到数据库
【新文章提醒】这是一则新的文章，名称为弘扬救死扶伤的人道主义精神 不断为增进人民健康作出新贡献，已为您更新到数据库
【新文章提醒】这是一则新的文章，名称为在党的旗帜下奋进强军新时代，已为您更新到数据库
【新文章提醒】这是一则新的文章，名称为习近平对首个“中国医师节”作出重要指示，已为您更新到数据库
【新文章提醒】这是一则新的文章，名称为关于扶贫，习近平这些话言犹在耳，已为您更新到数据库
【新文章提醒】这是一则新的文章，名称为​习近平主持政治局常委会会议 听取长春长生问题疫苗案情况汇报，已为您更新到数据库
【新文章提醒】这是一则新的文章，名称为习近平向柬埔寨人民党主席洪森致贺电，已为您更新到数据库
【新文章提醒】这是一则新的文章，名称为《习近平扶贫论述摘编》出版发行，已为您更新到数据库
【新文章提醒】这是一则新的文章，名称为习近平时间|让守信者受益 失信者受限，已为您更新到数据库
【新文章提醒】这是一则新的文章，名称为习近平心系防汛抢险救灾，已为您更新到数据库
【新文章提醒】这是一则新的文章，名称为习近平谈国家安全：“备豫不虞，为国常道”，已为您更新到数据库
【新文章提醒】这是一则新的文章，名称为习近平的2018：7月关键词——大道，已为您更新到数据库
【新文章提醒】这是一则新的文章，名称为习近平以实干精神筑牢改革之基，已为您更新到数据库
【新文章提醒】这是一则新的文章，名称为聚焦中国经济新亮点，已为您更新到数据库
【新文章提醒】这是一则新的文章，名称为醒脑！听习近平讲长江经济带这几个“故事”，已为您更新到数据库
【新文章提醒】这是一则新的文章，名称为习近平以创新点燃改革引擎，已为您更新到数据库
【新文章提醒】这是一则新的文章，名称为宣言：改革开放天地宽，已为您更新到数据库
【新文章提醒】这是一则新的文章，名称为习近平引领中国经济行稳致远，已为您更新到数据库
【新文章提醒】这是一则新的文章，名称为长江村里话长江，已为您更新到数据库
【新文章提醒】这是一则新的文章，名称为习近平寄语知识分子，已为您更新到数据库
【新文章提醒】这是一则新的文章，名称为无信不立 习近平为何重视诚信，已为您更新到数据库
【新文章提醒】这是一则新的文章，名称为共建“一带一路”5年成果综述之一，已为您更新到数据库
【新文章提醒】这是一则新的文章，名称为习近平改革“喻”言，已为您更新到数据库
【新文章提醒】这是一则新的文章，名称为习近平主席特使孙春兰将出席第18届亚运会开幕式，已为您更新到数据库
【新文章提醒】这是一则新的文章，名称为习近平谱写新时代的“长江之歌”，已为您更新到数据库
【新文章提醒】这是一则新的文章，名称为宣言文章为何刷屏？穿越“风雨”说信心，已为您更新到数据库
【新文章提醒】这是一则新的文章，名称为国家主席习近平任免驻外大使，已为您更新到数据库
【新文章提醒】这是一则新的文章，名称为习近平主席特使李小鹏出席哥伦比亚总统权力交接仪式，已为您更新到数据库
【新文章提醒】这是一则新的文章，名称为宣言：风雨无阻创造美好生活，已为您更新到数据库
【新文章提醒】这是一则新的文章，名称为习近平推崇的那些奋斗者，已为您更新到数据库
【新文章提醒】这是一则新的文章，名称为十九大后，习近平推进全面深改诸多细节，已为您更新到数据库
【新文章提醒】这是一则新的文章，名称为习近平对王继才同志先进事迹作出重要指示，已为您更新到数据库
【新文章提醒】这是一则新的文章，名称为这件事，十九大后习近平多次提及，已为您更新到数据库
【新文章提醒】这是一则新的文章，名称为【图解】深改大棋局，下一招落这儿，已为您更新到数据库
【新文章提醒】这是一则新的文章，名称为党的十九大以来以习近平同志为核心的党中央坚定不移推进全面深化改革述评，已为您更新到数据库
【新文章提醒】这是一则新的文章，名称为习主席视察过的武器装备，已为您更新到数据库
【新文章提醒】这是一则新的文章，名称为习近平引领科技强军路，已为您更新到数据库
【新文章提醒】这是一则新的文章，名称为开展人文大交流 筑牢金砖合作民意基础，已为您更新到数据库
【新文章提醒】这是一则新的文章，名称为受习近平委托 陈希看望北戴河暑期休假专家，已为您更新到数据库
【新文章提醒】这是一则新的文章，名称为热血沸腾！看习近平强军关键词，已为您更新到数据库
【新文章提醒】这是一则新的文章，名称为习近平主席特使李小鹏将出席哥伦比亚总统权力交接仪式 ，已为您更新到数据库
【新文章提醒】这是一则新的文章，名称为爱国，奋斗，建功立业！习近平@知识分子，已为您更新到数据库
【新文章提醒】这是一则新的文章，名称为发出捍卫多边主义的金砖声音，已为您更新到数据库
【新文章提醒】这是一则新的文章，名称为提高政策的前瞻性、灵活性、有效性，已为您更新到数据库
【新文章提醒】这是一则新的文章，名称为“稳中有变”怎么办？习近平主持的中央政治局会议提出六项要求，已为您更新到数据库
【新文章提醒】这是一则新的文章，名称为从中央政治局会议看下半年中国经济六大信号，已为您更新到数据库
【新文章提醒】这是一则新的文章，名称为习主席点赞的“兵”，已为您更新到数据库
【新文章提醒】这是一则新的文章，名称为中共中央召开党外人士座谈会 习近平主持并发表重要讲话，已为您更新到数据库
【新文章提醒】这是一则新的文章，名称为习近平：坚定决心意志增强工作合力 坚决做好全面停止军队有偿服务工作，已为您更新到数据库
【新文章提醒】这是一则新的文章，名称为中共中央政治局召开会议 习近平主持会议，已为您更新到数据库
【新文章提醒】这是一则新的文章，名称为献给中国人民解放军建军91周年，已为您更新到数据库
【新文章提醒】这是一则新的文章，名称为王继才：忠魂长守开山岛，已为您更新到数据库
【新文章提醒】这是一则新的文章，名称为新华国际时评：习主席亚非之行有“四新”，已为您更新到数据库
【新文章提醒】这是一则新的文章，名称为记习近平主席出席金砖国家领导人第十次会晤，已为您更新到数据库
【新文章提醒】这是一则新的文章，名称为习近平主席访问中东非洲五国纪实，已为您更新到数据库
【新文章提醒】这是一则新的文章，名称为习近平结束对阿拉伯联合酋长国、塞内加尔共和国、卢旺达共和国、南非共和国国事访问，出席金砖国家领导人第十次会晤，过境毛里求斯共和国并进行友好访问回到北京，已为您更新到数据库
【新文章提醒】这是一则新的文章，名称为习近平会见毛里求斯总理贾格纳特，已为您更新到数据库
【新文章提醒】这是一则新的文章，名称为习近平抵达毛里求斯共和国过境并进行友好访问，已为您更新到数据库
【新文章提醒】这是一则新的文章，名称为习近平主席亚非之行：相知无远近 万里尚为邻，已为您更新到数据库
【新文章提醒】这是一则新的文章，名称为毛里求斯各界积极评价习近平主席访问，已为您更新到数据库
【新文章提醒】这是一则新的文章，名称为习近平出席“金砖+”领导人对话会，已为您更新到数据库
【新文章提醒】这是一则新的文章，名称为习近平出席纪念金砖国家领导人会晤10周年非正式会议，已为您更新到数据库
【新文章提醒】这是一则新的文章，名称为习近平同俄罗斯总统普京举行会晤，已为您更新到数据库
【新文章提醒】这是一则新的文章，名称为习近平会见印度总理莫迪，已为您更新到数据库
【新文章提醒】这是一则新的文章，名称为习近平会见阿根廷总统马克里，已为您更新到数据库
【新文章提醒】这是一则新的文章，名称为习近平会见土耳其总统埃尔多安，已为您更新到数据库
【新文章提醒】这是一则新的文章，名称为习近平会见乌干达总统穆塞韦尼，已为您更新到数据库
【新文章提醒】这是一则新的文章，名称为顺应时代潮流，再创“金色十年”，已为您更新到数据库
【新文章提醒】这是一则新的文章，名称为平衡生态保护与经济发展，长江经济带面临这些挑战，已为您更新到数据库
【新文章提醒】这是一则新的文章，名称为习近平出席金砖国家领导人第十次会晤并发表重要讲话，已为您更新到数据库
【新文章提醒】这是一则新的文章，名称为习近平在金砖国家领导人约翰内斯堡会晤大范围会议上的讲话（全文），已为您更新到数据库
【新文章提醒】这是一则新的文章，名称为习近平会见巴西总统特梅尔，已为您更新到数据库
【新文章提醒】这是一则新的文章，名称为习主席金砖金句：推动金砖合作再出发！，已为您更新到数据库
【新文章提醒】这是一则新的文章，名称为金砖国家领导人第十次会晤约翰内斯堡宣言（全文），已为您更新到数据库
【新文章提醒】这是一则新的文章，名称为习近平出席金砖国家工商论坛并发表重要讲话，已为您更新到数据库
【新文章提醒】这是一则新的文章，名称为习近平和南非总统拉马福萨共同出席中南科学家高级别对话会开幕式，已为您更新到数据库
【新文章提醒】这是一则新的文章，名称为习近平在金砖国家工商论坛上的讲话（全文），已为您更新到数据库
【新文章提醒】这是一则新的文章，名称为带着厦门金砖记忆而来，已为您更新到数据库
【新文章提醒】这是一则新的文章，名称为在第二个“金色十年”里实现新的飞跃，已为您更新到数据库
【新文章提醒】这是一则新的文章，名称为习近平同南非总统拉马福萨举行会谈，已为您更新到数据库
【新文章提醒】这是一则新的文章，名称为乡村振兴战略开局有力 农业农村发展亮点频现，已为您更新到数据库
【新文章提醒】这是一则新的文章，名称为习近平出席拉马福萨总统举行的欢迎暨庆祝中南建交20周年晚宴，已为您更新到数据库
【新文章提醒】这是一则新的文章，名称为一起用科技力量探索新知，已为您更新到数据库
【新文章提醒】这是一则新的文章，名称为习近平抵达比勒陀利亚开始对南非共和国进行国事访问，已为您更新到数据库
【新文章提醒】这是一则新的文章，名称为习近平向第五届中非民间论坛致贺信，已为您更新到数据库
【新文章提醒】这是一则新的文章，名称为习近平《携手推进新时代中阿战略伙伴关系》单行本出版，已为您更新到数据库
【新文章提醒】这是一则新的文章，名称为开辟金砖合作更加美好未来，已为您更新到数据库
【新文章提醒】这是一则新的文章，名称为习近平署名文章在南非反响热烈，已为您更新到数据库
【新文章提醒】这是一则新的文章，名称为习近平同卢旺达总统卡加梅举行会谈，已为您更新到数据库
【新文章提醒】这是一则新的文章，名称为习近平对吉林长春长生生物疫苗案件作出重要指示，已为您更新到数据库
【新文章提醒】这是一则新的文章，名称为习近平的达喀尔时间：一枚勋章、一份文件、一把钥匙，已为您更新到数据库
【新文章提醒】这是一则新的文章，名称为习近平抵达基加利开始对卢旺达共和国进行国事访问，已为您更新到数据库
【新文章提醒】这是一则新的文章，名称为习近平同塞内加尔总统萨勒共同出席塞内加尔竞技摔跤场项目移交仪式，已为您更新到数据库
【新文章提醒】这是一则新的文章，名称为习近平主席署名文章在卢旺达引起热烈反响，已为您更新到数据库
【新文章提醒】这是一则新的文章，名称为推动中南关系更好更快向前发展，已为您更新到数据库
【新文章提醒】这是一则新的文章，名称为书写中南互利共赢的精彩故事，已为您更新到数据库
【新文章提醒】这是一则新的文章，名称为习近平在南非媒体发表署名文章，已为您更新到数据库
【新文章提醒】这是一则新的文章，名称为访卢旺达总统卡加梅，已为您更新到数据库
【新文章提醒】这是一则新的文章，名称为习近平同塞内加尔总统萨勒举行会谈，已为您更新到数据库
【新文章提醒】这是一则新的文章，名称为习近平抵达达喀尔开始对塞内加尔共和国进行国事访问，已为您更新到数据库
【新文章提醒】这是一则新的文章，名称为习近平会见阿联酋阿布扎比王储穆罕默德，已为您更新到数据库
【新文章提醒】这是一则新的文章，名称为习近平在卢旺达媒体发表署名文章，已为您更新到数据库
【新文章提醒】这是一则新的文章，名称为习近平同阿联酋副总统兼总理、阿布扎比王储举行会谈，已为您更新到数据库
【新文章提醒】这是一则新的文章，名称为中阿关于建立全面战略伙伴关系的联合声明，已为您更新到数据库
【新文章提醒】这是一则新的文章，名称为习近平署名文章在塞内加尔引起热烈反响，已为您更新到数据库
【新文章提醒】这是一则新的文章，名称为“中非关系”为何“非”比寻常？习近平这样说，已为您更新到数据库
【新文章提醒】这是一则新的文章，名称为习近平同柬埔寨国王西哈莫尼互致贺电，已为您更新到数据库
【新文章提醒】这是一则新的文章，名称为习近平抵达阿布扎比开始对阿拉伯联合酋长国进行国事访问，已为您更新到数据库
【新文章提醒】这是一则新的文章，名称为推进“八八战略”再深化、改革开放再出发，已为您更新到数据库
【新文章提醒】这是一则新的文章，名称为习主席要去的这几个国家什么样？，已为您更新到数据库
【新文章提醒】这是一则新的文章，名称为习近平在塞内加尔媒体发表署名文章，已为您更新到数据库
【新文章提醒】这是一则新的文章，名称为习近平署名文章在阿联酋引起强烈共鸣，已为您更新到数据库
【新文章提醒】这是一则新的文章，名称为习近平对防汛抢险救灾工作作出重要指示，已为您更新到数据库
【新文章提醒】这是一则新的文章，名称为习近平对毕节试验区工作作出重要指示，已为您更新到数据库
【新文章提醒】这是一则新的文章，名称为热情似火！阿联酋期盼习主席来访，已为您更新到数据库
【新文章提醒】这是一则新的文章，名称为习近平离京对阿拉伯联合酋长国、塞内加尔共和国、卢旺达共和国、南非共和国进行国事访问，出席金砖国家领导人第十次会晤，过境毛里求斯共和国并进行友好访问，已为您更新到数据库
【新文章提醒】这是一则新的文章，名称为中央军委主席习近平签署通令给3名个人记功，已为您更新到数据库
【新文章提醒】这是一则新的文章，名称为阿联酋各界高度关注习近平主席访问 期待两国更紧密合作，已为您更新到数据库
【新文章提醒】这是一则新的文章，名称为一带一路，中国与阿联酋共同发展和复兴之路，已为您更新到数据库
【新文章提醒】这是一则新的文章，名称为创造中阿合作共赢新历史，已为您更新到数据库
【新文章提醒】这是一则新的文章，名称为习近平在阿联酋媒体发表署名文章，已为您更新到数据库
【新文章提醒】这是一则新的文章，名称为浙江践行“八八战略”纪实，已为您更新到数据库
【新文章提醒】这是一则新的文章，名称为“八八战略”成为浙江发展金钥匙，已为您更新到数据库
【新文章提醒】这是一则新的文章，名称为三场外事会见，习近平传递出哪些重要信息？，已为您更新到数据库
【新文章提醒】这是一则新的文章，名称为访中国驻阿联酋大使倪坚，已为您更新到数据库
【新文章提醒】这是一则新的文章，名称为5年来，习近平这样说“金砖”，已为您更新到数据库
【新文章提醒】这是一则新的文章，名称为习近平会见欧洲理事会主席图斯克和欧盟委员会主席容克，已为您更新到数据库
【新文章提醒】这是一则新的文章，名称为习近平会见世界银行行长金墉，已为您更新到数据库
【新文章提醒】这是一则新的文章，名称为习近平会见联合国教科文组织总干事阿祖莱，已为您更新到数据库
【新文章提醒】这是一则新的文章，名称为习近平向尼雷尔领导力学院奠基仪式致贺信，已为您更新到数据库
【新文章提醒】这是一则新的文章，名称为深刻改变中国影响世界的伟大社会革命，已为您更新到数据库
【新文章提醒】这是一则新的文章，名称为落实新时代好干部标准 习近平总书记这样说，已为您更新到数据库
【新文章提醒】这是一则新的文章，名称为提前看！习近平主席今年首次出访，已为您更新到数据库
【新文章提醒】这是一则新的文章，名称为打开了解新时代中国的窗口，已为您更新到数据库
【新文章提醒】这是一则新的文章，名称为“一带一路”建设承载共同发展的热望，已为您更新到数据库
【新文章提醒】这是一则新的文章，名称为《习近平谈治国理政》中阿读者会在阿联酋举行，已为您更新到数据库
【新文章提醒】这是一则新的文章，名称为习近平就巴基斯坦发生严重恐怖袭击事件向巴基斯坦总统侯赛因致慰问电，已为您更新到数据库
【新文章提醒】这是一则新的文章，名称为台湾舆论热议习近平对台重要讲话，已为您更新到数据库
【新文章提醒】这是一则新的文章，名称为习近平“四个坚定不移”为两岸关系定向导航，已为您更新到数据库
【新文章提醒】这是一则新的文章，名称为习近平：提高关键核心技术创新能力 为我国发展提供有力科技保障，已为您更新到数据库
【新文章提醒】这是一则新的文章，名称为习近平会见连战一行，已为您更新到数据库
【新文章提醒】这是一则新的文章，名称为外交部就习近平主席对阿联酋、塞内加尔、卢旺达和南非进行国事访问，出席金砖国家领导人第十次会晤，过境毛里求斯并进行友好访问举行中外媒体吹风会，已为您更新到数据库
【新文章提醒】这是一则新的文章，名称为习近平七到晋江，已为您更新到数据库
【新文章提醒】这是一则新的文章，名称为前瞻：谱写团结合作、共谋发展的新篇章，已为您更新到数据库
【新文章提醒】这是一则新的文章，名称为为构建中阿命运共同体绘就美好蓝图，已为您更新到数据库
【新文章提醒】这是一则新的文章，名称为习近平主席中东非洲之行前瞻 ，已为您更新到数据库
【新文章提醒】这是一则新的文章，名称为习近平将出席金砖峰会并访问五国，已为您更新到数据库
【新文章提醒】这是一则新的文章，名称为习近平对推进中央和国家机关党的政治建设作出重要指示，已为您更新到数据库
【新文章提醒】这是一则新的文章，名称为打造“升级版”中阿关系，习近平这么擘画，已为您更新到数据库
【新文章提醒】这是一则新的文章，名称为为中阿关系未来发展指明方向，已为您更新到数据库
【新文章提醒】这是一则新的文章，名称为走向海洋强国 看中国海洋新航程如何提速，已为您更新到数据库
【新文章提醒】这是一则新的文章，名称为是怎样一种信念，让习近平念兹在兹，已为您更新到数据库
【新文章提醒】这是一则新的文章，名称为共建中阿利益和命运共同体，已为您更新到数据库
【新文章提醒】这是一则新的文章，名称为习近平在中阿合作论坛第八届部长级会议开幕式上的讲话，已为您更新到数据库
【新文章提醒】这是一则新的文章，名称为习近平主席用这些古语谚语讲述中阿关系，已为您更新到数据库
【新文章提醒】这是一则新的文章，名称为习近平出席中阿合作论坛第八届部长级会议开幕式并发表重要讲话，已为您更新到数据库
【新文章提醒】这是一则新的文章，名称为提振脱贫精气神，已为您更新到数据库
【新文章提醒】这是一则新的文章，名称为中华人民共和国和科威特国关于建立战略伙伴关系的联合声明，已为您更新到数据库
【新文章提醒】这是一则新的文章，名称为《习近平谈治国理政》缅文版首发式暨中缅治国理政研讨会在缅举行，已为您更新到数据库
【新文章提醒】这是一则新的文章，名称为习近平同科威特埃米尔萨巴赫举行会谈，已为您更新到数据库
【新文章提醒】这是一则新的文章，名称为习近平主席任免驻外大使，已为您更新到数据库
【新文章提醒】这是一则新的文章，名称为习近平同卡塔尔埃米尔塔米姆互致贺电 庆祝两国建交30周年，已为您更新到数据库
【新文章提醒】这是一则新的文章，名称为这个让习近平如此重视的经验是什么？，已为您更新到数据库
【新文章提醒】这是一则新的文章，名称为心手相连，习近平引领构建中阿命运共同体，已为您更新到数据库
【新文章提醒】这是一则新的文章，名称为中国诚信建设深度调查，已为您更新到数据库
【新文章提醒】这是一则新的文章，名称为“晋江经验”启示录，已为您更新到数据库
【新文章提醒】这是一则新的文章，名称为习近平向生态文明贵阳国际论坛2018年年会致贺信，已为您更新到数据库
【新文章提醒】这是一则新的文章，名称为《习近平谈治国理政》第一卷中、英文版电子书上线，已为您更新到数据库
【新文章提醒】这是一则新的文章，名称为习近平：激发制度活力激活基层经验激励干部作为 扎扎实实把全面深化改革推向深入，已为您更新到数据库
【新文章提醒】这是一则新的文章，名称为习近平对泰国普吉游船倾覆事故作出重要指示，已为您更新到数据库
【新文章提醒】这是一则新的文章，名称为习近平：增强饮水思源不忘党恩意识 弘扬为党分忧先富帮后富精神，已为您更新到数据库
【新文章提醒】这是一则新的文章，名称为习近平总书记在全国组织工作会议上的重要讲话引起热烈反响，已为您更新到数据库
【新文章提醒】这是一则新的文章，名称为习近平将出席中国－阿拉伯国家合作论坛第八届部长级会议开幕式并发表重要讲话，已为您更新到数据库
【新文章提醒】这是一则新的文章，名称为习近平：把实施乡村振兴战略摆在优先位置 让乡村振兴成为全党全社会的共同行动，已为您更新到数据库
【新文章提醒】这是一则新的文章，名称为习近平：领导干部要多读一点历史，已为您更新到数据库
【新文章提醒】这是一则新的文章，名称为新时代党的组织路线 习近平一锤定音，已为您更新到数据库
【新文章提醒】这是一则新的文章，名称为“11211”，习近平谈新时代党的组织路线，已为您更新到数据库
【新文章提醒】这是一则新的文章，名称为习近平会见俄罗斯联邦委员会主席马特维延科，已为您更新到数据库
【新文章提醒】这是一则新的文章，名称为习近平：切实贯彻落实新时代党的组织路线 全党努力把党建设得更加坚强有力，已为您更新到数据库
【新文章提醒】这是一则新的文章，名称为习近平致信祝贺《求是》暨《红旗》杂志创刊60周年，已为您更新到数据库
【新文章提醒】这是一则新的文章，名称为习近平谈初心，已为您更新到数据库
【新文章提醒】这是一则新的文章，名称为学访习近平“三农”思想的浙江实践，已为您更新到数据库
【新文章提醒】这是一则新的文章，名称为习近平对上合组织青岛峰会成功举办作出重要指示，已为您更新到数据库
【新文章提醒】这是一则新的文章，名称为习近平同团中央新一届领导班子成员集体谈话，已为您更新到数据库
【新文章提醒】这是一则新的文章，名称为汇聚起新时代榜样的力量，已为您更新到数据库
【新文章提醒】这是一则新的文章，名称为习近平致电祝贺非洲联盟第31届首脑会议召开，已为您更新到数据库
【新文章提醒】这是一则新的文章，名称为习近平这样庆祝党的97岁生日，已为您更新到数据库
【新文章提醒】这是一则新的文章，名称为香港，同祖国共同发展，已为您更新到数据库
【新文章提醒】这是一则新的文章，名称为写在中国共产党成立97周年之际，已为您更新到数据库
【新文章提醒】这是一则新的文章，名称为献给新时代的中国共产党人，已为您更新到数据库
【新文章提醒】这是一则新的文章，名称为香港经济社会发展一年间焕发新气象，已为您更新到数据库
【新文章提醒】这是一则新的文章，名称为（受权发布）2017年中国共产党党内统计公报，已为您更新到数据库
【新文章提醒】这是一则新的文章，名称为习近平：把党的政治建设作为党的根本性建设 为党不断从胜利走向胜利提供重要保证，已为您更新到数据库
【新文章提醒】这是一则新的文章，名称为习近平向土耳其当选总统埃尔多安致贺电，已为您更新到数据库
【新文章提醒】这是一则新的文章，名称为习近平主持中共中央政治局会议 审议重要文件，已为您更新到数据库
【新文章提醒】这是一则新的文章，名称为献给中国共产党成立97周年，已为您更新到数据库
【新文章提醒】这是一则新的文章，名称为习近平会见美国国防部长马蒂斯，已为您更新到数据库
【新文章提醒】这是一则新的文章，名称为共青团十八大开幕侧记，已为您更新到数据库
【新文章提醒】这是一则新的文章，名称为深山苗寨，见证中老两党两国交往的一段佳话，已为您更新到数据库
【新文章提醒】这是一则新的文章，名称为习近平讲故事：一个有希望的民族不能没有英雄，已为您更新到数据库
【新文章提醒】这是一则新的文章，名称为共青团十八大代表分组讨论党中央致词，已为您更新到数据库
【新文章提醒】这是一则新的文章，名称为习近平写信勉励新近入党的电影表演艺术家牛犇，已为您更新到数据库
【新文章提醒】这是一则新的文章，名称为中国共产主义青年团第十八次全国代表大会在京开幕，已为您更新到数据库
【新文章提醒】这是一则新的文章，名称为字字珠玑！习近平为青年传“经”授“诀”，已为您更新到数据库
【新文章提醒】这是一则新的文章，名称为如何做好共青团工作？习近平指明前行方向，已为您更新到数据库
【新文章提醒】这是一则新的文章，名称为习近平总书记关心关怀青年和青年工作纪实，已为您更新到数据库
【新文章提醒】这是一则新的文章，名称为习近平就禁毒工作作出重要指示，已为您更新到数据库
【新文章提醒】这是一则新的文章，名称为习近平会见法国总理菲利普，已为您更新到数据库
【新文章提醒】这是一则新的文章，名称为中共中央国务院关于全面加强生态环境保护 坚决打好污染防治攻坚战的意见，已为您更新到数据库
【新文章提醒】这是一则新的文章，名称为“为人类共同发展和繁荣提供中国方案”，已为您更新到数据库
【新文章提醒】这是一则新的文章，名称为让良好生态环境成为幸福生活的增长点，已为您更新到数据库
【新文章提醒】这是一则新的文章，名称为党的十九大以来以习近平同志为核心的党中央运筹中国特色大国外交述评，已为您更新到数据库
【新文章提醒】这是一则新的文章，名称为中国扶贫启迪世界，已为您更新到数据库
【新文章提醒】这是一则新的文章，名称为习近平：努力开创中国特色大国外交新局面，已为您更新到数据库
【新文章提醒】这是一则新的文章，名称为习近平的这些话非常重要，已为您更新到数据库
【新文章提醒】这是一则新的文章，名称为王毅：习近平主席将出席金砖国家领导人会晤，已为您更新到数据库
【新文章提醒】这是一则新的文章，名称为习近平与厦门的几个鲜为人知的故事，已为您更新到数据库
【新文章提醒】这是一则新的文章，名称为习近平会见巴布亚新几内亚总理奥尼尔，已为您更新到数据库
【新文章提醒】这是一则新的文章，名称为习近平会见出席“全球首席执行官委员会”特别圆桌峰会外方代表并座谈，已为您更新到数据库
【新文章提醒】这是一则新的文章，名称为习近平讲故事：13亿多中国人要发愤图强，已为您更新到数据库
【新文章提醒】这是一则新的文章，名称为百日内三度会晤的启示，已为您更新到数据库
【新文章提醒】这是一则新的文章，名称为习近平接受十三国新任驻华大使递交国书，已为您更新到数据库
【新文章提醒】这是一则新的文章，名称为习近平会见尼泊尔总理奥利，已为您更新到数据库
【新文章提醒】这是一则新的文章，名称为习近平会见朝鲜劳动党委员长金正恩，已为您更新到数据库
【新文章提醒】这是一则新的文章，名称为习近平提出这“六大原则”，缘于深邃的思考和生动的实践，已为您更新到数据库
【新文章提醒】这是一则新的文章，名称为中华人民共和国和多民族玻利维亚国关于建立战略伙伴关系的联合声明，已为您更新到数据库
【新文章提醒】这是一则新的文章，名称为习近平同朝鲜劳动党委员长金正恩举行会谈，已为您更新到数据库
【新文章提醒】这是一则新的文章，名称为习近平同玻利维亚总统莫拉莱斯举行会谈，已为您更新到数据库
【新文章提醒】这是一则新的文章，名称为以古鉴今，习近平多次提及屈原，已为您更新到数据库
【新文章提醒】这是一则新的文章，名称为习近平与父亲的家国情，已为您更新到数据库
【新文章提醒】这是一则新的文章，名称为习近平致信祝贺人民日报创刊70周年，已为您更新到数据库
【新文章提醒】这是一则新的文章，名称为习近平《在深入推动长江经济带发展座谈会上的讲话》单行本出版，已为您更新到数据库
【新文章提醒】这是一则新的文章，名称为习近平应约同俄罗斯总统普京通电话，已为您更新到数据库
【新文章提醒】这是一则新的文章，名称为习近平：锻造海上精兵劲旅，已为您更新到数据库
【新文章提醒】这是一则新的文章，名称为习近平山东考察，这几个关键词值得深思，已为您更新到数据库
【新文章提醒】这是一则新的文章，名称为习近平谈建设海洋强国，已为您更新到数据库
【新文章提醒】这是一则新的文章，名称为俄罗斯总统普京会见习近平主席特使、国务院副总理孙春兰，已为您更新到数据库
【新文章提醒】这是一则新的文章，名称为第21届世界杯足球赛在俄罗斯莫斯科开幕 国家主席习近平特使孙春兰出席开幕式，已为您更新到数据库
【新文章提醒】这是一则新的文章，名称为扬起时代风帆 开启全新征程，已为您更新到数据库
【新文章提醒】这是一则新的文章，名称为习近平总书记在山东考察回访记，已为您更新到数据库
【新文章提醒】这是一则新的文章，名称为习近平会见美国国务卿蓬佩奥，已为您更新到数据库
【新文章提醒】这是一则新的文章，名称为习近平在山东考察时强调切实把新发展理念落到实处 不断增强经济社会发展创新力，已为您更新到数据库
【新文章提醒】这是一则新的文章，名称为习近平：创新是我们能否过坎的关键，已为您更新到数据库
【新文章提醒】这是一则新的文章，名称为习近平致信祝贺中国福利会成立80周年，已为您更新到数据库
【新文章提醒】这是一则新的文章，名称为习近平：国企一定要改革，抱残守缺不行，已为您更新到数据库
【新文章提醒】这是一则新的文章，名称为习近平在深入推动长江经济带发展座谈会上的讲话，已为您更新到数据库
【新文章提醒】这是一则新的文章，名称为习近平同巴拿马总统巴雷拉互致贺函 庆祝中巴建交一周年，已为您更新到数据库
【新文章提醒】这是一则新的文章，名称为肩负促进和平与发展的时代重任，已为您更新到数据库
【新文章提醒】这是一则新的文章，名称为习近平这样讲述“上海精神”，已为您更新到数据库
【新文章提醒】这是一则新的文章，名称为习近平：建设海洋强国，我一直有这样一个信念，已为您更新到数据库
【新文章提醒】这是一则新的文章，名称为习近平《弘扬“上海精神” 构建命运共同体》单行本出版，已为您更新到数据库
【新文章提醒】这是一则新的文章，名称为习近平：真抓实干埋头苦干万众一心 夺取脱贫攻坚战全面胜利，已为您更新到数据库
【新文章提醒】这是一则新的文章，名称为三大合作展现“上合”新气象，已为您更新到数据库
【新文章提醒】这是一则新的文章，名称为习近平主持上合组织青岛峰会并发表重要讲话，已为您更新到数据库
【新文章提醒】这是一则新的文章，名称为习近平在上海合作组织成员国元首理事会第十八次会议上的讲话，已为您更新到数据库
【新文章提醒】这是一则新的文章，名称为上海合作组织成员国元首理事会会议新闻公报（全文），已为您更新到数据库
【新文章提醒】这是一则新的文章，名称为上海合作组织成员国元首理事会青岛宣言（全文），已为您更新到数据库
【新文章提醒】这是一则新的文章，名称为上海合作组织成员国领导人共同会见记者 习近平作为主席国元首发表讲话，已为您更新到数据库
【新文章提醒】这是一则新的文章，名称为习近平同上海合作组织成员国领导人共同会见记者时的讲话，已为您更新到数据库
【新文章提醒】这是一则新的文章，名称为习近平主席在上海合作组织成员国元首理事会第十八次会议上的重要讲话引起热烈反响，已为您更新到数据库
【新文章提醒】这是一则新的文章，名称为国际社会高度评价习近平主席在上海合作组织青岛峰会上的重要讲话，已为您更新到数据库
【新文章提醒】这是一则新的文章，名称为习近平主持上海合作组织青岛峰会小范围会谈，已为您更新到数据库
【新文章提醒】这是一则新的文章，名称为习近平同伊朗总统鲁哈尼举行会谈，已为您更新到数据库
【新文章提醒】这是一则新的文章，名称为习近平会见白俄罗斯总统卢卡申科，已为您更新到数据库
【新文章提醒】这是一则新的文章，名称为习近平会见蒙古国总统巴特图勒嘎，已为您更新到数据库
【新文章提醒】这是一则新的文章，名称为王毅就上海合作组织青岛峰会接受媒体采访，已为您更新到数据库
【新文章提醒】这是一则新的文章，名称为习近平会见阿富汗总统加尼，已为您更新到数据库
【新文章提醒】这是一则新的文章，名称为习近平欢迎出席上海合作组织青岛峰会的外方领导人，已为您更新到数据库
【新文章提醒】这是一则新的文章，名称为习近平出席上海合作组织青岛峰会欢迎宴会并致祝酒辞，已为您更新到数据库
【新文章提醒】这是一则新的文章，名称为习近平：儒家“和合”理念同“上海精神”有很多相通之处，已为您更新到数据库
【新文章提醒】这是一则新的文章，名称为习近平在上海合作组织青岛峰会欢迎宴会上的祝酒辞（全文），已为您更新到数据库
【新文章提醒】这是一则新的文章，名称为习近平主持中俄蒙元首第四次会晤，已为您更新到数据库
【新文章提醒】这是一则新的文章，名称为习近平会见巴基斯坦总统侯赛因，已为您更新到数据库
【新文章提醒】这是一则新的文章，名称为习近平会见乌兹别克斯坦总统米尔济约耶夫，已为您更新到数据库
【新文章提醒】这是一则新的文章，名称为习近平会见塔吉克斯坦总统拉赫蒙，已为您更新到数据库
【新文章提醒】这是一则新的文章，名称为习近平会见印度总理莫迪，已为您更新到数据库
【新文章提醒】这是一则新的文章，名称为上海合作组织青岛峰会灯光焰火艺术表演侧记，已为您更新到数据库
【新文章提醒】这是一则新的文章，名称为祝酒辞，习近平引用了这四个儒家经典理念！，已为您更新到数据库
【新文章提醒】这是一则新的文章，名称为看“冠军”习近平如何推动体育外交，已为您更新到数据库
【新文章提醒】这是一则新的文章，名称为习近平同俄罗斯总统普京举行会谈，已为您更新到数据库
【新文章提醒】这是一则新的文章，名称为习近平向普京授予首枚“友谊勋章”，已为您更新到数据库
【新文章提醒】这是一则新的文章，名称为习近平同俄罗斯总统普京同乘中国高铁赴天津，已为您更新到数据库
【新文章提醒】这是一则新的文章，名称为中华人民共和国和俄罗斯联邦联合声明（全文），已为您更新到数据库
【新文章提醒】这是一则新的文章，名称为习近平的2018：5月关键词——决胜未来，已为您更新到数据库
【新文章提醒】这是一则新的文章，名称为习近平主席推动上合组织发展五年间，已为您更新到数据库
【新文章提醒】这是一则新的文章，名称为习近平同普京观看中俄青少年冰球友谊赛，已为您更新到数据库
【新文章提醒】这是一则新的文章，名称为习近平将出席上合青岛峰会欢迎宴会并致辞，已为您更新到数据库
【新文章提醒】这是一则新的文章，名称为习近平同哈萨克斯坦总统纳扎尔巴耶夫举行会谈，已为您更新到数据库
【新文章提醒】这是一则新的文章，名称为图解：5年来，习近平的“上合时间”，已为您更新到数据库
【新文章提醒】这是一则新的文章，名称为习近平将颁授首枚中华人民共和国“友谊勋章”，已为您更新到数据库
【新文章提醒】这是一则新的文章，名称为中华人民共和国和哈萨克斯坦共和国联合声明（全文），已为您更新到数据库
【新文章提醒】这是一则新的文章，名称为中华人民共和国和吉尔吉斯共和国关于建立全面战略伙伴关系联合声明，已为您更新到数据库
【新文章提醒】这是一则新的文章，名称为习近平同吉尔吉斯斯坦总统热恩别科夫举行会谈，已为您更新到数据库
【新文章提醒】这是一则新的文章，名称为上合，青岛准备好了！，已为您更新到数据库
【新文章提醒】这是一则新的文章，名称为习近平《三十讲》讲了什么，怎么讲的？，已为您更新到数据库
【新文章提醒】这是一则新的文章，名称为为上合组织发展绘就新蓝图，已为您更新到数据库
【新文章提醒】这是一则新的文章，名称为习近平主席特使孙春兰将赴俄罗斯出席第21届世界杯足球赛开幕式，已为您更新到数据库
【新文章提醒】这是一则新的文章，名称为这三个字，是习近平生态文明思想的中心，已为您更新到数据库
【新文章提醒】这是一则新的文章，名称为习近平为何把这个区域组织称为“典范”，已为您更新到数据库
【新文章提醒】这是一则新的文章，名称为金句！5年来，习近平这样说上合，已为您更新到数据库
【新文章提醒】这是一则新的文章，名称为习近平弘扬“上海精神”，已为您更新到数据库
【新文章提醒】这是一则新的文章，名称为形成天下英才聚神州的创新局面，已为您更新到数据库
【新文章提醒】这是一则新的文章，名称为久久为功 摆脱贫困，已为您更新到数据库
【新文章提醒】这是一则新的文章，名称为弘扬“上海精神” 开启媒体合作新时代，已为您更新到数据库
【新文章提醒】这是一则新的文章，名称为坚持和加强党对科技事业的领导，已为您更新到数据库
【新文章提醒】这是一则新的文章，名称为新时代，“大朋友”习近平这样寄语小朋友，已为您更新到数据库
【新文章提醒】这是一则新的文章，名称为习近平向上海合作组织首届媒体峰会致贺信，已为您更新到数据库
【新文章提醒】这是一则新的文章，名称为滴水穿石三十年，已为您更新到数据库
【新文章提醒】这是一则新的文章，名称为硬实力、软实力，归根到底要靠人才实力，已为您更新到数据库
【新文章提醒】这是一则新的文章，名称为国家主席习近平任免驻外大使，已为您更新到数据库
【新文章提醒】这是一则新的文章，名称为习近平主持中共中央政治局会议，已为您更新到数据库
【新文章提醒】这是一则新的文章，名称为习近平回信勉励陕西照金北梁红军小学学生，已为您更新到数据库
【新文章提醒】这是一则新的文章，名称为习近平给陕西照金北梁红军小学学生的回信，已为您更新到数据库
【新文章提醒】这是一则新的文章，名称为写在“六一”国际儿童节到来之际，已为您更新到数据库
【新文章提醒】这是一则新的文章，名称为习近平在院士大会上的讲话单行本出版，已为您更新到数据库
【新文章提醒】这是一则新的文章，名称为习近平同老挝人民革命党中央总书记本扬举行会谈，已为您更新到数据库
【新文章提醒】这是一则新的文章，名称为看图识人！这些与习近平同框的科技“大咖”们，已为您更新到数据库
【新文章提醒】这是一则新的文章，名称为习近平会见英国约克公爵安德鲁王子，已为您更新到数据库
【新文章提醒】这是一则新的文章，名称为习近平总书记在两院院士大会上的重要讲话引起热烈反响，已为您更新到数据库
【新文章提醒】这是一则新的文章，名称为建设世界科技强国，习近平说了这“12345”，已为您更新到数据库
【新文章提醒】这是一则新的文章，名称为习近平：在中国科学院第十九次院士大会、中国工程院第十四次院士大会上的讲话，已为您更新到数据库
【新文章提醒】这是一则新的文章，名称为各地高校学习贯彻习近平北大考察重要讲话精神，已为您更新到数据库
【新文章提醒】这是一则新的文章，名称为习近平：抢占先机迎难而上建设世界科技强国，已为您更新到数据库
【新文章提醒】这是一则新的文章，名称为图文故事丨真情实景，习近平这样讲解文物，已为您更新到数据库
【新文章提醒】这是一则新的文章，名称为吉尔吉斯共和国、哈萨克斯坦共和国、俄罗斯联邦、伊朗伊斯兰共和国总统将访华，已为您更新到数据库
【新文章提醒】这是一则新的文章，名称为习近平将主持上合青岛峰会并举行相关活动，已为您更新到数据库
【新文章提醒】这是一则新的文章，名称为两院院士大会开幕，习近平出席并发表重要讲话，已为您更新到数据库
【新文章提醒】这是一则新的文章，名称为外交部就习近平主席主持上海合作组织青岛峰会举行中外媒体吹风会，已为您更新到数据库
【新文章提醒】这是一则新的文章，名称为习近平向各国共产党赴华参加纪念马克思诞辰200周年专题研讨会致贺信，已为您更新到数据库
【新文章提醒】这是一则新的文章，名称为中国科技创新实现历史性跨越，已为您更新到数据库
【新文章提醒】这是一则新的文章，名称为习近平对上合有多重视 看看这一个月的大事就懂了，已为您更新到数据库
【新文章提醒】这是一则新的文章，名称为习近平向2018中国国际大数据产业博览会致贺信，已为您更新到数据库
【新文章提醒】这是一则新的文章，名称为习近平总书记关于宪法的重要论述和我国宪法的修改，已为您更新到数据库
【新文章提醒】这是一则新的文章，名称为习近平会见法国前总统奥朗德，已为您更新到数据库
【新文章提醒】这是一则新的文章，名称为习近平同阿曼苏丹卡布斯互致贺电宣布建立中阿战略伙伴关系暨庆祝两国建交40周年，已为您更新到数据库
【新文章提醒】这是一则新的文章，名称为习近平向第十三次上海合作组织成员国最高法院院长会议致贺信，已为您更新到数据库
【新文章提醒】这是一则新的文章，名称为习近平与德国总理默克尔举行会晤，已为您更新到数据库
【新文章提醒】这是一则新的文章，名称为习近平：加强党对审计工作的领导，已为您更新到数据库
【新文章提醒】这是一则新的文章，名称为习近平集体会见上海合作组织成员国安全会议秘书会议外方代表团团长，已为您更新到数据库
【新文章提醒】这是一则新的文章，名称为新时代强警之路迈出新步伐，已为您更新到数据库
【新文章提醒】这是一则新的文章，名称为习近平生态文明思想引领“美丽中国”建设，已为您更新到数据库
【新文章提醒】这是一则新的文章，名称为党的十八大以来我国生态文明建设成就综述，已为您更新到数据库
【新文章提醒】这是一则新的文章，名称为中组部负责人就《关于进一步激励广大干部新时代新担当新作为的意见》答记者问，已为您更新到数据库
【新文章提醒】这是一则新的文章，名称为崇尚英雄、缅怀先烈，习近平这十句话必须铭记，已为您更新到数据库
【新文章提醒】这是一则新的文章，名称为从深圳发展奇迹看中国改革开放40年，已为您更新到数据库
【新文章提醒】这是一则新的文章，名称为海外关注习近平总书记在全国生态环境保护大会上的讲话，已为您更新到数据库
【新文章提醒】这是一则新的文章，名称为中共中央办公厅印发《关于进一步激励广大干部新时代新担当新作为的意见》，已为您更新到数据库
【新文章提醒】这是一则新的文章，名称为习近平在全国生态环境保护大会重要讲话引起热烈反响，已为您更新到数据库
【新文章提醒】这是一则新的文章，名称为习近平就客机失事向古、墨领导人致慰问电，已为您更新到数据库
【新文章提醒】这是一则新的文章，名称为新时代推进生态文明建设，习近平要求这样干，已为您更新到数据库
【新文章提醒】这是一则新的文章，名称为习近平定调！还老百姓蓝天白云、繁星闪烁，已为您更新到数据库
【新文章提醒】这是一则新的文章，名称为习近平：坚决打好污染防治攻坚战 推动生态文明建设迈上新台阶，已为您更新到数据库
【新文章提醒】这是一则新的文章，名称为习近平主席特使刘鹤在美接受采访，已为您更新到数据库
【新文章提醒】这是一则新的文章，名称为推动生态文明建设迈上新台阶，已为您更新到数据库
【新文章提醒】这是一则新的文章，名称为博物馆何以重要？习近平“打卡”告诉你，已为您更新到数据库
【新文章提醒】这是一则新的文章，名称为党的十八大以来我国生态环境保护成就综述，已为您更新到数据库
【新文章提醒】这是一则新的文章，名称为美国总统特朗普会见习近平主席特使、国务院副总理刘鹤，已为您更新到数据库
【新文章提醒】这是一则新的文章，名称为生态环境保护多重要，听习近平怎么说，已为您更新到数据库
【新文章提醒】这是一则新的文章，名称为越南友人谈《习近平谈治国理政》:重要工具书，已为您更新到数据库
【新文章提醒】这是一则新的文章，名称为深刻领悟当代中国马克思主义的真理力量，已为您更新到数据库
【新文章提醒】这是一则新的文章，名称为《习近平新时代中国特色社会主义思想三十讲》出版发行，已为您更新到数据库
【新文章提醒】这是一则新的文章，名称为习近平：努力建设高水平军事科研机构，已为您更新到数据库
【新文章提醒】这是一则新的文章，名称为习近平会见朝鲜劳动党友好参观团，已为您更新到数据库
【新文章提醒】这是一则新的文章，名称为习近平就印尼泗水恐袭事件向佐科致慰问电，已为您更新到数据库
【新文章提醒】这是一则新的文章，名称为习近平主席特使刘鹤会见基辛格和美国参众议员，已为您更新到数据库
【新文章提醒】这是一则新的文章，名称为港澳各界热议习近平主席指示 愿积极参与科技强国建设，已为您更新到数据库
【新文章提醒】这是一则新的文章，名称为习近平会见特立尼达和多巴哥总理罗利，已为您更新到数据库
【新文章提醒】这是一则新的文章，名称为《习近平用典》第二辑出版发行，已为您更新到数据库
【新文章提醒】这是一则新的文章，名称为习近平会见博鳌亚洲论坛理事长潘基文，已为您更新到数据库
【新文章提醒】这是一则新的文章，名称为习近平主持召开中央外事工作委员会第一次会议，已为您更新到数据库
【新文章提醒】这是一则新的文章，名称为刘鹤率领中方代表团抵达美国访问，已为您更新到数据库
【新文章提醒】这是一则新的文章，名称为习近平主席特使刘鹤将应邀赴美磋商，已为您更新到数据库
【新文章提醒】这是一则新的文章，名称为习近平：促进香港同内地加强科技合作，已为您更新到数据库
【新文章提醒】这是一则新的文章，名称为习近平十大金句告诉你，这才是真正的“一带一路”！ ，已为您更新到数据库
【新文章提醒】这是一则新的文章，名称为共同构筑发展繁荣的美好未来，已为您更新到数据库
【新文章提醒】这是一则新的文章，名称为习近平发表《携手推进“一带一路”建设》主旨演讲一周年，已为您更新到数据库
【新文章提醒】这是一则新的文章，名称为习近平和母亲，已为您更新到数据库
【新文章提醒】这是一则新的文章，名称为习近平：汶川灾区重建成就举世瞩目，已为您更新到数据库
【新文章提醒】这是一则新的文章，名称为地震灾区，习近平时常牵挂，已为您更新到数据库
【新文章提醒】这是一则新的文章，名称为习近平主席同阿根廷总统马克里互致信函，已为您更新到数据库
【新文章提醒】这是一则新的文章，名称为习近平：统筹抓好中央和地方机构改革，已为您更新到数据库
【新文章提醒】这是一则新的文章，名称为习近平：我牵挂这个地方10年了，已为您更新到数据库
【新文章提醒】这是一则新的文章，名称为40多天两度会晤，习近平同金正恩谈了哪些大事，已为您更新到数据库
【新文章提醒】这是一则新的文章，名称为习近平《在纪念马克思诞辰200周年大会上的讲话》单行本出版，已为您更新到数据库
【新文章提醒】这是一则新的文章，名称为“大国重器”，习近平为何如此重视，已为您更新到数据库
【新文章提醒】这是一则新的文章，名称为习近平的2018：4月关键词——开放，已为您更新到数据库
【新文章提醒】这是一则新的文章，名称为习近平应约同美国总统特朗普通电话，已为您更新到数据库
【新文章提醒】这是一则新的文章，名称为习近平同朝鲜劳动党委员长金正恩在大连举行会晤，已为您更新到数据库
【新文章提醒】这是一则新的文章，名称为朝鲜媒体高度评价金正恩与习近平再次会晤，已为您更新到数据库
【新文章提醒】这是一则新的文章，名称为习近平《在北京大学师生座谈会上的讲话》单行本出版，已为您更新到数据库
【新文章提醒】这是一则新的文章，名称为高扬马克思主义伟大旗帜 建设世界一流军队，已为您更新到数据库
【新文章提醒】这是一则新的文章，名称为用马克思主义观察时代解读时代引领时代，已为您更新到数据库
【新文章提醒】这是一则新的文章，名称为共话中美人文交往的动人故事，已为您更新到数据库
【新文章提醒】这是一则新的文章，名称为前进道路上，继续高扬马克思主义伟大旗帜，已为您更新到数据库
【新文章提醒】这是一则新的文章，名称为为坚持和发展马克思主义而执着努力，已为您更新到数据库
【新文章提醒】这是一则新的文章，名称为习近平应约同日本首相安倍晋三通电话，已为您更新到数据库
【新文章提醒】这是一则新的文章，名称为习近平应约同韩国总统文在寅通电话，已为您更新到数据库
【新文章提醒】这是一则新的文章，名称为国家主席习近平任免驻外大使，已为您更新到数据库
【新文章提醒】这是一则新的文章，名称为习近平在纪念马克思诞辰200周年大会上的讲话，已为您更新到数据库
【新文章提醒】这是一则新的文章，名称为纪念马克思诞辰200周年大会在京举行 习近平发表重要讲话，已为您更新到数据库
【新文章提醒】这是一则新的文章，名称为同新时代共同前进，已为您更新到数据库
【新文章提醒】这是一则新的文章，名称为回访同习近平总书记交流过的青年人，已为您更新到数据库
【新文章提醒】这是一则新的文章，名称为习近平勉励中国政法大学民商经济法学院1502班团员青年 用一生来践行跟党走的理想追求 ，已为您更新到数据库
【新文章提醒】这是一则新的文章，名称为习近平在北京大学考察时强调 抓住培养社会主义建设者和接班人根本任务 努力建设中国特色世界一流大学，已为您更新到数据库
【新文章提醒】这是一则新的文章，名称为纪念马克思诞辰200周年大会将于5月4日上午在京举行 习近平将出席大会并发表重要讲话，已为您更新到数据库
【新文章提醒】这是一则新的文章，名称为习近平总书记的考察在北大师生中引起热烈反响，已为您更新到数据库
【新文章提醒】这是一则新的文章，名称为习近平在北京大学师生座谈会上的讲话，已为您更新到数据库
【新文章提醒】这是一则新的文章，名称为习近平回信勉励中国劳动关系学院劳模本科班学员，已为您更新到数据库
【新文章提醒】这是一则新的文章，名称为习近平主席特别代表会见阿联酋阿布扎比王储，已为您更新到数据库
【新文章提醒】这是一则新的文章，名称为波兰总统会见习近平主席特使郭声琨，已为您更新到数据库
【新文章提醒】这是一则新的文章，名称为习近平主席特别代表会见科威特埃米尔萨巴赫，已为您更新到数据库
【新文章提醒】这是一则新的文章，名称为习近平总书记湖北之行第五天，已为您更新到数据库
【新文章提醒】这是一则新的文章，名称为习近平的长江情怀，已为您更新到数据库
【新文章提醒】这是一则新的文章，名称为习近平总书记湖北之行第四天，已为您更新到数据库
【新文章提醒】这是一则新的文章，名称为罗马尼亚总统、众议长、总理分别会见习近平主席特使郭声琨，已为您更新到数据库
【新文章提醒】这是一则新的文章，名称为习近平：奋力谱写新时代湖北发展新篇章，已为您更新到数据库
【新文章提醒】这是一则新的文章，名称为习近平同印度总理莫迪在武汉举行非正式会晤，已为您更新到数据库
【新文章提醒】这是一则新的文章，名称为习近平总书记考察湖北回访记，已为您更新到数据库
【新文章提醒】这是一则新的文章，名称为中华人民共和国主席令（第五号），已为您更新到数据库
【新文章提醒】这是一则新的文章，名称为中华人民共和国主席令（第六号），已为您更新到数据库
【新文章提醒】这是一则新的文章，名称为中华人民共和国主席令（第四号），已为您更新到数据库
【新文章提醒】这是一则新的文章，名称为从推动到深入推动，习近平这样擘画长江经济带发展，已为您更新到数据库
【新文章提醒】这是一则新的文章，名称为习近平会见印度总理莫迪，已为您更新到数据库
【新文章提醒】这是一则新的文章，名称为习近平同印度总理莫迪共同参观精品文物展，已为您更新到数据库
【新文章提醒】这是一则新的文章，名称为习近平主席特别代表杨洁篪将访问科威特、阿联酋，已为您更新到数据库
【新文章提醒】这是一则新的文章，名称为以习近平同志为核心的党中央谋划指导《河北雄安新区规划纲要》编制纪实，已为您更新到数据库
【新文章提醒】这是一则新的文章，名称为习近平总书记湖北之行第三天，已为您更新到数据库
【新文章提醒】这是一则新的文章，名称为习近平主持召开深入推动长江经济带发展座谈会并发表重要讲话，已为您更新到数据库
【新文章提醒】这是一则新的文章，名称为习近平总书记长江考察第二天，已为您更新到数据库
【新文章提醒】这是一则新的文章，名称为习近平总书记湖北之行第一天，已为您更新到数据库
【新文章提醒】这是一则新的文章，名称为习近平考察三峡工程：大国重器必须掌握在我们自己手里，已为您更新到数据库
【新文章提醒】这是一则新的文章，名称为总书记称赞：用渔鼓调唱出《党员公约》，这种形式好，已为您更新到数据库
【新文章提醒】这是一则新的文章，名称为总书记同村民交流：洗衣服也是绿色环保的，已为您更新到数据库
【新文章提醒】这是一则新的文章，名称为习近平：要立下生态优先的规矩，倒逼产业转型升级，实现高质量发展，已为您更新到数据库
【新文章提醒】这是一则新的文章，名称为习近平：深刻感悟和把握马克思主义真理力量，已为您更新到数据库
【新文章提醒】这是一则新的文章，名称为习近平集体会见上海合作组织成员国国防部长，已为您更新到数据库
【新文章提醒】这是一则新的文章，名称为习近平会见俄罗斯外长拉夫罗夫，已为您更新到数据库
【新文章提醒】这是一则新的文章，名称为习近平对中国游客在朝鲜发生重大交通事故作出重要指示，已为您更新到数据库
【新文章提醒】这是一则新的文章，名称为习近平主持中共中央政治局会议 分析研究当前经济形势和经济工作，已为您更新到数据库
【新文章提醒】这是一则新的文章，名称为国际人士积极评价习近平总书记在全国网络安全和信息化工作会议上的重要讲话，已为您更新到数据库
【新文章提醒】这是一则新的文章，名称为习近平：建设好生态宜居美丽乡村，已为您更新到数据库
【新文章提醒】这是一则新的文章，名称为习近平将同莫迪举行非正式会晤，已为您更新到数据库
【新文章提醒】这是一则新的文章，名称为习近平致首届数字中国建设峰会的贺信，已为您更新到数据库
【新文章提醒】这是一则新的文章，名称为习近平致信祝贺首届数字中国建设峰会开幕，已为您更新到数据库
【新文章提醒】这是一则新的文章，名称为习近平：自主创新推进网络强国建设，已为您更新到数据库
【新文章提醒】这是一则新的文章，名称为中共中央 国务院关于对《河北雄安新区规划纲要》的批复，已为您更新到数据库
【新文章提醒】这是一则新的文章，名称为外国学员热议习近平新时代中国特色社会主义思想，已为您更新到数据库
【新文章提醒】这是一则新的文章，名称为习近平向劳尔·卡斯特罗和迪亚斯－卡内尔致贺电，已为您更新到数据库
【新文章提醒】这是一则新的文章，名称为习近平应约同土耳其总统通电话，已为您更新到数据库
【新文章提醒】这是一则新的文章，名称为习近平应约同英国首相通电话，已为您更新到数据库
【新文章提醒】这是一则新的文章，名称为习近平在海南庆祝大会上的讲话单行本出版，已为您更新到数据库
【新文章提醒】这是一则新的文章，名称为努力开创新时代国家安全工作新局面，已为您更新到数据库
【新文章提醒】这是一则新的文章，名称为《习近平“一带一路”国际合作高峰论坛重要讲话》出版发行，已为您更新到数据库
【新文章提醒】这是一则新的文章，名称为习近平：开创新时代国家安全工作新局面，已为您更新到数据库
【新文章提醒】这是一则新的文章，名称为习近平会见世界经济论坛主席施瓦布，已为您更新到数据库
【新文章提醒】这是一则新的文章，名称为习近平签署命令 发布新修订的解放军共同条令，已为您更新到数据库
【新文章提醒】这是一则新的文章，名称为《习近平关于总体国家安全观论述摘编》出版发行，已为您更新到数据库
【新文章提醒】这是一则新的文章，名称为国际社会积极评价习近平在庆祝海南建省办经济特区30周年大会上的讲话，已为您更新到数据库
【新文章提醒】这是一则新的文章，名称为习近平与海南跨越40年的深情故事，已为您更新到数据库
【新文章提醒】这是一则新的文章，名称为争创新时代中国特色社会主义生动范例，已为您更新到数据库
【新文章提醒】这是一则新的文章，名称为习近平在庆祝海南建省办经济特区30周年大会上的讲话，已为您更新到数据库
【新文章提醒】这是一则新的文章，名称为习近平：党中央支持海南全面深化改革开放 争创新时代中国特色社会主义生动范例，已为您更新到数据库
【新文章提醒】这是一则新的文章，名称为习近平：以更高站位更宽视野推进改革开放 真抓实干加快建设美好新海南，已为您更新到数据库
【新文章提醒】这是一则新的文章，名称为谱写美丽中国的海南篇章，已为您更新到数据库
【新文章提醒】这是一则新的文章，名称为牢记统帅嘱托 汇聚强军兴军的磅礴力量，已为您更新到数据库
【新文章提醒】这是一则新的文章，名称为习近平《开放共创繁荣 创新引领未来》单行本出版，已为您更新到数据库
【新文章提醒】这是一则新的文章，名称为习近平：把人民海军全面建成世界一流海军，已为您更新到数据库
【新文章提醒】这是一则新的文章，名称为习近平考察国家南繁科研育种基地（海南），已为您更新到数据库
【新文章提醒】这是一则新的文章，名称为习近平视察中科院深海科学与工程研究所，已为您更新到数据库
【新文章提醒】这是一则新的文章，名称为对外开放再扩大 深化改革再出发，已为您更新到数据库
【新文章提醒】这是一则新的文章，名称为坚定不移贯彻习近平强军思想 为全面建成世界一流海军努力奋斗，已为您更新到数据库
【新文章提醒】这是一则新的文章，名称为习近平同出席博鳌亚洲论坛2018年年会的中外企业家代表座谈，已为您更新到数据库
【新文章提醒】这是一则新的文章，名称为习近平：要做身体健康的民族，已为您更新到数据库
【新文章提醒】这是一则新的文章，名称为习近平会见吉尔吉斯斯坦前总统阿坦巴耶夫，已为您更新到数据库
【新文章提醒】这是一则新的文章，名称为《习近平谈治国理政》第二卷多语种图书在伦敦全球首发，已为您更新到数据库
【新文章提醒】这是一则新的文章，名称为习近平会见菲律宾总统杜特尔特，已为您更新到数据库
【新文章提醒】这是一则新的文章，名称为习近平会见蒙古国总理呼日勒苏赫，已为您更新到数据库
【新文章提醒】这是一则新的文章，名称为习近平会见巴基斯坦总理阿巴西，已为您更新到数据库
【新文章提醒】这是一则新的文章，名称为习近平会见新加坡总理李显龙，已为您更新到数据库
【新文章提醒】这是一则新的文章，名称为习近平会见国际货币基金组织总裁拉加德，已为您更新到数据库
【新文章提醒】这是一则新的文章，名称为习近平会见荷兰首相吕特，已为您更新到数据库
【新文章提醒】这是一则新的文章，名称为习近平和特雷莎·梅分别向中英政党对话十周年致贺信，已为您更新到数据库
【新文章提醒】这是一则新的文章，名称为习近平会见萧万长一行，已为您更新到数据库
【新文章提醒】这是一则新的文章，名称为习近平出席博鳌亚洲论坛2018年年会开幕式并发表主旨演讲，已为您更新到数据库
【新文章提醒】这是一则新的文章，名称为习近平在博鳌亚洲论坛2018年年会开幕式上的主旨演讲，已为您更新到数据库
【新文章提醒】这是一则新的文章，名称为习近平同奥地利总统范德贝伦举行会谈，已为您更新到数据库
【新文章提醒】这是一则新的文章，名称为习近平会见联合国秘书长古特雷斯，已为您更新到数据库
【新文章提醒】这是一则新的文章，名称为质量和绿色成为今年春耕总基调，已为您更新到数据库
【新文章提醒】这是一则新的文章，名称为论英雄，习近平这样说，已为您更新到数据库
【新文章提醒】这是一则新的文章，名称为习近平将出席博鳌亚洲论坛年会开幕式并举行有关活动，已为您更新到数据库
【新文章提醒】这是一则新的文章，名称为博鳌亚洲论坛2018年年会有五大亮点，已为您更新到数据库
【新文章提醒】这是一则新的文章，名称为埃及官员治国理政的案头册——《习近平谈治国理政》，已为您更新到数据库
【新文章提醒】这是一则新的文章，名称为习近平同津巴布韦总统姆南加古瓦举行会谈，已为您更新到数据库
【新文章提醒】这是一则新的文章，名称为习近平主持召开中央财经委员会第一次会议，已为您更新到数据库
【新文章提醒】这是一则新的文章，名称为​法国前总理：认真研读了《习近平谈治国理政》，已为您更新到数据库
【新文章提醒】这是一则新的文章，名称为习近平在首都参加义务植树活动，已为您更新到数据库
【新文章提醒】这是一则新的文章，名称为习近平向埃及当选总统塞西致贺电，已为您更新到数据库
【新文章提醒】这是一则新的文章，名称为国家主席习近平任免驻外大使，已为您更新到数据库
【新文章提醒】这是一则新的文章，名称为习近平主持中共中央政治局会议，已为您更新到数据库
【新文章提醒】这是一则新的文章，名称为习近平主席特使王毅将访问俄罗斯，已为您更新到数据库
【新文章提醒】这是一则新的文章，名称为习近平同纳米比亚总统根哥布举行会谈，已为您更新到数据库
【新文章提醒】这是一则新的文章，名称为习近平主持召开中央全面深化改革委员会第一次会议并发表重要讲话，已为您更新到数据库
【新文章提醒】这是一则新的文章，名称为习近平同金正恩举行会谈，已为您更新到数据库
【新文章提醒】这是一则新的文章，名称为习近平向缅甸当选总统温敏致贺电，已为您更新到数据库
【新文章提醒】这是一则新的文章，名称为习近平主席特别代表杨洁篪将访问韩国，已为您更新到数据库
【新文章提醒】这是一则新的文章，名称为习近平就俄罗斯克麦罗沃市发生重大火灾向俄罗斯总统普京致慰问电，已为您更新到数据库
【新文章提醒】这是一则新的文章，名称为习近平向中国与葡萄牙语国家最高法院院长会议致贺信，已为您更新到数据库
【新文章提醒】这是一则新的文章，名称为习近平主席特使王毅将访问俄罗斯，已为您更新到数据库
【新文章提醒】这是一则新的文章，名称为厚植中非友谊 续写合作新篇，已为您更新到数据库
【新文章提醒】这是一则新的文章，名称为习近平接受六国新任驻华大使递交国书，已为您更新到数据库
【新文章提醒】这是一则新的文章，名称为习近平同喀麦隆总统比亚举行会谈，已为您更新到数据库
【新文章提醒】这是一则新的文章，名称为习近平应约同法国总统马克龙通电话，已为您更新到数据库
【新文章提醒】这是一则新的文章，名称为习近平在第十三届全国人民代表大会第一次会议上的讲话，已为您更新到数据库
【新文章提醒】这是一则新的文章，名称为中央政治局同志向党中央和习近平总书记述职，已为您更新到数据库
【新文章提醒】这是一则新的文章，名称为外国领导人祝贺习近平当选国家主席，已为您更新到数据库
【新文章提醒】这是一则新的文章，名称为台湾各界人士及舆论热议习近平主席讲话，已为您更新到数据库
【新文章提醒】这是一则新的文章，名称为习近平5年遍访57国 东风拂面世界新，已为您更新到数据库
【新文章提醒】这是一则新的文章，名称为海外人士积极评价习近平主席在十三届全国人大一次会议上的重要讲话，已为您更新到数据库
【新文章提醒】这是一则新的文章，名称为社会各界热议习近平主席在十三届全国人大一次会议上的重要讲话，已为您更新到数据库
【新文章提醒】这是一则新的文章，名称为习近平出席人大闭幕会并发表重要讲话，已为您更新到数据库
【新文章提醒】这是一则新的文章，名称为习近平应约同印度总理莫迪通电话，已为您更新到数据库
【新文章提醒】这是一则新的文章，名称为中华人民共和国主席令（第三号），已为您更新到数据库
【新文章提醒】这是一则新的文章，名称为中华人民共和国主席令（第二号），已为您更新到数据库
【新文章提醒】这是一则新的文章，名称为国家主席习近平签署主席令任命国务院其他组成人员，已为您更新到数据库
【新文章提醒】这是一则新的文章，名称为习近平同俄罗斯总统普京通电话，已为您更新到数据库
【新文章提醒】这是一则新的文章，名称为习近平向俄罗斯当选总统普京致贺电，已为您更新到数据库
【新文章提醒】这是一则新的文章，名称为习近平引领中国走向强盛，已为您更新到数据库
【新文章提醒】这是一则新的文章，名称为国家主席习近平签署第一号主席令，已为您更新到数据库
【新文章提醒】这是一则新的文章，名称为习近平应约同德国总理默克尔通电话，已为您更新到数据库
【新文章提醒】这是一则新的文章，名称为习近平全票当选为国家主席、中央军委主席，已为您更新到数据库
【新文章提醒】这是一则新的文章，名称为习近平出席全国政协十三届一次会议闭幕会，已为您更新到数据库
【新文章提醒】这是一则新的文章，名称为习近平致电祝贺默克尔连任德国总理，已为您更新到数据库
【新文章提醒】这是一则新的文章，名称为习近平等出席十三届全国人大一次会议第四次全体会议，已为您更新到数据库
【新文章提醒】这是一则新的文章，名称为习近平分别向孟加拉国总统哈米德、尼泊尔总统班达里致慰问电，已为您更新到数据库
【新文章提醒】这是一则新的文章，名称为习近平出席解放军和武警部队代表团全体会议，已为您更新到数据库
【新文章提醒】这是一则新的文章，名称为习近平出席十三届全国人大一次会议第三次全体会议，已为您更新到数据库
【新文章提醒】这是一则新的文章，名称为习近平在重庆代表团参加审议，已为您更新到数据库
【新文章提醒】这是一则新的文章，名称为写在习近平主席提出强军目标5周年之际，已为您更新到数据库
【新文章提醒】这是一则新的文章，名称为习近平出席十三届全国人大一次会议第二次全体会议，已为您更新到数据库
【新文章提醒】这是一则新的文章，名称为习近平：“功成不必在我”并不是消极怠政不作为，已为您更新到数据库
【新文章提醒】这是一则新的文章，名称为习近平等分别参加全国人大会议一些代表团审议，已为您更新到数据库
【新文章提醒】这是一则新的文章，名称为十三届全国人大一次会议在京开幕  习近平等党和国家领导人出席，已为您更新到数据库
【新文章提醒】这是一则新的文章，名称为习近平：扎实推动经济高质量发展扎实推进脱贫攻坚，已为您更新到数据库
【新文章提醒】这是一则新的文章，名称为国家主席习近平任免驻外大使，已为您更新到数据库
【新文章提醒】这是一则新的文章，名称为习近平：坚持多党合作发展社会主义民主政治 为决胜全面建成小康社会而团结奋斗，已为您更新到数据库
【新文章提醒】这是一则新的文章，名称为全国政协十三届一次会议在京开幕  习近平等党和国家领导人到会祝贺，已为您更新到数据库
【新文章提醒】这是一则新的文章，名称为习近平：开创新时代军民融合深度发展新局面，已为您更新到数据库
【新文章提醒】这是一则新的文章，名称为纪念周恩来诞辰120周年座谈会举行 习近平发表重要讲话，已为您更新到数据库
【新文章提醒】这是一则新的文章，名称为中共中央举行党外人士座谈会和民主协商会 习近平主持会议并发表重要讲话，已为您更新到数据库
【新文章提醒】这是一则新的文章，名称为习近平同汤加国王图普六世举行会谈，已为您更新到数据库
【新文章提醒】这是一则新的文章，名称为习近平回信勉励浙江宁波余姚横坎头村全体党员，已为您更新到数据库
【新文章提醒】这是一则新的文章，名称为中共十九届三中全会在京举行 习近平作重要讲话，已为您更新到数据库
【新文章提醒】这是一则新的文章，名称为习近平主持中共中央政治局第四次集体学习，已为您更新到数据库
【新文章提醒】这是一则新的文章，名称为习近平向全世界发出诚挚邀请：2022年相约北京，已为您更新到数据库
【新文章提醒】这是一则新的文章，名称为习近平主持政治局会议 决定召开十九届三中全会，已为您更新到数据库
【新文章提醒】这是一则新的文章，名称为罗豪才同志遗体在京火化  习近平等到八宝山革命公墓送别，已为您更新到数据库
【新文章提醒】这是一则新的文章，名称为以习近平同志为核心的党中央全面深化改革启示录，已为您更新到数据库
【新文章提醒】这是一则新的文章，名称为习近平主持中央政治局常委会会议并发表重要讲话，已为您更新到数据库
【新文章提醒】这是一则新的文章，名称为习近平就伊朗客机坠毁事件向伊朗总统鲁哈尼致慰问电，已为您更新到数据库
【新文章提醒】这是一则新的文章，名称为习近平向南非当选总统拉马福萨致贺电，已为您更新到数据库
【新文章提醒】这是一则新的文章，名称为习近平回信祝福和勉励香港青少年，已为您更新到数据库
【新文章提醒】这是一则新的文章，名称为中共中央国务院举行春节团拜会 习近平发表重要讲话，已为您更新到数据库
【新文章提醒】这是一则新的文章，名称为习近平：提高脱贫质量聚焦深贫地区 扎扎实实把脱贫攻坚战推向前进，已为您更新到数据库
【新文章提醒】这是一则新的文章，名称为习近平春节前夕赴四川看望慰问各族干部群众，已为您更新到数据库
【新文章提醒】这是一则新的文章，名称为中央领导同志看望老同志，已为您更新到数据库
【新文章提醒】这是一则新的文章，名称为习近平向全军和武警官兵民兵预备役人员致以新春祝福，已为您更新到数据库
【新文章提醒】这是一则新的文章，名称为习近平就俄罗斯客机坠毁事件向俄罗斯总统普京致慰问电，已为您更新到数据库
【新文章提醒】这是一则新的文章，名称为习近平向香港大埔重大交通事故遇难者表示哀悼、向遇难者家属和受伤者表示慰问，已为您更新到数据库
【新文章提醒】这是一则新的文章，名称为习近平与越共中央总书记阮富仲互致新年贺信，已为您更新到数据库
【新文章提醒】这是一则新的文章，名称为习近平会见荷兰国王威廉－亚历山大，已为您更新到数据库
【新文章提醒】这是一则新的文章，名称为习近平同俄罗斯总统普京分别向中俄地方合作交流年开幕式致贺辞，已为您更新到数据库
【新文章提醒】这是一则新的文章，名称为习近平：多党合作要有新气象 思想共识要有新提高，已为您更新到数据库
【新文章提醒】这是一则新的文章，名称为习近平向全军老同志祝贺新春，已为您更新到数据库
【新文章提醒】这是一则新的文章，名称为习近平接见武警部队第三次党代会代表，已为您更新到数据库
【新文章提醒】这是一则新的文章，名称为习近平同马塔雷拉总统互致贺电庆祝中意电磁监测试验卫星发射成功，已为您更新到数据库
【新文章提醒】这是一则新的文章，名称为国家主席习近平任免驻外大使，已为您更新到数据库
【新文章提醒】这是一则新的文章，名称为习近平致信祝贺中国－拉美和加勒比国家共同体论坛第二届部长级会议开幕，已为您更新到数据库
【新文章提醒】这是一则新的文章，名称为习近平致信全国个体劳动者第五次代表大会，已为您更新到数据库
【新文章提醒】这是一则新的文章，名称为中共中央召开党外人士座谈会 习近平主持并发表重要讲话，已为您更新到数据库
【新文章提醒】这是一则新的文章，名称为习近平主持中共中央政治局会议 讨论拟提请十九届二中全会审议文件，已为您更新到数据库
【新文章提醒】这是一则新的文章，名称为习近平会见英国前首相卡梅伦，已为您更新到数据库
【新文章提醒】这是一则新的文章，名称为习近平应约同韩国总统文在寅通电话，已为您更新到数据库
【新文章提醒】这是一则新的文章，名称为习近平：以永远在路上的执着把从严治党引向深入，已为您更新到数据库
【新文章提醒】这是一则新的文章，名称为习近平集体会见北欧和波罗的海国家议长，已为您更新到数据库
【新文章提醒】这是一则新的文章，名称为习近平：大抓实战化军事训练 聚力打造精锐作战力量，已为您更新到数据库
【新文章提醒】这是一则新的文章，名称为习近平同南非总统祖马就中南建交20周年互致贺电，已为您更新到数据库
【新文章提醒】这是一则新的文章，名称为习近平在党的十九届一中全会上的讲话，已为您更新到数据库
【新文章提醒】这是一则新的文章，名称为习近平回信勉励莫斯科大学中国留学生，已为您更新到数据库
【新文章提醒】这是一则新的文章，名称为新年戏曲晚会在京举行  习近平等出席观看，已为您更新到数据库
【新文章提醒】这是一则新的文章，名称为中央军委主席习近平签署命令　发布新修订的《中国人民解放军军事训练条例（试行）》，已为您更新到数据库
【新文章提醒】这是一则新的文章，名称为习近平接见2017年度驻外使节工作会议与会使节并发表重要讲话，已为您更新到数据库
【新文章提醒】这是一则新的文章，名称为习近平会见出席中日执政党交流机制第七次会议的日方代表，已为您更新到数据库
【新文章提醒】这是一则新的文章，名称为中华人民共和国主席令（第八十四号），已为您更新到数据库
【新文章提醒】这是一则新的文章，名称为中华人民共和国主席令（第八十五号），已为您更新到数据库
【新文章提醒】这是一则新的文章，名称为中华人民共和国主席令（第八十六号），已为您更新到数据库
【新文章提醒】这是一则新的文章，名称为中华人民共和国主席令（第八十三号），已为您更新到数据库
【新文章提醒】这是一则新的文章，名称为中共中央政治局召开民主生活会 习近平发表重要讲话，已为您更新到数据库
【新文章提醒】这是一则新的文章，名称为习近平：把农村公路建好管好护好运营好，已为您更新到数据库
【新文章提醒】这是一则新的文章，名称为习近平同冈比亚总统巴罗举行会谈，已为您更新到数据库
【新文章提醒】这是一则新的文章，名称为习近平会见来京述职的林郑月娥，已为您更新到数据库
【新文章提醒】这是一则新的文章，名称为习近平会见来京述职的崔世安，已为您更新到数据库
【新文章提醒】这是一则新的文章，名称为国家主席习近平任免驻外大使，已为您更新到数据库
【新文章提醒】这是一则新的文章，名称为习近平：深入学习贯彻党的十九大精神 紧扣新时代要求推动改革发展，已为您更新到数据库
【新文章提醒】这是一则新的文章，名称为习近平致信祝贺中国农学会成立100周年，已为您更新到数据库
【新文章提醒】这是一则新的文章，名称为习近平：纠正“四风”不能止步 作风建设永远在路上，已为您更新到数据库
【新文章提醒】这是一则新的文章，名称为习近平同布特弗利卡总统互致贺电庆祝阿尔及利亚一号通信卫星发射成功，已为您更新到数据库
【新文章提醒】这是一则新的文章，名称为习近平主持中共中央政治局会议 分析研究2018年经济工作，已为您更新到数据库
【新文章提醒】这是一则新的文章，名称为习近平向“中国－瑞士旅游年”闭幕式致贺词，已为您更新到数据库
【新文章提醒】这是一则新的文章，名称为习近平同马尔代夫总统亚明举行会谈，已为您更新到数据库
【新文章提醒】这是一则新的文章，名称为习近平致信祝贺首届“南南人权论坛”开幕，已为您更新到数据库
【新文章提醒】这是一则新的文章，名称为习近平致信祝贺2017年广州《财富》全球论坛开幕，已为您更新到数据库
【新文章提醒】这是一则新的文章，名称为习近平会见加拿大总理特鲁多，已为您更新到数据库
【新文章提醒】这是一则新的文章，名称为习近平接受十一国新任驻华大使递交国书，已为您更新到数据库
【新文章提醒】这是一则新的文章，名称为习近平致信祝贺第四届世界互联网大会开幕，已为您更新到数据库
【新文章提醒】这是一则新的文章，名称为习近平出席中国共产党与世界政党高层对话会开幕式并发表主旨讲话，已为您更新到数据库
【新文章提醒】这是一则新的文章，名称为习近平会见柬埔寨人民党主席、政府首相洪森，已为您更新到数据库
【新文章提醒】这是一则新的文章，名称为习近平会见缅甸国务资政昂山素季，已为您更新到数据库
【新文章提醒】这是一则新的文章，名称为习近平会见美国前总统奥巴马，已为您更新到数据库
【新文章提醒】这是一则新的文章，名称为习近平向2013-2022年亚太残疾人十年中期审查高级别政府间会议致贺信，已为您更新到数据库
【新文章提醒】这是一则新的文章，名称为习近平同志2005年6月21日在光明日报发表文章：《弘扬“红船精神”　走在时代前列》，已为您更新到数据库
【新文章提醒】这是一则新的文章，名称为习近平应约同美国总统特朗普通电话，已为您更新到数据库
【新文章提醒】这是一则新的文章，名称为习近平：坚持不懈推进“厕所革命” 努力补齐影响群众生活品质短板，已为您更新到数据库
【新文章提醒】这是一则新的文章，名称为习近平会见缅甸国防军总司令，已为您更新到数据库
【新文章提醒】这是一则新的文章，名称为习近平同吉布提总统盖莱举行会谈，已为您更新到数据库
【新文章提醒】这是一则新的文章，名称为习近平主持召开十九届中央全面深化改革领导小组第一次会议，已为您更新到数据库
【新文章提醒】这是一则新的文章，名称为习近平同巴拿马总统巴雷拉举行会谈，已为您更新到数据库
【新文章提醒】这是一则新的文章，名称为习近平会见全国精神文明建设表彰大会代表，已为您更新到数据库
【新文章提醒】这是一则新的文章，名称为习近平应约同沙特国王萨勒曼通电话，已为您更新到数据库
【新文章提醒】这是一则新的文章，名称为习近平再次会见老挝人民革命党中央委员会总书记、国家主席本扬，已为您更新到数据库
【新文章提醒】这是一则新的文章，名称为习近平会见老挝总理通伦，已为您更新到数据库
【新文章提醒】这是一则新的文章，名称为习近平会见老挝国会主席巴妮，已为您更新到数据库
【新文章提醒】这是一则新的文章，名称为习近平会见老挝奔舍那家族友人，已为您更新到数据库
【新文章提醒】这是一则新的文章，名称为习近平同老挝人民革命党中央委员会总书记、国家主席本扬一道出席玛霍索综合医院奠基仪式，已为您更新到数据库
【新文章提醒】这是一则新的文章，名称为习近平出席老挝人民革命党中央委员会总书记、国家主席本扬举行的欢迎宴会，已为您更新到数据库
【新文章提醒】这是一则新的文章，名称为习近平同老挝人民革命党中央委员会总书记、国家主席本扬举行会谈，已为您更新到数据库
【新文章提醒】这是一则新的文章，名称为习近平会见老挝人民革命党中央委员会前总书记、前国家主席朱马里，已为您更新到数据库
【新文章提醒】这是一则新的文章，名称为习近平抵达万象开始对老挝人民民主共和国进行国事访问，已为您更新到数据库
【新文章提醒】这是一则新的文章，名称为习近平在老挝媒体发表署名文章，已为您更新到数据库
【新文章提醒】这是一则新的文章，名称为习近平再次会见越共中央总书记阮富仲，已为您更新到数据库
【新文章提醒】这是一则新的文章，名称为习近平同越南国家主席陈大光举行会谈，已为您更新到数据库
【新文章提醒】这是一则新的文章，名称为习近平出席越共中央总书记阮富仲和越南国家主席陈大光共同举行的欢迎宴会，已为您更新到数据库
【新文章提醒】这是一则新的文章，名称为习近平会见越南国会主席阮氏金银，已为您更新到数据库
【新文章提醒】这是一则新的文章，名称为习近平同越共中央总书记阮富仲举行会谈，已为您更新到数据库
【新文章提醒】这是一则新的文章，名称为习近平抵达河内开始对越南社会主义共和国进行国事访问，已为您更新到数据库
【新文章提醒】这是一则新的文章，名称为习近平出席越中友谊宫落成移交仪式暨河内中国文化中心揭牌仪式，已为您更新到数据库
【新文章提醒】这是一则新的文章，名称为习近平同智利总统巴切莱特一道出席中智自由贸易协定升级议定书签字仪式，已为您更新到数据库
【新文章提醒】这是一则新的文章，名称为习近平会见日本首相安倍晋三，已为您更新到数据库
【新文章提醒】这是一则新的文章，名称为习近平会见韩国总统文在寅，已为您更新到数据库
【新文章提醒】这是一则新的文章，名称为习近平会见越南总理阮春福，已为您更新到数据库
【新文章提醒】这是一则新的文章，名称为习近平在亚太经合组织第二十五次领导人非正式会议第一阶段会议上的讲话，已为您更新到数据库
【新文章提醒】这是一则新的文章，名称为习近平出席亚太经合组织第二十五次领导人非正式会议并发表重要讲话，已为您更新到数据库
【新文章提醒】这是一则新的文章，名称为习近平主席在亚太经合组织工商领导人峰会上的主旨演讲，已为您更新到数据库
【新文章提醒】这是一则新的文章，名称为习近平出席亚太经合组织工商领导人峰会并发表主旨演讲，已为您更新到数据库
【新文章提醒】这是一则新的文章，名称为习近平抵达岘港，已为您更新到数据库
【新文章提醒】这是一则新的文章，名称为习近平出席亚太经合组织领导人与东盟领导人对话会，已为您更新到数据库
【新文章提醒】这是一则新的文章，名称为习近平会见俄罗斯总统普京，已为您更新到数据库
【新文章提醒】这是一则新的文章，名称为习近平在越南媒体发表署名文章，已为您更新到数据库
【新文章提醒】这是一则新的文章，名称为习近平同美国总统特朗普举行会谈，已为您更新到数据库
【新文章提醒】这是一则新的文章，名称为习近平为美国总统特朗普举行欢迎仪式，已为您更新到数据库
【新文章提醒】这是一则新的文章，名称为习近平和夫人彭丽媛陪同美国总统特朗普和夫人梅拉尼娅参观故宫博物院，已为您更新到数据库
【新文章提醒】这是一则新的文章，名称为习近平致信祝贺中国记协成立80周年，已为您更新到数据库
【新文章提醒】这是一则新的文章，名称为国家主席习近平任免驻外大使，已为您更新到数据库
【新文章提醒】这是一则新的文章，名称为习近平致信祝贺国际竹藤组织成立二十周年，已为您更新到数据库
【新文章提醒】这是一则新的文章，名称为习近平主席就美国得克萨斯州教堂枪击事件向美国总统特朗普表达慰问，已为您更新到数据库
【新文章提醒】这是一则新的文章，名称为中华人民共和国主席令（第八十二号），已为您更新到数据库
【新文章提醒】这是一则新的文章，名称为中华人民共和国主席令（第八十一号），已为您更新到数据库
【新文章提醒】这是一则新的文章，名称为中华人民共和国主席令（第八十号），已为您更新到数据库
【新文章提醒】这是一则新的文章，名称为中华人民共和国主席令（第七十八号），已为您更新到数据库
【新文章提醒】这是一则新的文章，名称为中华人民共和国主席令（第七十七号），已为您更新到数据库
【新文章提醒】这是一则新的文章，名称为中华人民共和国主席令 （第七十九号），已为您更新到数据库
【新文章提醒】这是一则新的文章，名称为习近平：强化备战打仗的鲜明导向 全面提高新时代打赢能力，已为您更新到数据库
【新文章提醒】这是一则新的文章，名称为中央军委举行晋升上将军衔仪式 习近平向晋升上将军衔的张升民颁发命令状并表示祝贺，已为您更新到数据库
【新文章提醒】这是一则新的文章，名称为习近平会见俄罗斯总理梅德韦杰夫，已为您更新到数据库
【新文章提醒】这是一则新的文章，名称为习近平：决胜全面建成小康社会 夺取新时代中国特色社会主义伟大胜利，已为您更新到数据库
本日的更新已完成
