文章栏目更新完毕，下面开始更新文章
现在对第1个栏目进行检测
名称为《习近平：推动我国生态文明建设迈上新台阶》的文章已存在，不需要更新
名称为《习近平：努力造就一支忠诚干净担当的高素质干部队伍》的文章已存在，不需要更新
名称为《习近平：辩证唯物主义是中国共产党人的世界观和方法论》的文章已存在，不需要更新
名称为《习近平在葡萄牙媒体发表署名文章》的文章已存在，不需要更新
名称为《习近平在巴拿马媒体发表署名文章》的文章已存在，不需要更新
名称为《习近平在阿根廷媒体发表署名文章》的文章已存在，不需要更新
名称为《习近平在西班牙媒体发表署名文章》的文章已存在，不需要更新
名称为《习近平在菲律宾媒体发表署名文章》的文章已存在，不需要更新
名称为《习近平在文莱媒体发表署名文章》的文章已存在，不需要更新
名称为《习近平在巴布亚新几内亚媒体发表署名文章》的文章已存在，不需要更新
第1个栏目的文章已经不需要更新了
现在对第2个栏目进行检测
名称为《中共中央政治局召开会议 习近平主持会议》的文章已存在，不需要更新
名称为《习近平：继续啃硬骨头确保干一件成一件》的文章已存在，不需要更新
名称为《习近平出席中央政法工作会议并发表重要讲话》的文章已存在，不需要更新
名称为《习近平在十九届中央纪委三次全会上发表重要讲话》的文章已存在，不需要更新
名称为《中共中央政治局常务委员会召开会议 中共中央总书记习近平主持会议》的文章已存在，不需要更新
名称为《习近平出席中央军委军事工作会议并发表重要讲话》的文章已存在，不需要更新
名称为《中央农村工作会议在京召开 习近平对做好“三农”工作作出重要指示》的文章已存在，不需要更新
名称为《习近平主持中央政治局会议 审议《中国共产党政法工作条例》》的文章已存在，不需要更新
名称为《中共中央政治局召开民主生活会 习近平主持会议并发表重要讲话》的文章已存在，不需要更新
名称为《中央经济工作会议在北京举行 习近平李克强作重要讲话》的文章已存在，不需要更新
第2个栏目的文章已经不需要更新了
现在对第3个栏目进行检测
名称为《最高检：2018年不批捕不起诉人数上升》的文章已存在，不需要更新
名称为《国资委：打造国有资本投资公司“升级版”》的文章已存在，不需要更新
名称为《司法部出“实招”求解环境损害司法鉴定“瓶颈”问题》的文章已存在，不需要更新
名称为《生态环境部：今年春节城市空气质量同比普遍好转》的文章已存在，不需要更新
名称为《许其亮：肩负起党和人民赋予的神圣使命》的文章已存在，不需要更新
名称为《国家发改委：做好春节和全国“两会”期间市场保供稳价工作》的文章已存在，不需要更新
名称为《第四次全国经济普查现场登记全面有序展开》的文章已存在，不需要更新
名称为《水利部：2019年贫困人口饮水安全问题将基本解决》的文章已存在，不需要更新
名称为《三部门明确自主就业退役士兵创业就业税收优惠政策》的文章已存在，不需要更新
名称为《公安部：春节假期第一天全国道路交通平稳有序》的文章已存在，不需要更新
第3个栏目的文章已经不需要更新了
现在对第4个栏目进行检测
名称为《习近平在《告台湾同胞书》发表40周年纪念会上的讲话》的文章已存在，不需要更新
名称为《国家主席习近平发表二〇一九年新年贺词》的文章已存在，不需要更新
名称为《习近平在全国政协新年茶话会上的讲话》的文章已存在，不需要更新
名称为《习近平在庆祝改革开放40周年大会上的讲话》的文章已存在，不需要更新
名称为《习近平在二十国集团领导人第十三次峰会第一阶段会议上的讲话》的文章已存在，不需要更新
名称为《习近平在十九届中央政治局第十次集体学习时的讲话》的文章已存在，不需要更新
名称为《习近平在纪念刘少奇同志诞辰120周年座谈会上的讲话》的文章已存在，不需要更新
名称为《习近平主席在亚太经合组织第二十六次领导人非正式会议上的发言》的文章已存在，不需要更新
名称为《习近平主席在亚太经合组织工商领导人峰会上的主旨演讲》的文章已存在，不需要更新
名称为《习近平会见香港澳门各界庆祝国家改革开放40周年访问团时的讲话》的文章已存在，不需要更新
第4个栏目的文章已经不需要更新了
现在对第5个栏目进行检测
名称为《我海军参加“和平-19”多国海上联合军演》的文章已存在，不需要更新
名称为《新年俗：博物馆里过大年》的文章已存在，不需要更新
名称为《“伟大的变革”大型展览现场参观人数三天突破20万》的文章已存在，不需要更新
名称为《春节假期第三天全国道路交通流量回升明显》的文章已存在，不需要更新
名称为《春节假期第二天全国主要道路交通安全顺畅》的文章已存在，不需要更新
名称为《关注春节消费：这个年，真有范儿》的文章已存在，不需要更新
名称为《铁路春运节前发送旅客1.43亿人次》的文章已存在，不需要更新
名称为《特朗普称将于下周公布与金正恩第二次会晤的时间地点》的文章已存在，不需要更新
名称为《鹿心社当选广西壮族自治区人大常委会主任》的文章已存在，不需要更新
名称为《多地酝酿新一轮文化旅游规划》的文章已存在，不需要更新
第5个栏目的文章已经不需要更新了
现在对第6个栏目进行检测
名称为《习近平同卡塔尔埃米尔塔米姆举行会谈》的文章已存在，不需要更新
名称为《习近平就菲律宾发生爆炸袭击事件向菲律宾总统杜特尔特致慰问电》的文章已存在，不需要更新
名称为《习近平同党外人士共迎新春》的文章已存在，不需要更新
名称为《习近平与越共中央总书记、国家主席阮富仲互致新年贺信》的文章已存在，不需要更新
名称为《习近平同法国总统马克龙互致贺电 庆祝中法建交55周年》的文章已存在，不需要更新
名称为《习近平和夫人彭丽媛会见李洙墉并观看朝鲜友好艺术团演出》的文章已存在，不需要更新
名称为《习近平就巴西矿坝决堤事故致慰问电》的文章已存在，不需要更新
名称为《习近平向全军老同志祝贺新春》的文章已存在，不需要更新
名称为《习近平出席省部级主要领导干部坚持底线思维着力防范化解重大风险专题研讨班开班式》的文章已存在，不需要更新
名称为《习近平主席就墨西哥发生输油管道爆炸事故向墨西哥总统洛佩斯致慰问电》的文章已存在，不需要更新
第6个栏目的文章已经不需要更新了
现在对第7个栏目进行检测
名称为《中央农村工作会议在京召开 习近平对做好“三农”工作作出重要指示》的文章已存在，不需要更新
名称为《习近平在第五个国家宪法日之际作出重要指示》的文章已存在，不需要更新
名称为《习近平对三北工程建设作出重要指示》的文章已存在，不需要更新
名称为《习近平对自由贸易试验区建设作出重要指示》的文章已存在，不需要更新
名称为《习近平对全国党委秘书长会议作出重要指示》的文章已存在，不需要更新
名称为《习近平对脱贫攻坚工作作出重要指示》的文章已存在，不需要更新
名称为《习近平：共同呵护好孩子的眼睛 让他们拥有一个光明的未来​》的文章已存在，不需要更新
名称为《习近平对中船重工第七六〇所黄群等3名同志壮烈牺牲作出重要指示》的文章已存在，不需要更新
名称为《习近平对首个“中国医师节”作出重要指示》的文章已存在，不需要更新
名称为《习近平对王继才同志先进事迹作出重要指示强调 要大力倡导爱国奉献精神 使之成为新时代奋斗者的价值追求》的文章已存在，不需要更新
第7个栏目的文章已经不需要更新了
现在对第8个栏目进行检测
名称为《写在北平和平解放70周年之际》的文章已存在，不需要更新
名称为《党的十八大以来媒体融合发展成就综述》的文章已存在，不需要更新
名称为《中央政治局第十二次集体学习侧记》的文章已存在，不需要更新
名称为《省部级主要领导干部坚持底线思维着力防范化解重大风险专题研讨班侧记》的文章已存在，不需要更新
名称为《习近平总书记调研京津冀协同发展并主持召开座谈会纪实》的文章已存在，不需要更新
名称为《人类首次月球背面探测全纪实》的文章已存在，不需要更新
名称为《写在十九届中央纪委三次全会召开之际》的文章已存在，不需要更新
名称为《党的十九大以来全面从严治党成果巡礼之三》的文章已存在，不需要更新
名称为《党的十九大以来全面从严治党成果巡礼之二》的文章已存在，不需要更新
名称为《写在推动长江经济带发展座谈会召开三周年之际③》的文章已存在，不需要更新
第8个栏目的文章已经不需要更新了
现在对第9个栏目进行检测
名称为《习近平同葡萄牙总统德索萨就中葡建交40周年互致贺电》的文章已存在，不需要更新
名称为《习近平就菲律宾发生爆炸袭击事件向菲律宾总统杜特尔特致慰问电》的文章已存在，不需要更新
名称为《习近平与越共中央总书记、国家主席阮富仲互致新年贺信》的文章已存在，不需要更新
名称为《习近平同法国总统马克龙互致贺电 庆祝中法建交55周年》的文章已存在，不需要更新
名称为《习近平就巴西矿坝决堤事故致慰问电》的文章已存在，不需要更新
名称为《习近平向2019年“中国－老挝旅游年”致贺词》的文章已存在，不需要更新
名称为《习近平主席就墨西哥发生输油管道爆炸事故向墨西哥总统洛佩斯致慰问电》的文章已存在，不需要更新
名称为《习近平同吉布提总统盖莱就中吉建交40周年互致贺电》的文章已存在，不需要更新
名称为《习近平致信祝贺中国社会科学院中国历史研究院成立》的文章已存在，不需要更新
名称为《习近平致中国社会科学院中国历史研究院成立的贺信》的文章已存在，不需要更新
第9个栏目的文章已经不需要更新了
现在对第10个栏目进行检测
名称为《习近平结束访问回到北​京》的文章已存在，不需要更新
名称为《习近平会见葡萄牙总理科斯塔》的文章已存在，不需要更新
名称为《习近平会见葡萄牙议会议长罗德里格斯》的文章已存在，不需要更新
名称为《习近平同葡萄牙总统德索萨举行会谈》的文章已存在，不需要更新
名称为《习近平抵达里斯本 开始对葡萄牙进行国事访问》的文章已存在，不需要更新
名称为《习近平和巴拿马总统巴雷拉共同参观巴拿马运河新船闸》的文章已存在，不需要更新
名称为《习近平会见巴拿马国民大会主席阿夫雷戈》的文章已存在，不需要更新
名称为《习近平和巴拿马总统巴雷拉共同会见出席中国－巴拿马经贸合作论坛的双方企业家代表》的文章已存在，不需要更新
名称为《中华人民共和国和巴拿马共和国联合新闻公报（全文）》的文章已存在，不需要更新
名称为《习近平同巴拿马总统巴雷拉举行会谈》的文章已存在，不需要更新
第10个栏目的文章已经不需要更新了
现在对第11个栏目进行检测
名称为《在全社会大力弘扬家国情怀》的文章已存在，不需要更新
名称为《在奋斗中收获更多自信和勇气》的文章已存在，不需要更新
名称为《技术迭代打开无限想象力》的文章已存在，不需要更新
名称为《以传播优势提升治理效能》的文章已存在，不需要更新
名称为《让主流媒体成为“全媒体”》的文章已存在，不需要更新
名称为《同心共筑中国梦》的文章已存在，不需要更新
名称为《扩大主流价值影响力版图》的文章已存在，不需要更新
名称为《推动媒体深度融合，做大做强主流舆论》的文章已存在，不需要更新
名称为《推动媒体融合发展走深走实》的文章已存在，不需要更新
名称为《扛起政治责任，永葆斗争精神》的文章已存在，不需要更新
第11个栏目的文章已经不需要更新了
现在对第12个栏目进行检测
名称为《“立根原在群众中”，习近平这样说》的文章已存在，不需要更新
名称为《牢记使命！看习近平始终不渝的初心》的文章已存在，不需要更新
名称为《群众身边的“小事”，习近平始终放在心里》的文章已存在，不需要更新
名称为《暖人心扉！听习近平的这些知心话》的文章已存在，不需要更新
名称为《习近平主席特别代表马朝旭出席安理会高级别公开辩论会》的文章已存在，不需要更新
名称为《习近平总书记在春节团拜会上的讲话引发海外热烈反响》的文章已存在，不需要更新
名称为《习近平总书记在2019年春节团拜会上的讲话凝聚人心催人奋进》的文章已存在，不需要更新
名称为《习近平同苏丹总统巴希尔就中苏建交60周年互致贺电》的文章已存在，不需要更新
名称为《在奋斗中收获更多自信和勇气——2019年春节团拜会侧记》的文章已存在，不需要更新
名称为《习近平：在2019年春节团拜会上的讲话》的文章已存在，不需要更新
第12个栏目的文章已经不需要更新了
现在对第13个栏目进行检测
名称为《李大钊：中国共产党的创始人之一》的文章已存在，不需要更新
名称为《蔡和森：中国共产党工人运动领袖》的文章已存在，不需要更新
名称为《董必武：中国共产党的创始人之一》的文章已存在，不需要更新
名称为《何叔衡：中国共产党的创始人之一》的文章已存在，不需要更新
名称为《方志敏：伟大的共产主义战士》的文章已存在，不需要更新
名称为《刘胡兰：生的伟大死的光荣》的文章已存在，不需要更新
名称为《马本斋：百战百胜的回民支队司令员》的文章已存在，不需要更新
名称为《左　权：中国工农红军高级指挥员》的文章已存在，不需要更新
名称为《叶　挺：中国人民解放军创建人之一》的文章已存在，不需要更新
名称为《杨靖宇：抗日民族英雄》的文章已存在，不需要更新
第13个栏目的文章已经不需要更新了
现在对第14个栏目进行检测
名称为《土地革命时期中央巡视工作是如何开展的？》的文章已存在，不需要更新
名称为《毛泽东演讲中的“有的放矢”该怎么理解？》的文章已存在，不需要更新
名称为《为什么说小平小道是改革开放的策源地？》的文章已存在，不需要更新
名称为《周恩来的初心是如何形成的？》的文章已存在，不需要更新
名称为《民主生活会制度是如何被写入党章的？》的文章已存在，不需要更新
【新文章提醒】这是一则新的文章，名称为《党的“组织路线”概念是如何提出的？》，已为您更新到数据库
【新文章提醒】这是一则新的文章，名称为《首次提出“四个服从”是在党的哪次全会上？》，已为您更新到数据库
【新文章提醒】这是一则新的文章，名称为《陈云为何要提出“小公”服从“大公”？》，已为您更新到数据库
【新文章提醒】这是一则新的文章，名称为《张闻天是如何开展调查研究的？》，已为您更新到数据库
【新文章提醒】这是一则新的文章，名称为《抗战时期“精兵简政”提案为何获得毛泽东称赞？》，已为您更新到数据库
【新文章提醒】这是一则新的文章，名称为《为什么要开除刘力功党籍？》，已为您更新到数据库
【新文章提醒】这是一则新的文章，名称为《为什么说《共同纲领》是全国人民的大宪章？》，已为您更新到数据库
【新文章提醒】这是一则新的文章，名称为《毛泽东是如何强调“学习一定要学到底”的？》，已为您更新到数据库
【新文章提醒】这是一则新的文章，名称为《抗战时期为什么数万青年义无返顾地奔赴延安？》，已为您更新到数据库
【新文章提醒】这是一则新的文章，名称为《开国大典的礼炮为什么要鸣放28响？》，已为您更新到数据库
【新文章提醒】这是一则新的文章，名称为《中华人民共和国为什么不能简称中华民国？》，已为您更新到数据库
【新文章提醒】这是一则新的文章，名称为《开国大典为什么选择在天安门广场举行？》，已为您更新到数据库
【新文章提醒】这是一则新的文章，名称为《为什么要修建人民英雄纪念碑？》，已为您更新到数据库
【新文章提醒】这是一则新的文章，名称为《中央人民政府里为什么会有民主党派和民主人士？》，已为您更新到数据库
【新文章提醒】这是一则新的文章，名称为《为什么将新中国的国号定为“中华人民共和国”？》，已为您更新到数据库
【新文章提醒】这是一则新的文章，名称为《为什么把《义勇军进行曲》确定为中华人民共和国的国歌？》，已为您更新到数据库
【新文章提醒】这是一则新的文章，名称为《为什么要把中华人民共和国的国旗确定为五星红旗？》，已为您更新到数据库
【新文章提醒】这是一则新的文章，名称为《上海解放初期为什么会发生“米棉之战”？》，已为您更新到数据库
【新文章提醒】这是一则新的文章，名称为《中国共产党为什么要同民主党派“长期共存、互相监督”？》，已为您更新到数据库
【新文章提醒】这是一则新的文章，名称为《上海解放初期为什么会发生“银元之战”？》，已为您更新到数据库
【新文章提醒】这是一则新的文章，名称为《刘少奇为什么要在新中国成立前夕访问苏联？》，已为您更新到数据库
【新文章提醒】这是一则新的文章，名称为《1949年米高扬为什么要秘密访问西柏坡？》，已为您更新到数据库
【新文章提醒】这是一则新的文章，名称为《1949年4月上旬至5月7日刘少奇为什么要到天津蹲点并发表系列讲话？》，已为您更新到数据库
【新文章提醒】这是一则新的文章，名称为《为什么说“四面八方”的经济政策思想源于刘少奇？》，已为您更新到数据库
【新文章提醒】这是一则新的文章，名称为《为什么说中国新民主主义革命的胜利具有重大而深远的历史意义？》，已为您更新到数据库
【新文章提醒】这是一则新的文章，名称为《毛泽东为什么要写《别了，司徒雷登》等评论？》，已为您更新到数据库
【新文章提醒】这是一则新的文章，名称为《为什么说新中国成立前夕刘少奇关于新中国经济建设基本方针的构想已初步形成？》，已为您更新到数据库
【新文章提醒】这是一则新的文章，名称为《1949年南京解放后，美国驻国民党政府大使司徒雷登为什么没有随国民党政府南迁？》，已为您更新到数据库
【新文章提醒】这是一则新的文章，名称为《刘少奇为什么要提议建立华北人民政府？》，已为您更新到数据库
【新文章提醒】这是一则新的文章，名称为《1949年3月柳亚子为什么会赋“牢骚诗”？》，已为您更新到数据库
【新文章提醒】这是一则新的文章，名称为《为什么中共华东中央局是“山东分局改建”的而不是“华中局改建”的？》，已为您更新到数据库
【新文章提醒】这是一则新的文章，名称为《中央军委与总前委为什么四次变更渡江战役的具体实施时间？》，已为您更新到数据库
【新文章提醒】这是一则新的文章，名称为《1949年1月中共中央军委为什么进一步作出关于全军组织编制番号的决定？》，已为您更新到数据库
【新文章提醒】这是一则新的文章，名称为《中共中央为什么将渡江战役的时间选择在1949年4月？》，已为您更新到数据库
【新文章提醒】这是一则新的文章，名称为《为什么会有苏联领导人劝阻中国人民解放军过长江的说法？》，已为您更新到数据库
【新文章提醒】这是一则新的文章，名称为《1948年4月中共中央为什么作出“暂不渡江”的决定？》，已为您更新到数据库
【新文章提醒】这是一则新的文章，名称为《为什么说“中华人民共和国”名称是1947年中共中央召开的十二月会议上最早提出的？》，已为您更新到数据库
【新文章提醒】这是一则新的文章，名称为《为什么说中国共产党的民族政策经历了三个阶段？》，已为您更新到数据库
【新文章提醒】这是一则新的文章，名称为《毛泽东为什么要把进入北平城称作“进京赶考”？》，已为您更新到数据库
【新文章提醒】这是一则新的文章，名称为《为什么说中共七届二中全会对迎接中国革命在全国的胜利和对新中国建设事业都具有巨大的指导作用？》，已为您更新到数据库
【新文章提醒】这是一则新的文章，名称为《为什么说中共七大通过的党章经历了一个演进的过程？》，已为您更新到数据库
【新文章提醒】这是一则新的文章，名称为《为什么说解决晋察冀边区军事问题是中共中央工委到达西柏坡后首先着手解决的问题？》，已为您更新到数据库
【新文章提醒】这是一则新的文章，名称为《1948年前后，中共中央为什么要迁往平山县？》，已为您更新到数据库
【新文章提醒】这是一则新的文章，名称为《渡江先遣支队先期南渡的计划为什么没有实现？》，已为您更新到数据库
【新文章提醒】这是一则新的文章，名称为《1947年7月中央军委为什么改变了南渡长江的计划？》，已为您更新到数据库
【新文章提醒】这是一则新的文章，名称为《中央军委为什么决定提早发起平津战役？》，已为您更新到数据库
【新文章提醒】这是一则新的文章，名称为《北平为什么能够和平解放？》，已为您更新到数据库
【新文章提醒】这是一则新的文章，名称为《为什么说解放张家口对中国共产党在抗战胜利后战略方针展开上具有重要意义？》，已为您更新到数据库
【新文章提醒】这是一则新的文章，名称为《为什么说抗日战争的胜利是中国近代反侵略战争和民族解放战争的转折点？》，已为您更新到数据库
【新文章提醒】这是一则新的文章，名称为《中国战场没有“对日作战之最后阶段”的战略反攻的说法为什么不准确？》，已为您更新到数据库
【新文章提醒】这是一则新的文章，名称为《1945年当共产党军队打下张家口后蒋介石为什么电令冈村宁次“必须夺还已失陷的张家口”？》，已为您更新到数据库
【新文章提醒】这是一则新的文章，名称为《毛泽东为什么在中共七大上肯定陈独秀的功绩？》，已为您更新到数据库
【新文章提醒】这是一则新的文章，名称为《为什么说中共七大为争取抗日战争的胜利和新民主主义革命在全国的胜利奠定了基础？》，已为您更新到数据库
【新文章提醒】这是一则新的文章，名称为《为什么说中共七大形成了一个由各种优秀人物组成的党的领导集体？》，已为您更新到数据库
【新文章提醒】这是一则新的文章，名称为《为什么中共七大将团结确定为大会方针在党的历史上是第一次？》，已为您更新到数据库
【新文章提醒】这是一则新的文章，名称为《为什么说七大是党在民主革命时期召开的一次重要的代表大会？》，已为您更新到数据库
现在对第14个栏目进行检测
【新文章提醒】这是一则新的文章，名称为《解放战争时期“四个意识”的初步形成和体现》，已为您更新到数据库
【新文章提醒】这是一则新的文章，名称为《中国共产党制度治党的历史发展与经验启示》，已为您更新到数据库
【新文章提醒】这是一则新的文章，名称为《延安时期这样抓党性教育》，已为您更新到数据库
【新文章提醒】这是一则新的文章，名称为《延安时期在职干部学习小组如何抓学习》，已为您更新到数据库
【新文章提醒】这是一则新的文章，名称为《毛泽东的初心之路》，已为您更新到数据库
【新文章提醒】这是一则新的文章，名称为《刘少奇论个人与组织的关系》，已为您更新到数据库
【新文章提醒】这是一则新的文章，名称为《学习周恩来 增强政治定力》，已为您更新到数据库
【新文章提醒】这是一则新的文章，名称为《延安时期我们党的党史学习及其历史经验》，已为您更新到数据库
【新文章提醒】这是一则新的文章，名称为《中国共产党早期从严治党的探索与实践》，已为您更新到数据库
【新文章提醒】这是一则新的文章，名称为《延安时期增强党性的问题意识与导向》，已为您更新到数据库
【新文章提醒】这是一则新的文章，名称为《《共产党宣言》的深远影响》，已为您更新到数据库
【新文章提醒】这是一则新的文章，名称为《延安整风运动对党的主题教育的启示》，已为您更新到数据库
【新文章提醒】这是一则新的文章，名称为《党是怎样防止分散主义的》，已为您更新到数据库
【新文章提醒】这是一则新的文章，名称为《“四个伟大”的由来及其相互关系》，已为您更新到数据库
【新文章提醒】这是一则新的文章，名称为《中共五大对党的建设的历史贡献》，已为您更新到数据库
【新文章提醒】这是一则新的文章，名称为《《论共产党员的修养》对加强新时期党员党性修养的启示》，已为您更新到数据库
现在对第14个栏目进行检测
名称为《毛泽东的初心之路》的文章已存在，不需要更新
名称为《刘少奇论个人与组织的关系》的文章已存在，不需要更新
名称为《学习周恩来 增强政治定力》的文章已存在，不需要更新
名称为《延安时期我们党的党史学习及其历史经验》的文章已存在，不需要更新
名称为《中国共产党早期从严治党的探索与实践》的文章已存在，不需要更新
名称为《延安时期增强党性的问题意识与导向》的文章已存在，不需要更新
名称为《《共产党宣言》的深远影响》的文章已存在，不需要更新
名称为《党是怎样防止分散主义的》的文章已存在，不需要更新
名称为《“四个伟大”的由来及其相互关系》的文章已存在，不需要更新
名称为《中共五大对党的建设的历史贡献》的文章已存在，不需要更新
第14个栏目的文章已经不需要更新了
现在对第15个栏目进行检测
【新文章提醒】这是一则新的文章，名称为《朱德一生学习《共产党宣言》》，已为您更新到数据库
【新文章提醒】这是一则新的文章，名称为《刘少奇与他的农民通讯员》，已为您更新到数据库
【新文章提醒】这是一则新的文章，名称为《项英夫妇与群众鱼水情深：离别时送绸缎被单表达感激》，已为您更新到数据库
【新文章提醒】这是一则新的文章，名称为《解放北平的三次和谈》，已为您更新到数据库
【新文章提醒】这是一则新的文章，名称为《刘少奇清廉二三事》，已为您更新到数据库
【新文章提醒】这是一则新的文章，名称为《大道薪火——《共产党宣言》中文首译本诞生记》，已为您更新到数据库
【新文章提醒】这是一则新的文章，名称为《张闻天调查研究的故事》，已为您更新到数据库
【新文章提醒】这是一则新的文章，名称为《从习仲勋的一次调研说开去》，已为您更新到数据库
【新文章提醒】这是一则新的文章，名称为《陈云的“调研经”》，已为您更新到数据库
【新文章提醒】这是一则新的文章，名称为《陈云与调查研究》，已为您更新到数据库
【新文章提醒】这是一则新的文章，名称为《邓小平与调查研究》，已为您更新到数据库
【新文章提醒】这是一则新的文章，名称为《“将军农民”甘祖昌》，已为您更新到数据库
【新文章提醒】这是一则新的文章，名称为《朱德与调查研究》，已为您更新到数据库
【新文章提醒】这是一则新的文章，名称为《周恩来基层调研的五项规矩》，已为您更新到数据库
【新文章提醒】这是一则新的文章，名称为《周恩来与党的早期隐蔽战线》，已为您更新到数据库
【新文章提醒】这是一则新的文章，名称为《刘少奇与调查研究》，已为您更新到数据库
【新文章提醒】这是一则新的文章，名称为《珍稀邮票上的政协故事》，已为您更新到数据库
【新文章提醒】这是一则新的文章，名称为《周恩来与调查研究》，已为您更新到数据库
【新文章提醒】这是一则新的文章，名称为《毛主席率领红军到双池》，已为您更新到数据库
【新文章提醒】这是一则新的文章，名称为《《义勇军进行曲》诞生背后的中共因素》，已为您更新到数据库
【新文章提醒】这是一则新的文章，名称为《毛泽东与调查研究》，已为您更新到数据库
【新文章提醒】这是一则新的文章，名称为《1943年延安春节前后的双拥运动》，已为您更新到数据库
【新文章提醒】这是一则新的文章，名称为《毛泽东诗词与中国故事》，已为您更新到数据库
【新文章提醒】这是一则新的文章，名称为《毛泽东的诗词故事》，已为您更新到数据库
【新文章提醒】这是一则新的文章，名称为《毛泽东和他的时代》，已为您更新到数据库
【新文章提醒】这是一则新的文章，名称为《习仲勋与广东“三农”工作》，已为您更新到数据库
【新文章提醒】这是一则新的文章，名称为《中越关系正常化的前前后后》，已为您更新到数据库
【新文章提醒】这是一则新的文章，名称为《朱德如何深入实际调查研究》，已为您更新到数据库
【新文章提醒】这是一则新的文章，名称为《毛泽东与党的七大》，已为您更新到数据库
【新文章提醒】这是一则新的文章，名称为《中日缔结和平友好条约谈判和邓小平访日》，已为您更新到数据库
【新文章提醒】这是一则新的文章，名称为《周恩来与中印关系》，已为您更新到数据库
【新文章提醒】这是一则新的文章，名称为《记周总理最后一次会见外宾》，已为您更新到数据库
【新文章提醒】这是一则新的文章，名称为《“捷克事件”与周恩来的“六八”讲话》，已为您更新到数据库
【新文章提醒】这是一则新的文章，名称为《忆周总理1964年访苏》，已为您更新到数据库
【新文章提醒】这是一则新的文章，名称为《周恩来的非洲十国之行》，已为您更新到数据库
【新文章提醒】这是一则新的文章，名称为《1956年随朱德参加苏共二十大》，已为您更新到数据库
【新文章提醒】这是一则新的文章，名称为《忆日内瓦会议的军事谈判》，已为您更新到数据库
【新文章提醒】这是一则新的文章，名称为《抗战胜利时我与港督代表的一次谈判》，已为您更新到数据库
【新文章提醒】这是一则新的文章，名称为《罗荣桓告诫子女:“不要成为八旗子弟”》，已为您更新到数据库
现在对第15个栏目进行检测
【新文章提醒】这是一则新的文章，名称为《毛泽东诗词中的“伟大民族精神”》，已为您更新到数据库
Traceback (most recent call last):
  File "/root/QIANGGUO/QIANGGUO/scrapy/news_scrapy.py", line 165, in <module>
    scrapy.__Maintain__()
  File "/root/QIANGGUO/QIANGGUO/scrapy/news_scrapy.py", line 133, in __Maintain__
    newsItemdict = self.__getArticleDetail__(url)
  File "/root/QIANGGUO/QIANGGUO/scrapy/news_scrapy.py", line 76, in __getArticleDetail__
    articleDict['frst_name'] =value['detail']['frst_name']
KeyError: 'detail'
