['https://www.xuexi.cn/4426aa87b0b64ac671c96379a3a8bd26/datadb086044562a57b441c24f2af1c8e101.js', u'https://www.xuexi.cn/9e0809abd7b29ff09a9890486e0ace52/data29f26f722b3749f799692dcb4c3bc73c.js', u'https://www.xuexi.cn/5984cbfad3406999bae6844604122bf4/data3130ba968c09230dc802101c66761e93.js', u'https://www.xuexi.cn/261c9a142ef8e6375ed554815a26d585/dataf2d8ff735982530b7a8c9bb90fa99f68.js', u'https://www.xuexi.cn/e20602b4767a8f75cdd6245e46513931/data91b2545db4228cb3b1c2c8751902b55f.js']
发现新视频(或图片故事)：《贵州：生态美 百姓富 乘势而上谱新篇》,已为您添加到数据库
发现新视频(或图片故事)：《《新闻联播》 20190217 》,已为您添加到数据库
发现新视频(或图片故事)：《广东：春到南粤 潮涌珠江》,已为您添加到数据库
发现新视频(或图片故事)：《《新闻联播》 20190216 》,已为您添加到数据库
发现新视频(或图片故事)：《习近平会见美国贸易代表和财政部长》,已为您添加到数据库
发现新视频(或图片故事)：《《新闻联播》 20190215 》,已为您添加到数据库
发现新视频(或图片故事)：《西藏：雪域高原气象新》,已为您添加到数据库
发现新视频(或图片故事)：《习近平2019年1月16日至18日在京津冀考察主持召开京津冀协​同发展座谈会​》,已为您添加到数据库
发现新视频(或图片故事)：《习近平2018年12月17日​会见来京述职的香港特别行政区行政长官林郑月娥》,已为您添加到数据库
发现新视频(或图片故事)：《习近平2018年12月17日会见来京述职的澳门特别行政区行政长官崔世安》,已为您添加到数据库
发现新视频(或图片故事)：《习近平2018年12月12日同厄瓜多尔总统莫雷诺举行会谈​》,已为您添加到数据库
发现新视频(或图片故事)：《习近平举行仪式欢迎马尔代夫总统访华》,已为您添加到数据库
发现新视频(或图片故事)：《习近平同马尔代夫总统举行会谈》,已为您添加到数据库
发现新视频(或图片故事)：《习近平致信祝贺首届“南南人权论坛”开幕》,已为您添加到数据库
发现新视频(或图片故事)：《习近平向2017年广州《财富》全球论坛致贺信》,已为您添加到数据库
发现新视频(或图片故事)：《习近平接受十一国新任驻华大使递交国书》,已为您添加到数据库
发现新视频(或图片故事)：《习近平会见加拿大总理》,已为您添加到数据库
发现新视频(或图片故事)：《习近平致信祝贺第四届世界互联网大会开幕》,已为您添加到数据库
发现新视频(或图片故事)：《习近平出席中国共产党与世界政党高层对话会开幕式并发表主旨讲话》,已为您添加到数据库
发现新视频(或图片故事)：《习近平会见缅甸国务资政》,已为您添加到数据库
发现新视频(或图片故事)：《习近平会见柬埔寨人民党主席 政府首相》,已为您添加到数据库
发现新视频(或图片故事)：《每日一讲|张柏春讲《从第一生产力到第一驱动力》》,已为您添加到数据库
发现新视频(或图片故事)：《每日一讲|张柏春讲《近现代技术的引进》》,已为您添加到数据库
发现新视频(或图片故事)：《 每日一讲|张柏春讲《位居世界前列的发明古国》》,已为您添加到数据库
发现新视频(或图片故事)：《 每日一讲|张柏春讲《新中国技术的奠基与突破》》,已为您添加到数据库
这个栏目长度为8656,有25个是新视频，有8631个是旧视频
发现新视频(或图片故事)：《采油女工的笑容》,已为您添加到数据库
发现新视频(或图片故事)：《我们入队了!》,已为您添加到数据库
发现新视频(或图片故事)：《壮族小姑娘》,已为您添加到数据库
发现新视频(或图片故事)：《年轻妈妈》,已为您添加到数据库
发现新视频(或图片故事)：《休息时间》,已为您添加到数据库
发现新视频(或图片故事)：《快来看》,已为您添加到数据库
发现新视频(或图片故事)：《夏令营里真开心》,已为您添加到数据库
发现新视频(或图片故事)：《我的好老师》,已为您添加到数据库
发现新视频(或图片故事)：《石洞》,已为您添加到数据库
发现新视频(或图片故事)：《笑容》,已为您添加到数据库
发现新视频(或图片故事)：《秋之梦》,已为您添加到数据库
发现新视频(或图片故事)：《守心》,已为您添加到数据库
发现新视频(或图片故事)：《壮美胡杨》,已为您添加到数据库
发现新视频(或图片故事)：《美景如画》,已为您添加到数据库
发现新视频(或图片故事)：《筑梦新机场》,已为您添加到数据库
发现新视频(或图片故事)：《老人与鹤》,已为您添加到数据库
发现新视频(或图片故事)：《融化酷寒的人们》,已为您添加到数据库
发现新视频(或图片故事)：《《徽风皖韵——瞰新安》组照》,已为您添加到数据库
发现新视频(或图片故事)：《唱响民族赞歌》,已为您添加到数据库
发现新视频(或图片故事)：《冬日暖阳照透心》,已为您添加到数据库
发现新视频(或图片故事)：《丰收的喜悦》,已为您添加到数据库
发现新视频(或图片故事)：《大凉山美姑镇彝族汉子》,已为您添加到数据库
发现新视频(或图片故事)：《顽童》,已为您添加到数据库
发现新视频(或图片故事)：《喜悦》,已为您添加到数据库
发现新视频(或图片故事)：《快乐》,已为您添加到数据库
发现新视频(或图片故事)：《笑容可掬》,已为您添加到数据库
发现新视频(或图片故事)：《喜上眉梢》,已为您添加到数据库
发现新视频(或图片故事)：《喜》,已为您添加到数据库
发现新视频(或图片故事)：《张灯结彩》,已为您添加到数据库
发现新视频(或图片故事)：《秋林尽染》,已为您添加到数据库
发现新视频(或图片故事)：《重庆梁平：柚子丰收成美景》,已为您添加到数据库
发现新视频(或图片故事)：《树到晚秋鸟为叶》,已为您添加到数据库
发现新视频(或图片故事)：《土楼晒秋》,已为您添加到数据库
发现新视频(或图片故事)：《太湖风景线》,已为您添加到数据库
发现新视频(或图片故事)：《美在瘦西湖 》,已为您添加到数据库
发现新视频(或图片故事)：《火树银花贺中秋》,已为您添加到数据库
发现新视频(或图片故事)：《听孙敬修爷爷讲故事》,已为您添加到数据库
发现新视频(或图片故事)：《跳板》,已为您添加到数据库
发现新视频(或图片故事)：《报捷》,已为您添加到数据库
发现新视频(或图片故事)：《鼓动》,已为您添加到数据库
发现新视频(或图片故事)：《胜利的一棒》,已为您添加到数据库
发现新视频(或图片故事)：《我是一个兵》,已为您添加到数据库
发现新视频(或图片故事)：《妈妈！到那边去！》,已为您添加到数据库
发现新视频(或图片故事)：《茶点》,已为您添加到数据库
发现新视频(或图片故事)：《爱的语言》,已为您添加到数据库
发现新视频(或图片故事)：《健康随烟而灭》,已为您添加到数据库
发现新视频(或图片故事)：《快捷支付》,已为您添加到数据库
发现新视频(或图片故事)：《烧烤炉》,已为您添加到数据库
发现新视频(或图片故事)：《伢牙乐》,已为您添加到数据库
发现新视频(或图片故事)：《蜗居》,已为您添加到数据库
发现新视频(或图片故事)：《漩》,已为您添加到数据库
发现新视频(或图片故事)：《韵心》,已为您添加到数据库
发现新视频(或图片故事)：《集成》,已为您添加到数据库
发现新视频(或图片故事)：《青花瓷》,已为您添加到数据库
发现新视频(或图片故事)：《恬静的小孩》,已为您添加到数据库
发现新视频(或图片故事)：《送行》,已为您添加到数据库
发现新视频(或图片故事)：《以国家名义》,已为您添加到数据库
发现新视频(或图片故事)：《民警接待室》,已为您添加到数据库
发现新视频(或图片故事)：《英魂归来》,已为您添加到数据库
发现新视频(或图片故事)：《厨师分享APEC焰火》,已为您添加到数据库
发现新视频(或图片故事)：《回家过年了》,已为您添加到数据库
发现新视频(或图片故事)：《土窑泳池》,已为您添加到数据库
发现新视频(或图片故事)：《悬崖转移 》,已为您添加到数据库
发现新视频(或图片故事)：《歼击机女飞行员 》,已为您添加到数据库
发现新视频(或图片故事)：《圆梦》,已为您添加到数据库
发现新视频(或图片故事)：《跨越》,已为您添加到数据库
发现新视频(或图片故事)：《我国生产的亚洲最大的盾构机安装中》,已为您添加到数据库
发现新视频(或图片故事)：《火焰校正》,已为您添加到数据库
发现新视频(或图片故事)：《工业彩虹》,已为您添加到数据库
发现新视频(或图片故事)：《工艺人员在黄光区做工艺试验》,已为您添加到数据库
发现新视频(或图片故事)：《重工重器》,已为您添加到数据库
发现新视频(或图片故事)：《百步云梯》,已为您添加到数据库
发现新视频(或图片故事)：《我的家园》,已为您添加到数据库
发现新视频(或图片故事)：《幸福》,已为您添加到数据库
发现新视频(或图片故事)：《鱼塘上的音符》,已为您添加到数据库
发现新视频(或图片故事)：《一人一台》,已为您添加到数据库
发现新视频(或图片故事)：《离别》,已为您添加到数据库
发现新视频(或图片故事)：《生命至上》,已为您添加到数据库
发现新视频(或图片故事)：《马背上的勇士》,已为您添加到数据库
发现新视频(或图片故事)：《小丫望月》,已为您添加到数据库
发现新视频(或图片故事)：《钱塘潮》,已为您添加到数据库
发现新视频(或图片故事)：《工间休息》,已为您添加到数据库
发现新视频(或图片故事)：《归途》,已为您添加到数据库
发现新视频(或图片故事)：《爱心接力》,已为您添加到数据库
发现新视频(或图片故事)：《每天的早晨》,已为您添加到数据库
发现新视频(或图片故事)：《生命之源》,已为您添加到数据库
发现新视频(或图片故事)：《地震来了》,已为您添加到数据库
发现新视频(或图片故事)：《大地》,已为您添加到数据库
发现新视频(或图片故事)：《太空摄影》,已为您添加到数据库
发现新视频(或图片故事)：《一角钱的电话超市》,已为您添加到数据库
发现新视频(或图片故事)：《迈向未来》,已为您添加到数据库
发现新视频(或图片故事)：《蛊惑》,已为您添加到数据库
发现新视频(或图片故事)：《人生印迹》,已为您添加到数据库
发现新视频(或图片故事)：《kappa创意》,已为您添加到数据库
发现新视频(或图片故事)：《晨》,已为您添加到数据库
发现新视频(或图片故事)：《展》,已为您添加到数据库
发现新视频(或图片故事)：《守护》,已为您添加到数据库
发现新视频(或图片故事)：《舞台背后同样精彩》,已为您添加到数据库
发现新视频(或图片故事)：《快乐胖人》,已为您添加到数据库
发现新视频(或图片故事)：《音乐冲动》,已为您添加到数据库
发现新视频(或图片故事)：《文明的世界》,已为您添加到数据库
发现新视频(或图片故事)：《或》,已为您添加到数据库
发现新视频(或图片故事)：《彼岸》,已为您添加到数据库
发现新视频(或图片故事)：《液体的变奏》,已为您添加到数据库
发现新视频(或图片故事)：《孕》,已为您添加到数据库
发现新视频(或图片故事)：《群众的力量》,已为您添加到数据库
发现新视频(或图片故事)：《天疆巡航》,已为您添加到数据库
发现新视频(或图片故事)：《心路系列风光》,已为您添加到数据库
发现新视频(或图片故事)：《瓶子系列》,已为您添加到数据库
发现新视频(或图片故事)：《心境》,已为您添加到数据库
发现新视频(或图片故事)：《笑弯了腰》,已为您添加到数据库
发现新视频(或图片故事)：《珠穆朗玛岛》,已为您添加到数据库
发现新视频(或图片故事)：《变迁》,已为您添加到数据库
发现新视频(或图片故事)：《青椒》,已为您添加到数据库
发现新视频(或图片故事)：《家园》,已为您添加到数据库
发现新视频(或图片故事)：《心的家园》,已为您添加到数据库
发现新视频(或图片故事)：《水果酒》,已为您添加到数据库
发现新视频(或图片故事)：《155mm自行榴弹炮射击》,已为您添加到数据库
发现新视频(或图片故事)：《为农民兄弟办理身份证一丝不苟》,已为您添加到数据库
发现新视频(或图片故事)：《守护》,已为您添加到数据库
发现新视频(或图片故事)：《东巴小猪赛游泳》,已为您添加到数据库
发现新视频(或图片故事)：《聆听》,已为您添加到数据库
发现新视频(或图片故事)：《灾后》,已为您添加到数据库
发现新视频(或图片故事)：《全家福》,已为您添加到数据库
发现新视频(或图片故事)：《抢修》,已为您添加到数据库
发现新视频(或图片故事)：《猛虎觅食》,已为您添加到数据库
发现新视频(或图片故事)：《好奇》,已为您添加到数据库
发现新视频(或图片故事)：《单骑》,已为您添加到数据库
发现新视频(或图片故事)：《西藏女孩》,已为您添加到数据库
发现新视频(或图片故事)：《组图0404》,已为您添加到数据库
发现新视频(或图片故事)：《山之肖像》,已为您添加到数据库
发现新视频(或图片故事)：《“非典”来临之时》,已为您添加到数据库
发现新视频(或图片故事)：《迪士尼音乐厅》,已为您添加到数据库
发现新视频(或图片故事)：《长城》,已为您添加到数据库
发现新视频(或图片故事)：《构成》,已为您添加到数据库
发现新视频(或图片故事)：《魅发四重奏》,已为您添加到数据库
发现新视频(或图片故事)：《心中的家园》,已为您添加到数据库
发现新视频(或图片故事)：《组图0418》,已为您添加到数据库
发现新视频(或图片故事)：《金属人体》,已为您添加到数据库
发现新视频(或图片故事)：《曲美——与身俱来》,已为您添加到数据库
发现新视频(或图片故事)：《手机与吉他》,已为您添加到数据库
发现新视频(或图片故事)：《绸带香水》,已为您添加到数据库
发现新视频(或图片故事)：《物超所值》,已为您添加到数据库
发现新视频(或图片故事)：《英雄探妻》,已为您添加到数据库
发现新视频(或图片故事)：《组图0210》,已为您添加到数据库
发现新视频(或图片故事)：《组图0211》,已为您添加到数据库
发现新视频(或图片故事)：《目击沙尘暴》,已为您添加到数据库
发现新视频(或图片故事)：《人类基因图谱（HGP）解密》,已为您添加到数据库
发现新视频(或图片故事)：《白云深处有彝家》,已为您添加到数据库
发现新视频(或图片故事)：《重温“中美乒乓外交”30周年》,已为您添加到数据库
发现新视频(或图片故事)：《立体进攻》,已为您添加到数据库
发现新视频(或图片故事)：《最后的晚餐》,已为您添加到数据库
发现新视频(或图片故事)：《最后的胡同生活（一）》,已为您添加到数据库
发现新视频(或图片故事)：《最后的胡同生活（二）》,已为您添加到数据库
发现新视频(或图片故事)：《组图0227》,已为您添加到数据库
发现新视频(或图片故事)：《半个世纪的爱》,已为您添加到数据库
发现新视频(或图片故事)：《铁骨铸边关（一）》,已为您添加到数据库
发现新视频(或图片故事)：《铁骨铸边关（二）》,已为您添加到数据库
发现新视频(或图片故事)：《少年砂海逃生》,已为您添加到数据库
发现新视频(或图片故事)：《中国水兵在英国》,已为您添加到数据库
发现新视频(或图片故事)：《铁路，向世界屋脊延伸》,已为您添加到数据库
发现新视频(或图片故事)：《《十号大院》》,已为您添加到数据库
发现新视频(或图片故事)：《母亲河——黄河》,已为您添加到数据库
发现新视频(或图片故事)：《球迷圆梦》,已为您添加到数据库
发现新视频(或图片故事)：《告慰亡灵30万》,已为您添加到数据库
发现新视频(或图片故事)：《古城家园：平遥》,已为您添加到数据库
发现新视频(或图片故事)：《留下黄海留下渤海》,已为您添加到数据库
发现新视频(或图片故事)：《宁静的西海固》,已为您添加到数据库
发现新视频(或图片故事)：《峨眉山金顶》,已为您添加到数据库
发现新视频(或图片故事)：《水乡烟雨》,已为您添加到数据库
发现新视频(或图片故事)：《光与影》,已为您添加到数据库
发现新视频(或图片故事)：《中国情结》,已为您添加到数据库
发现新视频(或图片故事)：《圆梦》,已为您添加到数据库
发现新视频(或图片故事)：《和谐》,已为您添加到数据库
发现新视频(或图片故事)：《球场夕阳红》,已为您添加到数据库
发现新视频(或图片故事)：《大京九接轨时刻》,已为您添加到数据库
发现新视频(或图片故事)：《信任考场》,已为您添加到数据库
发现新视频(或图片故事)：《渔之情》,已为您添加到数据库
发现新视频(或图片故事)：《商机莫失》,已为您添加到数据库
发现新视频(或图片故事)：《冬日里》,已为您添加到数据库
发现新视频(或图片故事)：《女子提琴大师安妮·索菲-穆特》,已为您添加到数据库
发现新视频(或图片故事)：《烈火见真情》,已为您添加到数据库
发现新视频(或图片故事)：《争分夺秒》,已为您添加到数据库
发现新视频(或图片故事)：《迎新春》,已为您添加到数据库
发现新视频(或图片故事)：《勇擒歹徒》,已为您添加到数据库
发现新视频(或图片故事)：《指证》,已为您添加到数据库
发现新视频(或图片故事)：《无言的爱》,已为您添加到数据库
发现新视频(或图片故事)：《彩蝶恋江》,已为您添加到数据库
发现新视频(或图片故事)：《夏之韵》,已为您添加到数据库
发现新视频(或图片故事)：《世纪旋律》,已为您添加到数据库
发现新视频(或图片故事)：《魂系沧海》,已为您添加到数据库
发现新视频(或图片故事)：《童趣》,已为您添加到数据库
发现新视频(或图片故事)：《英姿》,已为您添加到数据库
发现新视频(或图片故事)：《赶春》,已为您添加到数据库
发现新视频(或图片故事)：《织》,已为您添加到数据库
发现新视频(或图片故事)：《挺进山腹》,已为您添加到数据库
发现新视频(或图片故事)：《渴望》,已为您添加到数据库
发现新视频(或图片故事)：《风起云涌》,已为您添加到数据库
发现新视频(或图片故事)：《生死簰州湾》,已为您添加到数据库
发现新视频(或图片故事)：《狭路相逢》,已为您添加到数据库
发现新视频(或图片故事)：《喧闹的古镇》,已为您添加到数据库
发现新视频(或图片故事)：《雪乡》,已为您添加到数据库
发现新视频(或图片故事)：《渔歌图 》,已为您添加到数据库
发现新视频(或图片故事)：《枕河人家》,已为您添加到数据库
发现新视频(或图片故事)：《金色的希望》,已为您添加到数据库
发现新视频(或图片故事)：《组图9702》,已为您添加到数据库
发现新视频(或图片故事)：《组图9704》,已为您添加到数据库
发现新视频(或图片故事)：《组图9705》,已为您添加到数据库
发现新视频(或图片故事)：《组图9708》,已为您添加到数据库
发现新视频(或图片故事)：《组图9707》,已为您添加到数据库
发现新视频(或图片故事)：《组图9710》,已为您添加到数据库
发现新视频(或图片故事)：《组图9711》,已为您添加到数据库
发现新视频(或图片故事)：《组图9712》,已为您添加到数据库
发现新视频(或图片故事)：《中华男儿》,已为您添加到数据库
发现新视频(或图片故事)：《组图9715》,已为您添加到数据库
发现新视频(或图片故事)：《组图9717》,已为您添加到数据库
发现新视频(或图片故事)：《组图9716》,已为您添加到数据库
发现新视频(或图片故事)：《组图9402》,已为您添加到数据库
发现新视频(或图片故事)：《破门而入》,已为您添加到数据库
发现新视频(或图片故事)：《组图9404》,已为您添加到数据库
发现新视频(或图片故事)：《组图9405》,已为您添加到数据库
发现新视频(或图片故事)：《组图9406》,已为您添加到数据库
发现新视频(或图片故事)：《组图9408》,已为您添加到数据库
发现新视频(或图片故事)：《组图9409》,已为您添加到数据库
发现新视频(或图片故事)：《组图9410》,已为您添加到数据库
发现新视频(或图片故事)：《组图9412》,已为您添加到数据库
发现新视频(或图片故事)：《组图9413》,已为您添加到数据库
发现新视频(或图片故事)：《组图9414》,已为您添加到数据库
发现新视频(或图片故事)：《希望》,已为您添加到数据库
发现新视频(或图片故事)：《组图9004》,已为您添加到数据库
发现新视频(或图片故事)：《组图9005》,已为您添加到数据库
发现新视频(或图片故事)：《组图9006》,已为您添加到数据库
发现新视频(或图片故事)：《组图9007》,已为您添加到数据库
发现新视频(或图片故事)：《组图9008》,已为您添加到数据库
发现新视频(或图片故事)：《组图9009》,已为您添加到数据库
发现新视频(或图片故事)：《组图9011》,已为您添加到数据库
发现新视频(或图片故事)：《没有共产党就没有新中国（组照）》,已为您添加到数据库
发现新视频(或图片故事)：《没有共产党就没有新中国（组照）》,已为您添加到数据库
发现新视频(或图片故事)：《没有共产党就没有新中国（组照）》,已为您添加到数据库
发现新视频(或图片故事)：《组图9015》,已为您添加到数据库
发现新视频(或图片故事)：《组图9016》,已为您添加到数据库
发现新视频(或图片故事)：《组图9017》,已为您添加到数据库
发现新视频(或图片故事)：《组图9018》,已为您添加到数据库
发现新视频(或图片故事)：《组图9019》,已为您添加到数据库
发现新视频(或图片故事)：《组图9020》,已为您添加到数据库
发现新视频(或图片故事)：《组图8802》,已为您添加到数据库
发现新视频(或图片故事)：《组图8808》,已为您添加到数据库
发现新视频(或图片故事)：《组图8809》,已为您添加到数据库
发现新视频(或图片故事)：《组图8810》,已为您添加到数据库
发现新视频(或图片故事)：《组图8811》,已为您添加到数据库
发现新视频(或图片故事)：《组图8812》,已为您添加到数据库
发现新视频(或图片故事)：《组图8813》,已为您添加到数据库
发现新视频(或图片故事)：《组图8815》,已为您添加到数据库
发现新视频(或图片故事)：《组图8816》,已为您添加到数据库
发现新视频(或图片故事)：《组图8817》,已为您添加到数据库
发现新视频(或图片故事)：《组图8818》,已为您添加到数据库
发现新视频(或图片故事)：《组图8819》,已为您添加到数据库
发现新视频(或图片故事)：《组图8820》,已为您添加到数据库
发现新视频(或图片故事)：《组图8821》,已为您添加到数据库
发现新视频(或图片故事)：《组图8822》,已为您添加到数据库
发现新视频(或图片故事)：《组图8823》,已为您添加到数据库
发现新视频(或图片故事)：《组图8824》,已为您添加到数据库
发现新视频(或图片故事)：《组图8608》,已为您添加到数据库
发现新视频(或图片故事)：《组图8609》,已为您添加到数据库
发现新视频(或图片故事)：《组图8610》,已为您添加到数据库
发现新视频(或图片故事)：《组图8611》,已为您添加到数据库
发现新视频(或图片故事)：《组图8612》,已为您添加到数据库
发现新视频(或图片故事)：《组图8613》,已为您添加到数据库
发现新视频(或图片故事)：《组图8614》,已为您添加到数据库
发现新视频(或图片故事)：《组图8615》,已为您添加到数据库
发现新视频(或图片故事)：《组图8616》,已为您添加到数据库
发现新视频(或图片故事)：《组图8617》,已为您添加到数据库
发现新视频(或图片故事)：《组图8618》,已为您添加到数据库
发现新视频(或图片故事)：《组图8619》,已为您添加到数据库
发现新视频(或图片故事)：《组图8621》,已为您添加到数据库
发现新视频(或图片故事)：《士兵》,已为您添加到数据库
发现新视频(或图片故事)：《狂舞》,已为您添加到数据库
发现新视频(或图片故事)：《组图8624》,已为您添加到数据库
发现新视频(或图片故事)：《组图8625》,已为您添加到数据库
发现新视频(或图片故事)：《组图8626》,已为您添加到数据库
发现新视频(或图片故事)：《组图8627》,已为您添加到数据库
发现新视频(或图片故事)：《组图8628》,已为您添加到数据库
发现新视频(或图片故事)：《组图8629》,已为您添加到数据库
发现新视频(或图片故事)：《组图8630》,已为您添加到数据库
发现新视频(或图片故事)：《组图8631》,已为您添加到数据库
发现新视频(或图片故事)：《组图8632》,已为您添加到数据库
发现新视频(或图片故事)：《组图8407》,已为您添加到数据库
发现新视频(或图片故事)：《组图8408》,已为您添加到数据库
发现新视频(或图片故事)：《组图8409》,已为您添加到数据库
发现新视频(或图片故事)：《组图8410》,已为您添加到数据库
发现新视频(或图片故事)：《组图8411》,已为您添加到数据库
发现新视频(或图片故事)：《组图8412》,已为您添加到数据库
发现新视频(或图片故事)：《组图8487》,已为您添加到数据库
发现新视频(或图片故事)：《组图8414》,已为您添加到数据库
发现新视频(或图片故事)：《组图8415》,已为您添加到数据库
发现新视频(或图片故事)：《组图8416》,已为您添加到数据库
发现新视频(或图片故事)：《组图8417》,已为您添加到数据库
发现新视频(或图片故事)：《组图8418》,已为您添加到数据库
发现新视频(或图片故事)：《组图8419》,已为您添加到数据库
发现新视频(或图片故事)：《组图8420》,已为您添加到数据库
发现新视频(或图片故事)：《组图8421》,已为您添加到数据库
发现新视频(或图片故事)：《组图8422》,已为您添加到数据库
发现新视频(或图片故事)：《组图8424》,已为您添加到数据库
发现新视频(或图片故事)：《组图8425》,已为您添加到数据库
发现新视频(或图片故事)：《组图8426》,已为您添加到数据库
发现新视频(或图片故事)：《组图8427》,已为您添加到数据库
发现新视频(或图片故事)：《组图8428》,已为您添加到数据库
发现新视频(或图片故事)：《组图8429》,已为您添加到数据库
发现新视频(或图片故事)：《组图8402》,已为您添加到数据库
发现新视频(或图片故事)：《组图8207》,已为您添加到数据库
发现新视频(或图片故事)：《组图8208》,已为您添加到数据库
发现新视频(或图片故事)：《组图8209》,已为您添加到数据库
发现新视频(或图片故事)：《组图8211》,已为您添加到数据库
发现新视频(或图片故事)：《组图8213》,已为您添加到数据库
发现新视频(或图片故事)：《组图8214》,已为您添加到数据库
发现新视频(或图片故事)：《组图8215》,已为您添加到数据库
发现新视频(或图片故事)：《组图8216》,已为您添加到数据库
发现新视频(或图片故事)：《组图8219》,已为您添加到数据库
发现新视频(或图片故事)：《组图8220》,已为您添加到数据库
发现新视频(或图片故事)：《组图8221》,已为您添加到数据库
发现新视频(或图片故事)：《组图8222》,已为您添加到数据库
发现新视频(或图片故事)：《组图8223》,已为您添加到数据库
发现新视频(或图片故事)：《组图8224》,已为您添加到数据库
发现新视频(或图片故事)：《组图8225》,已为您添加到数据库
发现新视频(或图片故事)：《组图8226》,已为您添加到数据库
发现新视频(或图片故事)：《组图8227》,已为您添加到数据库
发现新视频(或图片故事)：《组图8228》,已为您添加到数据库
发现新视频(或图片故事)：《组图8229》,已为您添加到数据库
发现新视频(或图片故事)：《组图8230》,已为您添加到数据库
发现新视频(或图片故事)：《组图8231》,已为您添加到数据库
发现新视频(或图片故事)：《组图8232》,已为您添加到数据库
发现新视频(或图片故事)：《组图8233》,已为您添加到数据库
发现新视频(或图片故事)：《组图8234》,已为您添加到数据库
发现新视频(或图片故事)：《组图8236》,已为您添加到数据库
发现新视频(或图片故事)：《组图8237》,已为您添加到数据库
发现新视频(或图片故事)：《组图8239》,已为您添加到数据库
发现新视频(或图片故事)：《组图8240》,已为您添加到数据库
发现新视频(或图片故事)：《组图8241》,已为您添加到数据库
发现新视频(或图片故事)：《组图8242》,已为您添加到数据库
发现新视频(或图片故事)：《组图8244》,已为您添加到数据库
发现新视频(或图片故事)：《组图8245》,已为您添加到数据库
发现新视频(或图片故事)：《组图8246》,已为您添加到数据库
发现新视频(或图片故事)：《铸铁》,已为您添加到数据库
发现新视频(或图片故事)：《组图8248》,已为您添加到数据库
发现新视频(或图片故事)：《老英雄马恒昌》,已为您添加到数据库
发现新视频(或图片故事)：《见缝插针》,已为您添加到数据库
发现新视频(或图片故事)：《空中表演》,已为您添加到数据库
发现新视频(或图片故事)：《谈谈恋爱经过》,已为您添加到数据库
发现新视频(或图片故事)：《夕照西沙》,已为您添加到数据库
发现新视频(或图片故事)：《英模报告会上》,已为您添加到数据库
发现新视频(或图片故事)：《“双抢”夺高产》,已为您添加到数据库
发现新视频(或图片故事)：《多拉快跑》,已为您添加到数据库
发现新视频(或图片故事)：《不堪一击》,已为您添加到数据库
发现新视频(或图片故事)：《阿里开垦大寨田》,已为您添加到数据库
发现新视频(或图片故事)：《宝宝》,已为您添加到数据库
发现新视频(或图片故事)：《宝岛春帆》,已为您添加到数据库
发现新视频(或图片故事)：《北乡的早晨》,已为您添加到数据库
发现新视频(或图片故事)：《边收边种》,已为您添加到数据库
发现新视频(或图片故事)：《冰上即景》,已为您添加到数据库
发现新视频(或图片故事)：《茶山春色》,已为您添加到数据库
发现新视频(或图片故事)：《超在时间前面的人——青年闯将顾凯》,已为您添加到数据库
发现新视频(或图片故事)：《车厂新貌》,已为您添加到数据库
发现新视频(或图片故事)：《车间彩虹》,已为您添加到数据库
发现新视频(或图片故事)：《穿山越岭》,已为您添加到数据库
发现新视频(或图片故事)：《传艺》,已为您添加到数据库
发现新视频(或图片故事)：《大干快上》,已为您添加到数据库
发现新视频(或图片故事)：《大庆红花遍地开》,已为您添加到数据库
发现新视频(或图片故事)：《大型掘土机出厂》,已为您添加到数据库
发现新视频(或图片故事)：《大叶君子兰》,已为您添加到数据库
发现新视频(或图片故事)：《大寨“亚克西” 》,已为您添加到数据库
发现新视频(或图片故事)：《大寨模范饲养员》,已为您添加到数据库
发现新视频(或图片故事)：《地热考察》,已为您添加到数据库
发现新视频(或图片故事)：《电子新兵》,已为您添加到数据库
发现新视频(或图片故事)：《吊运化肥》,已为您添加到数据库
发现新视频(或图片故事)：《定叫吕梁披绿装》,已为您添加到数据库
发现新视频(或图片故事)：《洞庭枇杷 》,已为您添加到数据库
发现新视频(或图片故事)：《敦煌棉》,已为您添加到数据库
发现新视频(或图片故事)：《多采优质煤》,已为您添加到数据库
发现新视频(或图片故事)：《多轧优质钢》,已为您添加到数据库
发现新视频(或图片故事)：《繁忙的麦场》,已为您添加到数据库
发现新视频(或图片故事)：《放鹿 》,已为您添加到数据库
发现新视频(或图片故事)：《放木》,已为您添加到数据库
发现新视频(或图片故事)：《飞机灭虫》,已为您添加到数据库
发现新视频(或图片故事)：《飞瀑千丈》,已为您添加到数据库
发现新视频(或图片故事)：《丰收在望》,已为您添加到数据库
发现新视频(或图片故事)：《辅导员》,已为您添加到数据库
发现新视频(或图片故事)：《赶在农忙前》,已为您添加到数据库
发现新视频(或图片故事)：《钢花怒放》,已为您添加到数据库
发现新视频(或图片故事)：《高天电缆》,已为您添加到数据库
发现新视频(或图片故事)：《高原英雄钻井队（地热勘探） 》,已为您添加到数据库
发现新视频(或图片故事)：《革命圣地延安》,已为您添加到数据库
发现新视频(或图片故事)：《公社桑田》,已为您添加到数据库
发现新视频(或图片故事)：《攻关》,已为您添加到数据库
发现新视频(或图片故事)：《光辉文献照红途》,已为您添加到数据库
发现新视频(或图片故事)：《国庆之夜》,已为您添加到数据库
发现新视频(或图片故事)：《酣战》,已为您添加到数据库
发现新视频(或图片故事)：《荷花》,已为您添加到数据库
发现新视频(或图片故事)：《荷花》,已为您添加到数据库
发现新视频(或图片故事)：《红流滚滚》,已为您添加到数据库
发现新视频(或图片故事)：《红霞映照黄洋界》,已为您添加到数据库
发现新视频(或图片故事)：《洪水走廊变粮仓》,已为您添加到数据库
发现新视频(或图片故事)：《湖上赛场》,已为您添加到数据库
发现新视频(或图片故事)：《湖上钻探》,已为您添加到数据库
发现新视频(或图片故事)：《华山挺香》,已为您添加到数据库
发现新视频(或图片故事)：《欢送新郎到女家》,已为您添加到数据库
发现新视频(或图片故事)：《焕发青春》,已为您添加到数据库
发现新视频(或图片故事)：《黄麻外运》,已为您添加到数据库
发现新视频(或图片故事)：《黄评齐盘山谷洛》,已为您添加到数据库
发现新视频(或图片故事)：《黄洋界上花更红》,已为您添加到数据库
发现新视频(或图片故事)：《绘新图》,已为您添加到数据库
发现新视频(或图片故事)：《机械化养鸡》,已为您添加到数据库
发现新视频(或图片故事)：《机械化药浴》,已为您添加到数据库
发现新视频(或图片故事)：《急诊》,已为您添加到数据库
发现新视频(或图片故事)：《假日里》,已为您添加到数据库
发现新视频(或图片故事)：《建设大寨田》,已为您添加到数据库
发现新视频(或图片故事)：《今年潞麻好》,已为您添加到数据库
发现新视频(或图片故事)：《今日毛田旗更红》,已为您添加到数据库
发现新视频(或图片故事)：《金色的麦场》,已为您添加到数据库
发现新视频(或图片故事)：《金鱼》,已为您添加到数据库
发现新视频(或图片故事)：《精心安装》,已为您添加到数据库
发现新视频(或图片故事)：《精心编制献给纪念堂》,已为您添加到数据库
发现新视频(或图片故事)：《菊 》,已为您添加到数据库
发现新视频(或图片故事)：《开发新煤田》,已为您添加到数据库
发现新视频(或图片故事)：《开山造田》,已为您添加到数据库
发现新视频(或图片故事)：《看谁的产量好》,已为您添加到数据库
发现新视频(或图片故事)：《看谁为队积肥多》,已为您添加到数据库
发现新视频(或图片故事)：《考核》,已为您添加到数据库
发现新视频(或图片故事)：《老当益壮》,已为您添加到数据库
发现新视频(或图片故事)：《漓江烟雨》,已为您添加到数据库
发现新视频(或图片故事)：《黎明前》,已为您添加到数据库
发现新视频(或图片故事)：《琳琅满目》,已为您添加到数据库
发现新视频(或图片故事)：《岭谷变潜流》,已为您添加到数据库
发现新视频(或图片故事)：《令箭荷花》,已为您添加到数据库
发现新视频(或图片故事)：《六盘新貌》,已为您添加到数据库
发现新视频(或图片故事)：《龙腾虎跃》,已为您添加到数据库
发现新视频(或图片故事)：《庐山》,已为您添加到数据库
发现新视频(或图片故事)：《鹿场之晨》,已为您添加到数据库
发现新视频(或图片故事)：《毛主席永远活在我们心中》,已为您添加到数据库
发现新视频(或图片故事)：《上天揽月》,已为您添加到数据库
发现新视频(或图片故事)：《山乡香色》,已为您添加到数据库
发现新视频(或图片故事)：《人民的怀念》,已为您添加到数据库
发现新视频(或图片故事)：《人欢鱼跃》,已为您添加到数据库
发现新视频(或图片故事)：《秋菊》,已为您添加到数据库
发现新视频(或图片故事)：《悄悄话》,已为您添加到数据库
发现新视频(或图片故事)：《千秋万代缅怀毛主席》,已为您添加到数据库
发现新视频(或图片故事)：《攀登托木尔风》,已为您添加到数据库
发现新视频(或图片故事)：《女支书》,已为您添加到数据库
发现新视频(或图片故事)：《闽山碧》,已为您添加到数据库
发现新视频(或图片故事)：《令箭荷花》,已为您添加到数据库
发现新视频(或图片故事)：《楠竹外运》,已为您添加到数据库
发现新视频(或图片故事)：《农村小学》,已为您添加到数据库
发现新视频(或图片故事)：《破冰踏雪》,已为您添加到数据库
发现新视频(或图片故事)：《葡萄园》,已为您添加到数据库
发现新视频(或图片故事)：《气雾免疫》,已为您添加到数据库
发现新视频(或图片故事)：《潜水》,已为您添加到数据库
发现新视频(或图片故事)：《抢险》,已为您添加到数据库
发现新视频(或图片故事)：《巧用沼气》,已为您添加到数据库
发现新视频(或图片故事)：《热心服务》,已为您添加到数据库
发现新视频(或图片故事)：《人工降雨》,已为您添加到数据库
发现新视频(或图片故事)：《如箭在弦》,已为您添加到数据库
发现新视频(或图片故事)：《若阳粮食丰收》,已为您添加到数据库
发现新视频(或图片故事)：《山村稻谷兵》,已为您添加到数据库
发现新视频(或图片故事)：《山村之晨》,已为您添加到数据库
发现新视频(或图片故事)：《上冬学》,已为您添加到数据库
发现新视频(或图片故事)：《韶山灌庄》,已为您添加到数据库
发现新视频(或图片故事)：《生机勃勃》,已为您添加到数据库
发现新视频(或图片故事)：《试掘》,已为您添加到数据库
发现新视频(或图片故事)：《收割忙》,已为您添加到数据库
发现新视频(或图片故事)：《手术》,已为您添加到数据库
发现新视频(或图片故事)：《双面绣》,已为您添加到数据库
发现新视频(或图片故事)：《水田新绿》,已为您添加到数据库
发现新视频(或图片故事)：《天寒心暖》,已为您添加到数据库
发现新视频(或图片故事)：《跳板》,已为您添加到数据库
发现新视频(或图片故事)：《乌蒙山区》,已为您添加到数据库
发现新视频(或图片故事)：《喜获宝书》,已为您添加到数据库
发现新视频(或图片故事)：《喜在心头》,已为您添加到数据库
发现新视频(或图片故事)：《新安江畔枇杷香》,已为您添加到数据库
发现新视频(或图片故事)：《新茶山》,已为您添加到数据库
发现新视频(或图片故事)：《新鲜蔬菜送城市》,已为您添加到数据库
发现新视频(或图片故事)：《星期天》,已为您添加到数据库
发现新视频(或图片故事)：《学先进赶先进》,已为您添加到数据库
发现新视频(或图片故事)：《烟叶丰收》,已为您添加到数据库
发现新视频(或图片故事)：《夜以继日》,已为您添加到数据库
发现新视频(或图片故事)：《义愤填膺》,已为您添加到数据库
发现新视频(或图片故事)：《殷墟文物》,已为您添加到数据库
发现新视频(或图片故事)：《银花堆成山》,已为您添加到数据库
发现新视频(或图片故事)：《永保青春》,已为您添加到数据库
发现新视频(或图片故事)：《勇攀高峰的人们》,已为您添加到数据库
发现新视频(或图片故事)：《又是一个丰收年》,已为您添加到数据库
发现新视频(或图片故事)：《月季》,已为您添加到数据库
发现新视频(或图片故事)：《载歌载舞迎宝书》,已为您添加到数据库
发现新视频(或图片故事)：《再战后低沟》,已为您添加到数据库
发现新视频(或图片故事)：《长河横跨》,已为您添加到数据库
发现新视频(或图片故事)：《支农水管》,已为您添加到数据库
发现新视频(或图片故事)：《治虫》,已为您添加到数据库
发现新视频(或图片故事)：《治山造林》,已为您添加到数据库
发现新视频(或图片故事)：《装运木材》,已为您添加到数据库
发现新视频(或图片故事)：《壮乡新田》,已为您添加到数据库
发现新视频(或图片故事)：《钻井喷油》,已为您添加到数据库
发现新视频(或图片故事)：《自动化养鸡场》,已为您添加到数据库
发现新视频(或图片故事)：《壮丽的长江三峡》,已为您添加到数据库
发现新视频(或图片故事)：《抓好晚期管理》,已为您添加到数据库
发现新视频(或图片故事)：《竹影》,已为您添加到数据库
发现新视频(或图片故事)：《知识青年》,已为您添加到数据库
发现新视频(或图片故事)：《技高胆大》,已为您添加到数据库
发现新视频(或图片故事)：《战严寒》,已为您添加到数据库
发现新视频(或图片故事)：《早晨》,已为您添加到数据库
发现新视频(或图片故事)：《云湧高峰》,已为您添加到数据库
发现新视频(或图片故事)：《跃进渠》,已为您添加到数据库
发现新视频(或图片故事)：《又一座高炉投产》,已为您添加到数据库
发现新视频(或图片故事)：《英雄的钻井队》,已为您添加到数据库
发现新视频(或图片故事)：《夜战》,已为您添加到数据库
发现新视频(或图片故事)：《洋竹兰》,已为您添加到数据库
发现新视频(或图片故事)：《雅鲁藏布江畔》,已为您添加到数据库
发现新视频(或图片故事)：《驯马》,已为您添加到数据库
发现新视频(或图片故事)：《雪天奋战》,已为您添加到数据库
发现新视频(或图片故事)：《学雷锋  做雷锋》,已为您添加到数据库
发现新视频(或图片故事)：《兴建新高炉》,已为您添加到数据库
发现新视频(或图片故事)：《新开辟的游览区—伊峻岩》,已为您添加到数据库
发现新视频(或图片故事)：《新安江畔》,已为您添加到数据库
发现新视频(或图片故事)：《乡村赛车》,已为您添加到数据库
发现新视频(或图片故事)：《县田工业支农忙》,已为您添加到数据库
发现新视频(或图片故事)：《仙人掌》,已为您添加到数据库
发现新视频(或图片故事)：《喜采新茶》,已为您添加到数据库
发现新视频(或图片故事)：《西双版纳风光》,已为您添加到数据库
发现新视频(或图片故事)：《五指山下军民丰收忙》,已为您添加到数据库
发现新视频(或图片故事)：《五光十色》,已为您添加到数据库
发现新视频(或图片故事)：《铁水奔流》,已为您添加到数据库
发现新视频(或图片故事)：《天鹅》,已为您添加到数据库
发现新视频(或图片故事)：《太行添新装》,已为您添加到数据库
发现新视频(或图片故事)：《踏雪送医》,已为您添加到数据库
发现新视频(或图片故事)：《睡莲》,已为您添加到数据库
发现新视频(或图片故事)：《水电站工地》,已为您添加到数据库
发现新视频(或图片故事)：《叔叔快来喝水》,已为您添加到数据库
发现新视频(或图片故事)：《长江三峡》,已为您添加到数据库
发现新视频(或图片故事)：《蒸蒸日上》,已为您添加到数据库
发现新视频(或图片故事)：《钟山湖畔》,已为您添加到数据库
发现新视频(或图片故事)：《珠穆朗玛峰》,已为您添加到数据库
发现新视频(或图片故事)：《“集体户”的炊事员》,已为您添加到数据库
发现新视频(或图片故事)：《“三废变宝”成功了》,已为您添加到数据库
发现新视频(或图片故事)：《我爱北京天安门》,已为您添加到数据库
发现新视频(或图片故事)：《巴蜀大寨田》,已为您添加到数据库
发现新视频(或图片故事)：《边疆公路》,已为您添加到数据库
发现新视频(或图片故事)：《碧峰“号龙”》,已为您添加到数据库
发现新视频(或图片故事)：《厂小志气大》,已为您添加到数据库
发现新视频(或图片故事)：《奔赴农业节第一线》,已为您添加到数据库
发现新视频(或图片故事)：《畅谈体会》,已为您添加到数据库
发现新视频(或图片故事)：《赤水河上轻骑兵》,已为您添加到数据库
发现新视频(或图片故事)：《处处育春苗》,已为您添加到数据库
发现新视频(或图片故事)：《穿冰破日踏破险峰》,已为您添加到数据库
发现新视频(或图片故事)：《春雨到田间》,已为您添加到数据库
发现新视频(或图片故事)：《打井喷油》,已为您添加到数据库
发现新视频(或图片故事)：《大对流水力采煤》,已为您添加到数据库
发现新视频(或图片故事)：《大搞农田基本建设》,已为您添加到数据库
发现新视频(或图片故事)：《大连新油港 》,已为您添加到数据库
发现新视频(或图片故事)：《大娘盼你们再来》,已为您添加到数据库
发现新视频(或图片故事)：《大马力内燃机车出厂》,已为您添加到数据库
发现新视频(或图片故事)：《党委书记下矿来》,已为您添加到数据库
发现新视频(或图片故事)：《待客如亲人 》,已为您添加到数据库
发现新视频(或图片故事)：《大寨之冬》,已为您添加到数据库
发现新视频(或图片故事)：《大庆开发石油庄》,已为您添加到数据库
发现新视频(或图片故事)：《反修苏哨练兵忙  》,已为您添加到数据库
发现新视频(或图片故事)：《夺钢大战 》,已为您添加到数据库
发现新视频(或图片故事)：《电子群控》,已为您添加到数据库
发现新视频(或图片故事)：《“哎里”小学校》,已为您添加到数据库
发现新视频(或图片故事)：《《创业》在拍演中 》,已为您添加到数据库
发现新视频(或图片故事)：《“乐人树”下育新人》,已为您添加到数据库
发现新视频(或图片故事)：《“蚂蚁”啃出新水平》,已为您添加到数据库
发现新视频(或图片故事)：《风景这边独好》,已为您添加到数据库
发现新视频(或图片故事)：《边防战士乒乓赛》,已为您添加到数据库
发现新视频(或图片故事)：《阿姨来侗乡》,已为您添加到数据库
发现新视频(或图片故事)：《安家》,已为您添加到数据库
发现新视频(或图片故事)：《俺们盼着你们来》,已为您添加到数据库
发现新视频(或图片故事)：《俺是公社小社员》,已为您添加到数据库
发现新视频(或图片故事)：《保持艰苦朴素的传统》,已为您添加到数据库
发现新视频(或图片故事)：《北国之冬》,已为您添加到数据库
发现新视频(或图片故事)：《毕业归来》,已为您添加到数据库
发现新视频(或图片故事)：《藏族女民兵》,已为您添加到数据库
发现新视频(或图片故事)：《藏南春来早 》,已为您添加到数据库
发现新视频(或图片故事)：《采桑 》,已为您添加到数据库
发现新视频(或图片故事)：《采煤机械化》,已为您添加到数据库
发现新视频(或图片故事)：《不要忘记过去》,已为您添加到数据库
发现新视频(或图片故事)：《畅谈学习体会》,已为您添加到数据库
发现新视频(或图片故事)：《茶山风光》,已为您添加到数据库
发现新视频(或图片故事)：《茶海风光》,已为您添加到数据库
发现新视频(或图片故事)：《草原民兵》,已为您添加到数据库
发现新视频(或图片故事)：《30万吨双水内冷发电机》,已为您添加到数据库
发现新视频(或图片故事)：《寻找水源》,已为您添加到数据库
发现新视频(或图片故事)：《山村电灯亮》,已为您添加到数据库
发现新视频(或图片故事)：《渤海一号付指导员》,已为您添加到数据库
发现新视频(或图片故事)：《春到巴山》,已为您添加到数据库
发现新视频(或图片故事)：《大庆油田女钻井队长》,已为您添加到数据库
发现新视频(或图片故事)：《大庆油田老标兵》,已为您添加到数据库
发现新视频(或图片故事)：《大庆油田的女工程师》,已为您添加到数据库
发现新视频(或图片故事)：《大队女子》,已为您添加到数据库
发现新视频(或图片故事)：《春到大庆》,已为您添加到数据库
发现新视频(或图片故事)：《带好新手》,已为您添加到数据库
发现新视频(或图片故事)：《大型柴油机车间投产》,已为您添加到数据库
发现新视频(或图片故事)：《阿妈教咱打草鞋》,已为您添加到数据库
发现新视频(或图片故事)：《阿佤山上“大寨”田》,已为您添加到数据库
发现新视频(或图片故事)：《把好质量关》,已为您添加到数据库
发现新视频(或图片故事)：《保养》,已为您添加到数据库
发现新视频(或图片故事)：《报矿》,已为您添加到数据库
发现新视频(或图片故事)：《北京的声音》,已为您添加到数据库
发现新视频(或图片故事)：《奔袭》,已为您添加到数据库
发现新视频(或图片故事)：《比翼高飞》,已为您添加到数据库
发现新视频(或图片故事)：《碧山彩带》,已为您添加到数据库
发现新视频(或图片故事)：《边疆哨亭》,已为您添加到数据库
发现新视频(或图片故事)：《不忘阶级苦》,已为您添加到数据库
发现新视频(或图片故事)：《布雷》,已为您添加到数据库
发现新视频(或图片故事)：《采矿》,已为您添加到数据库
发现新视频(或图片故事)：《操练》,已为您添加到数据库
发现新视频(或图片故事)：《草原新生》,已为您添加到数据库
发现新视频(或图片故事)：《车站之夜》,已为您添加到数据库
发现新视频(或图片故事)：《采湘莲》,已为您添加到数据库
发现新视频(或图片故事)：《藏族第一代矿工》,已为您添加到数据库
发现新视频(或图片故事)：《乘风破浪》,已为您添加到数据库
发现新视频(或图片故事)：《乘胜前进》,已为您添加到数据库
发现新视频(或图片故事)：《处处摆战场》,已为您添加到数据库
发现新视频(或图片故事)：《打靶》,已为您添加到数据库
发现新视频(或图片故事)：《大打矿山之仗》,已为您添加到数据库
发现新视频(或图片故事)：《大港油田喜喷原油》,已为您添加到数据库
发现新视频(或图片故事)：《大批柴油机待运农村》,已为您添加到数据库
发现新视频(或图片故事)：《大庆青工》,已为您添加到数据库
发现新视频(或图片故事)：《大寨丰收景象》,已为您添加到数据库
发现新视频(或图片故事)：《垛田春色》,已为您添加到数据库
发现新视频(或图片故事)：《繁忙的新港》,已为您添加到数据库
发现新视频(或图片故事)：《妇女代表》,已为您添加到数据库
发现新视频(或图片故事)：《妇女高空作业班》,已为您添加到数据库
发现新视频(或图片故事)：《公社女青年》,已为您添加到数据库
发现新视频(或图片故事)：《攻关》,已为您添加到数据库
发现新视频(或图片故事)：《攻击水下目标》,已为您添加到数据库
发现新视频(或图片故事)：《关怀》,已为您添加到数据库
发现新视频(或图片故事)：《规划前程》,已为您添加到数据库
发现新视频(或图片故事)：《海河新貌》,已为您添加到数据库
发现新视频(或图片故事)：《行进间联络》,已为您添加到数据库
发现新视频(或图片故事)：《互帮互学》,已为您添加到数据库
发现新视频(或图片故事)：《互相学习》,已为您添加到数据库
发现新视频(或图片故事)：《技术学新的能手》,已为您添加到数据库
发现新视频(或图片故事)：《家乡喜讯》,已为您添加到数据库
发现新视频(或图片故事)：《检验新产品》,已为您添加到数据库
发现新视频(或图片故事)：《江南煤矿的青年工人》,已为您添加到数据库
发现新视频(或图片故事)：《交流经验》,已为您添加到数据库
发现新视频(或图片故事)：《交流学习经验》,已为您添加到数据库
发现新视频(或图片故事)：《今日“南泥湾”》,已为您添加到数据库
发现新视频(或图片故事)：《开到北京去》,已为您添加到数据库
发现新视频(或图片故事)：《控诉旧社会》,已为您添加到数据库
发现新视频(或图片故事)：《马上射击》,已为您添加到数据库
发现新视频(或图片故事)：《毛泽东同志在大会主席台上》,已为您添加到数据库
发现新视频(或图片故事)：《纳新》,已为您添加到数据库
发现新视频(或图片故事)：《潜水爆破》,已为您添加到数据库
发现新视频(或图片故事)：《清华大学工农兵学员》,已为您添加到数据库
发现新视频(或图片故事)：《群策群力攻技术难关》,已为您添加到数据库
发现新视频(或图片故事)：《沙漠水库》,已为您添加到数据库
发现新视频(或图片故事)：《山顶水库》,已为您添加到数据库
发现新视频(或图片故事)：《生产轮箍》,已为您添加到数据库
发现新视频(或图片故事)：《十大代表进入庄严的会场》,已为您添加到数据库
发现新视频(或图片故事)：《水力采煤》,已为您添加到数据库
发现新视频(或图片故事)：《谈心得》,已为您添加到数据库
发现新视频(或图片故事)：《坦克演习》,已为您添加到数据库
发现新视频(或图片故事)：《拖拉机厂一角》,已为您添加到数据库
发现新视频(或图片故事)：《文艺战士访藏胞》,已为您添加到数据库
发现新视频(或图片故事)：《武装泅渡》,已为您添加到数据库
发现新视频(或图片故事)：《闲不住的退休工人》,已为您添加到数据库
发现新视频(或图片故事)：《现场传授技术》,已为您添加到数据库
发现新视频(或图片故事)：《香蕉园里庆“十大”》,已为您添加到数据库
发现新视频(或图片故事)：《新炉出钢》,已为您添加到数据库
发现新视频(或图片故事)：《新牧民》,已为您添加到数据库
发现新视频(或图片故事)：《宣讲“十大”文件》,已为您添加到数据库
发现新视频(或图片故事)：《盐场新貌》,已为您添加到数据库
发现新视频(或图片故事)：《野营在风雪高原》,已为您添加到数据库
发现新视频(或图片故事)：《摘新棉》,已为您添加到数据库
发现新视频(或图片故事)：《知识青年到新家》,已为您添加到数据库
发现新视频(或图片故事)：《装配变压器》,已为您添加到数据库
发现新视频(或图片故事)：《钻井队在紧张工作》,已为您添加到数据库
发现新视频(或图片故事)：《弹满膛》,已为您添加到数据库
发现新视频(或图片故事)：《地震以后》,已为您添加到数据库
发现新视频(或图片故事)：《吊装》,已为您添加到数据库
发现新视频(或图片故事)：《夺铜》,已为您添加到数据库
发现新视频(或图片故事)：《发扬铁人精神》,已为您添加到数据库
发现新视频(或图片故事)：《广阔天地炼红心》,已为您添加到数据库
发现新视频(或图片故事)：《焊接》,已为您添加到数据库
发现新视频(或图片故事)：《红旗渠》,已为您添加到数据库
发现新视频(或图片故事)：《胶园新兵》,已为您添加到数据库
发现新视频(或图片故事)：《节日之夜》,已为您添加到数据库
发现新视频(或图片故事)：《军民联防守边疆》,已为您添加到数据库
发现新视频(或图片故事)：《黎明之前》,已为您添加到数据库
发现新视频(或图片故事)：《练武》,已为您添加到数据库
发现新视频(或图片故事)：《炉前》,已为您添加到数据库
发现新视频(或图片故事)：《路线教育课》,已为您添加到数据库
发现新视频(或图片故事)：《满怀激情学农报》,已为您添加到数据库
发现新视频(或图片故事)：《毛主席在中国共产党第十次全国代表大会上》,已为您添加到数据库
发现新视频(或图片故事)：《毛主席主持中国共产党第十次全国代表大会》,已为您添加到数据库
发现新视频(或图片故事)：《攀高峰》,已为您添加到数据库
发现新视频(或图片故事)：《破冰下水铺管线》,已为您添加到数据库
发现新视频(或图片故事)：《强渡》,已为您添加到数据库
发现新视频(或图片故事)：《群策群力》,已为您添加到数据库
发现新视频(或图片故事)：《人工降雨》,已为您添加到数据库
发现新视频(或图片故事)：《深山峡谷汽笛鸣》,已为您添加到数据库
发现新视频(或图片故事)：《深挖洞》,已为您添加到数据库
发现新视频(或图片故事)：《师长当兵》,已为您添加到数据库
发现新视频(或图片故事)：《使用灭虫器》,已为您添加到数据库
发现新视频(或图片故事)：《饲养员的喜悦》,已为您添加到数据库
发现新视频(或图片故事)：《踏雪勘探》,已为您添加到数据库
发现新视频(或图片故事)：《跳跃障碍》,已为您添加到数据库
发现新视频(或图片故事)：《同饮一井水》,已为您添加到数据库
发现新视频(或图片故事)：《我爱“千里眼”》,已为您添加到数据库
发现新视频(或图片故事)：《我爱这一行》,已为您添加到数据库
发现新视频(或图片故事)：《峡谷勘测》,已为您添加到数据库
发现新视频(或图片故事)：《向雷锋叔叔学习》,已为您添加到数据库
发现新视频(或图片故事)：《小牧民》,已为您添加到数据库
发现新视频(或图片故事)：《小修小补立即可取》,已为您添加到数据库
发现新视频(或图片故事)：《新来的猪倌》,已为您添加到数据库
发现新视频(或图片故事)：《雪原深处》,已为您添加到数据库
发现新视频(或图片故事)：《循循善诱》,已为您添加到数据库
发现新视频(或图片故事)：《夜练》,已为您添加到数据库
发现新视频(或图片故事)：《夜送炮弹》,已为您添加到数据库
发现新视频(或图片故事)：《周恩来同志代表中国共产党中央委员会在中国共产党第十次代表大会上做政治报告》,已为您添加到数据库
发现新视频(或图片故事)：《主任拉琴我唱歌》,已为您添加到数据库
发现新视频(或图片故事)：《铸钢》,已为您添加到数据库
发现新视频(或图片故事)：《追击》,已为您添加到数据库
发现新视频(或图片故事)：《自力更生建高炉》,已为您添加到数据库
发现新视频(或图片故事)：《“北大荒”的新一代》,已为您添加到数据库
发现新视频(或图片故事)：《疏浚航道》,已为您添加到数据库
发现新视频(或图片故事)：《北京石油化工总厂一角》,已为您添加到数据库
发现新视频(或图片故事)：《边防线上》,已为您添加到数据库
发现新视频(或图片故事)：《茶园春早》,已为您添加到数据库
发现新视频(或图片故事)：《朝气蓬勃》,已为您添加到数据库
发现新视频(或图片故事)：《车过二郎山》,已为您添加到数据库
发现新视频(或图片故事)：《打谷场上》,已为您添加到数据库
发现新视频(或图片故事)：《大连港之夜》,已为您添加到数据库
发现新视频(或图片故事)：《大庆的早晨》,已为您添加到数据库
发现新视频(或图片故事)：《大型农机送边疆》,已为您添加到数据库
发现新视频(或图片故事)：《大寨秋色》,已为您添加到数据库
发现新视频(或图片故事)：《带新徒》,已为您添加到数据库
发现新视频(或图片故事)：《第十个丰收年》,已为您添加到数据库
发现新视频(或图片故事)：《对虾丰收》,已为您添加到数据库
发现新视频(或图片故事)：《肥羊满圈》,已为您添加到数据库
发现新视频(或图片故事)：《赶制矿山设备》,已为您添加到数据库
发现新视频(或图片故事)：《高空架设》,已为您添加到数据库
发现新视频(或图片故事)：《宝塔山下》,已为您添加到数据库
发现新视频(或图片故事)：《冰山扎营》,已为您添加到数据库
发现新视频(或图片故事)：《高温炉旁》,已为您添加到数据库
发现新视频(或图片故事)：《工人学习《矛盾论》》,已为您添加到数据库
发现新视频(或图片故事)：《海上轻骑》,已为您添加到数据库
发现新视频(或图片故事)：《红旗渠》,已为您添加到数据库
发现新视频(或图片故事)：《互帮互助》,已为您添加到数据库
发现新视频(或图片故事)：《炉旁批判会》,已为您添加到数据库
发现新视频(或图片故事)：《发扬铁人精神》,已为您添加到数据库
发现新视频(或图片故事)：《荒山秃岭变梯田》,已为您添加到数据库
发现新视频(或图片故事)：《机车待发》,已为您添加到数据库
发现新视频(或图片故事)：《讲党史、学路线》,已为您添加到数据库
发现新视频(或图片故事)：《蕉林果香》,已为您添加到数据库
发现新视频(或图片故事)：《劳动人民本色——王进喜战斗在生产第一线》,已为您添加到数据库
发现新视频(或图片故事)：《南海渔汛》,已为您添加到数据库
发现新视频(或图片故事)：《认真读书》,已为您添加到数据库
发现新视频(或图片故事)：《啥时再到俺们家》,已为您添加到数据库
发现新视频(或图片故事)：《山山水水重安排》,已为您添加到数据库
发现新视频(或图片故事)：《实践出真知——李长茂谈学哲学体会》,已为您添加到数据库
发现新视频(或图片故事)：《誓叫沙漠变良田》,已为您添加到数据库
发现新视频(或图片故事)：《守卫在珍宝岛的边防战士》,已为您添加到数据库
发现新视频(或图片故事)：《送肥大军下田来》,已为您添加到数据库
发现新视频(或图片故事)：《铁姑娘队》,已为您添加到数据库
发现新视频(或图片故事)：《同拉革命车》,已为您添加到数据库
发现新视频(或图片故事)：《向荒原进军》,已为您添加到数据库
发现新视频(或图片故事)：《瑶家迎亲人》,已为您添加到数据库
发现新视频(或图片故事)：《野外修理》,已为您添加到数据库
发现新视频(或图片故事)：《夜航》,已为您添加到数据库
发现新视频(或图片故事)：《一家人》,已为您添加到数据库
发现新视频(或图片故事)：《移山造田》,已为您添加到数据库
发现新视频(或图片故事)：《战风雪》,已为您添加到数据库
发现新视频(或图片故事)：《知识青年到农村去》,已为您添加到数据库
发现新视频(或图片故事)：《子弟兵母亲——戎冠秀》,已为您添加到数据库
发现新视频(或图片故事)：《走上海机床厂的道路》,已为您添加到数据库
发现新视频(或图片故事)：《工人上讲台》,已为您添加到数据库
发现新视频(或图片故事)：《互帮互助》,已为您添加到数据库
发现新视频(或图片故事)：《架桥》,已为您添加到数据库
发现新视频(或图片故事)：《街头宣传》,已为您添加到数据库
发现新视频(或图片故事)：《金谷登场》,已为您添加到数据库
发现新视频(或图片故事)：《警惕》,已为您添加到数据库
发现新视频(或图片故事)：《老当益壮——老模范苏广铭钻研技术》,已为您添加到数据库
发现新视频(或图片故事)：《劈山夺煤》,已为您添加到数据库
发现新视频(或图片故事)：《深山测绘》,已为您添加到数据库
发现新视频(或图片故事)：《提高警惕  保卫祖国》,已为您添加到数据库
发现新视频(或图片故事)：《喜摘新棉》,已为您添加到数据库
发现新视频(或图片故事)：《小钢铁生产忙》,已为您添加到数据库
发现新视频(或图片故事)：《辛勤的长江航标工》,已为您添加到数据库
发现新视频(或图片故事)：《新型变压器》,已为您添加到数据库
发现新视频(或图片故事)：《训练间隙》,已为您添加到数据库
发现新视频(或图片故事)：《野炊》,已为您添加到数据库
发现新视频(或图片故事)：《野营路上》,已为您添加到数据库
发现新视频(或图片故事)：《夜练》,已为您添加到数据库
发现新视频(或图片故事)：《这样训练好》,已为您添加到数据库
发现新视频(或图片故事)：《自由带电作业》,已为您添加到数据库
发现新视频(或图片故事)：《阻击》,已为您添加到数据库
发现新视频(或图片故事)：《福建“向东渠”石拱渡糟》,已为您添加到数据库
发现新视频(或图片故事)：《“打倒美国佬”——街头活报剧》,已为您添加到数据库
发现新视频(或图片故事)：《“ 火线”送饭》,已为您添加到数据库
发现新视频(或图片故事)：《 ”水锤泵“提水上山》,已为您添加到数据库
发现新视频(或图片故事)：《游乡》,已为您添加到数据库
发现新视频(或图片故事)：《 “江姐”在香港观众的心中》,已为您添加到数据库
发现新视频(或图片故事)：《“乌兰牧骑”在为牧民演出》,已为您添加到数据库
发现新视频(或图片故事)：《“一把土”的革命精神》,已为您添加到数据库
发现新视频(或图片故事)：《”一定要解放台湾“》,已为您添加到数据库
发现新视频(或图片故事)：《福建前线军民发送宣传品​》,已为您添加到数据库
发现新视频(或图片故事)：《社会主义新愚公》,已为您添加到数据库
发现新视频(或图片故事)：《鞍钢新建酚回收塔 》,已为您添加到数据库
发现新视频(或图片故事)：《澳门同胞大团结万岁 》,已为您添加到数据库
发现新视频(或图片故事)：《把青春献给凉山 》,已为您添加到数据库
发现新视频(或图片故事)：《白浪里的旋律 》,已为您添加到数据库
发现新视频(或图片故事)：《白雾迷江》,已为您添加到数据库
发现新视频(或图片故事)：《半工半读就是好 》,已为您添加到数据库
发现新视频(或图片故事)：《半工半读学校的毕业生  》,已为您添加到数据库
发现新视频(或图片故事)：《“取经”回来》,已为您添加到数据库
发现新视频(或图片故事)：《大庆人》,已为您添加到数据库
发现新视频(或图片故事)：《我国第一颗原子弹爆炸成功》,已为您添加到数据库
发现新视频(或图片故事)：《《俩老汉看比武》》,已为您添加到数据库
发现新视频(或图片故事)：《“一手扶犁，一手拿枪”》,已为您添加到数据库
发现新视频(或图片故事)：《“万能螺丝钉”张洪池》,已为您添加到数据库
发现新视频(或图片故事)：《时传祥和他的新伙伴》,已为您添加到数据库
发现新视频(或图片故事)：《阿富汗国王穆罕默德·查希尔·沙阿在颐和园游览》,已为您添加到数据库
发现新视频(或图片故事)：《澳共主席希尔同志和首都人民一起欢度“五一” 》,已为您添加到数据库
发现新视频(或图片故事)：《澳门儿童喜爱祖国制的玩具 》,已为您添加到数据库
发现新视频(或图片故事)：《巴基斯坦阿尤布汗总统到京》,已为您添加到数据库
发现新视频(或图片故事)：《芭蕾舞演员下连当兵》,已为您添加到数据库
发现新视频(或图片故事)：《把书送到贫农家》,已为您添加到数据库
发现新视频(或图片故事)：《百发百中》,已为您添加到数据库
发现新视频(或图片故事)：《编组待运 》,已为您添加到数据库
发现新视频(或图片故事)：《葵花向太阳 》,已为您添加到数据库
发现新视频(或图片故事)：《变河谷为通途 》,已为您添加到数据库
发现新视频(或图片故事)：《比学赶帮 齐争上游 》,已为您添加到数据库
发现新视频(或图片故事)：《好凉快》,已为您添加到数据库
发现新视频(或图片故事)：《“老八路”回来了》,已为您添加到数据库
发现新视频(或图片故事)：《芭蕾舞剧“海侠”》,已为您添加到数据库
发现新视频(或图片故事)：《饱趣风霜》,已为您添加到数据库
发现新视频(或图片故事)：《北大荒变成北大仓》,已为您添加到数据库
发现新视频(或图片故事)：《北海初雪》,已为您添加到数据库
发现新视频(或图片故事)：《碧野银花》,已为您添加到数据库
发现新视频(或图片故事)：《冰雪边防》,已为您添加到数据库
发现新视频(或图片故事)：《捕海龟》,已为您添加到数据库
发现新视频(或图片故事)：《捕捞鱼苗》,已为您添加到数据库
发现新视频(或图片故事)：《不可摧毁的力量》,已为您添加到数据库
发现新视频(或图片故事)：《采咖啡》,已为您添加到数据库
发现新视频(或图片故事)：《彩车》,已为您添加到数据库
发现新视频(或图片故事)：《菜站》,已为您添加到数据库
发现新视频(或图片故事)：《参加中苏两党会谈》,已为您添加到数据库
发现新视频(或图片故事)：《藏族红领巾》,已为您添加到数据库
发现新视频(或图片故事)：《草原牧人》,已为您添加到数据库
发现新视频(或图片故事)：《补网》,已为您添加到数据库
发现新视频(或图片故事)：《黄河清流映彩虹》,已为您添加到数据库
发现新视频(或图片故事)：《火把》,已为您添加到数据库
发现新视频(或图片故事)：《金鸡远眺》,已为您添加到数据库
发现新视频(或图片故事)：《京剧演员言慧珠》,已为您添加到数据库
发现新视频(或图片故事)：《剧照“太白与酒” 》,已为您添加到数据库
发现新视频(或图片故事)：《马刀舞》,已为您添加到数据库
发现新视频(或图片故事)：《迷路的孩子》,已为您添加到数据库
发现新视频(或图片故事)：《牧童》,已为您添加到数据库
发现新视频(或图片故事)：《棋逢对手》,已为您添加到数据库
发现新视频(或图片故事)：《日出而作》,已为您添加到数据库
发现新视频(或图片故事)：《撒网》,已为您添加到数据库
发现新视频(或图片故事)：《沙漠之恋》,已为您添加到数据库
发现新视频(或图片故事)：《涉水》,已为您添加到数据库
发现新视频(或图片故事)：《拾贝》,已为您添加到数据库
发现新视频(或图片故事)：《天鹅湖》,已为您添加到数据库
发现新视频(或图片故事)：《晚归》,已为您添加到数据库
发现新视频(或图片故事)：《下海前》,已为您添加到数据库
发现新视频(或图片故事)：《先进工作者郁永康》,已为您添加到数据库
发现新视频(或图片故事)：《湘桥晚眺》,已为您添加到数据库
发现新视频(或图片故事)：《嘘寒问暖》,已为您添加到数据库
发现新视频(或图片故事)：《玉米》,已为您添加到数据库
发现新视频(或图片故事)：《玉泉秋色 》,已为您添加到数据库
发现新视频(或图片故事)：《抓鹅》,已为您添加到数据库
发现新视频(或图片故事)：《走钢丝》,已为您添加到数据库
发现新视频(或图片故事)：《鹤侣》,已为您添加到数据库
发现新视频(或图片故事)：《花开养蜂忙》,已为您添加到数据库
发现新视频(或图片故事)：《华山南峰》,已为您添加到数据库
发现新视频(或图片故事)：《黄山晨雾》,已为您添加到数据库
发现新视频(或图片故事)：《伙伴》,已为您添加到数据库
发现新视频(或图片故事)：《蕉林小景》,已为您添加到数据库
发现新视频(或图片故事)：《开拍之前》,已为您添加到数据库
发现新视频(或图片故事)：《看谁跳的多》,已为您添加到数据库
发现新视频(或图片故事)：《颗粒归仓》,已为您添加到数据库
发现新视频(或图片故事)：《劳动模范李克勤》,已为您添加到数据库
发现新视频(或图片故事)：《劳动者》,已为您添加到数据库
发现新视频(或图片故事)：《黎族少女》,已为您添加到数据库
发现新视频(或图片故事)：《令箭荷花》,已为您添加到数据库
发现新视频(或图片故事)：《湄公河畔》,已为您添加到数据库
发现新视频(或图片故事)：《绵绵瓜瓞》,已为您添加到数据库
发现新视频(或图片故事)：《凝思》,已为您添加到数据库
发现新视频(或图片故事)：《农民科学家曲耀离》,已为您添加到数据库
发现新视频(或图片故事)：《劈山引水》,已为您添加到数据库
发现新视频(或图片故事)：《清扫》,已为您添加到数据库
发现新视频(或图片故事)：《琼枝玉树》,已为您添加到数据库
发现新视频(或图片故事)：《全神贯注搞革新》,已为您添加到数据库
发现新视频(或图片故事)：《沙漠骑士》,已为您添加到数据库
发现新视频(或图片故事)：《晒谷》,已为您添加到数据库
发现新视频(或图片故事)：《山溪野鹤》,已为您添加到数据库
发现新视频(或图片故事)：《上市》,已为您添加到数据库
发现新视频(或图片故事)：《摄影家郑景康》,已为您添加到数据库
发现新视频(或图片故事)：《手足》,已为您添加到数据库
发现新视频(或图片故事)：《水乡》,已为您添加到数据库
发现新视频(或图片故事)：《睡莲》,已为您添加到数据库
发现新视频(或图片故事)：《她多惬意》,已为您添加到数据库
发现新视频(或图片故事)：《踏碎银波》,已为您添加到数据库
发现新视频(或图片故事)：《同路》,已为您添加到数据库
发现新视频(或图片故事)：《童年》,已为您添加到数据库
发现新视频(或图片故事)：《突破》,已为您添加到数据库
发现新视频(或图片故事)：《土洋结合修水库》,已为您添加到数据库
发现新视频(或图片故事)：《网影晨光》,已为您添加到数据库
发现新视频(或图片故事)：《喜晒新粮》,已为您添加到数据库
发现新视频(或图片故事)：《翔》,已为您添加到数据库
发现新视频(或图片故事)：《小舟》,已为您添加到数据库
发现新视频(或图片故事)：《修胚》,已为您添加到数据库
发现新视频(或图片故事)：《雪后的通化》,已为您添加到数据库
发现新视频(或图片故事)：《训练场上谈经验》,已为您添加到数据库
发现新视频(或图片故事)：《盐都自贡》,已为您添加到数据库
发现新视频(或图片故事)：《医院实习》,已为您添加到数据库
发现新视频(或图片故事)：《银海泛舟》,已为您添加到数据库
发现新视频(或图片故事)：《渔家儿女》,已为您添加到数据库
发现新视频(或图片故事)：《蔗林》,已为您添加到数据库
发现新视频(或图片故事)：《出院》,已为您添加到数据库
发现新视频(或图片故事)：《奔驰 》,已为您添加到数据库
发现新视频(或图片故事)：《战胜阴雨抢打小麦》,已为您添加到数据库
发现新视频(或图片故事)：《白熊》,已为您添加到数据库
发现新视频(或图片故事)：《白族少女》,已为您添加到数据库
发现新视频(或图片故事)：《藏族民兵》,已为您添加到数据库
发现新视频(或图片故事)：《冲击》,已为您添加到数据库
发现新视频(或图片故事)：《崇高的职业》,已为您添加到数据库
发现新视频(或图片故事)：《促膝谈心》,已为您添加到数据库
发现新视频(或图片故事)：《敌人的好干粮》,已为您添加到数据库
发现新视频(或图片故事)：《电影演员——白杨》,已为您添加到数据库
发现新视频(或图片故事)：《顶水舞 》,已为您添加到数据库
发现新视频(或图片故事)：《顶碗》,已为您添加到数据库
发现新视频(或图片故事)：《风雨无阻》,已为您添加到数据库
发现新视频(或图片故事)：《告别》,已为您添加到数据库
发现新视频(或图片故事)：《鸽》,已为您添加到数据库
发现新视频(或图片故事)：《隔湖夕照》,已为您添加到数据库
发现新视频(或图片故事)：《“他俩昨天还是奴隶”》,已为您添加到数据库
发现新视频(或图片故事)：《“这是妈妈”》,已为您添加到数据库
发现新视频(或图片故事)：《客人来到草原》,已为您添加到数据库
发现新视频(或图片故事)：《我给娃娃洗衣服》,已为您添加到数据库
发现新视频(或图片故事)：《向世界最高峰进军》,已为您添加到数据库
发现新视频(或图片故事)：《渤海秋夜 》,已为您添加到数据库
发现新视频(或图片故事)：《采》,已为您添加到数据库
发现新视频(或图片故事)：《采茶 》,已为您添加到数据库
发现新视频(或图片故事)：《藏族歌手》,已为您添加到数据库
发现新视频(或图片故事)：《草原上的老人》,已为您添加到数据库
发现新视频(或图片故事)：《打谷场上》,已为您添加到数据库
发现新视频(或图片故事)：《大地似锦》,已为您添加到数据库
发现新视频(或图片故事)：《党委书记深入车间》,已为您添加到数据库
发现新视频(或图片故事)：《钓鱼台之冬》,已为您添加到数据库
发现新视频(或图片故事)：《东方红》,已为您添加到数据库
发现新视频(或图片故事)：《东方红拖拉机在拉萨》,已为您添加到数据库
发现新视频(或图片故事)：《冬》,已为您添加到数据库
发现新视频(或图片故事)：《短笛（木雕）》,已为您添加到数据库
发现新视频(或图片故事)：《发麦种 》,已为您添加到数据库
发现新视频(或图片故事)：《丰收乐》,已为您添加到数据库
发现新视频(或图片故事)：《高山引水 》,已为您添加到数据库
发现新视频(或图片故事)：《引水上山》,已为您添加到数据库
发现新视频(或图片故事)：《安全高飞 》,已为您添加到数据库
发现新视频(或图片故事)：《拜老农为师》,已为您添加到数据库
发现新视频(或图片故事)：《比翼双飞》,已为您添加到数据库
发现新视频(或图片故事)：《晨曦浪影 》,已为您添加到数据库
发现新视频(或图片故事)：《吉林热电厂扩建中》,已为您添加到数据库
发现新视频(或图片故事)：《引水上塬 》,已为您添加到数据库
发现新视频(或图片故事)：《沉思》,已为您添加到数据库
发现新视频(或图片故事)：《飞姑娘》,已为您添加到数据库
发现新视频(或图片故事)：《高空检修》,已为您添加到数据库
发现新视频(或图片故事)：《古运河新貌》,已为您添加到数据库
发现新视频(或图片故事)：《归来》,已为您添加到数据库
发现新视频(或图片故事)：《海鸥》,已为您添加到数据库
发现新视频(或图片故事)：《和平的光辉》,已为您添加到数据库
发现新视频(或图片故事)：《荷花》,已为您添加到数据库
发现新视频(或图片故事)：《“军谊”来部队作客》,已为您添加到数据库
发现新视频(或图片故事)：《古树幼苗》,已为您添加到数据库
发现新视频(或图片故事)：《打黄羊》,已为您添加到数据库
发现新视频(或图片故事)：《鼓动》,已为您添加到数据库
发现新视频(或图片故事)：《欢送下放干部》,已为您添加到数据库
发现新视频(或图片故事)：《黄山雨后》,已为您添加到数据库
发现新视频(或图片故事)：《我是一个兵》,已为您添加到数据库
发现新视频(或图片故事)：《阿尔及利亚临时政府总理阿巴斯到京》,已为您添加到数据库
发现新视频(或图片故事)：《捕鱼》,已为您添加到数据库
发现新视频(或图片故事)：《春之歌》,已为您添加到数据库
发现新视频(或图片故事)：《发展中的钢铁工厂》,已为您添加到数据库
发现新视频(或图片故事)：《工业在山谷中也开花》,已为您添加到数据库
发现新视频(或图片故事)：《公社幼儿园的孩子们》,已为您添加到数据库
发现新视频(或图片故事)：《哈蜜瓜 》,已为您添加到数据库
发现新视频(或图片故事)：《好鸟枝头》,已为您添加到数据库
发现新视频(或图片故事)：《合成纤维车间一角》,已为您添加到数据库
发现新视频(或图片故事)：《何处是吾家》,已为您添加到数据库
发现新视频(或图片故事)：《“孙行者”访贤》,已为您添加到数据库
发现新视频(或图片故事)：《丰富多彩的部队生活》,已为您添加到数据库
发现新视频(或图片故事)：《影片“风暴”》,已为您添加到数据库
发现新视频(或图片故事)：《友谊》,已为您添加到数据库
发现新视频(或图片故事)：《毛主席与亚、非、拉青年在一起》,已为您添加到数据库
发现新视频(或图片故事)：《无缝钢管厂》,已为您添加到数据库
发现新视频(或图片故事)：《草原上的花朵》,已为您添加到数据库
发现新视频(或图片故事)：《春暖花开》,已为您添加到数据库
发现新视频(或图片故事)：《打好粮食送到家》,已为您添加到数据库
发现新视频(或图片故事)：《待命夜航》,已为您添加到数据库
发现新视频(或图片故事)：《德化茶杯》,已为您添加到数据库
发现新视频(或图片故事)：《等会儿！我马上来 》,已为您添加到数据库
发现新视频(或图片故事)：《飞渡江河》,已为您添加到数据库
发现新视频(或图片故事)：《佛子岭水库 》,已为您添加到数据库
发现新视频(或图片故事)：《扶桑花》,已为您添加到数据库
发现新视频(或图片故事)：《甘蔗林》,已为您添加到数据库
发现新视频(或图片故事)：《公社里的儿童》,已为您添加到数据库
发现新视频(或图片故事)：《广州珠江桥》,已为您添加到数据库
发现新视频(或图片故事)：《国际友人参观云岗石窟》,已为您添加到数据库
发现新视频(或图片故事)：《哈尔滨新建的一条街 》,已为您添加到数据库
发现新视频(或图片故事)：《和平亭畔》,已为您添加到数据库
发现新视频(或图片故事)：《河网化—安徽 》,已为您添加到数据库
发现新视频(或图片故事)：《虎》,已为您添加到数据库
发现新视频(或图片故事)：《画家下乡》,已为您添加到数据库
发现新视频(或图片故事)：《黄泛区小麦丰收》,已为您添加到数据库
发现新视频(或图片故事)：《黄妈妈在连队里 》,已为您添加到数据库
发现新视频(或图片故事)：《黄山之巅 》,已为您添加到数据库
发现新视频(或图片故事)：《技巧表演》,已为您添加到数据库
发现新视频(或图片故事)：《家庭妇女参加里弄服务工作》,已为您添加到数据库
发现新视频(或图片故事)：《建设中的包头钢铁联合企业 》,已为您添加到数据库
发现新视频(或图片故事)：《假日的北京动物园 》,已为您添加到数据库
发现新视频(或图片故事)：《江门甘蔗工厂的煮糖车间》,已为您添加到数据库
发现新视频(或图片故事)：《今日的小丰满水电站》,已为您添加到数据库
发现新视频(或图片故事)：《金鱼》,已为您添加到数据库
发现新视频(或图片故事)：《金碧辉煌 》,已为您添加到数据库
发现新视频(或图片故事)：《京剧艺术家——梅兰芳和徐兰沅》,已为您添加到数据库
发现新视频(或图片故事)：《看我的手多干净》,已为您添加到数据库
发现新视频(或图片故事)：《鹭江驶帆》,已为您添加到数据库
发现新视频(或图片故事)：《临别前夜》,已为您添加到数据库
发现新视频(或图片故事)：《力争上游》,已为您添加到数据库
发现新视频(或图片故事)：《老中医》,已为您添加到数据库
发现新视频(或图片故事)：《拷贝机前 》,已为您添加到数据库
发现新视频(或图片故事)：《素描》,已为您添加到数据库
发现新视频(或图片故事)：《学手艺》,已为您添加到数据库
发现新视频(或图片故事)：《画家在农村》,已为您添加到数据库
发现新视频(或图片故事)：《“五一”劳动节》,已为您添加到数据库
发现新视频(或图片故事)：《欢送中国人民志愿军归国》,已为您添加到数据库
发现新视频(或图片故事)：《送别亲人》,已为您添加到数据库
发现新视频(或图片故事)：《雨越大干劲越大》,已为您添加到数据库
发现新视频(或图片故事)：《薄雾晨光》,已为您添加到数据库
发现新视频(或图片故事)：《童年》,已为您添加到数据库
发现新视频(或图片故事)：《不放过一根杂草》,已为您添加到数据库
发现新视频(或图片故事)：《测量标兵》,已为您添加到数据库
发现新视频(或图片故事)：《出海》,已为您添加到数据库
发现新视频(或图片故事)：《打夯》,已为您添加到数据库
发现新视频(或图片故事)：《大搞黑板报》,已为您添加到数据库
发现新视频(或图片故事)：《沸腾的工地》,已为您添加到数据库
发现新视频(或图片故事)：《丰收》,已为您添加到数据库
发现新视频(或图片故事)：《敢想敢干的大学生耒晋炎》,已为您添加到数据库
发现新视频(或图片故事)：《河中取铁》,已为您添加到数据库
发现新视频(或图片故事)：《红军老团长教下放干部插秧》,已为您添加到数据库
发现新视频(或图片故事)：《欢声雷动》,已为您添加到数据库
发现新视频(或图片故事)：《欢迎毛主席访苏回来》,已为您添加到数据库
发现新视频(或图片故事)：《击中了敌机》,已为您添加到数据库
发现新视频(或图片故事)：《金鱼》,已为您添加到数据库
发现新视频(或图片故事)：《再抱一抱》,已为您添加到数据库
发现新视频(或图片故事)：《老舍为农民题诗》,已为您添加到数据库
发现新视频(或图片故事)：《粒粒归仓》,已为您添加到数据库
发现新视频(或图片故事)：《炼焦厂的黄昏》,已为您添加到数据库
发现新视频(或图片故事)：《六亿人民的声音》,已为您添加到数据库
发现新视频(或图片故事)：《绿化山区的姑娘们》,已为您添加到数据库
发现新视频(或图片故事)：《毛主席观看我国第一辆小轿车》,已为您添加到数据库
发现新视频(或图片故事)：《煤焦突击队员》,已为您添加到数据库
发现新视频(或图片故事)：《墨鱼丰收》,已为您添加到数据库
发现新视频(或图片故事)：《日出而作》,已为您添加到数据库
发现新视频(或图片故事)：《晒葵》,已为您添加到数据库
发现新视频(或图片故事)：《晒玉米》,已为您添加到数据库
发现新视频(或图片故事)：《山河光辉》,已为您添加到数据库
发现新视频(或图片故事)：《水利工程机械化》,已为您添加到数据库
发现新视频(或图片故事)：《腾格里大沙漠的列车》,已为您添加到数据库
发现新视频(或图片故事)：《土专家建桥》,已为您添加到数据库
发现新视频(或图片故事)：《为钢铁而战》,已为您添加到数据库
发现新视频(或图片故事)：《为炼钢出力》,已为您添加到数据库
发现新视频(或图片故事)：《洗旧变新》,已为您添加到数据库
发现新视频(或图片故事)：《夏收》,已为您添加到数据库
发现新视频(或图片故事)：《盐碱湖上的棉田》,已为您添加到数据库
发现新视频(或图片故事)：《与机器比快》,已为您添加到数据库
发现新视频(或图片故事)：《长桥迎晓日》,已为您添加到数据库
发现新视频(或图片故事)：《支援》,已为您添加到数据库
发现新视频(或图片故事)：《过马路》,已为您添加到数据库
发现新视频(或图片故事)：《思考——数学家华罗庚》,已为您添加到数据库
发现新视频(或图片故事)：《前进的行列》,已为您添加到数据库
发现新视频(或图片故事)：《严寒中的青年突击队 》,已为您添加到数据库
发现新视频(或图片故事)：《扬场》,已为您添加到数据库
发现新视频(或图片故事)：《在结婚登记处》,已为您添加到数据库
发现新视频(或图片故事)：《过马路》,已为您添加到数据库
发现新视频(或图片故事)：《天堑变通途》,已为您添加到数据库
发现新视频(或图片故事)：《严寒中的青年突击队  》,已为您添加到数据库
发现新视频(或图片故事)：《扬场 》,已为您添加到数据库
发现新视频(或图片故事)：《听孙敬修爷爷讲故事》,已为您添加到数据库
发现新视频(或图片故事)：《在结婚登记处》,已为您添加到数据库
发现新视频(或图片故事)：《麦收时节》,已为您添加到数据库
发现新视频(或图片故事)：《毛主席召集最高国务会议》,已为您添加到数据库
发现新视频(或图片故事)：《闽江景色》,已为您添加到数据库
发现新视频(或图片故事)：《母女》,已为您添加到数据库
发现新视频(或图片故事)：《牡丹花》,已为您添加到数据库
发现新视频(或图片故事)：《木轨运送木材》,已为您添加到数据库
发现新视频(或图片故事)：《牧民小学》,已为您添加到数据库
发现新视频(或图片故事)：《南岛风光》,已为您添加到数据库
发现新视频(或图片故事)：《内蒙草原上的“三河牛”》,已为您添加到数据库
发现新视频(或图片故事)：《瓯江帆影》,已为您添加到数据库
发现新视频(或图片故事)：《强渡天堑龙津江》,已为您添加到数据库
发现新视频(或图片故事)：《三个女演员 》,已为您添加到数据库
发现新视频(或图片故事)：《沙洲变绿原》,已为您添加到数据库
发现新视频(或图片故事)：《世界纪录创造者——举重运动员赵庆》,已为您添加到数据库
发现新视频(或图片故事)：《收割》,已为您添加到数据库
发现新视频(或图片故事)：《水库边的鸭群》,已为您添加到数据库
发现新视频(或图片故事)：《水库拦洪》,已为您添加到数据库
发现新视频(或图片故事)：《宋庆龄副主席炼钢》,已为您添加到数据库
发现新视频(或图片故事)：《送别》,已为您添加到数据库
发现新视频(或图片故事)：《梯田》,已为您添加到数据库
发现新视频(或图片故事)：《跳伞表演》,已为您添加到数据库
发现新视频(或图片故事)：《通讯民兵》,已为您添加到数据库
发现新视频(或图片故事)：《通讯民兵》,已为您添加到数据库
发现新视频(或图片故事)：《土法炼焦》,已为您添加到数据库
发现新视频(或图片故事)：《慰问海防战士》,已为您添加到数据库
发现新视频(或图片故事)：《喜迎亲》,已为您添加到数据库
发现新视频(或图片故事)：《鲜蛋待运》,已为您添加到数据库
发现新视频(或图片故事)：《小麦丰收》,已为您添加到数据库
发现新视频(或图片故事)：《幸福的晚年》,已为您添加到数据库
发现新视频(或图片故事)：《学生参加劳动》,已为您添加到数据库
发现新视频(或图片故事)：《学习使用机械斗》,已为您添加到数据库
发现新视频(或图片故事)：《要汀江发电》,已为您添加到数据库
发现新视频(或图片故事)：《夜战》,已为您添加到数据库
发现新视频(或图片故事)：《一网打尽》,已为您添加到数据库
发现新视频(或图片故事)：《优秀保健员戚少春 》,已为您添加到数据库
发现新视频(或图片故事)：《油菜花开千里香 》,已为您添加到数据库
发现新视频(或图片故事)：《油菜花开千里香 》,已为您添加到数据库
发现新视频(或图片故事)：《油棕林》,已为您添加到数据库
发现新视频(或图片故事)：《游鱼争唼》,已为您添加到数据库
发现新视频(或图片故事)：《友谊》,已为您添加到数据库
发现新视频(或图片故事)：《鱼贯而上》,已为您添加到数据库
发现新视频(或图片故事)：《渔民出海》,已为您添加到数据库
发现新视频(或图片故事)：《玉器》,已为您添加到数据库
发现新视频(或图片故事)：《粤北晨曦》,已为您添加到数据库
发现新视频(或图片故事)：《在三门峡工地上》,已为您添加到数据库
发现新视频(或图片故事)：《在鱼苗场实习》,已为您添加到数据库
发现新视频(或图片故事)：《造纸》,已为您添加到数据库
发现新视频(或图片故事)：《湛江港》,已为您添加到数据库
发现新视频(或图片故事)：《赵氏孤儿剧照》,已为您添加到数据库
发现新视频(或图片故事)：《阵地菜园》,已为您添加到数据库
发现新视频(或图片故事)：《重型车床》,已为您添加到数据库
发现新视频(或图片故事)：《装配叶片》,已为您添加到数据库
发现新视频(或图片故事)：《捉玳瑁》,已为您添加到数据库
发现新视频(或图片故事)：《画家在农村》,已为您添加到数据库
发现新视频(或图片故事)：《跳板》,已为您添加到数据库
发现新视频(或图片故事)：《“十五贯”中的“访鼠” 》,已为您添加到数据库
发现新视频(或图片故事)：《叔叔来了》,已为您添加到数据库
发现新视频(或图片故事)：《场轻骑》,已为您添加到数据库
发现新视频(或图片故事)：《赵丹谈表演技巧》,已为您添加到数据库
发现新视频(或图片故事)：《您好，古巴格瓦拉叔叔》,已为您添加到数据库
发现新视频(或图片故事)：《藤蔑吊桥》,已为您添加到数据库
发现新视频(或图片故事)：《跳皮筋》,已为您添加到数据库
发现新视频(或图片故事)：《深山摘药》,已为您添加到数据库
发现新视频(或图片故事)：《阿尔及利亚的第一个国庆日》,已为您添加到数据库
发现新视频(或图片故事)：《把电输给农村》,已为您添加到数据库
发现新视频(或图片故事)：《白花》,已为您添加到数据库
发现新视频(或图片故事)：《碧波丽影》,已为您添加到数据库
发现新视频(或图片故事)：《边防哨的早晨》,已为您添加到数据库
发现新视频(或图片故事)：《捕鲸》,已为您添加到数据库
发现新视频(或图片故事)：《惠州西湖》,已为您添加到数据库
发现新视频(或图片故事)：《加纳首都》,已为您添加到数据库
发现新视频(或图片故事)：《布谷声中插秧忙》,已为您添加到数据库
发现新视频(或图片故事)：《江山如画》,已为您添加到数据库
发现新视频(或图片故事)：《采煤》,已为您添加到数据库
发现新视频(或图片故事)：《车赛》,已为您添加到数据库
发现新视频(或图片故事)：《沉思》,已为您添加到数据库
发现新视频(或图片故事)：《浇钢锭》,已为您添加到数据库
发现新视频(或图片故事)：《晨牧》,已为您添加到数据库
发现新视频(或图片故事)：《出工》,已为您添加到数据库
发现新视频(或图片故事)：《春到人间》,已为您添加到数据库
发现新视频(或图片故事)：《春风第一枝》,已为您添加到数据库
发现新视频(或图片故事)：《春光》,已为您添加到数据库
发现新视频(或图片故事)：《春江水暖》,已为您添加到数据库
发现新视频(或图片故事)：《得奖归来》,已为您添加到数据库
发现新视频(或图片故事)：《登高远望》,已为您添加到数据库
发现新视频(或图片故事)：《地下动脉》,已为您添加到数据库
发现新视频(或图片故事)：《都市之晨》,已为您添加到数据库
发现新视频(或图片故事)：《翻越冰崖》,已为您添加到数据库
发现新视频(或图片故事)：《风雨欲来》,已为您添加到数据库
发现新视频(或图片故事)：《盖叫天》,已为您添加到数据库
发现新视频(或图片故事)：《高原行军》,已为您添加到数据库
发现新视频(或图片故事)：《鸽》,已为您添加到数据库
发现新视频(或图片故事)：《公社订货》,已为您添加到数据库
发现新视频(或图片故事)：《公社力量大》,已为您添加到数据库
发现新视频(或图片故事)：《供奉》,已为您添加到数据库
发现新视频(或图片故事)：《古巴必胜》,已为您添加到数据库
发现新视频(或图片故事)：《古巴青年》,已为您添加到数据库
发现新视频(或图片故事)：《固沙造林》,已为您添加到数据库
发现新视频(或图片故事)：《国画家贺天健》,已为您添加到数据库
发现新视频(或图片故事)：《海上轻骑》,已为您添加到数据库
发现新视频(或图片故事)：《角瓜》,已为您添加到数据库
发现新视频(或图片故事)：《老工匠 》,已为您添加到数据库
发现新视频(或图片故事)：《漓江早渡》,已为您添加到数据库
发现新视频(或图片故事)：《黎明》,已为您添加到数据库
发现新视频(或图片故事)：《练成“夜老虎》,已为您添加到数据库
发现新视频(或图片故事)：《炼油厂》,已为您添加到数据库
发现新视频(或图片故事)：《寮国战斗部队和居民》,已为您添加到数据库
发现新视频(或图片故事)：《烈火无情》,已为您添加到数据库
发现新视频(或图片故事)：《岭南佳果》,已为您添加到数据库
发现新视频(或图片故事)：《洛神》,已为您添加到数据库
发现新视频(或图片故事)：《漫画家华君武》,已为您添加到数据库
发现新视频(或图片故事)：《毛主席和工人一起欢渡“五一”》,已为您添加到数据库
发现新视频(或图片故事)：《牡丹》,已为您添加到数据库
发现新视频(或图片故事)：《闹天宫》,已为您添加到数据库
发现新视频(或图片故事)：《农奴的女儿》,已为您添加到数据库
发现新视频(或图片故事)：《攀登公格尔九别峰的姑娘们 》,已为您添加到数据库
发现新视频(或图片故事)：《蓬勃发展中的石油工业》,已为您添加到数据库
发现新视频(或图片故事)：《评弹演员》,已为您添加到数据库
发现新视频(或图片故事)：《气球飞走了》,已为您添加到数据库
发现新视频(或图片故事)：《气壮山河》,已为您添加到数据库
发现新视频(或图片故事)：《千分尺》,已为您添加到数据库
发现新视频(或图片故事)：《青海湖畔》,已为您添加到数据库
发现新视频(或图片故事)：《秋》,已为您添加到数据库
发现新视频(或图片故事)：《山在虚无缥缈间》,已为您添加到数据库
发现新视频(或图片故事)：《山中拾柴》,已为您添加到数据库
发现新视频(或图片故事)：《上海港》,已为您添加到数据库
发现新视频(或图片故事)：《上海之夜》,已为您添加到数据库
发现新视频(或图片故事)：《少女》,已为您添加到数据库
发现新视频(或图片故事)：《摄影棚内》,已为您添加到数据库
发现新视频(或图片故事)：《一马当先》,已为您添加到数据库
发现新视频(或图片故事)：《长白山的云海》,已为您添加到数据库
发现新视频(或图片故事)：《老有所乐》,已为您添加到数据库
发现新视频(或图片故事)：《沉甸甸的知识》,已为您添加到数据库
发现新视频(或图片故事)：《林下跑鸡 让俺笑了》,已为您添加到数据库
发现新视频(或图片故事)：《好日子，说不完》,已为您添加到数据库
发现新视频(或图片故事)：《老当益壮》,已为您添加到数据库
发现新视频(或图片故事)：《娘》,已为您添加到数据库
发现新视频(或图片故事)：《大红灯笼》,已为您添加到数据库
发现新视频(或图片故事)：《萌娃》,已为您添加到数据库
发现新视频(或图片故事)：《高原童颜》,已为您添加到数据库
发现新视频(或图片故事)：《风采》,已为您添加到数据库
发现新视频(或图片故事)：《千垛春色》,已为您添加到数据库
发现新视频(或图片故事)：《千垛菜花》,已为您添加到数据库
发现新视频(或图片故事)：《梦里水乡》,已为您添加到数据库
发现新视频(或图片故事)：《大地回春》,已为您添加到数据库
发现新视频(或图片故事)：《田无一垛不黄花》,已为您添加到数据库
发现新视频(或图片故事)：《载人深潜器“蛟龙号” 》,已为您添加到数据库
发现新视频(或图片故事)：《港珠澳跨海大桥》,已为您添加到数据库
发现新视频(或图片故事)：《贵州省威宁县百草坪风电场》,已为您添加到数据库
发现新视频(或图片故事)：《“墨子号” 量子科学实验卫星》,已为您添加到数据库
发现新视频(或图片故事)：《“川气东送”起点》,已为您添加到数据库
发现新视频(或图片故事)：《99式主战坦克 》,已为您添加到数据库
发现新视频(或图片故事)：《矮寨大桥》,已为您添加到数据库
发现新视频(或图片故事)：《北京市八达岭太阳能发电站》,已为您添加到数据库
发现新视频(或图片故事)：《北京市顺义区分布式光伏工程》,已为您添加到数据库
发现新视频(或图片故事)：《北京正负电子对撞机》,已为您添加到数据库
发现新视频(或图片故事)：《从神舟五号上看地球》,已为您添加到数据库
发现新视频(或图片故事)：《中国空军运-20重型军用运输机》,已为您添加到数据库
发现新视频(或图片故事)：《中国空军歼-20战机》,已为您添加到数据库
发现新视频(或图片故事)：《中国空军歼-11B战机编队飞行》,已为您添加到数据库
发现新视频(或图片故事)：《中国空军歼-10战机在南海上空实施空中加油训练》,已为您添加到数据库
发现新视频(或图片故事)：《中国空军轰-6战机》,已为您添加到数据库
发现新视频(或图片故事)：《中国海军新型驱逐舰编队出航》,已为您添加到数据库
发现新视频(或图片故事)：《中国海军护卫舰》,已为您添加到数据库
发现新视频(或图片故事)：《中国海军372潜艇》,已为您添加到数据库
发现新视频(或图片故事)：《中国一汽自动化焊接装配线》,已为您添加到数据库
发现新视频(或图片故事)：《长江三峡水利枢纽工程》,已为您添加到数据库
发现新视频(或图片故事)：《洋山港货柜码头》,已为您添加到数据库
发现新视频(或图片故事)：《徐工1600吨全地面起重机在云南首吊》,已为您添加到数据库
发现新视频(或图片故事)：《新型万吨级驱逐舰055型驱逐舰下水》,已为您添加到数据库
发现新视频(或图片故事)：《无人机助力现代化农业》,已为您添加到数据库
发现新视频(或图片故事)：《我国首艘国产航空母舰下水》,已为您添加到数据库
发现新视频(或图片故事)：《天舟一号货运飞船》,已为您添加到数据库
发现新视频(或图片故事)：《天津港》,已为您添加到数据库
发现新视频(或图片故事)：《石岛湾核电站反应堆压力容器进行吊装》,已为您添加到数据库
发现新视频(或图片故事)：《振华“30”起重船》,已为您添加到数据库
发现新视频(或图片故事)：《沈阳鼓风机集团股份有限公司 》,已为您添加到数据库
发现新视频(或图片故事)：《神舟十号载人飞船升空》,已为您添加到数据库
发现新视频(或图片故事)：《“复兴号”高铁首发》,已为您添加到数据库
发现新视频(或图片故事)：《“海翼”号水下滑翔机》,已为您添加到数据库
发现新视频(或图片故事)：《“蓝鲸一号”可燃冰钻井平台》,已为您添加到数据库
发现新视频(或图片故事)：《“南水北调”中线——陶岔渠首枢纽工程》,已为您添加到数据库
发现新视频(或图片故事)：《“全球第一吊”徐工4000吨级履带起重机施工》,已为您添加到数据库
发现新视频(或图片故事)：《“引汉济渭”水利工程》,已为您添加到数据库
发现新视频(或图片故事)：《“渔光互补”发电站》,已为您添加到数据库
发现新视频(或图片故事)：《“长乐公主”号游轮》,已为您添加到数据库
发现新视频(或图片故事)：《3D立体打印房屋》,已为您添加到数据库
发现新视频(或图片故事)：《嫦娥三号着陆器》,已为您添加到数据库
发现新视频(或图片故事)：《超级计算机“天河二号” 》,已为您添加到数据库
发现新视频(或图片故事)：《大庆油田60万吨乙烯生产装置》,已为您添加到数据库
发现新视频(或图片故事)：《动车行驶在渝利线涪陵至丰都区段》,已为您添加到数据库
发现新视频(或图片故事)：《福建安砂水电站  ​》,已为您添加到数据库
发现新视频(或图片故事)：《福建水口水电站建设中》,已为您添加到数据库
发现新视频(或图片故事)：《港珠澳大桥人工岛》,已为您添加到数据库
发现新视频(或图片故事)：《高铁奔驰在祖国西部》,已为您添加到数据库
发现新视频(或图片故事)：《高铁西宁站》,已为您添加到数据库
发现新视频(或图片故事)：《光伏发电站》,已为您添加到数据库
发现新视频(或图片故事)：《光谷未来科技城》,已为您添加到数据库
发现新视频(或图片故事)：《国产大飞机C919》,已为您添加到数据库
发现新视频(或图片故事)：《行走在月球上的“玉兔” 》,已为您添加到数据库
发现新视频(或图片故事)：《红旗-9防空导弹》,已为您添加到数据库
发现新视频(或图片故事)：《华能金陵电厂》,已为您添加到数据库
发现新视频(或图片故事)：《火力发电厂》,已为您添加到数据库
发现新视频(或图片故事)：《歼-15舰载机航母起飞》,已为您添加到数据库
发现新视频(或图片故事)：《建设中的“中国尊”  》,已为您添加到数据库
发现新视频(或图片故事)：《射电望远镜》,已为您添加到数据库
发现新视频(或图片故事)：《建设中的矮寨特大型悬索桥》,已为您添加到数据库
发现新视频(或图片故事)：《京新高速》,已为您添加到数据库
发现新视频(或图片故事)：《建设中的国家电投集团山东海阳核电站》,已为您添加到数据库
发现新视频(或图片故事)：《江苏海上龙源风力发电》,已为您添加到数据库
发现新视频(或图片故事)：《江苏省东台市太阳能电站项目》,已为您添加到数据库
发现新视频(或图片故事)：《京新高速与连霍高速相交点》,已为您添加到数据库
发现新视频(或图片故事)：《九江发电厂》,已为您添加到数据库
发现新视频(或图片故事)：《可燃冰开彩平台》,已为您添加到数据库
发现新视频(或图片故事)：《兰新高铁祁连山段》,已为您添加到数据库
发现新视频(或图片故事)：《辽宁北方重工集团制造的国内最大的盾构机》,已为您添加到数据库
发现新视频(或图片故事)：《临近空间太阳能无人机“彩虹” 》,已为您添加到数据库
发现新视频(或图片故事)：《南京市中国石化金陵石化分公司》,已为您添加到数据库
发现新视频(或图片故事)：《内蒙古包头市达茂旗风电场》,已为您添加到数据库
发现新视频(或图片故事)：《内蒙古乌兰察布风电场》,已为您添加到数据库
发现新视频(或图片故事)：《宁波舟山港》,已为您添加到数据库
发现新视频(或图片故事)：《青岛胶州湾大桥》,已为您添加到数据库
发现新视频(或图片故事)：《青岛前湾联合集装箱码头》,已为您添加到数据库
发现新视频(或图片故事)：《三一超高压拖泵施工上海环球金融中心》,已为您添加到数据库
发现新视频(或图片故事)：《三一设备助力上海金融中心建设》,已为您添加到数据库
发现新视频(或图片故事)：《三一重工生产的挖掘机》,已为您添加到数据库
发现新视频(或图片故事)：《上海高桥石化 》,已为您添加到数据库
发现新视频(或图片故事)：《上海中心大厦》,已为您添加到数据库
发现新视频(或图片故事)：《上海中心大厦》,已为您添加到数据库
这个栏目长度为2510,有1320个是新视频，有1190个是旧视频
发现新视频(或图片故事)：《秋语、秋色、秋情》,已为您添加到数据库
发现新视频(或图片故事)：《江南之秋》,已为您添加到数据库
发现新视频(或图片故事)：《金色大道》,已为您添加到数据库
发现新视频(或图片故事)：《秋色宜人》,已为您添加到数据库
发现新视频(或图片故事)：《江南秋来早》,已为您添加到数据库
发现新视频(或图片故事)：《山居秋色》,已为您添加到数据库
发现新视频(或图片故事)：《晒秋》,已为您添加到数据库
发现新视频(或图片故事)：《秋影》,已为您添加到数据库
发现新视频(或图片故事)：《丰收的麦季节》,已为您添加到数据库
发现新视频(或图片故事)：《秋高气爽》,已为您添加到数据库
发现新视频(或图片故事)：《秋实》,已为您添加到数据库
发现新视频(或图片故事)：《兴安秋晨》,已为您添加到数据库
发现新视频(或图片故事)：《我言秋日胜春朝》,已为您添加到数据库
发现新视频(或图片故事)：《栖霞风韵》,已为您添加到数据库
发现新视频(或图片故事)：《满载而归》,已为您添加到数据库
发现新视频(或图片故事)：《丰收》,已为您添加到数据库
发现新视频(或图片故事)：《农家“晒秋”》,已为您添加到数据库
发现新视频(或图片故事)：《秋天的故事》,已为您添加到数据库
发现新视频(或图片故事)：《一叶知秋》,已为您添加到数据库
发现新视频(或图片故事)：《满园秋色》,已为您添加到数据库
发现新视频(或图片故事)：《金秋牧歌》,已为您添加到数据库
发现新视频(或图片故事)：《老居秋恋》,已为您添加到数据库
发现新视频(或图片故事)：《金色光芒》,已为您添加到数据库
发现新视频(或图片故事)：《层林尽染景色美》,已为您添加到数据库
发现新视频(或图片故事)：《阿尔山小城》,已为您添加到数据库
发现新视频(或图片故事)：《安徽塔川初冬时节红叶美》,已为您添加到数据库
发现新视频(或图片故事)：《坝上秋牧》,已为您添加到数据库
发现新视频(或图片故事)：《半遮面》,已为您添加到数据库
发现新视频(或图片故事)：《北京百望山》,已为您添加到数据库
发现新视频(或图片故事)：《碧波荡漾》,已为您添加到数据库
发现新视频(或图片故事)：《遍地生金》,已为您添加到数据库
发现新视频(或图片故事)：《彩练》,已为您添加到数据库
发现新视频(或图片故事)：《层林尽染》,已为您添加到数据库
发现新视频(或图片故事)：《灿烂的葵花》,已为您添加到数据库
发现新视频(或图片故事)：《大美昆明湖》,已为您添加到数据库
发现新视频(或图片故事)：《稻田新天地》,已为您添加到数据库
发现新视频(或图片故事)：《冬日蔷薇开》,已为您添加到数据库
发现新视频(或图片故事)：《丰收的果实》,已为您添加到数据库
发现新视频(或图片故事)：《风吹一片叶，万物已惊秋》,已为您添加到数据库
发现新视频(或图片故事)：《火红的年代》,已为您添加到数据库
发现新视频(或图片故事)：《枫叶》,已为您添加到数据库
发现新视频(或图片故事)：《古堡生灵》,已为您添加到数据库
发现新视频(或图片故事)：《古村晨韵》,已为您添加到数据库
发现新视频(或图片故事)：《谷场筛黍子》,已为您添加到数据库
发现新视频(或图片故事)：《海上日落》,已为您添加到数据库
发现新视频(或图片故事)：《黄叶翩跹炫金秋》,已为您添加到数据库
发现新视频(或图片故事)：《荷塘秋趣》,已为您添加到数据库
发现新视频(或图片故事)：《红叶谷胜景》,已为您添加到数据库
发现新视频(或图片故事)：《金秋十月》,已为您添加到数据库
发现新视频(或图片故事)：《金秋田园美如画》,已为您添加到数据库
发现新视频(或图片故事)：《金秋》,已为您添加到数据库
发现新视频(或图片故事)：《景美人亦美》,已为您添加到数据库
发现新视频(或图片故事)：《景区美容师》,已为您添加到数据库
发现新视频(或图片故事)：《桕叶泛红》,已为您添加到数据库
发现新视频(或图片故事)：《开阳堡古镇》,已为您添加到数据库
发现新视频(或图片故事)：《孔桥晨曦》,已为您添加到数据库
发现新视频(或图片故事)：《秋暮》,已为您添加到数据库
发现新视频(或图片故事)：《粮丰鹅肥秋色美》,已为您添加到数据库
发现新视频(或图片故事)：《满树尽现黄金甲》,已为您添加到数据库
发现新视频(或图片故事)：《林中何人尽染秋》,已为您添加到数据库
发现新视频(或图片故事)：《满园花菊郁金黄》,已为您添加到数据库
发现新视频(或图片故事)：《南泥湾秋色正浓》,已为您添加到数据库
发现新视频(或图片故事)：《秋眺》,已为您添加到数据库
发现新视频(或图片故事)：《秋叶初红》,已为您添加到数据库
发现新视频(或图片故事)：《秋之画卷》,已为您添加到数据库
发现新视频(或图片故事)：《秋之声》,已为您添加到数据库
发现新视频(或图片故事)：《人间瑶池》,已为您添加到数据库
发现新视频(或图片故事)：《山村晒秋》,已为您添加到数据库
发现新视频(或图片故事)：《赏秋》,已为您添加到数据库
发现新视频(或图片故事)：《沈北新区 稻花情深》,已为您添加到数据库
发现新视频(或图片故事)：《柿子熟了》,已为您添加到数据库
发现新视频(或图片故事)：《树绿牛壮》,已为您添加到数据库
发现新视频(或图片故事)：《霜叶红于二月花》,已为您添加到数据库
发现新视频(或图片故事)：《天亮了》,已为您添加到数据库
发现新视频(或图片故事)：《城市清晨》,已为您添加到数据库
发现新视频(或图片故事)：《牧已成群》,已为您添加到数据库
发现新视频(或图片故事)：《秋季转场》,已为您添加到数据库
发现新视频(或图片故事)：《田园牧歌》,已为您添加到数据库
发现新视频(或图片故事)：《蜿蜒秋色》,已为您添加到数据库
发现新视频(或图片故事)：《万木争秋》,已为您添加到数据库
发现新视频(或图片故事)：《醉美胡杨》,已为您添加到数据库
发现新视频(或图片故事)：《温馨的时刻》,已为您添加到数据库
发现新视频(或图片故事)：《丰收鸟乐》,已为您添加到数据库
发现新视频(或图片故事)：《今又重阳秋飒爽》,已为您添加到数据库
发现新视频(或图片故事)：《秋山青青事事红》,已为您添加到数据库
发现新视频(或图片故事)：《天竹殷殷》,已为您添加到数据库
发现新视频(或图片故事)：《晚霞》,已为您添加到数据库
发现新视频(或图片故事)：《夕阳下玉米地》,已为您添加到数据库
发现新视频(或图片故事)：《乡村之晨 》,已为您添加到数据库
发现新视频(或图片故事)：《乡情》,已为您添加到数据库
发现新视频(或图片故事)：《乡园》,已为您添加到数据库
发现新视频(或图片故事)：《阿拉尔垦区采棉机助力秋收》,已为您添加到数据库
发现新视频(或图片故事)：《秀色满枝亦可餐》,已为您添加到数据库
发现新视频(或图片故事)：《是秋似夏的三亚》,已为您添加到数据库
发现新视频(或图片故事)：《雪沐玉带桥》,已为您添加到数据库
发现新视频(或图片故事)：《叶对根的情意》,已为您添加到数据库
发现新视频(或图片故事)：《一个人的车站》,已为您添加到数据库
发现新视频(或图片故事)：《一勺池水报秋》,已为您添加到数据库
发现新视频(或图片故事)：《一叶知秋》,已为您添加到数据库
发现新视频(或图片故事)：《秋满鹅园》,已为您添加到数据库
发现新视频(或图片故事)：《喜鹊登枝》,已为您添加到数据库
发现新视频(或图片故事)：《乡村晒秋》,已为您添加到数据库
发现新视频(或图片故事)：《小村秋色》,已为您添加到数据库
发现新视频(或图片故事)：《油画塔川 赏客云集》,已为您添加到数据库
发现新视频(或图片故事)：《长廊》,已为您添加到数据库
发现新视频(或图片故事)：《职院银杏树满冠金黄秋色浓》,已为您添加到数据库
发现新视频(或图片故事)：《中国龙》,已为您添加到数据库
发现新视频(或图片故事)：《紫烟尽染》,已为您添加到数据库
发现新视频(或图片故事)：《走入金秋》,已为您添加到数据库
发现新视频(或图片故事)：《秋的剪影》,已为您添加到数据库
发现新视频(或图片故事)：《秋收》,已为您添加到数据库
发现新视频(或图片故事)：《鸟戏马头墙》,已为您添加到数据库
发现新视频(或图片故事)：《品尝果实》,已为您添加到数据库
发现新视频(或图片故事)：《晴雪》,已为您添加到数据库
发现新视频(或图片故事)：《秋菊飘香》,已为您添加到数据库
发现新视频(或图片故事)：《秋临亚丁》,已为您添加到数据库
发现新视频(或图片故事)：《秋色：蓝之恋》,已为您添加到数据库
发现新视频(或图片故事)：《秋日巡田》,已为您添加到数据库
发现新视频(或图片故事)：《徽州秋影》,已为您添加到数据库
发现新视频(或图片故事)：《秋色美如画》,已为您添加到数据库
发现新视频(或图片故事)：《秋柿彤红》,已为您添加到数据库
发现新视频(或图片故事)：《秋收时节》,已为您添加到数据库
发现新视频(或图片故事)：《秋野》,已为您添加到数据库
发现新视频(或图片故事)：《秋韵》,已为您添加到数据库
发现新视频(或图片故事)：《山里山外都是秋》,已为您添加到数据库
发现新视频(或图片故事)：《秋染水帘洞》,已为您添加到数据库
发现新视频(或图片故事)：《秋色如画》,已为您添加到数据库
发现新视频(或图片故事)：《秋实》,已为您添加到数据库
发现新视频(或图片故事)：《遍地尽是黄金甲》,已为您添加到数据库
发现新视频(或图片故事)：《北京百望山》,已为您添加到数据库
发现新视频(或图片故事)：《黄龙瑶池，碧波荡漾》,已为您添加到数据库
发现新视频(或图片故事)：《黛瓦青砖橘满枝》,已为您添加到数据库
发现新视频(或图片故事)：《静秋》,已为您添加到数据库
发现新视频(或图片故事)：《秋溪》,已为您添加到数据库
发现新视频(或图片故事)：《穿越金秋》,已为您添加到数据库
发现新视频(或图片故事)：《山村秋收》,已为您添加到数据库
发现新视频(或图片故事)：《夕照里下河》,已为您添加到数据库
发现新视频(或图片故事)：《新疆巴里坤金秋白杨》,已为您添加到数据库
发现新视频(或图片故事)：《银杏黄了》,已为您添加到数据库
发现新视频(或图片故事)：《醉美年华》,已为您添加到数据库
发现新视频(或图片故事)：《运河湿地》,已为您添加到数据库
发现新视频(或图片故事)：《浓妆淡抹总相宜》,已为您添加到数据库
发现新视频(或图片故事)：《秋虫花影》,已为您添加到数据库
发现新视频(或图片故事)：《隧道施工圆舞曲》,已为您添加到数据库
发现新视频(或图片故事)：《乡村百家宴》,已为您添加到数据库
发现新视频(或图片故事)：《托举未来》,已为您添加到数据库
发现新视频(或图片故事)：《土楼夜生活》,已为您添加到数据库
发现新视频(或图片故事)：《埠寨火龙 》,已为您添加到数据库
发现新视频(或图片故事)：《小日子》,已为您添加到数据库
发现新视频(或图片故事)：《空中飞人》,已为您添加到数据库
发现新视频(或图片故事)：《筑梦、追梦、圆梦 》,已为您添加到数据库
发现新视频(或图片故事)：《墨之韵》,已为您添加到数据库
发现新视频(或图片故事)：《太行山 》,已为您添加到数据库
发现新视频(或图片故事)：《畅游》,已为您添加到数据库
发现新视频(或图片故事)：《绿色重庆》,已为您添加到数据库
发现新视频(或图片故事)：《大地之窗》,已为您添加到数据库
发现新视频(或图片故事)：《春到江南》,已为您添加到数据库
发现新视频(或图片故事)：《东莞制造梦》,已为您添加到数据库
发现新视频(或图片故事)：《张家界》,已为您添加到数据库
发现新视频(或图片故事)：《巴渝传统精华技艺》,已为您添加到数据库
发现新视频(或图片故事)：《一桥跨云贵 天堑变通途》,已为您添加到数据库
发现新视频(或图片故事)：《节庆》,已为您添加到数据库
发现新视频(或图片故事)：《“蜂”收在望》,已为您添加到数据库
发现新视频(或图片故事)：《爸爸回来咯》,已为您添加到数据库
发现新视频(或图片故事)：《编织漁家女儿梦》,已为您添加到数据库
发现新视频(或图片故事)：《  唱响中原   》,已为您添加到数据库
发现新视频(或图片故事)：《清晨》,已为您添加到数据库
发现新视频(或图片故事)：《晨曦渔获》,已为您添加到数据库
发现新视频(或图片故事)：《穿过森林》,已为您添加到数据库
发现新视频(或图片故事)：《军民上阵降洪魔》,已为您添加到数据库
发现新视频(或图片故事)：《光明使者》,已为您添加到数据库
发现新视频(或图片故事)：《流水线上的女工》,已为您添加到数据库
发现新视频(或图片故事)：《起房》,已为您添加到数据库
发现新视频(或图片故事)：《千年饶河调》,已为您添加到数据库
发现新视频(或图片故事)：《太行挂壁筑路人 》,已为您添加到数据库
发现新视频(或图片故事)：《和平》,已为您添加到数据库
发现新视频(或图片故事)：《获救》,已为您添加到数据库
发现新视频(或图片故事)：《民俗集体婚礼 》,已为您添加到数据库
发现新视频(或图片故事)：《节日苗寨 》,已为您添加到数据库
发现新视频(或图片故事)：《敬老寿宴》,已为您添加到数据库
发现新视频(或图片故事)：《齐心协力绘彩图》,已为您添加到数据库
发现新视频(或图片故事)：《同心》,已为您添加到数据库
发现新视频(或图片故事)：《上下一台戏》,已为您添加到数据库
发现新视频(或图片故事)：《台上台下》,已为您添加到数据库
发现新视频(或图片故事)：《网络到农家》,已为您添加到数据库
发现新视频(或图片故事)：《熙来攘往》,已为您添加到数据库
发现新视频(或图片故事)：《乡村保龄球》,已为您添加到数据库
发现新视频(或图片故事)：《小火车的见证》,已为您添加到数据库
发现新视频(或图片故事)：《小小摄影师》,已为您添加到数据库
发现新视频(或图片故事)：《艳阳天》,已为您添加到数据库
发现新视频(或图片故事)：《疑是彩霞落九天》,已为您添加到数据库
发现新视频(或图片故事)：《渔市》,已为您添加到数据库
发现新视频(或图片故事)：《助飞》,已为您添加到数据库
发现新视频(或图片故事)：《马路风景线 》,已为您添加到数据库
发现新视频(或图片故事)：《忙碌》,已为您添加到数据库
发现新视频(或图片故事)：《梦想》,已为您添加到数据库
发现新视频(或图片故事)：《拾棉花》,已为您添加到数据库
发现新视频(或图片故事)：《山岭秋色》,已为您添加到数据库
发现新视频(或图片故事)：《徽州秋影》,已为您添加到数据库
发现新视频(或图片故事)：《缤纷山居》,已为您添加到数据库
发现新视频(或图片故事)：《草原人家》,已为您添加到数据库
发现新视频(或图片故事)：《春意》,已为您添加到数据库
发现新视频(或图片故事)：《大地指纹》,已为您添加到数据库
发现新视频(或图片故事)：《风力发电大发展》,已为您添加到数据库
发现新视频(或图片故事)：《高原精灵》,已为您添加到数据库
发现新视频(或图片故事)：《国际帐篷节之夜》,已为您添加到数据库
发现新视频(或图片故事)：《火海冰峰大漠壁  茫茫天涯万里行》,已为您添加到数据库
发现新视频(或图片故事)：《见证》,已为您添加到数据库
发现新视频(或图片故事)：《今夜星光灿烂》,已为您添加到数据库
发现新视频(或图片故事)：《金色麦动》,已为您添加到数据库
发现新视频(或图片故事)：《林中仙迹》,已为您添加到数据库
发现新视频(或图片故事)：《灵动的曲线》,已为您添加到数据库
发现新视频(或图片故事)：《美在大西北》,已为您添加到数据库
发现新视频(或图片故事)：《梦幻蜃楼》,已为您添加到数据库
发现新视频(或图片故事)：《梦入江南烟水路》,已为您添加到数据库
发现新视频(或图片故事)：《谧林私语》,已为您添加到数据库
发现新视频(或图片故事)：《暮色》,已为您添加到数据库
发现新视频(或图片故事)：《桥形之美》,已为您添加到数据库
发现新视频(或图片故事)：《秋满小院》,已为您添加到数据库
发现新视频(或图片故事)：《秋染土楼》,已为您添加到数据库
发现新视频(或图片故事)：《沙漠中的清洁工》,已为您添加到数据库
发现新视频(或图片故事)：《土楼祈福》,已为您添加到数据库
发现新视频(或图片故事)：《同一个家园》,已为您添加到数据库
发现新视频(或图片故事)：《仙山胜景》,已为您添加到数据库
发现新视频(或图片故事)：《雪山迎晖》,已为您添加到数据库
发现新视频(或图片故事)：《雪中黄龙》,已为您添加到数据库
发现新视频(或图片故事)：《夜梦洪泽湖》,已为您添加到数据库
发现新视频(或图片故事)：《迎亲》,已为您添加到数据库
发现新视频(或图片故事)：《五彩大地》,已为您添加到数据库
发现新视频(或图片故事)：《远征》,已为您添加到数据库
发现新视频(或图片故事)：《张灯结彩》,已为您添加到数据库
发现新视频(或图片故事)：《走印》,已为您添加到数据库
发现新视频(或图片故事)：《山上人家》,已为您添加到数据库
发现新视频(或图片故事)：《翼下祁连山》,已为您添加到数据库
发现新视频(或图片故事)：《绿色家园》,已为您添加到数据库
发现新视频(或图片故事)：《古城最美一小时》,已为您添加到数据库
发现新视频(或图片故事)：《高原的春天》,已为您添加到数据库
发现新视频(或图片故事)：《晨阳习舞》,已为您添加到数据库
发现新视频(或图片故事)：《亲密西湖  》,已为您添加到数据库
发现新视频(或图片故事)：《群翔》,已为您添加到数据库
发现新视频(或图片故事)：《山脉晨雾》,已为您添加到数据库
发现新视频(或图片故事)：《红房子》,已为您添加到数据库
发现新视频(或图片故事)：《绿满大地》,已为您添加到数据库
发现新视频(或图片故事)：《三江并流-怒江》,已为您添加到数据库
发现新视频(或图片故事)：《林间深处》,已为您添加到数据库
发现新视频(或图片故事)：《广武飞虹》,已为您添加到数据库
发现新视频(或图片故事)：《香云纱》,已为您添加到数据库
发现新视频(或图片故事)：《爱在南湖 》,已为您添加到数据库
发现新视频(或图片故事)：《中国风格 》,已为您添加到数据库
发现新视频(或图片故事)：《醉美延平湖》,已为您添加到数据库
发现新视频(或图片故事)：《北京的天路》,已为您添加到数据库
发现新视频(或图片故事)：《锦绣大地​》,已为您添加到数据库
发现新视频(或图片故事)：《梅里雪山》,已为您添加到数据库
发现新视频(或图片故事)：《如熠燿》,已为您添加到数据库
这个栏目长度为540,有254个是新视频，有286个是旧视频
发现新视频(或图片故事)：《委内瑞拉和美国断交，其实早有征兆》,已为您添加到数据库
发现新视频(或图片故事)：《欧洲能否破解“失速”难题》,已为您添加到数据库
发现新视频(或图片故事)：《中国打开大门的勇气、定力和智慧》,已为您添加到数据库
发现新视频(或图片故事)：《欧盟加快推进防务一体化》,已为您添加到数据库
发现新视频(或图片故事)：《“逆全球化”不符合历史大势》,已为您添加到数据库
发现新视频(或图片故事)：《不忘初心，保持定力，推动中美关系取得更大发展》,已为您添加到数据库
发现新视频(或图片故事)：《英国脱欧对欧洲及世界格局的影响》,已为您添加到数据库
发现新视频(或图片故事)：《美国“隔离墙之战”难觅出路》,已为您添加到数据库
发现新视频(或图片故事)：《以中美元首共识推动经贸磋商》,已为您添加到数据库
发现新视频(或图片故事)：《“脱欧”的三种走向及其经济影响》,已为您添加到数据库
发现新视频(或图片故事)：《“脱欧”“黑天鹅”放飞易 收归难》,已为您添加到数据库
发现新视频(或图片故事)：《“嫦娥”能否“融冰”中美航天合作》,已为您添加到数据库
发现新视频(或图片故事)：《“脱欧”困境折射英国民主的悖论》,已为您添加到数据库
发现新视频(或图片故事)：《不断拓展中法中欧关系的时代内涵》,已为您添加到数据库
发现新视频(或图片故事)：《2019年达沃斯年会的三大关键词：合作、包容、终身学习》,已为您添加到数据库
发现新视频(或图片故事)：《当货币拥抱数字技术》,已为您添加到数据库
发现新视频(或图片故事)：《陶听琴女俑》,已为您添加到数据库
发现新视频(或图片故事)：《三彩胡人骑驼俑》,已为您添加到数据库
发现新视频(或图片故事)：《陶彩绘女舞俑》,已为您添加到数据库
发现新视频(或图片故事)：《吴子汉造石双观音像 》,已为您添加到数据库
发现新视频(或图片故事)：《张法姜造石观音像》,已为您添加到数据库
发现新视频(或图片故事)：《邸广寿造石思惟像》,已为您添加到数据库
发现新视频(或图片故事)：《印中电影应在相互交流中取长补短‍​》,已为您添加到数据库
发现新视频(或图片故事)：《中日关系顺畅发展 文化交流沟通民心​‍​》,已为您添加到数据库
发现新视频(或图片故事)：《古代埃及文明与希腊文明的交流互鉴》,已为您添加到数据库
发现新视频(或图片故事)：《青铜时代的安纳托利亚文明​》,已为您添加到数据库
发现新视频(或图片故事)：《藏医药浴法申遗成功 推动中国非遗走向世界》,已为您添加到数据库
发现新视频(或图片故事)：《‍印度：让原住民守护古老森林》,已为您添加到数据库
发现新视频(或图片故事)：《‍中国味道征服世界》,已为您添加到数据库
发现新视频(或图片故事)：《古稀老人结缘汉语》,已为您添加到数据库
发现新视频(或图片故事)：《刻有萨堤尔神形象的赤陶灯》,已为您添加到数据库
发现新视频(或图片故事)：《赤陶双耳大饮杯》,已为您添加到数据库
发现新视频(或图片故事)：《凹版雕刻宝石》,已为您添加到数据库
发现新视频(或图片故事)：《拿着奠酒器的女人雕像》,已为您添加到数据库
发现新视频(或图片故事)：《镶珍珠圆形吊坠耳环》,已为您添加到数据库
发现新视频(或图片故事)：《兽首白云石吊坠》,已为您添加到数据库
发现新视频(或图片故事)：《法国：庞杜加德罗马时期引水高架渠》,已为您添加到数据库
发现新视频(或图片故事)：《意大利：威尼斯》,已为您添加到数据库
发现新视频(或图片故事)：《智利：复活节岛》,已为您添加到数据库
发现新视频(或图片故事)：《日本：古京都历史建筑与园林（含宇治与大津）》,已为您添加到数据库
发现新视频(或图片故事)：《德国：吕贝克汉萨同盟旧城》,已为您添加到数据库
发现新视频(或图片故事)：《澳大利亚：悉尼歌剧院》,已为您添加到数据库
发现新视频(或图片故事)：《意大利：达·芬奇《最后的晚餐》所在的圣玛丽亚感恩女修道院和教堂》,已为您添加到数据库
发现新视频(或图片故事)：《保加利亚：博亚纳教堂》,已为您添加到数据库
发现新视频(或图片故事)：《巴勒斯坦：耶稣诞生地伯利恒的主诞教堂及朝圣线路》,已为您添加到数据库
发现新视频(或图片故事)：《埃塞俄比亚：拉利贝拉整岩教堂》,已为您添加到数据库
发现新视频(或图片故事)：《俄罗斯：谢尔盖耶夫颇沙德的三位一体武备修道院及其教堂》,已为您添加到数据库
发现新视频(或图片故事)：《法国：丰特奈原西妥教团修道院》,已为您添加到数据库
发现新视频(或图片故事)：《西班牙：通往圣地亚哥·德·孔波斯泰拉的朝圣道路》,已为您添加到数据库
发现新视频(或图片故事)：《法国：亚眠大教堂》,已为您添加到数据库
发现新视频(或图片故事)：《意大利：比萨的中央教堂广场》,已为您添加到数据库
发现新视频(或图片故事)：《日本：艺术创作灵感源泉和朝圣地的富士山》,已为您添加到数据库
发现新视频(或图片故事)：《德国：科隆大教堂》,已为您添加到数据库
发现新视频(或图片故事)：《法国：沙特尔大教堂》,已为您添加到数据库
发现新视频(或图片故事)：《德国：亚琛大教堂》,已为您添加到数据库
发现新视频(或图片故事)：《英国：伦敦威斯敏斯特宫殿与教堂、圣玛格丽特教堂》,已为您添加到数据库
发现新视频(或图片故事)：《西班牙：维斯盖亚钢索高空拉索桥》,已为您添加到数据库
发现新视频(或图片故事)：《白俄罗斯等欧洲10国：测量子午线长度的地面设施群》,已为您添加到数据库
发现新视频(或图片故事)：《菲律宾：伊甫高地区山间连绵水稻梯田》,已为您添加到数据库
发现新视频(或图片故事)：《法国：圣米歇尔山及其海湾》,已为您添加到数据库
发现新视频(或图片故事)：《尼泊尔：加德满都谷地》,已为您添加到数据库
发现新视频(或图片故事)：《突尼斯：埃尔基姆椭圆形露天剧场》,已为您添加到数据库
发现新视频(或图片故事)：《法国：阿尔凯特瑟南斯皇家盐场》,已为您添加到数据库
发现新视频(或图片故事)：《古巴：特立尼达城和洛斯印格尼奥斯谷地各糖厂》,已为您添加到数据库
发现新视频(或图片故事)：《瑞士：拉绍德封与勒洛克制表镇》,已为您添加到数据库
发现新视频(或图片故事)：《德国：特里尔的罗马时期建筑、大教堂和圣玛丽亚教堂》,已为您添加到数据库
发现新视频(或图片故事)：《韩国：陕川海印寺《大藏经》版与版库》,已为您添加到数据库
发现新视频(或图片故事)：《伊朗：伊斯法罕皇家广场》,已为您添加到数据库
发现新视频(或图片故事)：《美国：自由女神像》,已为您添加到数据库
发现新视频(或图片故事)：《德国：魏玛和德骚的鲍豪斯建筑地点》,已为您添加到数据库
发现新视频(或图片故事)：《西班牙：巴塞罗那的古埃尔宫、花园及米拉宫等》,已为您添加到数据库
发现新视频(或图片故事)：《美国：独立大厅》,已为您添加到数据库
发现新视频(或图片故事)：《印度：新德里红堡建筑群》,已为您添加到数据库
发现新视频(或图片故事)：《德国：威尔茨堡宫廷花园与居住区》,已为您添加到数据库
发现新视频(或图片故事)：《巴西：里约热内卢从山上的基督雕像到海边的卡里奥克城市景观》,已为您添加到数据库
发现新视频(或图片故事)：《英国：圭内斯郡爱德华国王城堡和要塞》,已为您添加到数据库
发现新视频(或图片故事)：《英国：伦敦塔》,已为您添加到数据库
发现新视频(或图片故事)：《摩洛哥：伊特本哈杜防御城（乡村工事）》,已为您添加到数据库
发现新视频(或图片故事)：《俄罗斯：克里姆林宫与红场》,已为您添加到数据库
发现新视频(或图片故事)：《法国：凡尔赛宫及其园林》,已为您添加到数据库
发现新视频(或图片故事)：《法国：枫丹白露宫及其庭院》,已为您添加到数据库
发现新视频(或图片故事)：《德国：波茨坦和柏林的宫殿与公园》,已为您添加到数据库
发现新视频(或图片故事)：《以色列管辖：耶路撒冷旧城及城墙》,已为您添加到数据库
发现新视频(或图片故事)：《德国：班贝克旧城》,已为您添加到数据库
发现新视频(或图片故事)：《古巴：哈瓦那旧城及其防御工事》,已为您添加到数据库
发现新视频(或图片故事)：《摩洛哥：非斯旧城伊斯兰聚居区》,已为您添加到数据库
发现新视频(或图片故事)：《日本：兵库县姬路市贵族居住区》,已为您添加到数据库
发现新视频(或图片故事)：《梵蒂冈教皇国：梵蒂冈城》,已为您添加到数据库
发现新视频(或图片故事)：《匈牙利：布达佩斯的多瑙河两岸和布达城堡区》,已为您添加到数据库
发现新视频(或图片故事)：《英国：爱丁堡旧城与新城》,已为您添加到数据库
发现新视频(或图片故事)：《波兰：克拉科夫历史中心》,已为您添加到数据库
发现新视频(或图片故事)：《捷克：布拉格历史中心区》,已为您添加到数据库
发现新视频(或图片故事)：《波兰：华沙历史中心区》,已为您添加到数据库
发现新视频(或图片故事)：《墨西哥：普埃布拉历史中心》,已为您添加到数据库
发现新视频(或图片故事)：《墨西哥：墨西哥城历史中心和霍奇米尔科 》,已为您添加到数据库
发现新视频(或图片故事)：《土耳其: 伊斯坦布尔历史区》,已为您添加到数据库
发现新视频(或图片故事)：《加拿大：魁北克历史区 》,已为您添加到数据库
发现新视频(或图片故事)：《巴西：巴西利亚》,已为您添加到数据库
发现新视频(或图片故事)：《俄罗斯：圣彼得堡历史中心区及有关建筑》,已为您添加到数据库
发现新视频(或图片故事)：《法国：巴黎塞纳河西勒桥至耶纳桥两岸市区》,已为您添加到数据库
发现新视频(或图片故事)：《意大利/梵蒂冈：罗马历史中心区、城内教廷管辖区和圣保罗大教堂 》,已为您添加到数据库
发现新视频(或图片故事)：《塞尔维亚专家：中国“一带一路”倡议正在改变世界》,已为您添加到数据库
发现新视频(或图片故事)：《“一带一路”为世界带来新愿景》,已为您添加到数据库
发现新视频(或图片故事)：《航空合作，中尼共建一带一路新亮点》,已为您添加到数据库
发现新视频(或图片故事)：《中国与卡塔尔签署关于加强基础设施领域合作的协议》,已为您添加到数据库
发现新视频(或图片故事)：《中欧班列：“洋年货”装扮中国年》,已为您添加到数据库
发现新视频(或图片故事)：《天津海关2018年共监管中欧班列出口81列、7329标箱》,已为您添加到数据库
发现新视频(或图片故事)：《哈尔滨市推进“一带一路”建设三年行动计划（2019-2021年）》,已为您添加到数据库
发现新视频(或图片故事)：《塞尔维亚总统：坚定支持并将继续积极参与“一带一路”建设》,已为您添加到数据库
发现新视频(或图片故事)：《江苏实施“五大计划”推进“一带一路”交汇点建设》,已为您添加到数据库
发现新视频(或图片故事)：《缅甸央行宣布人民币为官方结算货币》,已为您添加到数据库
发现新视频(或图片故事)：《五洲传播中心联合半岛电视台春节播放《丝路时间》纪录片栏目》,已为您添加到数据库
发现新视频(或图片故事)：《中企承建埃及输电工程成功送电 曾解决约7000人就业》,已为您添加到数据库
发现新视频(或图片故事)：《中企马其顿高速公路项目为当地带来福祉》,已为您添加到数据库
发现新视频(或图片故事)：《重庆企业2018年对“一带一路”沿线14国新增投资6376万美元》,已为您添加到数据库
发现新视频(或图片故事)：《2月中旬起中国游客可通过泰国电子签证系统在线申请签证》,已为您添加到数据库
发现新视频(或图片故事)：《对接“一带一路”：埃及各界热情高行动快》,已为您添加到数据库
发现新视频(或图片故事)：《“一带一路”达沃斯论坛代表点赞“一带一路”倡议》,已为您添加到数据库
发现新视频(或图片故事)：《2018，地方“一带一路”建设怎么样了？》,已为您添加到数据库
发现新视频(或图片故事)：《专家：阿根廷应抓住“一带一路”机遇》,已为您添加到数据库
发现新视频(或图片故事)：《2018年中国继续保持乌第一大贸易伙伴国地位》,已为您添加到数据库
发现新视频(或图片故事)：《日媒：“一带一路”激活沿线中亚国家旅游业》,已为您添加到数据库
发现新视频(或图片故事)：《《光阴的故事——中柬情谊》在柬埔寨首播》,已为您添加到数据库
发现新视频(或图片故事)：《中越贸易额突破1000亿美元》,已为您添加到数据库
发现新视频(或图片故事)：《中白共建国际化产业新城 中白工业园月均一家新企业投入运营》,已为您添加到数据库
发现新视频(或图片故事)：《第三批中国红十字援外医疗队抵达巴基斯坦瓜达尔港》,已为您添加到数据库
发现新视频(或图片故事)：《“丝路签证”将于2019年2月正式启动 拉紧中亚旅游合作纽带》,已为您添加到数据库
发现新视频(或图片故事)：《意大利参议院外事委员会主席：我们要成为“一带一路”的主动参与者》,已为您添加到数据库
发现新视频(或图片故事)：《德国汉堡市市长：汉堡愿把握好“一带一路”倡议巨大机遇》,已为您添加到数据库
发现新视频(或图片故事)：《中法已就第三方市场合作机制开展“一带一路”具体项目合作达成共识》,已为您添加到数据库
发现新视频(或图片故事)：《巴媒：2019年将成为巴中产业合作年》,已为您添加到数据库
发现新视频(或图片故事)：《哈萨克斯坦在华留学生已达1.4万人 学汉语在哈蔚然成风》,已为您添加到数据库
发现新视频(或图片故事)：《中国企业深耕越南电力市场 中国标准打造现代化电厂》,已为您添加到数据库
发现新视频(或图片故事)：《西安建设“一带一路”综合改革开放试验区总体方案》,已为您添加到数据库
发现新视频(或图片故事)：《2018年中国税务部门构建税收合作机制 拓展“一带一路”朋友圈》,已为您添加到数据库
发现新视频(或图片故事)：《2018年1-12月“一带一路”沿线国家对华投资增长13.2%》,已为您添加到数据库
发现新视频(或图片故事)：《埃及首个“一带一路”合作研究中心成立》,已为您添加到数据库
发现新视频(或图片故事)：《“一带一路”巴黎论坛第二届会议举行》,已为您添加到数据库
发现新视频(或图片故事)：《“陆海新通道”实现常态化运营 目的地覆盖六大洲155个港口》,已为您添加到数据库
发现新视频(或图片故事)：《中白工业园成白俄罗斯境内首个特殊经济区》,已为您添加到数据库
发现新视频(或图片故事)：《旅行过年成新民俗 赴“一带一路”春运机票预订热度上升》,已为您添加到数据库
发现新视频(或图片故事)：《“一带一路”建设提升中乌合作潜力》,已为您添加到数据库
发现新视频(或图片故事)：《中企海外仓让印度商人在家门口“淘宝”》,已为您添加到数据库
发现新视频(或图片故事)：《福建“丝路海运”航线新年首迎货运高峰 一周完成16个航次》,已为您添加到数据库
发现新视频(或图片故事)：《2018年中欧班列（成都）开行量居全国第一 连续3年“领跑”》,已为您添加到数据库
发现新视频(或图片故事)：《驻白俄罗斯大使崔启明：深化共建“一带一路”合作 携手发展“全天候友谊”》,已为您添加到数据库
发现新视频(或图片故事)：《中企承建越南首条城市轻轨试运行成功》,已为您添加到数据库
发现新视频(或图片故事)：《开拓北极航道 共建“冰上丝路”》,已为您添加到数据库
发现新视频(或图片故事)：《"海上丝绸之路"海洋环境预报保障系统投入业务化试运行》,已为您添加到数据库
发现新视频(或图片故事)：《哈萨克斯坦和乌兹别克斯坦将推出丝路签证》,已为您添加到数据库
发现新视频(或图片故事)：《中企助力埃及农业发展‍​‍​》,已为您添加到数据库
发现新视频(或图片故事)：《中国-阿曼产业园引领中阿产能合作》,已为您添加到数据库
发现新视频(或图片故事)：《推动“一带一路”经贸合作走深走实》,已为您添加到数据库
发现新视频(或图片故事)：《主动融入“一带一路” 成都老工业基地转型“内陆亚欧门户”》,已为您添加到数据库
发现新视频(或图片故事)：《商务部：继续支持西部地区参与共建“一带一路”》,已为您添加到数据库
发现新视频(或图片故事)：《汉欧班列运行数量达到1200列 打开中部对外开放新窗口》,已为您添加到数据库
发现新视频(或图片故事)：《“一带一路”捷克站商贸服务园项目正式启动建设》,已为您添加到数据库
发现新视频(或图片故事)：《“一带一路”国际合作高峰论坛咨询委员会举行第一次会议》,已为您添加到数据库
发现新视频(或图片故事)：《中企在菲律宾签约800万吨钢铁项目 总投资约44亿美元》,已为您添加到数据库
发现新视频(或图片故事)：《巴基斯坦前总理阿齐兹：“一带一路”为巴基斯坦带来最好机遇》,已为您添加到数据库
发现新视频(或图片故事)：《海外专家：“一带一路”形成中国更高层次改革开放新格局》,已为您添加到数据库
发现新视频(或图片故事)：《泰中“一带一路”合作研究中心在曼谷成立》,已为您添加到数据库
发现新视频(或图片故事)：《“丝绸之路”主题文化活动在巴格达举行》,已为您添加到数据库
发现新视频(或图片故事)：《浙江省“一带一路”综合服务中心揭牌成立》,已为您添加到数据库
发现新视频(或图片故事)：《外交部：中巴就促进中巴经济走廊建设向高质量迈进达成共识》,已为您添加到数据库
发现新视频(或图片故事)：《中巴海关部门开始分享电子数据》,已为您添加到数据库
发现新视频(或图片故事)：《中华人民共和国和厄瓜多尔共和国联合新闻公报》,已为您添加到数据库
发现新视频(或图片故事)：《哈萨克斯坦首次向中国出口肉类产品》,已为您添加到数据库
发现新视频(或图片故事)：《中欧班列累计开行超12000列 已连接境内外105个城市》,已为您添加到数据库
发现新视频(或图片故事)：《2018亚信金融峰会在成都召开 “一带一路”推动亚洲互信​》,已为您添加到数据库
发现新视频(或图片故事)：《宁吉喆赴阿联酋推动中阿共建“一带一路”重点领域务实合作》,已为您添加到数据库
发现新视频(或图片故事)：《中远海运阿布扎比码头正式开港》,已为您添加到数据库
发现新视频(或图片故事)：《中国驻厄瓜多尔大使：中厄共建“一带一路”将为两国合作注入新动力》,已为您添加到数据库
发现新视频(或图片故事)：《《习近平谈“一带一路”》出版发行》,已为您添加到数据库
发现新视频(或图片故事)：《“两高”产品成为中俄最大口岸出口主力军》,已为您添加到数据库
发现新视频(或图片故事)：《缅甸组建实施“一带一路”指导委员会》,已为您添加到数据库
发现新视频(或图片故事)：《中企为巴拿马开建运河四桥 巴总统亲自颁发开工令》,已为您添加到数据库
发现新视频(或图片故事)：《从债务危机到参与“一带一路” 葡萄牙成中国投资主要目的地之一》,已为您添加到数据库
发现新视频(或图片故事)：《中企部分承建的淡布隆跨海大桥将成为文莱最长跨海大桥》,已为您添加到数据库
发现新视频(或图片故事)：《“东风西韵——紫禁城与海上丝绸之路”展在里斯本开幕》,已为您添加到数据库
发现新视频(或图片故事)：《葡萄牙总理科斯塔：中国是独具优势的合作伙伴》,已为您添加到数据库
发现新视频(或图片故事)：《中外“丝绸之路”历史档案文献展亮相联合国教科文组织总部》,已为您添加到数据库
发现新视频(或图片故事)：《中车承建孟加拉最大单体重油电厂成功投入商业运营》,已为您添加到数据库
发现新视频(或图片故事)：《中华人民共和国和巴拿马共和国联合新闻公报（全文）​》,已为您添加到数据库
发现新视频(或图片故事)：《带动发展 增加就业 改善民生 “一带一路”为奥地利发展注入动力》,已为您添加到数据库
发现新视频(或图片故事)：《蓝皮书：中国成全球最大对外投资目的国 中企对外投资更趋理性》,已为您添加到数据库
发现新视频(或图片故事)：《中国企业扩建巴拿马运河“黄金”港口 架起经济合作海上金桥》,已为您添加到数据库
发现新视频(或图片故事)：《多国驻华大使：“一带一路”带来商贸文化等合作新机遇》,已为您添加到数据库
发现新视频(或图片故事)：《中国援建哈萨克斯坦太阳能及风能电站投入使用》,已为您添加到数据库
发现新视频(或图片故事)：《国家区域协调发展路线图发布 推动重大区域战略融合发展​》,已为您添加到数据库
发现新视频(或图片故事)：《菲律宾金融银行董事长：人民币计价对菲基础设施建设更加有利》,已为您添加到数据库
发现新视频(或图片故事)：《中资企业在越南投资的第一座BOT大型电厂全面投入商业运行》,已为您添加到数据库
发现新视频(或图片故事)：《我国已成为拉美第二大贸易伙伴国》,已为您添加到数据库
发现新视频(或图片故事)：《“‘一带一路’助力欧中合作共赢”》,已为您添加到数据库
发现新视频(或图片故事)：《西班牙驻华大使：西班牙欢迎“一带一路”倡议》,已为您添加到数据库
发现新视频(或图片故事)：《国家发改委副主任宁吉喆赴缅推动中缅经济走廊建设》,已为您添加到数据库
发现新视频(或图片故事)：《中国驻巴拿马大使：中巴共建“一带一路”利在双方》,已为您添加到数据库
发现新视频(或图片故事)：《“丝绸之路”沿线18个博物馆将联手办展 》,已为您添加到数据库
发现新视频(或图片故事)：《习近平将访西、葡：以双边运筹多边 助力共建“一带一路”》,已为您添加到数据库
发现新视频(或图片故事)：《中企承建斯里兰卡液化石油气罐区项目竣工》,已为您添加到数据库
发现新视频(或图片故事)：《中企获厄瓜多尔纯电动大巴订单 涉金额约770万美元》,已为您添加到数据库
发现新视频(或图片故事)：《河南打通国际邮件陆路运输通道 中部省份邮件可直达欧洲》,已为您添加到数据库
发现新视频(或图片故事)：《新加坡驻华大使对“一带一路”未来发展提四点建议》,已为您添加到数据库
发现新视频(或图片故事)：《中国决定延续和完善跨境电子商务零售进口政策并扩大适用范围》,已为您添加到数据库
发现新视频(或图片故事)：《老挝人民的憧憬：中老铁路带走贫穷》,已为您添加到数据库
发现新视频(或图片故事)：《杜特尔特：将与中国深化"一带一路"建设》,已为您添加到数据库
发现新视频(或图片故事)：《斐济总理首席经济顾问：“一带一路”为全球创造更多机遇》,已为您添加到数据库
发现新视频(或图片故事)：《巴新最高标准公路正式通车 中企11个月建成》,已为您添加到数据库
发现新视频(或图片故事)：《《中俄在俄罗斯远东地区合作发展规划（2018-2024年）》解读》,已为您添加到数据库
发现新视频(或图片故事)：《中国纪录片《超级工程》阿拉伯语版在中东首播》,已为您添加到数据库
发现新视频(或图片故事)：《李克强在第21次中国—东盟领导人会议上的讲话（全文）》,已为您添加到数据库
发现新视频(或图片故事)：《巴布亚新几内亚总理奥尼尔：携手“一带一路”合作 共建双赢互利关系》,已为您添加到数据库
发现新视频(或图片故事)：《习近平在巴布亚新几内亚媒体发表署名文章》,已为您添加到数据库
发现新视频(或图片故事)：《乌兹别克斯坦提出对接“一带一路”倡议与韩欧战略》,已为您添加到数据库
发现新视频(或图片故事)：《中国与斐济签署共建“一带一路”合作谅解备忘录》,已为您添加到数据库
发现新视频(或图片故事)：《中国与新加坡签署《自由贸易协定升级议定书》》,已为您添加到数据库
发现新视频(或图片故事)：《中企承建的东非最高建筑封顶》,已为您添加到数据库
发现新视频(或图片故事)：《“一带一路”文物保护研讨会在乌兹别克斯坦举行》,已为您添加到数据库
发现新视频(或图片故事)：《工业和信息化部关于工业通信业标准化工作服务于“一带一路”建设的实施意见》,已为您添加到数据库
发现新视频(或图片故事)：《莫桑比克马普托大桥及连接线项目正式通车》,已为您添加到数据库
发现新视频(或图片故事)：《国外专家：共赢是“一带一路”精髓 沿线国应积极发声》,已为您添加到数据库
发现新视频(或图片故事)：《泰媒：中泰同意加强经贸关系 在七大领域展开合作》,已为您添加到数据库
发现新视频(或图片故事)：《李克强将访新加坡：重点推动“一带一路”等领域合作》,已为您添加到数据库
发现新视频(或图片故事)：《进博会加速“一带一路”经贸合作》,已为您添加到数据库
发现新视频(或图片故事)：《中企将承建印尼第二大水电站 装机90万千瓦》,已为您添加到数据库
发现新视频(或图片故事)：《渣打银行凌嘉敏：人民币国际化与一带一路相结合将“事半功倍”》,已为您添加到数据库
发现新视频(或图片故事)：《第六届中阿能源合作大会举行 中阿将成立清洁能源培训中心》,已为您添加到数据库
发现新视频(或图片故事)：《“一带一路”国际科学组织联盟在北京成立》,已为您添加到数据库
发现新视频(或图片故事)：《美媒：“一带一路”，从规模转向质量》,已为您添加到数据库
发现新视频(或图片故事)：《中巴联合声明：加强中巴全天候战略合作伙伴关系、打造新时代更紧密中巴命运共同体》,已为您添加到数据库
发现新视频(或图片故事)：《首届进口博览会吸引58个“一带一路”沿线国家千余家企业参展》,已为您添加到数据库
发现新视频(或图片故事)：《新加坡贸工部长：新中可携手到第三方市场做“一带一路”项目》,已为您添加到数据库
发现新视频(或图片故事)：《中欧班列首班郑州至列日货列启程》,已为您添加到数据库
发现新视频(或图片故事)：《贵州印发《行动计划》 推动企业沿着“一带一路”方向走出去》,已为您添加到数据库
发现新视频(或图片故事)：《中国公司首次向老挝成批出口成品油》,已为您添加到数据库
发现新视频(或图片故事)：《瑞典驻华大使：中欧班列助推"一带一路"经济发展》,已为您添加到数据库
发现新视频(或图片故事)：《王毅会见斐济领导人》,已为您添加到数据库
发现新视频(或图片故事)：《菲律宾人民币交易商协会成立 将推动两国货币直接交易》,已为您添加到数据库
发现新视频(或图片故事)：《日本前首相：对“一带一路”日本应展现更完美合作姿态》,已为您添加到数据库
发现新视频(或图片故事)：《“一带一路与中国故事”国际学术研讨会举行》,已为您添加到数据库
发现新视频(或图片故事)：《王毅出席中国驻达沃总领馆开馆仪式》,已为您添加到数据库
发现新视频(或图片故事)：《必和必拓公司董事：一带一路倡议为世界经济带来机遇》,已为您添加到数据库
发现新视频(或图片故事)：《外交部发布出席首届中国国际进口博览会外国国家元首和政府首脑名单》,已为您添加到数据库
发现新视频(或图片故事)：《中国先进轻轨获土耳其5亿美元订单》,已为您添加到数据库
发现新视频(或图片故事)：《外交部：中马将持续推进“一带一路”相关合作》,已为您添加到数据库
发现新视频(或图片故事)：《北京出台“一带一路”三年行动计划 将推进70项重点任务》,已为您添加到数据库
发现新视频(或图片故事)：《把粤港澳大湾区打造为 “一带一路”重要支撑区​》,已为您添加到数据库
发现新视频(或图片故事)：《中国与巴勒斯坦启动自贸协定谈判》,已为您添加到数据库
发现新视频(或图片故事)：《中俄合作大学为“一带一路”积淀人才资源》,已为您添加到数据库
发现新视频(或图片故事)：《世界旅游经济论坛·澳门2018开幕　》,已为您添加到数据库
发现新视频(或图片故事)：《“一带一路”媒体合作论坛将于10月29日至30日举办》,已为您添加到数据库
发现新视频(或图片故事)：《吉布提国际自由贸易区：打造“一带一路”在非建设支点》,已为您添加到数据库
发现新视频(或图片故事)：《香港政府与亚投行签署拨款协议 提供1千万美元资金》,已为您添加到数据库
发现新视频(或图片故事)：《中缅签署木姐－曼德勒铁路项目可行性研究备忘录》,已为您添加到数据库
发现新视频(或图片故事)：《巴基斯坦官员：中巴经济走廊有效提升巴女性就业水平》,已为您添加到数据库
发现新视频(或图片故事)：《国务院关于印发优化口岸营商环境促进跨境贸易便利化工作方案的通知》,已为您添加到数据库
发现新视频(或图片故事)：《第二届东南亚中国图书巡回展开幕：以书为媒 促进民心相通》,已为您添加到数据库
发现新视频(或图片故事)：《中国与17国发布建立“一带一路”能源合作伙伴关系部长联合宣言》,已为您添加到数据库
发现新视频(或图片故事)：《外资律所：新加坡成为中企投资“一带一路”热点地区》,已为您添加到数据库
发现新视频(或图片故事)：《普京对“一带一路”发表积极评价 外交部回应》,已为您添加到数据库
发现新视频(或图片故事)：《“一带一路”加速欧亚互联互通 》,已为您添加到数据库
发现新视频(或图片故事)：《习近平向“一带一路”能源部长会议和国际能源变革论坛致贺信》,已为您添加到数据库
发现新视频(或图片故事)：《秘鲁专家：为什么“一带一路”倡议对秘鲁很重要？》,已为您添加到数据库
发现新视频(或图片故事)：《哈萨克斯坦学者：“一带一路”建设真正实现互利合作》,已为您添加到数据库
发现新视频(或图片故事)：《《中国（海南）自由贸易试验区总体方案》解读》,已为您添加到数据库
发现新视频(或图片故事)：《中国援马耳他医疗队已累计治疗病患21万多人次》,已为您添加到数据库
发现新视频(或图片故事)：《中俄首座跨界河铁路大桥中方段主体工程完成》,已为您添加到数据库
发现新视频(或图片故事)：《民航局：“一带一路”航线五年客运量超一亿》,已为您添加到数据库
发现新视频(或图片故事)：《哥斯达黎加欲借进博会良机大力拓展哥中贸易》,已为您添加到数据库
发现新视频(或图片故事)：《沈昕：从发展、现实和比较的观点看“一带一路”》,已为您添加到数据库
发现新视频(或图片故事)：《“一带一路”科普资源实现共享》,已为您添加到数据库
发现新视频(或图片故事)：《中塔全面战略伙伴关系扬帆正当时》,已为您添加到数据库
发现新视频(或图片故事)：《多国签署《罗马宣言》　指导“一带一路”国际商事调解》,已为您添加到数据库
发现新视频(或图片故事)：《青海德令哈至俄罗斯巴尔瑙尔中欧班列成功开行》,已为您添加到数据库
发现新视频(或图片故事)：《"海上丝绸之路两千年"美术作品欧洲巡展亮相布鲁塞尔》,已为您添加到数据库
发现新视频(或图片故事)：《陕西与多个“一带一路”沿线国家开展考古跨国协作》,已为您添加到数据库
发现新视频(或图片故事)：《巴基斯坦希望尽快在中巴经济走廊框架下建设经济特区》,已为您添加到数据库
发现新视频(或图片故事)：《陕西在"一带一路"沿线国家和地区累计投资达11.5亿美元》,已为您添加到数据库
发现新视频(或图片故事)：《奥地利前总理：“欧洲丝路”与“一带一路”互补 并非仅竞争关系》,已为您添加到数据库
发现新视频(或图片故事)：《日本科技机构研究员：“一带一路”让中国对外开放迈上新台阶》,已为您添加到数据库
发现新视频(或图片故事)：《第五届丝绸之路国际电影节在西安启幕》,已为您添加到数据库
发现新视频(或图片故事)：《陕西在"一带一路"沿线国家和地区累计投资达11.5亿美元》,已为您添加到数据库
发现新视频(或图片故事)：《四名中国医生获巴基斯坦医学最高荣誉学位 》,已为您添加到数据库
发现新视频(或图片故事)：《法国前总理：“一带一路”是二十一世纪的开创性倡议》,已为您添加到数据库
发现新视频(或图片故事)：《共建“一带一路”让中泰亲上加亲》,已为您添加到数据库
发现新视频(或图片故事)：《中企助波兰“钢城”焕发生机》,已为您添加到数据库
发现新视频(或图片故事)：《意大利成立专门机构强化和中国经贸合作 》,已为您添加到数据库
发现新视频(或图片故事)：《首届迪拜中国电影周开幕 多部中国电影将集中上映》,已为您添加到数据库
发现新视频(或图片故事)：《共同的期待 共同的繁荣（共商 共建 共享·一带一路倡议五周年）》,已为您添加到数据库
发现新视频(或图片故事)：《深化经贸务实合作 推动共建“一带一路”高质量发展》,已为您添加到数据库
发现新视频(或图片故事)：《2018年1-8月我国对“一带一路”沿线国家投资合作情况》,已为您添加到数据库
发现新视频(或图片故事)：《中国驻斯里兰卡大使：中斯“一带一路”合作惠及两国人民》,已为您添加到数据库
发现新视频(或图片故事)：《湖北宜昌打通“一带一路”南向通道》,已为您添加到数据库
发现新视频(或图片故事)：《孔子学院架起中泰铁路合作的人才之桥》,已为您添加到数据库
发现新视频(或图片故事)：《学以致用——记基辅国立语言大学孔院为乌航空乘人员培训汉语》,已为您添加到数据库
发现新视频(或图片故事)：《第二届中国－中东欧发展论坛在布拉格举办》,已为您添加到数据库
发现新视频(或图片故事)：《中国中粮集团首次进口印度非巴斯马蒂大米》,已为您添加到数据库
发现新视频(或图片故事)：《匈牙利举办“一带一路”５周年研讨会 》,已为您添加到数据库
发现新视频(或图片故事)：《“一带一路”图片展在古巴开幕 》,已为您添加到数据库
发现新视频(或图片故事)：《“丝路放歌”泰戈尔诗歌中文朗诵会在孟加拉国举行 》,已为您添加到数据库
发现新视频(或图片故事)：《前8月河北省对“一带一路”国家进出口674.9亿元》,已为您添加到数据库
发现新视频(或图片故事)：《中国与格林纳达签署共建“一带一路”谅解备忘录》,已为您添加到数据库
发现新视频(或图片故事)：《中国电网工程技术美洲研究院在巴西揭牌》,已为您添加到数据库
发现新视频(或图片故事)：《中国－中东欧国家建立“１６＋１”环保合作机制 》,已为您添加到数据库
发现新视频(或图片故事)：《今年前８个月赴尼泊尔中国游客人数大增》,已为您添加到数据库
发现新视频(或图片故事)：《中企承建越南首条城市轻轨开始试运行 》,已为您添加到数据库
发现新视频(或图片故事)：《荷兰国际关系研究所专家：“一带一路”激活经济边缘区域 让世界更平衡》,已为您添加到数据库
发现新视频(或图片故事)：《俄气公司计划加倍对华供应天然气 西线管道年输气300亿立方米》,已为您添加到数据库
发现新视频(或图片故事)：《老挝和泰国智库：泛亚铁路建设是“一带一路”建设最好实践》,已为您添加到数据库
发现新视频(或图片故事)：《中非医卫界共商疟疾防治合作 》,已为您添加到数据库
发现新视频(或图片故事)：《中国与新西兰自贸协定升级谈判结束政府采购章节》,已为您添加到数据库
发现新视频(或图片故事)：《西安市发布建设“丝路文化高地”行动计划》,已为您添加到数据库
发现新视频(或图片故事)：《瑞典至中国赣州港首列中欧班列开通》,已为您添加到数据库
发现新视频(或图片故事)：《专访：“一带一路”建设为中俄能源合作提供良机》,已为您添加到数据库
发现新视频(或图片故事)：《“埃及中国电影展”在开罗开幕 5部中国影片将在两城市上映》,已为您添加到数据库
发现新视频(或图片故事)：《中越双边合作指导委员会第十一次会议举行》,已为您添加到数据库
发现新视频(或图片故事)：《专访：波黑是“一带一路”的受益者》,已为您添加到数据库
发现新视频(或图片故事)：《缅甸表示愿与中方加强职业技能培训合作》,已为您添加到数据库
发现新视频(或图片故事)：《《“一带一路”大数据报告2018》即将在夏季达沃斯论坛发布》,已为您添加到数据库
发现新视频(或图片故事)：《1-8月中国进出口同比增9.1% 与“一带一路”沿线贸易增长12%》,已为您添加到数据库
发现新视频(或图片故事)：《波黑举办“一带一路”５周年研讨会》,已为您添加到数据库
发现新视频(或图片故事)：《“华夏瑰宝”大型中国文物展在沙特开幕》,已为您添加到数据库
发现新视频(或图片故事)：《专访：中委务实合作保持良好发展势头》,已为您添加到数据库
发现新视频(或图片故事)：《“一带一路”建设·人力资源发展论坛在厦门举办》,已为您添加到数据库
发现新视频(或图片故事)：《罗马尼亚希望康斯坦察港成为“一带一路”重要枢纽》,已为您添加到数据库
发现新视频(或图片故事)：《中国将助埃及建成非洲最高摩天大楼 将成新首都地标》,已为您添加到数据库
发现新视频(或图片故事)：《中斯两国机构将深化考古合作》,已为您添加到数据库
发现新视频(或图片故事)：《金立群谈对非合作：“一带一路”和亚投行互为支撑》,已为您添加到数据库
发现新视频(或图片故事)：《让“看电视”在非洲不再“奢侈”》,已为您添加到数据库
发现新视频(或图片故事)：《第二届“中拉文明对话”举行 聚焦中拉“一带一路”合作》,已为您添加到数据库
发现新视频(或图片故事)：《《辽宁“一带一路” 综合试验区建设总体方案》》,已为您添加到数据库
发现新视频(或图片故事)：《孔子学院落户于南太平洋地区6年 架设了解与友谊桥梁》,已为您添加到数据库
发现新视频(或图片故事)：《海外合同占比近35% “一带一路”为中国能建添动力》,已为您添加到数据库
发现新视频(或图片故事)：《财经观察：中俄远东合作势头良好》,已为您添加到数据库
发现新视频(或图片故事)：《东西融通　丝路新曲》,已为您添加到数据库
发现新视频(或图片故事)：《菲律宾众议长阿罗约：“一带一路”影响巨大 菲律宾获益良多》,已为您添加到数据库
发现新视频(或图片故事)：《泰中罗勇工业园：中国与东盟产能合作的重要平台》,已为您添加到数据库
发现新视频(或图片故事)：《“新时代大讲堂”在京开讲：构建更加紧密的中非命运共同体》,已为您添加到数据库
发现新视频(或图片故事)：《已有100余个国家和国际组织同中国签署共建合作协议》,已为您添加到数据库
发现新视频(或图片故事)：《中越旅游合作会议在胡志明市举行》,已为您添加到数据库
发现新视频(或图片故事)：《中国驻俄罗斯大使李辉接受新华网专访： “一带一路”倡议开启中俄共同发展的新航程》,已为您添加到数据库
发现新视频(或图片故事)：《中华传统艺术表演征服尼泊尔观众》,已为您添加到数据库
发现新视频(或图片故事)：《“活力丝路”主题活动在哈萨克斯坦举行》,已为您添加到数据库
发现新视频(或图片故事)：《巴基斯坦留学生赴华深造促进民心相通》,已为您添加到数据库
发现新视频(或图片故事)：《我国将从五方面加强中非经贸合作》,已为您添加到数据库
发现新视频(或图片故事)：《浙江发布实施标准联通共建“一带一路”行动计划》,已为您添加到数据库
发现新视频(或图片故事)：《 综述：“一带一路”开启中哈合作新阶段》,已为您添加到数据库
发现新视频(或图片故事)：《中国同哥斯达黎加签署共建“一带一路”谅解备忘录》,已为您添加到数据库
发现新视频(或图片故事)：《花旗新设“一带一路”主管 推动相关业务》,已为您添加到数据库
发现新视频(或图片故事)：《非洲国家领导人：中非合作前景远大》,已为您添加到数据库
发现新视频(或图片故事)：《“一带一路”主题书画展亮相波兰》,已为您添加到数据库
发现新视频(或图片故事)：《专访：阿尔及利亚在共建“一带一路”中可发挥示范和引领作用》,已为您添加到数据库
发现新视频(或图片故事)：《国家邮政局与万国邮联签署“一带一路”框架合作意向书》,已为您添加到数据库
发现新视频(或图片故事)：《中国—亚欧博览会闭幕 新疆25家重点企业与沿线签约28.96亿元》,已为您添加到数据库
发现新视频(或图片故事)：《陕西前7月在“一带一路”沿线国家投资同比增长92%》,已为您添加到数据库
发现新视频(或图片故事)：《首部“一带一路”纪录影片《共同命运》在威尼斯电影节举办推介会》,已为您添加到数据库
发现新视频(或图片故事)：《“一带一路”推动泰中合作共赢》,已为您添加到数据库
发现新视频(或图片故事)：《专访：“一带一路”对加快推进非洲经济发展至关重要》,已为您添加到数据库
发现新视频(或图片故事)：《利比里亚总统：希望积极参与“一带一路”建设》,已为您添加到数据库
发现新视频(或图片故事)：《蒙古国“一带一路”便捷通道正式开通》,已为您添加到数据库
发现新视频(或图片故事)：《菲律宾财政部长称赞“一带一路”倡议》,已为您添加到数据库
发现新视频(或图片故事)：《埃及国家电视台下月起陆续播出７部中国电影》,已为您添加到数据库
发现新视频(或图片故事)：《中国赴老挝游客数量显著增加》,已为您添加到数据库
发现新视频(或图片故事)：《中企承建马尔代夫国际机场新建跑道摊铺完工》,已为您添加到数据库
发现新视频(或图片故事)：《中国援乌海关铁路集装箱检测设备启用》,已为您添加到数据库
发现新视频(或图片故事)：《刚果（金）首所孔子学院举行揭牌仪式》,已为您添加到数据库
发现新视频(或图片故事)：《中行向“一带一路”国家累计投放约1159亿美元》,已为您添加到数据库
发现新视频(或图片故事)：《《“一带一路”生物多样性与传统知识保护昆明宣言》发布》,已为您添加到数据库
发现新视频(或图片故事)：《我国与45个一带一路参与国家实现直航》,已为您添加到数据库
发现新视频(或图片故事)：《“一带一路”知识产权国际合作不断深化：共享发展机遇 共绘美好蓝图》,已为您添加到数据库
发现新视频(或图片故事)：《福州出台海丝史迹实行保护名录制度》,已为您添加到数据库
发现新视频(或图片故事)：《国内首条开行至米兰的“中欧班列”线路开通》,已为您添加到数据库
发现新视频(或图片故事)：《广西实施“一带一路”创新载体共建行动》,已为您添加到数据库
发现新视频(或图片故事)：《发送旅客7.8万人次 中企承建亚吉铁路成东非民众出行新选择》,已为您添加到数据库
发现新视频(或图片故事)：《中国援助白俄罗斯医院住院部项目竣工》,已为您添加到数据库
发现新视频(或图片故事)：《科特迪瓦阿比让四桥项目举行开工仪式》,已为您添加到数据库
发现新视频(或图片故事)：《中企承建河内城铁项目完成首次热滑测试》,已为您添加到数据库
发现新视频(或图片故事)：《中老医学救援联合演训促进两军情谊与经验交流》,已为您添加到数据库
发现新视频(或图片故事)：《落实“一带一路“倡议 推进农业科技“走出去” 中国农科院强化与中亚国家的农业科技合作 》,已为您添加到数据库
发现新视频(或图片故事)：《中柬影视合作进一步加强》,已为您添加到数据库
发现新视频(或图片故事)：《俄卡尔梅克共和国希望直接参与共建“一带一路” 》,已为您添加到数据库
Traceback (most recent call last):
  File "/root/QIANGGUO/QIANGGUO/scrapy/videos_scrapy.py", line 134, in <module>
    scrapy.__maintain__()
  File "/root/QIANGGUO/QIANGGUO/scrapy/videos_scrapy.py", line 113, in __maintain__
    cursor.execute(insertsqlbase)
  File "/usr/lib64/python2.7/site-packages/MySQLdb/cursors.py", line 205, in execute
    self.errorhandler(self, exc, value)
  File "/usr/lib64/python2.7/site-packages/MySQLdb/connections.py", line 36, in defaulterrorhandler
    raise errorclass, errorvalue
_mysql_exceptions.ProgrammingError: (1064, "You have an error in your SQL syntax; check the manual that corresponds to your MariaDB server version for the right syntax to use near '\xe4\xb8\x80\xe5\xb8\xa6\xe4\xb8\x80\xe8\xb7\xaf'\xe6\x9c\xba\xe9\x81\x87\xe2\x80\x9d','https://www.xuexi.cn/49a158889f68b6279396fa3eaba078a4/e' at line 1")
