现在对第1个栏目进行检测
名称为《习近平：推动我国生态文明建设迈上新台阶》的文章已存在，不需要更新
名称为《习近平：努力造就一支忠诚干净担当的高素质干部队伍》的文章已存在，不需要更新
名称为《习近平：辩证唯物主义是中国共产党人的世界观和方法论》的文章已存在，不需要更新
名称为《习近平在葡萄牙媒体发表署名文章》的文章已存在，不需要更新
名称为《习近平在巴拿马媒体发表署名文章》的文章已存在，不需要更新
第1个栏目的文章已经不需要更新了
现在对第2个栏目进行检测
名称为《中共中央政治局召开会议 习近平主持会议》的文章已存在，不需要更新
名称为《习近平：继续啃硬骨头确保干一件成一件》的文章已存在，不需要更新
名称为《习近平出席中央政法工作会议并发表重要讲话》的文章已存在，不需要更新
名称为《习近平在十九届中央纪委三次全会上发表重要讲话》的文章已存在，不需要更新
名称为《中共中央政治局常务委员会召开会议 中共中央总书记习近平主持会议》的文章已存在，不需要更新
第2个栏目的文章已经不需要更新了
现在对第3个栏目进行检测
名称为《生态环境部：今年春节城市空气质量同比普遍好转》的文章已存在，不需要更新
名称为《许其亮：肩负起党和人民赋予的神圣使命》的文章已存在，不需要更新
名称为《国家发改委：做好春节和全国“两会”期间市场保供稳价工作》的文章已存在，不需要更新
名称为《第四次全国经济普查现场登记全面有序展开》的文章已存在，不需要更新
名称为《水利部：2019年贫困人口饮水安全问题将基本解决》的文章已存在，不需要更新
第3个栏目的文章已经不需要更新了
现在对第4个栏目进行检测
名称为《习近平在《告台湾同胞书》发表40周年纪念会上的讲话》的文章已存在，不需要更新
名称为《国家主席习近平发表二〇一九年新年贺词》的文章已存在，不需要更新
名称为《习近平在全国政协新年茶话会上的讲话》的文章已存在，不需要更新
名称为《习近平在庆祝改革开放40周年大会上的讲话》的文章已存在，不需要更新
名称为《习近平在二十国集团领导人第十三次峰会第一阶段会议上的讲话》的文章已存在，不需要更新
第4个栏目的文章已经不需要更新了
现在对第5个栏目进行检测
名称为《春节假期第三天全国道路交通流量回升明显》的文章已存在，不需要更新
名称为《春节假期第二天全国主要道路交通安全顺畅》的文章已存在，不需要更新
名称为《关注春节消费：这个年，真有范儿》的文章已存在，不需要更新
名称为《铁路春运节前发送旅客1.43亿人次》的文章已存在，不需要更新
名称为《特朗普称将于下周公布与金正恩第二次会晤的时间地点》的文章已存在，不需要更新
第5个栏目的文章已经不需要更新了
现在对第6个栏目进行检测
名称为《习近平同卡塔尔埃米尔塔米姆举行会谈》的文章已存在，不需要更新
名称为《习近平就菲律宾发生爆炸袭击事件向菲律宾总统杜特尔特致慰问电》的文章已存在，不需要更新
名称为《习近平同党外人士共迎新春》的文章已存在，不需要更新
名称为《习近平与越共中央总书记、国家主席阮富仲互致新年贺信》的文章已存在，不需要更新
名称为《习近平同法国总统马克龙互致贺电 庆祝中法建交55周年》的文章已存在，不需要更新
第6个栏目的文章已经不需要更新了
现在对第7个栏目进行检测
名称为《中央农村工作会议在京召开 习近平对做好“三农”工作作出重要指示》的文章已存在，不需要更新
名称为《习近平在第五个国家宪法日之际作出重要指示》的文章已存在，不需要更新
名称为《习近平对三北工程建设作出重要指示》的文章已存在，不需要更新
名称为《习近平对自由贸易试验区建设作出重要指示》的文章已存在，不需要更新
名称为《习近平对全国党委秘书长会议作出重要指示》的文章已存在，不需要更新
第7个栏目的文章已经不需要更新了
现在对第8个栏目进行检测
名称为《写在北平和平解放70周年之际》的文章已存在，不需要更新
名称为《党的十八大以来媒体融合发展成就综述》的文章已存在，不需要更新
名称为《中央政治局第十二次集体学习侧记》的文章已存在，不需要更新
名称为《省部级主要领导干部坚持底线思维着力防范化解重大风险专题研讨班侧记》的文章已存在，不需要更新
名称为《习近平总书记调研京津冀协同发展并主持召开座谈会纪实》的文章已存在，不需要更新
第8个栏目的文章已经不需要更新了
现在对第9个栏目进行检测
名称为《习近平就菲律宾发生爆炸袭击事件向菲律宾总统杜特尔特致慰问电》的文章已存在，不需要更新
名称为《习近平与越共中央总书记、国家主席阮富仲互致新年贺信》的文章已存在，不需要更新
名称为《习近平同法国总统马克龙互致贺电 庆祝中法建交55周年》的文章已存在，不需要更新
名称为《习近平就巴西矿坝决堤事故致慰问电》的文章已存在，不需要更新
名称为《习近平向2019年“中国－老挝旅游年”致贺词》的文章已存在，不需要更新
第9个栏目的文章已经不需要更新了
现在对第10个栏目进行检测
名称为《习近平结束访问回到北​京》的文章已存在，不需要更新
名称为《习近平会见葡萄牙总理科斯塔》的文章已存在，不需要更新
名称为《习近平会见葡萄牙议会议长罗德里格斯》的文章已存在，不需要更新
名称为《习近平同葡萄牙总统德索萨举行会谈》的文章已存在，不需要更新
名称为《习近平抵达里斯本 开始对葡萄牙进行国事访问》的文章已存在，不需要更新
第10个栏目的文章已经不需要更新了
现在对第11个栏目进行检测
名称为《在全社会大力弘扬家国情怀》的文章已存在，不需要更新
名称为《在奋斗中收获更多自信和勇气》的文章已存在，不需要更新
名称为《技术迭代打开无限想象力》的文章已存在，不需要更新
名称为《以传播优势提升治理效能》的文章已存在，不需要更新
名称为《让主流媒体成为“全媒体”》的文章已存在，不需要更新
第11个栏目的文章已经不需要更新了
本日的更新已完成
