现在对第1个栏目进行检测
id为5c52dad3ff02e829f6d319d6的文章已存在，不需要更新
id为5c3e864562a6151c91d4033a的文章已存在，不需要更新
id为5c29d541e1d5dd4458116ac9的文章已存在，不需要更新
id为5c04dbe6bd8e6031009df22d的文章已存在，不需要更新
id为5c047e6d341edc251834a944的文章已存在，不需要更新
第1个栏目的文章已经不需要更新了
现在对第2个栏目进行检测
id为5c4e50c000b1a26b625d97d7的文章已存在，不需要更新
id为5c490d446ba2b0375dcbc867的文章已存在，不需要更新
id为5c3fce0ba7e6f33375505f58的文章已存在，不需要更新
id为5c3aac31502f2f2974b794a4的文章已存在，不需要更新
id为5c33f556e14499158a1801a1的文章已存在，不需要更新
第2个栏目的文章已经不需要更新了
现在对第3个栏目进行检测
这是一则新的文章，id为5c5b93731ea87c1c1bc5b132，已为您更新到数据库
id为5c57919ee10f6c2a7d5119df的文章已存在，不需要更新
id为5c58ed0d12ce2b2a27845c37的文章已存在，不需要更新
id为5c58edfd19dcc62a3ebcba61的文章已存在，不需要更新
id为5c58eeaf382d0c2a38de1c05的文章已存在，不需要更新
id为5c58ef0fc50c1a495819d0e9的文章已存在，不需要更新
第3个栏目的文章已经不需要更新了
现在对第4个栏目进行检测
id为5c2ca0cbe0c00129bb415223的文章已存在，不需要更新
id为5c2a0d7d7f883e02a1a135f6的文章已存在，不需要更新
id为5c275adad8e0d427c02c838d的文章已存在，不需要更新
id为5c19f2fa5ca3ad0a0f9c96b4的文章已存在，不需要更新
id为5c047e2c98c06624e6980209的文章已存在，不需要更新
第4个栏目的文章已经不需要更新了
现在对第5个栏目进行检测
这是一则新的文章，id为5c5b93de45c06e38b4b2033e，已为您更新到数据库
id为5c5a48ffc50c1a495819d0ea的文章已存在，不需要更新
id为5c5a49c44d940379ca0ad0cf的文章已存在，不需要更新
id为5c5a4a20985e7c2a64df0592的文章已存在，不需要更新
id为5c53ac1db46abb2adaf6e2c1的文章已存在，不需要更新
id为5c53b0aefbbb662a8328ec0d的文章已存在，不需要更新
第5个栏目的文章已经不需要更新了
现在对第6个栏目进行检测
id为5c53985e301ad37a34cf092f的文章已存在，不需要更新
id为5c50ef99dd49822b65e06272的文章已存在，不需要更新
id为5c4f9f091fefa631ae2af138的文章已存在，不需要更新
id为5c4f9f7bb591a14a7e4ba1fc的文章已存在，不需要更新
id为5c4e503243876e3140cb0f55的文章已存在，不需要更新
第6个栏目的文章已经不需要更新了
现在对第7个栏目进行检测
id为5c2893c3580c1a44e561ea53的文章已存在，不需要更新
id为5c088794ea5bbd1ff4de260c的文章已存在，不需要更新
id为5c00d2979edec7040a2d09ef的文章已存在，不需要更新
id为5bd11eadeb5e2c674e597ccf的文章已存在，不需要更新
id为5bcad43616d7777455b99a15的文章已存在，不需要更新
第7个栏目的文章已经不需要更新了
现在对第8个栏目进行检测
id为5c524be833237479e021086f的文章已存在，不需要更新
id为5c4e5ee5b1c6966b339e999a的文章已存在，不需要更新
id为5c4e5f82ff945e6b1de84807的文章已存在，不需要更新
id为5c4a61acf003321909607269的文章已存在，不需要更新
id为5c44045e8f913334834b8120的文章已存在，不需要更新
第8个栏目的文章已经不需要更新了
现在对第9个栏目进行检测
id为5c50f2f4a186a94953b3fc8a的文章已存在，不需要更新
id为5c4f9f8233dbb96adaf92477的文章已存在，不需要更新
id为5c4e57bb9fa8f56b01a8586f的文章已存在，不需要更新
id为5c4e57a44cf83c4a36bac341的文章已存在，不需要更新
id为5c4e5792534a0f4a4c009d1f的文章已存在，不需要更新
第9个栏目的文章已经不需要更新了
现在对第10个栏目进行检测
id为5c107b6506701f044ae24630的文章已存在，不需要更新
id为5c107c59315ded5f4a463e06的文章已存在，不需要更新
id为5c107bc8d0c1ad75a2b3bbb2的文章已存在，不需要更新
id为5c0f1b5fd020e810b147bb79的文章已存在，不需要更新
id为5c0f1b34961a846b015c558a的文章已存在，不需要更新
第10个栏目的文章已经不需要更新了
现在对第11个栏目进行检测
id为5c58e87d3704502a0c9912c0的文章已存在，不需要更新
id为5c5792d3bf89901c4d966134的文章已存在，不需要更新
id为5c5415256de1827a39f93a9c的文章已存在，不需要更新
id为5c524fcbd4b0fa7a0830ae07的文章已存在，不需要更新
id为5c5114027db3122b471796ff的文章已存在，不需要更新
第11个栏目的文章已经不需要更新了
本日的更新已完成
